Sender: LSF System <lsfadmin@lxbsq1513>
Subject: Job 528539015: <combineW10_m200_w0_channel0_j0> in cluster batch Done

Job <combineW10_m200_w0_channel0_j0> was submitted from host <lxplus430> by user <soffi> in cluster <batch>.
Job was executed on host(s) <lxbsq1513>, in queue <8nh>, as user <soffi> in cluster <batch>.
</afs/cern.ch/user/s/soffi> was used as the home directory.
</afs/cern.ch/work/s/soffi/CMSSW611-Analysis/src/h2gglobe/ChiaraFitLimits/script> was used as the working directory.
Started at Tue May 13 16:07:08 2014
Results reported at Tue May 13 16:14:34 2014

Your job looked like:

------------------------------------------------------------
# LSBATCH: User input
#!/bin/sh
cd /afs/cern.ch/work/s/soffi/CMSSW611-Analysis/src/h2gglobe/ChiaraFitLimits/script
eval `scramv1 runtime -sh`
cd 
mkdir workspaces
cp /afs/cern.ch/work/s/soffi/CMSSW611-Analysis/src/h2gglobe/ChiaraFitLimits/datacardWithAllSyst/HighMass-hgg_8TeV_m200.00_w10.00_channel0_GGH.txt ./
cp /afs/cern.ch/work/s/soffi/CMSSW611-Analysis/src/h2gglobe/ChiaraFitLimits/workspaces/HighMass-hgg_8TeV_m200.00_w10.00.inputsig_GGH.root ./workspaces/
cp  /afs/cern.ch/work/s/soffi/CMSSW611-Analysis/src/h2gglobe/ChiaraFitLimits/workspaces/HighMass-hgg.inputbkg_m200.00.root ./workspaces/

combine HighMass-hgg_8TeV_m200.00_w10.00_channel0_GGH.txt -M Asymptotic -m 200 -D data_obs --run=both  -U  -S 1 -n _w10.00_channel0 --verbose 3
mv -v higgsCombine_w10.00_channel0.Asymptotic.mH200.root /afs/cern.ch/work/s/soffi/CMSSW611-Analysis/src/h2gglobe/ChiaraFitLimits/channel0/

------------------------------------------------------------

Successfully completed.

Resource usage summary:

    CPU time   :    401.68 sec.
    Max Memory :        94 MB
    Max Swap   :       314 MB

    Max Processes  :         7
    Max Threads    :         8

The output (if any) follows:

@(#)CERN job starter $Date: 2010/06/23 14:22:16 $
Working directory is </pool/lsf/soffi/528539015> on <lxbsq1513.cern.ch>

mkdir: cannot create directory `workspaces': File exists
>>> including systematics
>>> method used to compute upper limit is Asymptotic
>>> random number generator seed is 123456

Welcome to my rootlogon.C
reading PhysicsTools/Utilities/macros/setTDRStyle.C
and some personal modifications.

Using shapes: qui si parra' la tua nobilitate
(class RooCBCrujffPdf)124483648
import (./workspaces/HighMass-hgg.inputbkg_m200.00.root,w_all:data_obs_cat0) -> shapeBkg_data_obs_cat0

import (./workspaces/HighMass-hgg.inputbkg_m200.00.root,w_all:PhotonsMassBkg_cat0) -> shapeBkg_bkg_cat0

[#1] INFO:ObjectHandling -- RooWorkspace::import(w) importing RooHistFunc::shapeSig_sig_cat0__norm
[#1] INFO:ObjectHandling -- RooWorkspace::import(w) importing RooRealVar::MH
Will try to make a binned dataset
Observables: ['PhotonsMass']
import (./workspaces/HighMass-hgg_8TeV_m200.00_w10.00.inputsig_GGH.root,w_all:PhotonsMassSig_cat0) -> shapeSig_sig_cat0

[#1] INFO:ObjectHandling -- RooWorkspace::import(w) importing RooRealVar::PhotonsMass
Will use category 'CMS_channel' to identify the 1 channels
recyling (cat0,data_obs,) -> shapeBkg_data_obs_cat0

[#1] INFO:ObjectHandling -- RooWorkspace::import(w) importing dataset data_obs
[#1] INFO:ObjectHandling -- RooWorkspace::import(w) importing RooProdPdf::nuisancePdf
[#1] INFO:ObjectHandling -- RooWorkspace::import(w) importing ProcessNormalization::n_exp_bincat0_proc_sig
recyling (cat0,bkg,) -> shapeBkg_bkg_cat0

recyling (cat0,bkg,) -> shapeBkg_bkg_cat0

recyling (cat0,sig,) -> shapeSig_sig_cat0

recyling (cat0,sig,) -> shapeSig_sig_cat0

[#1] INFO:ObjectHandling -- RooWorkspace::import(w) importing RooProduct::n_exp_final_bincat0_proc_sig
Creating RooAddPdf pdf_bincat0 with 2 elements
[#1] INFO:ObjectHandling -- RooWorkspace::import(w) importing RooProdPdf::pdf_bincat0
[#1] INFO:ObjectHandling -- RooWorkspace::import(w) importing RooAddPdf::pdf_bincat0_nuis
[#1] INFO:ObjectHandling -- RooWorkspace::import(w) importing RooGenericPdf::shapeBkg_bkg_cat0
[#1] INFO:ObjectHandling -- RooWorkspace::import(w) importing RooFormulaVar::par1ExpPAR_cat0
[#1] INFO:ObjectHandling -- RooWorkspace::import(w) importing RooRealVar::PhotonsMass_bkg_8TeV_ExpPAR1_cat0
[#1] INFO:ObjectHandling -- RooWorkspace::import(w) importing RooFormulaVar::par2ExpPAR_cat0
[#1] INFO:ObjectHandling -- RooWorkspace::import(w) importing RooRealVar::PhotonsMass_bkg_8TeV_ExpPAR2_cat0
[#1] INFO:ObjectHandling -- RooWorkspace::import(w) importing RooFFTConvPdf::shapeSig_sig_cat0
[#1] INFO:ObjectHandling -- RooWorkspace::import(w) importing RooBreitWigner::SigModelBW_cat0
[#1] INFO:ObjectHandling -- RooWorkspace::import(w) importing RooFormulaVar::meanBW_cat0
[#1] INFO:ObjectHandling -- RooWorkspace::import(w) importing RooFormulaVar::sigmaBW_cat0
[#1] INFO:ObjectHandling -- RooWorkspace::import(w) importing RooAddPdf::ResAddPdf_cat0
[#1] INFO:ObjectHandling -- RooWorkspace::import(w) importing RooCBShape::ResCBneg_cat0
[#1] INFO:ObjectHandling -- RooWorkspace::import(w) importing RooFormulaVar::CBpos_mean_cat0
[#1] INFO:ObjectHandling -- RooWorkspace::import(w) importing RooRealVar::ReducedMass_sig_mean_cat0
[#1] INFO:ObjectHandling -- RooWorkspace::import(w) importing RooFormulaVar::CBpos_sigma_cat0
[#1] INFO:ObjectHandling -- RooWorkspace::import(w) importing RooRealVar::ReducedMass_sig_sigma_cat0
[#1] INFO:ObjectHandling -- RooWorkspace::import(w) importing RooRealVar::rooSigmaCorr_cat0
[#1] INFO:ObjectHandling -- RooWorkspace::import(w) importing RooFormulaVar::CBneg_alphaCB_cat0
[#1] INFO:ObjectHandling -- RooWorkspace::import(w) importing RooRealVar::ReducedMass_sig_alphaCBneg_cat0
[#1] INFO:ObjectHandling -- RooWorkspace::import(w) importing RooFormulaVar::CBneg_n_cat0
[#1] INFO:ObjectHandling -- RooWorkspace::import(w) importing RooRealVar::ReducedMass_sig_Nneg_cat0
[#1] INFO:ObjectHandling -- RooWorkspace::import(w) importing RooFormulaVar::CBpos_frac_cat0
[#1] INFO:ObjectHandling -- RooWorkspace::import(w) importing RooRealVar::ReducedMass_sig_frac_cat0
[#1] INFO:ObjectHandling -- RooWorkspace::import(w) importing RooCBShape::ResCBpos_cat0
[#1] INFO:ObjectHandling -- RooWorkspace::import(w) importing RooFormulaVar::CBpos_alphaCB_cat0
[#1] INFO:ObjectHandling -- RooWorkspace::import(w) importing RooRealVar::ReducedMass_sig_alphaCBpos_cat0
[#1] INFO:ObjectHandling -- RooWorkspace::import(w) importing RooFormulaVar::CBpos_n_cat0
[#1] INFO:ObjectHandling -- RooWorkspace::import(w) importing RooRealVar::ReducedMass_sig_Npos_cat0
[#1] INFO:ObjectHandling -- RooWorkspace::import(w) importing RooSimultaneous::model_s
[#1] INFO:ObjectHandling -- RooWorkspace::import(w) importing RooSimultaneous::model_b

=== Using the following for ModelConfig ===
Observables:             RooArgSet:: = (PhotonsMass,CMS_channel)
Parameters of Interest:  RooArgSet:: = (r)
Nuisance Parameters:     RooArgSet:: = (lumi_8TeV,eff_trig,global_syst,id_eff_eb,r9Eff,vtxEff,mShift_cat0,mSmear_cat0)
Global Observables:      RooArgSet:: = (lumi_8TeV_In,eff_trig_In,global_syst_In,id_eff_eb_In,r9Eff_In,vtxEff_In,mShift_cat0_In,mSmear_cat0_In)
PDF:                     RooSimultaneous::model_s[ indexCat=CMS_channel cat0=pdf_bincat0 ] = [#1] INFO:Eval -- RooRealVar::setRange(PhotonsMass) new range named 'refrange_fft_shapeSig_sig_cat0' created with bounds [159,388]
[#1] INFO:Caching -- RooAbsCachedPdf::getCache(shapeSig_sig_cat0) creating new cache 0x8ac6100 with pdf SigModelBW_cat0_CONV_ResAddPdf_cat0_CACHE_Obs[PhotonsMass] for nset () with code 0
20870.6


=== Using the following for ModelConfig_bonly ===
Observables:             RooArgSet:: = (PhotonsMass,CMS_channel)
Parameters of Interest:  RooArgSet:: = (r)
Nuisance Parameters:     RooArgSet:: = (lumi_8TeV,eff_trig,global_syst,id_eff_eb,r9Eff,vtxEff,mShift_cat0,mSmear_cat0)
Global Observables:      RooArgSet:: = (lumi_8TeV_In,eff_trig_In,global_syst_In,id_eff_eb_In,r9Eff_In,vtxEff_In,mShift_cat0_In,mSmear_cat0_In)
PDF:                     RooSimultaneous::model_b[ indexCat=CMS_channel cat0=pdf_bincat0_bonly ] = 5.8525e-10


RooWorkspace(w) w contents

variables
---------
(CMS_channel,MH,PhotonsMass,PhotonsMass_bkg_8TeV_ExpPAR1_cat0,PhotonsMass_bkg_8TeV_ExpPAR2_cat0,ReducedMass_sig_Nneg_cat0,ReducedMass_sig_Npos_cat0,ReducedMass_sig_alphaCBneg_cat0,ReducedMass_sig_alphaCBpos_cat0,ReducedMass_sig_frac_cat0,ReducedMass_sig_mean_cat0,ReducedMass_sig_sigma_cat0,eff_trig,eff_trig_In,global_syst,global_syst_In,id_eff_eb,id_eff_eb_In,lumi_8TeV,lumi_8TeV_In,mShift_cat0,mShift_cat0_In,mSmear_cat0,mSmear_cat0_In,n_exp_bincat0_proc_bkg,r,r9Eff,r9Eff_In,rooSigmaCorr_cat0,vtxEff,vtxEff_In)

p.d.f.s
-------
RooAddPdf::ResAddPdf_cat0[ CBpos_frac_cat0 * ResCBneg_cat0 + [%] * ResCBpos_cat0 ] = 2.2007e-09
RooCBShape::ResCBneg_cat0[ m=PhotonsMass m0=CBpos_mean_cat0 sigma=CBpos_sigma_cat0 alpha=CBneg_alphaCB_cat0 n=CBneg_n_cat0 ] = 0
RooCBShape::ResCBpos_cat0[ m=PhotonsMass m0=CBpos_mean_cat0 sigma=CBpos_sigma_cat0 alpha=CBpos_alphaCB_cat0 n=CBpos_n_cat0 ] = 4.40141e-09
RooBreitWigner::SigModelBW_cat0[ x=PhotonsMass mean=meanBW_cat0 width=sigmaBW_cat0 ] = 0.000592309
RooGaussian::eff_trig_Pdf[ x=eff_trig mean=eff_trig_In sigma=1 ] = 1
RooGaussian::global_syst_Pdf[ x=global_syst mean=global_syst_In sigma=1 ] = 1
RooGaussian::id_eff_eb_Pdf[ x=id_eff_eb mean=id_eff_eb_In sigma=1 ] = 1
RooGaussian::lumi_8TeV_Pdf[ x=lumi_8TeV mean=lumi_8TeV_In sigma=1 ] = 1
RooGaussian::mShift_cat0_Pdf[ x=mShift_cat0 mean=mShift_cat0_In sigma=1 ] = 1
RooGaussian::mSmear_cat0_Pdf[ x=mSmear_cat0 mean=mSmear_cat0_In sigma=1 ] = 1
RooSimultaneous::model_b[ indexCat=CMS_channel cat0=pdf_bincat0_bonly ] = 5.8525e-10
RooSimultaneous::model_s[ indexCat=CMS_channel cat0=pdf_bincat0 ] = 20870.6
RooProdPdf::nuisancePdf[ lumi_8TeV_Pdf * eff_trig_Pdf * global_syst_Pdf * id_eff_eb_Pdf * r9Eff_Pdf * vtxEff_Pdf * mShift_cat0_Pdf * mSmear_cat0_Pdf ] = 1
RooProdPdf::pdf_bincat0[ lumi_8TeV_Pdf * eff_trig_Pdf * global_syst_Pdf * id_eff_eb_Pdf * r9Eff_Pdf * vtxEff_Pdf * mShift_cat0_Pdf * mSmear_cat0_Pdf * pdf_bincat0_nuis ] = 20870.6
RooProdPdf::pdf_bincat0_bonly[ lumi_8TeV_Pdf * eff_trig_Pdf * global_syst_Pdf * id_eff_eb_Pdf * r9Eff_Pdf * vtxEff_Pdf * mShift_cat0_Pdf * mSmear_cat0_Pdf * pdf_bincat0_bonly_nuis ] = 5.8525e-10
RooAddPdf::pdf_bincat0_bonly_nuis[ n_exp_bincat0_proc_bkg * shapeBkg_bkg_cat0 ] = 5.8525e-10
RooAddPdf::pdf_bincat0_nuis[ n_exp_bincat0_proc_bkg * shapeBkg_bkg_cat0 + n_exp_final_bincat0_proc_sig * shapeSig_sig_cat0 ] = 20870.6
RooGaussian::r9Eff_Pdf[ x=r9Eff mean=r9Eff_In sigma=1 ] = 1
RooGenericPdf::shapeBkg_bkg_cat0[ actualVars=(PhotonsMass,par1ExpPAR_cat0,par2ExpPAR_cat0) formula="exp(-@1*@0)*pow(@0, @2)" ] = 5.8525e-10
RooFFTConvPdf::shapeSig_sig_cat0[ SigModelBW_cat0(PhotonsMass) (*) ResAddPdf_cat0(PhotonsMass) ] = 0.00205753
RooGaussian::vtxEff_Pdf[ x=vtxEff mean=vtxEff_In sigma=1 ] = 1

functions
--------
RooFormulaVar::CBneg_alphaCB_cat0[ actualVars=(ReducedMass_sig_alphaCBneg_cat0) formula="@0" ] = 1.6
RooFormulaVar::CBneg_n_cat0[ actualVars=(ReducedMass_sig_Nneg_cat0) formula="@0" ] = 1.38518
RooFormulaVar::CBpos_alphaCB_cat0[ actualVars=(ReducedMass_sig_alphaCBpos_cat0) formula="@0" ] = -1.6
RooFormulaVar::CBpos_frac_cat0[ actualVars=(ReducedMass_sig_frac_cat0) formula="@0" ] = 0.5
RooFormulaVar::CBpos_mean_cat0[ actualVars=(ReducedMass_sig_mean_cat0) formula="@0" ] = 0
RooFormulaVar::CBpos_n_cat0[ actualVars=(ReducedMass_sig_Npos_cat0) formula="@0" ] = 5
RooFormulaVar::CBpos_sigma_cat0[ actualVars=(ReducedMass_sig_sigma_cat0,MH,mSmear_cat0,rooSigmaCorr_cat0) formula="(sqrt(@0*@0*@3*@3+0.005000*0.005000*@2)*@1)" ] = 2.14225
RooFormulaVar::meanBW_cat0[ actualVars=(MH) formula="@0" ] = 200
ProcessNormalization::n_exp_bincat0_proc_sig[ thetaList=(lumi_8TeV,eff_trig,global_syst,id_eff_eb) asymmThetaList=(r9Eff,vtxEff) otherFactorList=(r) ] = 19620
RooProduct::n_exp_final_bincat0_proc_sig[ n_exp_bincat0_proc_sig * shapeSig_sig_cat0__norm ] = 69.1463
RooFormulaVar::par1ExpPAR_cat0[ actualVars=(PhotonsMass_bkg_8TeV_ExpPAR1_cat0) formula="@0" ] = 0.0002958
RooFormulaVar::par2ExpPAR_cat0[ actualVars=(PhotonsMass_bkg_8TeV_ExpPAR2_cat0) formula="@0" ] = -3.86641
RooHistFunc::shapeSig_sig_cat0__norm[ depList=(MH) ] = 0.00352427
RooFormulaVar::sigmaBW_cat0[ actualVars=(MH) formula="@0*0.10" ] = 20

datasets
--------
RooDataHist::data_obs(CMS_channel,PhotonsMass)

named sets
----------
ModelConfig_GlobalObservables:(lumi_8TeV_In,eff_trig_In,global_syst_In,id_eff_eb_In,r9Eff_In,vtxEff_In,mShift_cat0_In,mSmear_cat0_In)
ModelConfig_NuisParams:(lumi_8TeV,eff_trig,global_syst,id_eff_eb,r9Eff,vtxEff,mShift_cat0,mSmear_cat0)
ModelConfig_Observables:(PhotonsMass,CMS_channel)
ModelConfig_POI:(r)
ModelConfig_bonly_GlobalObservables:(lumi_8TeV_In,eff_trig_In,global_syst_In,id_eff_eb_In,r9Eff_In,vtxEff_In,mShift_cat0_In,mSmear_cat0_In)
ModelConfig_bonly_NuisParams:(lumi_8TeV,eff_trig,global_syst,id_eff_eb,r9Eff,vtxEff,mShift_cat0,mSmear_cat0)
ModelConfig_bonly_Observables:(PhotonsMass,CMS_channel)
ModelConfig_bonly_POI:(r)
POI:(r)
globalObservables:(lumi_8TeV_In,eff_trig_In,global_syst_In,id_eff_eb_In,r9Eff_In,vtxEff_In,mShift_cat0_In,mSmear_cat0_In)
nuisances:(lumi_8TeV,eff_trig,global_syst,id_eff_eb,r9Eff,vtxEff,mShift_cat0,mSmear_cat0)
observables:(PhotonsMass,CMS_channel)

generic objects
---------------
RooStats::ModelConfig::ModelConfig
RooStats::ModelConfig::ModelConfig_bonly
RooArgSet::discreteParams

embedded precalculated expensive components
-------------------------------------------
uid = 0 key=shapeSig_sig_cat0_SigModelBW_cat0_CONV_ResAddPdf_cat0_CACHEHIST_Obs[PhotonsMass]_BufFrac0.1_BufStrat0 value=RooDataHist::shapeSig_sig_cat0_SigModelBW_cat0_CONV_ResAddPdf_cat0_CACHEHIST_Obs[PhotonsMass]_BufFrac0.1_BufStrat0 parameters=( MH=200 ReducedMass_sig_Nneg_cat0=1.38518 ReducedMass_sig_Npos_cat0=5 ReducedMass_sig_alphaCBneg_cat0=1.6 ReducedMass_sig_alphaCBpos_cat0=-1.6 ReducedMass_sig_frac_cat0=0.5 ReducedMass_sig_mean_cat0=0 ReducedMass_sig_sigma_cat0=0.011 mSmear_cat0=0 rooSigmaCorr_cat0=0.973748 )
Setting variable 'MH' in workspace to the higgs mass 200
[#1] INFO:ObjectHandling -- RooWorkspace::import(w) importing RooSimultaneousOpt::model_s_opt
[#1] INFO:Caching -- RooExpensiveObjectCache::importCache() importing cache object shapeSig_sig_cat0_SigModelBW_cat0_CONV_ResAddPdf_cat0_CACHEHIST_Obs[PhotonsMass]_BufFrac0.1_BufStrat0 associated with object shapeSig_sig_cat0
[#1] INFO:ObjectHandling -- RooWorkspace::import(w) importing RooUniform::prior
Computing limit starting from observation
Set default minimizer to Minuit2
Will compute both limit(s) using minimizer Minuit2 with strategy 0 and tolerance 0.01
[#1] INFO:Caching -- RooAbsCachedPdf::getCache(shapeSig_sig_cat0) creating new cache 0x1da8a530 with pdf SigModelBW_cat0_CONV_ResAddPdf_cat0_CACHE_Obs[PhotonsMass] for nset () with code 0 from preexisting content.
[#1] INFO:Caching -- RooAbsCachedPdf::getCache(shapeSig_sig_cat0) creating new cache 0x1ddc81c0 with pdf SigModelBW_cat0_CONV_ResAddPdf_cat0_CACHE_Obs[PhotonsMass] for nset (PhotonsMass) with code 1 from preexisting content.
[#1] INFO:NumericIntegration -- RooRealIntegral::init(shapeBkg_bkg_cat0_Int[PhotonsMass]) using numeric integrator RooIntegrator1D to calculate Int(PhotonsMass)
[#1] INFO:Caching -- RooAbsCachedPdf::getCache(shapeSig_sig_cat0) creating new cache 0x1e22b070 with pdf SigModelBW_cat0_CONV_ResAddPdf_cat0_CACHE_Obs[PhotonsMass] for nset (PhotonsMass) with code 1 from preexisting content.
Minuit2Minimizer: Minimize with max-calls 5000 convergence for edm < 0.01 strategy 1
MnSeedGenerator: for initial parameters FCN = 0
MnSeedGenerator: Initial state:   - FCN =                0 Edm =  7.13031e-07 NCalls =     45
VariableMetric: start iterating until Edm is < 1e-05
VariableMetric: Initial state   - FCN =                0 Edm =  7.13031e-07 NCalls =     45
VariableMetric: Iteration #   1 - FCN = -3.833483788185e-07 Edm =  5.05789e-08 NCalls =     67
VariableMetric: After Hessian   - FCN = -3.833483788185e-07 Edm =  6.45697e-06 NCalls =    153
Minuit2Minimizer : Valid minimum - status = 0
FVAL  = -3.83348378818482161e-07
Edm   = 6.45697251238467111e-06
Nfcn  = 153
PhotonsMass_bkg_8TeV_ExpPAR1_cat0	  = 0.000295686	 +/-  0.0024273	(limited)
PhotonsMass_bkg_8TeV_ExpPAR2_cat0	  = -3.86639	 +/-  0.399382	(limited)
eff_trig	  = 0	 +/-  0.996602	(limited)
global_syst	  = 0	 +/-  0.996602	(limited)
id_eff_eb	  = 0	 +/-  0.996602	(limited)
lumi_8TeV	  = 0	 +/-  0.996602	(limited)
mShift_cat0	  = 0	 +/-  0.989616	(limited)
mSmear_cat0	  = 0	 +/-  0.989616	(limited)
r9Eff	  = 0	 +/-  0.996602	(limited)
vtxEff	  = 0	 +/-  0.996602	(limited)
Nuisance parameters after fit for asimov dataset: 
  1) RooRealVar::   lumi_8TeV = 0 +/- 0.996602
  2) RooRealVar::    eff_trig = 0 +/- 0.996602
  3) RooRealVar:: global_syst = 0 +/- 0.996602
  4) RooRealVar::   id_eff_eb = 0 +/- 0.996602
  5) RooRealVar::       r9Eff = 0 +/- 0.996602
  6) RooRealVar::      vtxEff = 0 +/- 0.996602
  7) RooRealVar:: mShift_cat0 = 0 +/- 0.989616
  8) RooRealVar:: mSmear_cat0 = 0 +/- 0.989616
[#1] INFO:NumericIntegration -- RooRealIntegral::init(shapeBkg_bkg_cat0_Int[PhotonsMass]) using numeric integrator RooIntegrator1D to calculate Int(PhotonsMass)
[#1] INFO:Caching -- RooAbsCachedPdf::getCache(shapeSig_sig_cat0) creating new cache 0x1e422b70 with pdf SigModelBW_cat0_CONV_ResAddPdf_cat0_CACHE_Obs[PhotonsMass] for nset (PhotonsMass) with code 1 from preexisting content.
Global observables for data: 
  1) RooRealVar::   lumi_8TeV_In = 0
  2) RooRealVar::    eff_trig_In = 0
  3) RooRealVar:: global_syst_In = 0
  4) RooRealVar::   id_eff_eb_In = 0
  5) RooRealVar::       r9Eff_In = 0
  6) RooRealVar::      vtxEff_In = 0
  7) RooRealVar:: mShift_cat0_In = 0
  8) RooRealVar:: mSmear_cat0_In = 0
Global observables for asimov: 
  1) RooRealVar::   lumi_8TeV_In = 0
  2) RooRealVar::    eff_trig_In = 0
  3) RooRealVar:: global_syst_In = 0
  4) RooRealVar::   id_eff_eb_In = 0
  5) RooRealVar::       r9Eff_In = 0
  6) RooRealVar::      vtxEff_In = 0
  7) RooRealVar:: mShift_cat0_In = 0
  8) RooRealVar:: mSmear_cat0_In = 0
[#1] INFO:ObjectHandling -- RooWorkspace::import(w) importing dataset _Asymptotic_asimovDataset_
[#1] INFO:NumericIntegration -- RooRealIntegral::init(shapeBkg_bkg_cat0_Int[PhotonsMass]) using numeric integrator RooIntegrator1D to calculate Int(PhotonsMass)
[#1] INFO:Caching -- RooAbsCachedPdf::getCache(shapeSig_sig_cat0) creating new cache 0x1eb1fae0 with pdf SigModelBW_cat0_CONV_ResAddPdf_cat0_CACHE_Obs[PhotonsMass] for nset (PhotonsMass) with code 1 from preexisting content.
Minuit2Minimizer: Minimize with max-calls 5500 convergence for edm < 0.01 strategy 0
Minuit2Minimizer : Valid minimum - status = 0
FVAL  = -0.0240344268935155751
Edm   = 5.3124904867889256e-06
Nfcn  = 150
PhotonsMass_bkg_8TeV_ExpPAR1_cat0	  = 0.000294255	 +/-  0.000359311	(limited)
PhotonsMass_bkg_8TeV_ExpPAR2_cat0	  = -3.86652	 +/-  0.0806339	(limited)
eff_trig	  = -0.000206946	 +/-  1.93346	(limited)
global_syst	  = -0.00101233	 +/-  1.91075	(limited)
id_eff_eb	  = -0.000103726	 +/-  1.93421	(limited)
lumi_8TeV	  = -0.000533567	 +/-  1.92786	(limited)
mShift_cat0	  = 0	 +/-  1.88247	(limited)
mSmear_cat0	  = 6.603e-05	 +/-  1.88237	(limited)
r	  = 0.00667377	 +/-  19.1311	(limited)
r9Eff	  = 0.000235633	 +/-  1.93212	(limited)
vtxEff	  = -0.000123642	 +/-  1.93343	(limited)
Fit to asimov dataset:

  RooFitResult: minimized FCN value: -0.0240344, estimated distance to minimum: 5.31249e-06
                covariance matrix quality: Approximation only, not accurate
                Status : MINIMIZE=0 

    Constant Parameter    Value     
  --------------------  ------------
                    MH    2.0000e+02
  ReducedMass_sig_Nneg_cat0    1.3852e+00
  ReducedMass_sig_Npos_cat0    5.0000e+00
  ReducedMass_sig_alphaCBneg_cat0    1.6000e+00
  ReducedMass_sig_alphaCBpos_cat0   -1.6000e+00
  ReducedMass_sig_frac_cat0    5.0000e-01
  ReducedMass_sig_mean_cat0    0.0000e+00
  ReducedMass_sig_sigma_cat0    1.1000e-02
           eff_trig_In    0.0000e+00
        global_syst_In    0.0000e+00
          id_eff_eb_In    0.0000e+00
          lumi_8TeV_In    0.0000e+00
        mShift_cat0_In    0.0000e+00
        mSmear_cat0_In    0.0000e+00
  n_exp_bincat0_proc_bkg    8.8550e+03
              r9Eff_In    0.0000e+00
     rooSigmaCorr_cat0    9.7375e-01
             vtxEff_In    0.0000e+00

    Floating Parameter  InitialValue    FinalValue +/-  Error     GblCorr.
  --------------------  ------------  --------------------------  --------
  PhotonsMass_bkg_8TeV_ExpPAR1_cat0    2.9569e-04    2.9425e-04 +/-  3.59e-04  <none>
  PhotonsMass_bkg_8TeV_ExpPAR2_cat0   -3.8664e+00   -3.8665e+00 +/-  8.06e-02  <none>
              eff_trig    0.0000e+00   -2.0695e-04 +/-  1.93e+00  <none>
           global_syst    0.0000e+00   -1.0123e-03 +/-  1.91e+00  <none>
             id_eff_eb    0.0000e+00   -1.0373e-04 +/-  1.93e+00  <none>
             lumi_8TeV    0.0000e+00   -5.3357e-04 +/-  1.93e+00  <none>
           mShift_cat0    0.0000e+00    0.0000e+00 +/-  1.88e+00  <none>
           mSmear_cat0    0.0000e+00    6.6030e-05 +/-  1.88e+00  <none>
                     r    2.0000e-01    6.6738e-03 +/-  1.91e+01  <none>
                 r9Eff    0.0000e+00    2.3563e-04 +/-  1.93e+00  <none>
                vtxEff    0.0000e+00   -1.2364e-04 +/-  1.93e+00  <none>

Will search for NLL crossing by stepping.
Minuit2Minimizer: Minimize with max-calls 5000 convergence for edm < 0.01 strategy 0
Minuit2Minimizer : Valid minimum - status = 0
FVAL  = -0.0494794569691793598
Edm   = 2.27888506634560145e-06
Nfcn  = 317
PhotonsMass_bkg_8TeV_ExpPAR1_cat0	  = 2.2896e-08	 +/-  0.00326502	(limited)
PhotonsMass_bkg_8TeV_ExpPAR2_cat0	  = -3.93212	 +/-  0.0484174	(limited)
eff_trig	  = -0.0108971	 +/-  0.995552	(limited)
global_syst	  = -0.0533003	 +/-  0.965362	(limited)
id_eff_eb	  = -0.00546268	 +/-  0.996327	(limited)
lumi_8TeV	  = -0.0280901	 +/-  0.989254	(limited)
mShift_cat0	  = 0	 +/-  0.989616	(limited)
mSmear_cat0	  = 0.00337455	 +/-  0.989363	(limited)
r9Eff	  = 0.0122577	 +/-  0.9826	(limited)
vtxEff	  = -0.00645216	 +/-  0.987603	(limited)
At r = 1.000000:	delta(nll) = 0.54851
Minuit2Minimizer: Minimize with max-calls 5000 convergence for edm < 0.01 strategy 0
Minuit2Minimizer : Valid minimum - status = 0
FVAL  = -0.00390441389488267992
Edm   = 5.3216939168278383e-07
Nfcn  = 62
PhotonsMass_bkg_8TeV_ExpPAR1_cat0	  = 2.04836e-13	 +/-  0.00136793	(limited)
PhotonsMass_bkg_8TeV_ExpPAR2_cat0	  = -3.93053	 +/-  0.0485028	(limited)
eff_trig	  = -0.0251726	 +/-  0.996014	(limited)
global_syst	  = -0.122616	 +/-  0.989632	(limited)
id_eff_eb	  = -0.0126205	 +/-  0.996461	(limited)
lumi_8TeV	  = -0.0648277	 +/-  0.993177	(limited)
mShift_cat0	  = 0	 +/-  0.989616	(limited)
mSmear_cat0	  = 0.00779204	 +/-  0.989234	(limited)
r9Eff	  = 0.027479	 +/-  0.969535	(limited)
vtxEff	  = -0.0146033	 +/-  0.97833	(limited)
At r = 1.500000:	delta(nll) = 1.24559
Minuit2Minimizer: Minimize with max-calls 5000 convergence for edm < 0.01 strategy 0
Minuit2Minimizer : Valid minimum - status = 0
FVAL  = -0.00139900684296085731
Edm   = 2.63283946266291468e-07
Nfcn  = 84
PhotonsMass_bkg_8TeV_ExpPAR1_cat0	  = 1.08487e-09	 +/-  0.00143731	(limited)
PhotonsMass_bkg_8TeV_ExpPAR2_cat0	  = -3.92982	 +/-  0.0479942	(limited)
eff_trig	  = -0.0337411	 +/-  0.996339	(limited)
global_syst	  = -0.165522	 +/-  0.992466	(limited)
id_eff_eb	  = -0.0169122	 +/-  0.996526	(limited)
lumi_8TeV	  = -0.0870492	 +/-  0.995106	(limited)
mShift_cat0	  = 0	 +/-  0.989616	(limited)
mSmear_cat0	  = 0.0103906	 +/-  0.989171	(limited)
r9Eff	  = 0.0362041	 +/-  0.96163	(limited)
vtxEff	  = -0.0193339	 +/-  0.972468	(limited)
At r = 1.750000:	delta(nll) = 1.69635
Minuit2Minimizer: Minimize with max-calls 5000 convergence for edm < 0.01 strategy 0
Minuit2Minimizer : Valid minimum - status = 0
FVAL  = -0.000426658784736500723
Edm   = 1.61987416723697757e-07
Nfcn  = 85
PhotonsMass_bkg_8TeV_ExpPAR1_cat0	  = 1.96738e-10	 +/-  0.00150229	(limited)
PhotonsMass_bkg_8TeV_ExpPAR2_cat0	  = -3.92944	 +/-  0.0477376	(limited)
eff_trig	  = -0.0386156	 +/-  0.996092	(limited)
global_syst	  = -0.189387	 +/-  0.987089	(limited)
id_eff_eb	  = -0.0193555	 +/-  0.996408	(limited)
lumi_8TeV	  = -0.0996183	 +/-  0.993801	(limited)
mShift_cat0	  = 0	 +/-  0.989616	(limited)
mSmear_cat0	  = 0.0118792	 +/-  0.989006	(limited)
r9Eff	  = 0.0410315	 +/-  0.95712	(limited)
vtxEff	  = -0.0219756	 +/-  0.969165	(limited)
At r = 1.875000:	delta(nll) = 1.94648
Minuit2Minimizer: Minimize with max-calls 5000 convergence for edm < 0.01 strategy 0
Minuit2Minimizer : Valid minimum - status = 0
FVAL  = -0.000116214331328225417
Edm   = 2.41204700091956721e-07
Nfcn  = 84
PhotonsMass_bkg_8TeV_ExpPAR1_cat0	  = 2.16278e-10	 +/-  0.00172851	(limited)
PhotonsMass_bkg_8TeV_ExpPAR2_cat0	  = -3.92962	 +/-  0.047917	(limited)
eff_trig	  = -0.0359927	 +/-  0.99603	(limited)
global_syst	  = -0.176473	 +/-  0.981419	(limited)
id_eff_eb	  = -0.0180412	 +/-  0.996539	(limited)
lumi_8TeV	  = -0.0928443	 +/-  0.992408	(limited)
mShift_cat0	  = 0	 +/-  0.989616	(limited)
mSmear_cat0	  = 0.0110805	 +/-  0.989209	(limited)
r9Eff	  = 0.0384445	 +/-  0.959783	(limited)
vtxEff	  = -0.0205587	 +/-  0.97108	(limited)
At r = 1.812500:	delta(nll) = 1.81938
Minuit2Minimizer: Minimize with max-calls 5000 convergence for edm < 0.01 strategy 0
Minuit2Minimizer : Valid minimum - status = 0
FVAL  = -0.000119670750816577758
Edm   = 1.17120455141596065e-07
Nfcn  = 84
PhotonsMass_bkg_8TeV_ExpPAR1_cat0	  = 3.33666e-12	 +/-  0.00158709	(limited)
PhotonsMass_bkg_8TeV_ExpPAR2_cat0	  = -3.92943	 +/-  0.0474218	(limited)
eff_trig	  = -0.038625	 +/-  0.996088	(limited)
global_syst	  = -0.189408	 +/-  0.983522	(limited)
id_eff_eb	  = -0.0193605	 +/-  0.996466	(limited)
lumi_8TeV	  = -0.0996389	 +/-  0.992925	(limited)
mShift_cat0	  = 0	 +/-  0.989616	(limited)
mSmear_cat0	  = 0.0118828	 +/-  0.989089	(limited)
r9Eff	  = 0.0410402	 +/-  0.957201	(limited)
vtxEff	  = -0.0219807	 +/-  0.969236	(limited)
At r = 1.875000:	delta(nll) = 1.94648
Minuit2Minimizer: Minimize with max-calls 5000 convergence for edm < 0.01 strategy 0
Minuit2Minimizer : Valid minimum - status = 0
FVAL  = -3.1447981371671087e-05
Edm   = 1.06393200506431248e-07
Nfcn  = 84
PhotonsMass_bkg_8TeV_ExpPAR1_cat0	  = 1.02334e-10	 +/-  0.00167769	(limited)
PhotonsMass_bkg_8TeV_ExpPAR2_cat0	  = -3.92952	 +/-  0.0470085	(limited)
eff_trig	  = -0.0372415	 +/-  0.995967	(limited)
global_syst	  = -0.182612	 +/-  0.981416	(limited)
id_eff_eb	  = -0.0186671	 +/-  0.996469	(limited)
lumi_8TeV	  = -0.0960679	 +/-  0.992323	(limited)
mShift_cat0	  = 0	 +/-  0.989616	(limited)
mSmear_cat0	  = 0.0114617	 +/-  0.989122	(limited)
r9Eff	  = 0.0396789	 +/-  0.95852	(limited)
vtxEff	  = -0.0212346	 +/-  0.970192	(limited)
At r = 1.843750:	delta(nll) = 1.88243
Minuit2Minimizer: Minimize with max-calls 5000 convergence for edm < 0.01 strategy 0
Minuit2Minimizer : Valid minimum - status = 0
FVAL  = -3.07215891441209592e-05
Edm   = 9.05177698385401973e-08
Nfcn  = 84
PhotonsMass_bkg_8TeV_ExpPAR1_cat0	  = 1.36514e-10	 +/-  0.0016086	(limited)
PhotonsMass_bkg_8TeV_ExpPAR2_cat0	  = -3.92943	 +/-  0.0470823	(limited)
eff_trig	  = -0.0386014	 +/-  0.996132	(limited)
global_syst	  = -0.18928	 +/-  0.984827	(limited)
id_eff_eb	  = -0.0193487	 +/-  0.996509	(limited)
lumi_8TeV	  = -0.0995763	 +/-  0.993291	(limited)
mShift_cat0	  = 0	 +/-  0.989616	(limited)
mSmear_cat0	  = 0.0118761	 +/-  0.98913	(limited)
r9Eff	  = 0.0410168	 +/-  0.957411	(limited)
vtxEff	  = -0.021968	 +/-  0.96934	(limited)
At r = 1.875000:	delta(nll) = 1.94648
Minuit2Minimizer: Minimize with max-calls 5000 convergence for edm < 0.01 strategy 0
Minuit2Minimizer : Valid minimum - status = 0
FVAL  = -8.37200079956220593e-06
Edm   = 7.44420498323464993e-08
Nfcn  = 84
PhotonsMass_bkg_8TeV_ExpPAR1_cat0	  = 1.66517e-10	 +/-  0.0016401	(limited)
PhotonsMass_bkg_8TeV_ExpPAR2_cat0	  = -3.92947	 +/-  0.0468777	(limited)
eff_trig	  = -0.0378857	 +/-  0.99615	(limited)
global_syst	  = -0.18577	 +/-  0.985753	(limited)
id_eff_eb	  = -0.0189901	 +/-  0.996473	(limited)
lumi_8TeV	  = -0.0977301	 +/-  0.993477	(limited)
mShift_cat0	  = 0	 +/-  0.989616	(limited)
mSmear_cat0	  = 0.0116582	 +/-  0.989099	(limited)
r9Eff	  = 0.0403136	 +/-  0.958106	(limited)
vtxEff	  = -0.0215824	 +/-  0.969745	(limited)
At r = 1.859375:	delta(nll) = 1.91433
Median for expected limits: 1.86719
Sigma  for expected limits: 0.952664
Will search for NLL crossing by bisection
Minuit2Minimizer: Minimize with max-calls 5000 convergence for edm < 0.01 strategy 0
Minuit2Minimizer : Valid minimum - status = 0
FVAL  = -0.0151713648382628252
Edm   = 2.2770786711081462e-06
Nfcn  = 186
PhotonsMass_bkg_8TeV_ExpPAR1_cat0	  = 1.40723e-08	 +/-  0.00443339	(limited)
PhotonsMass_bkg_8TeV_ExpPAR2_cat0	  = -3.93231	 +/-  0.0485943	(limited)
eff_trig	  = -0.00969049	 +/-  0.996209	(limited)
global_syst	  = -0.0489863	 +/-  0.977471	(limited)
id_eff_eb	  = -0.00484604	 +/-  0.996384	(limited)
lumi_8TeV	  = -0.0251093	 +/-  0.995515	(limited)
mShift_cat0	  = 0	 +/-  0.989616	(limited)
mSmear_cat0	  = 0.00298786	 +/-  0.989411	(limited)
r9Eff	  = 0.0108414	 +/-  0.986428	(limited)
vtxEff	  = -0.00571088	 +/-  0.989614	(limited)
At r = 0.933594:	delta(nll) = 0.47701
Minuit2Minimizer: Minimize with max-calls 5000 convergence for edm < 0.01 strategy 0
Minuit2Minimizer : Valid minimum - status = 0
FVAL  = -0.00285127982838656504
Edm   = 3.43680991338820391e-07
Nfcn  = 84
PhotonsMass_bkg_8TeV_ExpPAR1_cat0	  = 3.49673e-09	 +/-  0.00137883	(limited)
PhotonsMass_bkg_8TeV_ExpPAR2_cat0	  = -3.93087	 +/-  0.0483532	(limited)
eff_trig	  = -0.0217676	 +/-  0.996524	(limited)
global_syst	  = -0.10678	 +/-  0.996593	(limited)
id_eff_eb	  = -0.0109106	 +/-  0.996554	(limited)
lumi_8TeV	  = -0.0561584	 +/-  0.996306	(limited)
mShift_cat0	  = 0	 +/-  0.989616	(limited)
mSmear_cat0	  = 0.00672139	 +/-  0.989307	(limited)
r9Eff	  = 0.0239384	 +/-  0.973404	(limited)
vtxEff	  = -0.0126883	 +/-  0.980748	(limited)
At r = 1.400391:	delta(nll) = 1.08470
Minuit2Minimizer: Minimize with max-calls 5000 convergence for edm < 0.01 strategy 0
Minuit2Minimizer : Valid minimum - status = 0
FVAL  = -0.00085707778177364748
Edm   = 3.3087095254036309e-07
Nfcn  = 85
PhotonsMass_bkg_8TeV_ExpPAR1_cat0	  = 5.85304e-10	 +/-  0.00393256	(limited)
PhotonsMass_bkg_8TeV_ExpPAR2_cat0	  = -3.93159	 +/-  0.0496617	(limited)
eff_trig	  = -0.0150383	 +/-  0.996981	(limited)
global_syst	  = -0.0736953	 +/-  1.00623	(limited)
id_eff_eb	  = -0.00753797	 +/-  0.996694	(limited)
lumi_8TeV	  = -0.0387869	 +/-  0.999093	(limited)
mShift_cat0	  = 0	 +/-  0.989616	(limited)
mSmear_cat0	  = 0.00465193	 +/-  0.989485	(limited)
r9Eff	  = 0.0167747	 +/-  0.981124	(limited)
vtxEff	  = -0.00885223	 +/-  0.985874	(limited)
At r = 1.166992:	delta(nll) = 0.75038
Minuit2Minimizer: Minimize with max-calls 5000 convergence for edm < 0.01 strategy 0
Minuit2Minimizer : Valid minimum - status = 0
FVAL  = -0.000157527805471957847
Edm   = 6.42112563086206782e-07
Nfcn  = 85
PhotonsMass_bkg_8TeV_ExpPAR1_cat0	  = 2.84393e-11	 +/-  0.00428308	(limited)
PhotonsMass_bkg_8TeV_ExpPAR2_cat0	  = -3.93196	 +/-  0.0478925	(limited)
eff_trig	  = -0.0120857	 +/-  0.996965	(limited)
global_syst	  = -0.0592442	 +/-  1.00436	(limited)
id_eff_eb	  = -0.00605788	 +/-  0.996715	(limited)
lumi_8TeV	  = -0.0311737	 +/-  0.998738	(limited)
mShift_cat0	  = 0	 +/-  0.989616	(limited)
mSmear_cat0	  = 0.00373925	 +/-  0.989559	(limited)
r9Eff	  = 0.0135661	 +/-  0.983998	(limited)
vtxEff	  = -0.00714462	 +/-  0.987756	(limited)
At r = 1.050293:	delta(nll) = 0.60599
Minuit2Minimizer: Minimize with max-calls 5000 convergence for edm < 0.01 strategy 0
Minuit2Minimizer : Valid minimum - status = 0
FVAL  = -2.80962639320850259e-05
Edm   = 4.65571784629241419e-07
Nfcn  = 86
PhotonsMass_bkg_8TeV_ExpPAR1_cat0	  = 3.22277e-10	 +/-  0.00432865	(limited)
PhotonsMass_bkg_8TeV_ExpPAR2_cat0	  = -3.93211	 +/-  0.0472108	(limited)
eff_trig	  = -0.010748	 +/-  0.996087	(limited)
global_syst	  = -0.052702	 +/-  0.984603	(limited)
id_eff_eb	  = -0.00538739	 +/-  0.996454	(limited)
lumi_8TeV	  = -0.0277254	 +/-  0.993205	(limited)
mShift_cat0	  = 0	 +/-  0.989616	(limited)
mSmear_cat0	  = 0.00332575	 +/-  0.989433	(limited)
r9Eff	  = 0.0120988	 +/-  0.984316	(limited)
vtxEff	  = -0.00636618	 +/-  0.988461	(limited)
At r = 0.991943:	delta(nll) = 0.53956
Minuit2Minimizer: Minimize with max-calls 5000 convergence for edm < 0.01 strategy 0
Minuit2Minimizer : Valid minimum - status = 0
FVAL  = -1.26298546903536157e-05
Edm   = 1.5411961742991956e-07
Nfcn  = 86
PhotonsMass_bkg_8TeV_ExpPAR1_cat0	  = 1.32771e-10	 +/-  0.00400503	(limited)
PhotonsMass_bkg_8TeV_ExpPAR2_cat0	  = -3.93204	 +/-  0.0465146	(limited)
eff_trig	  = -0.0116575	 +/-  0.996242	(limited)
global_syst	  = -0.0571644	 +/-  0.990109	(limited)
id_eff_eb	  = -0.00584327	 +/-  0.996463	(limited)
lumi_8TeV	  = -0.0300719	 +/-  0.994796	(limited)
mShift_cat0	  = 0	 +/-  0.989616	(limited)
mSmear_cat0	  = 0.00360614	 +/-  0.989441	(limited)
r9Eff	  = 0.0130967	 +/-  0.983814	(limited)
vtxEff	  = -0.0068956	 +/-  0.988011	(limited)
At r = 1.021118:	delta(nll) = 0.57230
Minuit2Minimizer: Minimize with max-calls 5000 convergence for edm < 0.01 strategy 0
Minuit2Minimizer : Valid minimum - status = 0
FVAL  = -3.2525837779980258e-06
Edm   = 1.07611865509019458e-07
Nfcn  = 85
PhotonsMass_bkg_8TeV_ExpPAR1_cat0	  = 1.46483e-10	 +/-  0.00434469	(limited)
PhotonsMass_bkg_8TeV_ExpPAR2_cat0	  = -3.93207	 +/-  0.0454995	(limited)
eff_trig	  = -0.0111634	 +/-  0.996261	(limited)
global_syst	  = -0.0547375	 +/-  0.990866	(limited)
id_eff_eb	  = -0.00559554	 +/-  0.996463	(limited)
lumi_8TeV	  = -0.028797	 +/-  0.994971	(limited)
mShift_cat0	  = 0	 +/-  0.989616	(limited)
mSmear_cat0	  = 0.00345405	 +/-  0.989389	(limited)
r9Eff	  = 0.0125548	 +/-  0.984221	(limited)
vtxEff	  = -0.00660803	 +/-  0.98827	(limited)
At r = 1.006531:	delta(nll) = 0.55581
Minuit2Minimizer: Minimize with max-calls 5000 convergence for edm < 0.01 strategy 0
Minuit2Minimizer : Valid minimum - status = 0
FVAL  = -1.00122739341454681e-06
Edm   = 2.29202010761007262e-08
Nfcn  = 86
PhotonsMass_bkg_8TeV_ExpPAR1_cat0	  = 6.35394e-11	 +/-  0.00419981	(limited)
PhotonsMass_bkg_8TeV_ExpPAR2_cat0	  = -3.93205	 +/-  0.0458507	(limited)
eff_trig	  = -0.0114331	 +/-  0.99642	(limited)
global_syst	  = -0.0560615	 +/-  0.993307	(limited)
id_eff_eb	  = -0.00573072	 +/-  0.996557	(limited)
lumi_8TeV	  = -0.0294927	 +/-  0.995646	(limited)
mShift_cat0	  = 0	 +/-  0.989616	(limited)
mSmear_cat0	  = 0.00353704	 +/-  0.989427	(limited)
r9Eff	  = 0.0128506	 +/-  0.984166	(limited)
vtxEff	  = -0.00676497	 +/-  0.988194	(limited)
At r = 1.013824:	delta(nll) = 0.56402
Will search for NLL crossing by bisection
Minuit2Minimizer: Minimize with max-calls 5000 convergence for edm < 0.01 strategy 0
Minuit2Minimizer : Valid minimum - status = 0
FVAL  = -0.00268273862027740544
Edm   = 3.503415149501557e-07
Nfcn  = 84
PhotonsMass_bkg_8TeV_ExpPAR1_cat0	  = 3.15774e-09	 +/-  0.001405	(limited)
PhotonsMass_bkg_8TeV_ExpPAR2_cat0	  = -3.93074	 +/-  0.0483017	(limited)
eff_trig	  = -0.0230762	 +/-  0.996521	(limited)
global_syst	  = -0.113206	 +/-  0.996277	(limited)
id_eff_eb	  = -0.0115665	 +/-  0.99659	(limited)
lumi_8TeV	  = -0.0595347	 +/-  0.996147	(limited)
mShift_cat0	  = 0	 +/-  0.989616	(limited)
mSmear_cat0	  = 0.00712347	 +/-  0.989295	(limited)
r9Eff	  = 0.0253078	 +/-  0.972074	(limited)
vtxEff	  = -0.0134255	 +/-  0.979822	(limited)
At r = 1.442329:	delta(nll) = 1.15112
Minuit2Minimizer: Minimize with max-calls 5000 convergence for edm < 0.01 strategy 0
Minuit2Minimizer : Valid minimum - status = 0
FVAL  = -0.00075822782359486916
Edm   = 2.59654207646822297e-07
Nfcn  = 85
PhotonsMass_bkg_8TeV_ExpPAR1_cat0	  = 1.48282e-10	 +/-  0.00354532	(limited)
PhotonsMass_bkg_8TeV_ExpPAR2_cat0	  = -3.9314	 +/-  0.0491294	(limited)
eff_trig	  = -0.0167216	 +/-  0.996963	(limited)
global_syst	  = -0.081946	 +/-  1.00588	(limited)
id_eff_eb	  = -0.00838165	 +/-  0.996709	(limited)
lumi_8TeV	  = -0.0431283	 +/-  0.998901	(limited)
mShift_cat0	  = 0	 +/-  0.989616	(limited)
mSmear_cat0	  = 0.00517083	 +/-  0.989496	(limited)
r9Eff	  = 0.0185854	 +/-  0.979404	(limited)
vtxEff	  = -0.00981878	 +/-  0.984625	(limited)
At r = 1.229900:	delta(nll) = 0.83455
Minuit2Minimizer: Minimize with max-calls 5000 convergence for edm < 0.01 strategy 0
Minuit2Minimizer : Valid minimum - status = 0
FVAL  = -0.000189075291221842975
Edm   = 2.96660732942283727e-07
Nfcn  = 85
PhotonsMass_bkg_8TeV_ExpPAR1_cat0	  = 8.2981e-10	 +/-  0.00230119	(limited)
PhotonsMass_bkg_8TeV_ExpPAR2_cat0	  = -3.93107	 +/-  0.0474561	(limited)
eff_trig	  = -0.0199059	 +/-  0.996397	(limited)
global_syst	  = -0.0976304	 +/-  0.991085	(limited)
id_eff_eb	  = -0.00997761	 +/-  0.99663	(limited)
lumi_8TeV	  = -0.0513523	 +/-  0.995111	(limited)
mShift_cat0	  = 0	 +/-  0.989616	(limited)
mSmear_cat0	  = 0.0061494	 +/-  0.989405	(limited)
r9Eff	  = 0.0219755	 +/-  0.975471	(limited)
vtxEff	  = -0.0116341	 +/-  0.982287	(limited)
At r = 1.336115:	delta(nll) = 0.98663
Minuit2Minimizer: Minimize with max-calls 5000 convergence for edm < 0.01 strategy 0
Minuit2Minimizer : Valid minimum - status = 0
FVAL  = -4.5167151772747239e-05
Edm   = 1.3153102468300639e-07
Nfcn  = 85
PhotonsMass_bkg_8TeV_ExpPAR1_cat0	  = 1.09579e-13	 +/-  0.00236803	(limited)
PhotonsMass_bkg_8TeV_ExpPAR2_cat0	  = -3.9309	 +/-  0.046877	(limited)
eff_trig	  = -0.0214909	 +/-  0.996218	(limited)
global_syst	  = -0.105385	 +/-  0.988256	(limited)
id_eff_eb	  = -0.0107722	 +/-  0.996503	(limited)
lumi_8TeV	  = -0.0554387	 +/-  0.994255	(limited)
mShift_cat0	  = 0	 +/-  0.989616	(limited)
mSmear_cat0	  = 0.00663751	 +/-  0.989283	(limited)
r9Eff	  = 0.0236461	 +/-  0.973753	(limited)
vtxEff	  = -0.0125316	 +/-  0.981031	(limited)
At r = 1.389222:	delta(nll) = 1.06734
Minuit2Minimizer: Minimize with max-calls 5000 convergence for edm < 0.01 strategy 0
Minuit2Minimizer : Valid minimum - status = 0
FVAL  = -1.44439218383558535e-05
Edm   = 1.78353863350180245e-07
Nfcn  = 83
PhotonsMass_bkg_8TeV_ExpPAR1_cat0	  = 3.23606e-10	 +/-  0.00255488	(limited)
PhotonsMass_bkg_8TeV_ExpPAR2_cat0	  = -3.93098	 +/-  0.0462424	(limited)
eff_trig	  = -0.0205246	 +/-  0.996171	(limited)
global_syst	  = -0.100639	 +/-  0.984772	(limited)
id_eff_eb	  = -0.0102879	 +/-  0.9965	(limited)
lumi_8TeV	  = -0.0529448	 +/-  0.993326	(limited)
mShift_cat0	  = 0	 +/-  0.989616	(limited)
mSmear_cat0	  = 0.00634104	 +/-  0.989358	(limited)
r9Eff	  = 0.0226286	 +/-  0.974483	(limited)
vtxEff	  = -0.0119849	 +/-  0.98162	(limited)
At r = 1.362669:	delta(nll) = 1.02660
Minuit2Minimizer: Minimize with max-calls 5000 convergence for edm < 0.01 strategy 0
Minuit2Minimizer : Valid minimum - status = 0
FVAL  = -1.99573697288523845e-06
Edm   = 6.73838416736560715e-08
Nfcn  = 83
PhotonsMass_bkg_8TeV_ExpPAR1_cat0	  = 3.06225e-10	 +/-  0.00257015	(limited)
PhotonsMass_bkg_8TeV_ExpPAR2_cat0	  = -3.93101	 +/-  0.0461034	(limited)
eff_trig	  = -0.0201755	 +/-  0.99637	(limited)
global_syst	  = -0.0989284	 +/-  0.990721	(limited)
id_eff_eb	  = -0.0101128	 +/-  0.996523	(limited)
lumi_8TeV	  = -0.0520445	 +/-  0.994979	(limited)
mShift_cat0	  = 0	 +/-  0.989616	(limited)
mSmear_cat0	  = 0.00623365	 +/-  0.989357	(limited)
r9Eff	  = 0.0222597	 +/-  0.975105	(limited)
vtxEff	  = -0.011787	 +/-  0.981939	(limited)
At r = 1.349392:	delta(nll) = 1.00652
Will search for NLL crossing by bisection
Minuit2Minimizer: Minimize with max-calls 5000 convergence for edm < 0.01 strategy 0
Minuit2Minimizer : Valid minimum - status = 0
FVAL  = -0.0753540017358727277
Edm   = 1.65395794776378622e-07
Nfcn  = 83
PhotonsMass_bkg_8TeV_ExpPAR1_cat0	  = 6.56001e-10	 +/-  0.000519296	(limited)
PhotonsMass_bkg_8TeV_ExpPAR2_cat0	  = -3.92673	 +/-  0.0489193	(limited)
eff_trig	  = -0.0838092	 +/-  0.994745	(limited)
global_syst	  = -0.410782	 +/-  0.973029	(limited)
id_eff_eb	  = -0.0420076	 +/-  0.996181	(limited)
lumi_8TeV	  = -0.216222	 +/-  0.987353	(limited)
mShift_cat0	  = 0	 +/-  0.989616	(limited)
mSmear_cat0	  = 0.0255367	 +/-  0.988412	(limited)
r9Eff	  = 0.0819931	 +/-  0.912822	(limited)
vtxEff	  = -0.0448948	 +/-  0.937504	(limited)
At r = 2.819852:	delta(nll) = 4.34237
Minuit2Minimizer: Minimize with max-calls 5000 convergence for edm < 0.01 strategy 0
Minuit2Minimizer : Valid minimum - status = 0
FVAL  = -0.0108560434283896372
Edm   = 2.84325706137707645e-07
Nfcn  = 84
PhotonsMass_bkg_8TeV_ExpPAR1_cat0	  = 3.50724e-10	 +/-  0.00145684	(limited)
PhotonsMass_bkg_8TeV_ExpPAR2_cat0	  = -3.92806	 +/-  0.0498462	(limited)
eff_trig	  = -0.0590655	 +/-  0.996753	(limited)
global_syst	  = -0.289801	 +/-  0.987614	(limited)
id_eff_eb	  = -0.0296058	 +/-  0.996603	(limited)
lumi_8TeV	  = -0.152382	 +/-  0.99673	(limited)
mShift_cat0	  = 0	 +/-  0.989616	(limited)
mSmear_cat0	  = 0.0180889	 +/-  0.988963	(limited)
r9Eff	  = 0.0603468	 +/-  0.944331	(limited)
vtxEff	  = -0.0326818	 +/-  0.957452	(limited)
At r = 2.343520:	delta(nll) = 3.02588
Minuit2Minimizer: Minimize with max-calls 5000 convergence for edm < 0.01 strategy 0
Minuit2Minimizer : Valid minimum - status = 0
FVAL  = -0.00257645449412281487
Edm   = 1.12359760807333437e-07
Nfcn  = 84
PhotonsMass_bkg_8TeV_ExpPAR1_cat0	  = 2.46915e-10	 +/-  0.000984086	(limited)
PhotonsMass_bkg_8TeV_ExpPAR2_cat0	  = -3.92741	 +/-  0.0483973	(limited)
eff_trig	  = -0.0710367	 +/-  0.995584	(limited)
global_syst	  = -0.348455	 +/-  0.98308	(limited)
id_eff_eb	  = -0.035606	 +/-  0.996259	(limited)
lumi_8TeV	  = -0.18327	 +/-  0.991112	(limited)
mShift_cat0	  = 0	 +/-  0.989616	(limited)
mSmear_cat0	  = 0.021699	 +/-  0.98856	(limited)
r9Eff	  = 0.0710189	 +/-  0.929305	(limited)
vtxEff	  = -0.0386818	 +/-  0.948027	(limited)
At r = 2.581686:	delta(nll) = 3.65740
Minuit2Minimizer: Minimize with max-calls 5000 convergence for edm < 0.01 strategy 0
Minuit2Minimizer : Valid minimum - status = 0
FVAL  = -0.000704883605583978478
Edm   = 7.19022233645024632e-08
Nfcn  = 84
PhotonsMass_bkg_8TeV_ExpPAR1_cat0	  = 1.84216e-11	 +/-  0.00101643	(limited)
PhotonsMass_bkg_8TeV_ExpPAR2_cat0	  = -3.92707	 +/-  0.0482201	(limited)
eff_trig	  = -0.0773431	 +/-  0.995667	(limited)
global_syst	  = -0.379312	 +/-  0.978824	(limited)
id_eff_eb	  = -0.0387674	 +/-  0.996352	(limited)
lumi_8TeV	  = -0.199526	 +/-  0.990979	(limited)
mShift_cat0	  = 0	 +/-  0.989616	(limited)
mSmear_cat0	  = 0.0235964	 +/-  0.988627	(limited)
r9Eff	  = 0.0764691	 +/-  0.925889	(limited)
vtxEff	  = -0.0417684	 +/-  0.944664	(limited)
At r = 2.700769:	delta(nll) = 3.99332
Minuit2Minimizer: Minimize with max-calls 5000 convergence for edm < 0.01 strategy 0
Minuit2Minimizer : Valid minimum - status = 0
FVAL  = -0.000185487714503836652
Edm   = 1.66463895844214515e-07
Nfcn  = 83
PhotonsMass_bkg_8TeV_ExpPAR1_cat0	  = 1.00011e-10	 +/-  0.00111652	(limited)
PhotonsMass_bkg_8TeV_ExpPAR2_cat0	  = -3.92724	 +/-  0.0480293	(limited)
eff_trig	  = -0.0740664	 +/-  0.995387	(limited)
global_syst	  = -0.363154	 +/-  0.969349	(limited)
id_eff_eb	  = -0.0371255	 +/-  0.996287	(limited)
lumi_8TeV	  = -0.191056	 +/-  0.988673	(limited)
mShift_cat0	  = 0	 +/-  0.989616	(limited)
mSmear_cat0	  = 0.022613	 +/-  0.988609	(limited)
r9Eff	  = 0.0736489	 +/-  0.929442	(limited)
vtxEff	  = -0.0401709	 +/-  0.94703	(limited)
At r = 2.641227:	delta(nll) = 3.82371
Minuit2Minimizer: Minimize with max-calls 5000 convergence for edm < 0.01 strategy 0
Minuit2Minimizer : Valid minimum - status = 0
FVAL  = -3.95556846983610884e-05
Edm   = 8.15403962981118244e-08
Nfcn  = 84
PhotonsMass_bkg_8TeV_ExpPAR1_cat0	  = 8.66302e-11	 +/-  0.00110166	(limited)
PhotonsMass_bkg_8TeV_ExpPAR2_cat0	  = -3.92731	 +/-  0.0476857	(limited)
eff_trig	  = -0.0725278	 +/-  0.995773	(limited)
global_syst	  = -0.355639	 +/-  0.97628	(limited)
id_eff_eb	  = -0.036354	 +/-  0.996406	(limited)
lumi_8TeV	  = -0.187092	 +/-  0.990874	(limited)
mShift_cat0	  = 0	 +/-  0.989616	(limited)
mSmear_cat0	  = 0.0221504	 +/-  0.988732	(limited)
r9Eff	  = 0.0723143	 +/-  0.930486	(limited)
vtxEff	  = -0.0394158	 +/-  0.948025	(limited)
At r = 2.611456:	delta(nll) = 3.74014
Minuit2Minimizer: Minimize with max-calls 5000 convergence for edm < 0.01 strategy 0
Minuit2Minimizer : Valid minimum - status = 0
FVAL  = -9.64909671753114845e-06
Edm   = 7.00799003188420056e-08
Nfcn  = 84
PhotonsMass_bkg_8TeV_ExpPAR1_cat0	  = 1.19718e-10	 +/-  0.00109866	(limited)
PhotonsMass_bkg_8TeV_ExpPAR2_cat0	  = -3.92735	 +/-  0.0475809	(limited)
eff_trig	  = -0.0717731	 +/-  0.995873	(limited)
global_syst	  = -0.351935	 +/-  0.979073	(limited)
id_eff_eb	  = -0.0359758	 +/-  0.996398	(limited)
lumi_8TeV	  = -0.185145	 +/-  0.991684	(limited)
mShift_cat0	  = 0	 +/-  0.989616	(limited)
mSmear_cat0	  = 0.0219233	 +/-  0.988703	(limited)
r9Eff	  = 0.0716573	 +/-  0.930997	(limited)
vtxEff	  = -0.0390444	 +/-  0.948406	(limited)
At r = 2.596571:	delta(nll) = 3.69867
Will search for NLL crossing by bisection
Minuit2Minimizer: Minimize with max-calls 5000 convergence for edm < 0.01 strategy 0
Minuit2Minimizer : Valid minimum - status = 0
FVAL  = -0.172470684728861984
Edm   = 4.25887654783991962e-07
Nfcn  = 83
PhotonsMass_bkg_8TeV_ExpPAR1_cat0	  = 2.98906e-10	 +/-  0.00041999	(limited)
PhotonsMass_bkg_8TeV_ExpPAR2_cat0	  = -3.9233	 +/-  0.0491398	(limited)
eff_trig	  = -0.167856	 +/-  0.99256	(limited)
global_syst	  = -0.822194	 +/-  0.947089	(limited)
id_eff_eb	  = -0.0841266	 +/-  0.995529	(limited)
lumi_8TeV	  = -0.433222	 +/-  0.980443	(limited)
mShift_cat0	  = 0	 +/-  0.989616	(limited)
mSmear_cat0	  = 0.0504121	 +/-  0.987044	(limited)
r9Eff	  = 0.145621	 +/-  0.854213	(limited)
vtxEff	  = -0.0814355	 +/-  0.888175	(limited)
At r = 4.140929:	delta(nll) = 9.02887
Minuit2Minimizer: Minimize with max-calls 5000 convergence for edm < 0.01 strategy 0
Minuit2Minimizer : Valid minimum - status = 0
FVAL  = -0.0475067429998276489
Edm   = 9.37693271084296806e-07
Nfcn  = 83
PhotonsMass_bkg_8TeV_ExpPAR1_cat0	  = 1.19979e-09	 +/-  0.00116977	(limited)
PhotonsMass_bkg_8TeV_ExpPAR2_cat0	  = -3.92525	 +/-  0.0490256	(limited)
eff_trig	  = -0.116344	 +/-  0.996166	(limited)
global_syst	  = -0.570628	 +/-  0.975385	(limited)
id_eff_eb	  = -0.0583173	 +/-  0.996445	(limited)
lumi_8TeV	  = -0.300098	 +/-  0.993484	(limited)
mShift_cat0	  = 0	 +/-  0.989616	(limited)
mSmear_cat0	  = 0.0352448	 +/-  0.98834	(limited)
r9Eff	  = 0.108113	 +/-  0.919715	(limited)
vtxEff	  = -0.0598436	 +/-  0.929253	(limited)
At r = 3.372471:	delta(nll) = 6.12747
Minuit2Minimizer: Minimize with max-calls 5000 convergence for edm < 0.01 strategy 0
Minuit2Minimizer : Valid minimum - status = 0
FVAL  = -0.0113606753064106353
Edm   = 1.45557571154173646e-07
Nfcn  = 83
PhotonsMass_bkg_8TeV_ExpPAR1_cat0	  = 2.03436e-10	 +/-  0.000646692	(limited)
PhotonsMass_bkg_8TeV_ExpPAR2_cat0	  = -3.92425	 +/-  0.0491664	(limited)
eff_trig	  = -0.141306	 +/-  0.993293	(limited)
global_syst	  = -0.692709	 +/-  0.9613	(limited)
id_eff_eb	  = -0.0708274	 +/-  0.995654	(limited)
lumi_8TeV	  = -0.364539	 +/-  0.981326	(limited)
mShift_cat0	  = 0	 +/-  0.989616	(limited)
mSmear_cat0	  = 0.0426226	 +/-  0.98743	(limited)
r9Eff	  = 0.126626	 +/-  0.887151	(limited)
vtxEff	  = -0.0705551	 +/-  0.908795	(limited)
At r = 3.756700:	delta(nll) = 7.52031
Minuit2Minimizer: Minimize with max-calls 5000 convergence for edm < 0.01 strategy 0
Minuit2Minimizer : Valid minimum - status = 0
FVAL  = -0.00292260484827416411
Edm   = 3.76609708443267556e-08
Nfcn  = 83
PhotonsMass_bkg_8TeV_ExpPAR1_cat0	  = 2.02899e-12	 +/-  0.000859802	(limited)
PhotonsMass_bkg_8TeV_ExpPAR2_cat0	  = -3.92475	 +/-  0.0492521	(limited)
eff_trig	  = -0.128561	 +/-  0.994555	(limited)
global_syst	  = -0.630395	 +/-  0.969863	(limited)
id_eff_eb	  = -0.0644411	 +/-  0.996038	(limited)
lumi_8TeV	  = -0.331619	 +/-  0.986213	(limited)
mShift_cat0	  = 0	 +/-  0.989616	(limited)
mSmear_cat0	  = 0.0388627	 +/-  0.987983	(limited)
r9Eff	  = 0.117248	 +/-  0.903867	(limited)
vtxEff	  = -0.0651507	 +/-  0.919244	(limited)
At r = 3.564586:	delta(nll) = 6.80896
Minuit2Minimizer: Minimize with max-calls 5000 convergence for edm < 0.01 strategy 0
Minuit2Minimizer : Valid minimum - status = 0
FVAL  = -0.000681985052102770527
Edm   = 7.28136764435147448e-08
Nfcn  = 83
PhotonsMass_bkg_8TeV_ExpPAR1_cat0	  = 1.04349e-11	 +/-  0.000854897	(limited)
PhotonsMass_bkg_8TeV_ExpPAR2_cat0	  = -3.92501	 +/-  0.0487346	(limited)
eff_trig	  = -0.122381	 +/-  0.994964	(limited)
global_syst	  = -0.600043	 +/-  0.96318	(limited)
id_eff_eb	  = -0.0613429	 +/-  0.99618	(limited)
lumi_8TeV	  = -0.315678	 +/-  0.986583	(limited)
mShift_cat0	  = -5.90639e-14	 +/-  0.989616	(limited)
mSmear_cat0	  = 0.0370322	 +/-  0.98801	(limited)
r9Eff	  = 0.112605	 +/-  0.904539	(limited)
vtxEff	  = -0.0624744	 +/-  0.921519	(limited)
At r = 3.468529:	delta(nll) = 6.46442
Minuit2Minimizer: Minimize with max-calls 5000 convergence for edm < 0.01 strategy 0
Minuit2Minimizer : Valid minimum - status = 0
FVAL  = -0.00017835818649861385
Edm   = 6.88469954461780488e-08
Nfcn  = 83
PhotonsMass_bkg_8TeV_ExpPAR1_cat0	  = 3.55697e-11	 +/-  0.000800848	(limited)
PhotonsMass_bkg_8TeV_ExpPAR2_cat0	  = -3.92487	 +/-  0.0484036	(limited)
eff_trig	  = -0.125552	 +/-  0.995105	(limited)
global_syst	  = -0.615631	 +/-  0.965547	(limited)
id_eff_eb	  = -0.0629321	 +/-  0.996214	(limited)
lumi_8TeV	  = -0.323878	 +/-  0.987116	(limited)
mShift_cat0	  = -2.66454e-15	 +/-  0.989616	(limited)
mSmear_cat0	  = 0.0379708	 +/-  0.987955	(limited)
r9Eff	  = 0.114991	 +/-  0.900569	(limited)
vtxEff	  = -0.0638509	 +/-  0.919119	(limited)
At r = 3.516557:	delta(nll) = 6.63575
Minuit2Minimizer: Minimize with max-calls 5000 convergence for edm < 0.01 strategy 0
Minuit2Minimizer : Valid minimum - status = 0
FVAL  = -4.58307139953011014e-05
Edm   = 7.13190311572856653e-08
Nfcn  = 84
PhotonsMass_bkg_8TeV_ExpPAR1_cat0	  = 6.96619e-11	 +/-  0.000810173	(limited)
PhotonsMass_bkg_8TeV_ExpPAR2_cat0	  = -3.92494	 +/-  0.048199	(limited)
eff_trig	  = -0.123927	 +/-  0.995343	(limited)
global_syst	  = -0.607671	 +/-  0.966709	(limited)
id_eff_eb	  = -0.0621176	 +/-  0.996285	(limited)
lumi_8TeV	  = -0.319679	 +/-  0.988085	(limited)
mShift_cat0	  = -2.66454e-15	 +/-  0.989616	(limited)
mSmear_cat0	  = 0.03749	 +/-  0.988058	(limited)
r9Eff	  = 0.113769	 +/-  0.902829	(limited)
vtxEff	  = -0.0631463	 +/-  0.92044	(limited)
At r = 3.492543:	delta(nll) = 6.54985
Restricting r to positive values.
  1) RooRealVar::                                MH = 200
  2) RooRealVar:: PhotonsMass_bkg_8TeV_ExpPAR1_cat0 = 0.0002958 +/- 0.00874863
  3) RooRealVar:: PhotonsMass_bkg_8TeV_ExpPAR2_cat0 = -3.86641 +/- 0.759712
  4) RooRealVar::         ReducedMass_sig_Nneg_cat0 = 1.38518 +/- 7.52635
  5) RooRealVar::         ReducedMass_sig_Npos_cat0 = 5 +/- 7.52635
  6) RooRealVar::   ReducedMass_sig_alphaCBneg_cat0 = 1.6 +/- 1.2594
  7) RooRealVar::   ReducedMass_sig_alphaCBpos_cat0 = -1.6 +/- 2.23267
  8) RooRealVar::         ReducedMass_sig_frac_cat0 = 0.5 +/- 0.420735
  9) RooRealVar::         ReducedMass_sig_mean_cat0 = 0 +/- 0.00841471
 10) RooRealVar::        ReducedMass_sig_sigma_cat0 = 0.011 +/- 0.224792
 11) RooRealVar::                          eff_trig = 0
 12) RooRealVar::                       eff_trig_In = 0
 13) RooRealVar::                       global_syst = 0
 14) RooRealVar::                    global_syst_In = 0
 15) RooRealVar::                         id_eff_eb = 0
 16) RooRealVar::                      id_eff_eb_In = 0
 17) RooRealVar::                         lumi_8TeV = 0
 18) RooRealVar::                      lumi_8TeV_In = 0
 19) RooRealVar::                       mShift_cat0 = 0
 20) RooRealVar::                    mShift_cat0_In = 0
 21) RooRealVar::                       mSmear_cat0 = 0
 22) RooRealVar::                    mSmear_cat0_In = 0
 23) RooRealVar::            n_exp_bincat0_proc_bkg = 8855
 24) RooRealVar::                                 r = 2
 25) RooRealVar::                             r9Eff = 0
 26) RooRealVar::                          r9Eff_In = 0
 27) RooRealVar::                 rooSigmaCorr_cat0 = 0.973748
 28) RooRealVar::                            vtxEff = 0
 29) RooRealVar::                         vtxEff_In = 0

Make global fit of real data
[#1] INFO:NumericIntegration -- RooRealIntegral::init(shapeBkg_bkg_cat0_Int[PhotonsMass]) using numeric integrator RooIntegrator1D to calculate Int(PhotonsMass)
[#1] INFO:Caching -- RooAbsCachedPdf::getCache(shapeSig_sig_cat0) creating new cache 0x1f14f9d0 with pdf SigModelBW_cat0_CONV_ResAddPdf_cat0_CACHE_Obs[PhotonsMass] for nset (PhotonsMass) with code 1 from preexisting content.
Minuit2Minimizer: Minimize with max-calls 5500 convergence for edm < 0.01 strategy 0
Minuit2Minimizer : Valid minimum - status = 0
FVAL  = -3.80318996061397163
Edm   = 1.08511609441908642e-06
Nfcn  = 170
PhotonsMass_bkg_8TeV_ExpPAR1_cat0	  = 0.00027129	 +/-  0.00016799	(limited)
PhotonsMass_bkg_8TeV_ExpPAR2_cat0	  = -3.87211	 +/-  0.0424949	(limited)
eff_trig	  = 0.000195685	 +/-  0.995365	(limited)
global_syst	  = -0.000467523	 +/-  0.990916	(limited)
id_eff_eb	  = 0.00010518	 +/-  0.996271	(limited)
lumi_8TeV	  = 0.000265182	 +/-  0.992028	(limited)
mShift_cat0	  = 0	 +/-  0.989616	(limited)
mSmear_cat0	  = -6.08655e-05	 +/-  0.988309	(limited)
r	  = 1.48591e-07	 +/-  0.636701	(limited)
r9Eff	  = -0.000696247	 +/-  0.964592	(limited)
vtxEff	  = 2.59398e-05	 +/-  0.95692	(limited)
NLL at global minimum of data: -27519.7 (r = 1.48591e-07)
   0) MH                             =       200
   1) PhotonsMass_bkg_8TeV_ExpPAR1_cat0 = 0.00027129
   2) PhotonsMass_bkg_8TeV_ExpPAR2_cat0 =  -3.87211
   3) ReducedMass_sig_Nneg_cat0      =   1.38518
   4) ReducedMass_sig_Npos_cat0      =         5
   5) ReducedMass_sig_alphaCBneg_cat0 =       1.6
   6) ReducedMass_sig_alphaCBpos_cat0 =      -1.6
   7) ReducedMass_sig_frac_cat0      =       0.5
   8) ReducedMass_sig_mean_cat0      =         0
   9) ReducedMass_sig_sigma_cat0     =     0.011
  10) eff_trig                       = 0.000195685
  11) eff_trig_In                    =         0
  12) global_syst                    = -0.000467523
  13) global_syst_In                 =         0
  14) id_eff_eb                      = 0.00010518
  15) id_eff_eb_In                   =         0
  16) lumi_8TeV                      = 0.000265182
  17) lumi_8TeV_In                   =         0
  18) mShift_cat0                    =         0
  19) mShift_cat0_In                 =         0
  20) mSmear_cat0                    = -6.08655e-05
  21) mSmear_cat0_In                 =         0
  22) n_exp_bincat0_proc_bkg         =      8855
  23) r                              = 1.48591e-07
  24) r9Eff                          = -0.000696247
  25) r9Eff_In                       =         0
  26) rooSigmaCorr_cat0              =  0.973748
  27) vtxEff                         = 2.59398e-05
  28) vtxEff_In                      =         0


Make global fit of asimov data
[#1] INFO:NumericIntegration -- RooRealIntegral::init(shapeBkg_bkg_cat0_Int[PhotonsMass]) using numeric integrator RooIntegrator1D to calculate Int(PhotonsMass)
[#1] INFO:Caching -- RooAbsCachedPdf::getCache(shapeSig_sig_cat0) creating new cache 0x1f5f60f0 with pdf SigModelBW_cat0_CONV_ResAddPdf_cat0_CACHE_Obs[PhotonsMass] for nset (PhotonsMass) with code 1
Minuit2Minimizer: Minimize with max-calls 5500 convergence for edm < 0.01 strategy 0
Minuit2Minimizer : Valid minimum - status = 0
FVAL  = -0.000466412353969443741
Edm   = 2.94930140151641796e-06
Nfcn  = 200
PhotonsMass_bkg_8TeV_ExpPAR1_cat0	  = 0.000317724	 +/-  0.00200533	(limited)
PhotonsMass_bkg_8TeV_ExpPAR2_cat0	  = -3.86097	 +/-  0.375941	(limited)
eff_trig	  = -2.98241e-05	 +/-  0.995518	(limited)
global_syst	  = 6.92981e-05	 +/-  0.990548	(limited)
id_eff_eb	  = -1.57722e-05	 +/-  0.996417	(limited)
lumi_8TeV	  = -4.10798e-05	 +/-  0.994591	(limited)
mShift_cat0	  = 0	 +/-  0.989616	(limited)
mSmear_cat0	  = 9.2262e-06	 +/-  0.989501	(limited)
r	  = 0.000660304	 +/-  19.8016	(limited)
r9Eff	  = 0.000106607	 +/-  0.983126	(limited)
vtxEff	  = -4.06112e-06	 +/-  0.996599	(limited)
NLL at global minimum of asimov: -27519.3 (r = 0.000660304)
   0) MH                             =       200
   1) PhotonsMass_bkg_8TeV_ExpPAR1_cat0 = 0.000317724
   2) PhotonsMass_bkg_8TeV_ExpPAR2_cat0 =  -3.86097
   3) ReducedMass_sig_Nneg_cat0      =   1.38518
   4) ReducedMass_sig_Npos_cat0      =         5
   5) ReducedMass_sig_alphaCBneg_cat0 =       1.6
   6) ReducedMass_sig_alphaCBpos_cat0 =      -1.6
   7) ReducedMass_sig_frac_cat0      =       0.5
   8) ReducedMass_sig_mean_cat0      =         0
   9) ReducedMass_sig_sigma_cat0     =     0.011
  10) eff_trig                       = -2.98241e-05
  11) eff_trig_In                    =         0
  12) global_syst                    = 6.92981e-05
  13) global_syst_In                 =         0
  14) id_eff_eb                      = -1.57722e-05
  15) id_eff_eb_In                   =         0
  16) lumi_8TeV                      = -4.10798e-05
  17) lumi_8TeV_In                   =         0
  18) mShift_cat0                    =         0
  19) mShift_cat0_In                 =         0
  20) mSmear_cat0                    = 9.2262e-06
  21) mSmear_cat0_In                 =         0
  22) n_exp_bincat0_proc_bkg         =      8855
  23) r                              = 0.000660304
  24) r9Eff                          = 0.000106607
  25) r9Eff_In                       =         0
  26) rooSigmaCorr_cat0              =  0.973748
  27) vtxEff                         = -4.06112e-06
  28) vtxEff_In                      =         0

Minuit2Minimizer: Minimize with max-calls 5000 convergence for edm < 0.01 strategy 0
Minuit2Minimizer : Valid minimum - status = 0
FVAL  = -0.148712701315039608
Edm   = 6.44610355346981293e-08
Nfcn  = 269
PhotonsMass_bkg_8TeV_ExpPAR1_cat0	  = 2.84547e-11	 +/-  0.00172849	(limited)
PhotonsMass_bkg_8TeV_ExpPAR2_cat0	  = -3.92989	 +/-  0.0504022	(limited)
eff_trig	  = -0.0526237	 +/-  0.993736	(limited)
global_syst	  = -0.258454	 +/-  0.982258	(limited)
id_eff_eb	  = -0.0263745	 +/-  0.995873	(limited)
lumi_8TeV	  = -0.13583	 +/-  0.987286	(limited)
mShift_cat0	  = 0	 +/-  0.989616	(limited)
mSmear_cat0	  = 0.0312768	 +/-  0.988124	(limited)
r9Eff	  = 0.0544575	 +/-  0.93998	(limited)
vtxEff	  = -0.0293812	 +/-  0.957453	(limited)
   0) MH                             =       200
   1) PhotonsMass_bkg_8TeV_ExpPAR1_cat0 = 2.84547e-11
   2) PhotonsMass_bkg_8TeV_ExpPAR2_cat0 =  -3.92989
   3) ReducedMass_sig_Nneg_cat0      =   1.38518
   4) ReducedMass_sig_Npos_cat0      =         5
   5) ReducedMass_sig_alphaCBneg_cat0 =       1.6
   6) ReducedMass_sig_alphaCBpos_cat0 =      -1.6
   7) ReducedMass_sig_frac_cat0      =       0.5
   8) ReducedMass_sig_mean_cat0      =         0
   9) ReducedMass_sig_sigma_cat0     =     0.011
  10) eff_trig                       = -0.0526237
  11) eff_trig_In                    =         0
  12) global_syst                    = -0.258454
  13) global_syst_In                 =         0
  14) id_eff_eb                      = -0.0263745
  15) id_eff_eb_In                   =         0
  16) lumi_8TeV                      =  -0.13583
  17) lumi_8TeV_In                   =         0
  18) mShift_cat0                    =         0
  19) mShift_cat0_In                 =         0
  20) mSmear_cat0                    = 0.0312768
  21) mSmear_cat0_In                 =         0
  22) n_exp_bincat0_proc_bkg         =      8855
  23) r                              =    1.9101
  24) r9Eff                          = 0.0544575
  25) r9Eff_In                       =         0
  26) rooSigmaCorr_cat0              =  0.973748
  27) vtxEff                         = -0.0293812
  28) vtxEff_In                      =         0

Minuit2Minimizer: Minimize with max-calls 5000 convergence for edm < 0.01 strategy 0
Minuit2Minimizer : Valid minimum - status = 0
FVAL  = -0.144414852449038511
Edm   = 1.46657088835200522e-07
Nfcn  = 269
PhotonsMass_bkg_8TeV_ExpPAR1_cat0	  = 3.93344e-10	 +/-  0.00182501	(limited)
PhotonsMass_bkg_8TeV_ExpPAR2_cat0	  = -3.92933	 +/-  0.0512169	(limited)
eff_trig	  = -0.040017	 +/-  0.995491	(limited)
global_syst	  = -0.195651	 +/-  0.978752	(limited)
id_eff_eb	  = -0.020062	 +/-  0.996277	(limited)
lumi_8TeV	  = -0.103113	 +/-  0.992915	(limited)
mShift_cat0	  = 0	 +/-  0.989616	(limited)
mSmear_cat0	  = 0.0123135	 +/-  0.988929	(limited)
r9Eff	  = 0.0423548	 +/-  0.952546	(limited)
vtxEff	  = -0.0227175	 +/-  0.966444	(limited)
   0) MH                             =       200
   1) PhotonsMass_bkg_8TeV_ExpPAR1_cat0 = 3.93344e-10
   2) PhotonsMass_bkg_8TeV_ExpPAR2_cat0 =  -3.92933
   3) ReducedMass_sig_Nneg_cat0      =   1.38518
   4) ReducedMass_sig_Npos_cat0      =         5
   5) ReducedMass_sig_alphaCBneg_cat0 =       1.6
   6) ReducedMass_sig_alphaCBpos_cat0 =      -1.6
   7) ReducedMass_sig_frac_cat0      =       0.5
   8) ReducedMass_sig_mean_cat0      =         0
   9) ReducedMass_sig_sigma_cat0     =     0.011
  10) eff_trig                       = -0.040017
  11) eff_trig_In                    =         0
  12) global_syst                    = -0.195651
  13) global_syst_In                 =         0
  14) id_eff_eb                      = -0.020062
  15) id_eff_eb_In                   =         0
  16) lumi_8TeV                      = -0.103113
  17) lumi_8TeV_In                   =         0
  18) mShift_cat0                    =         0
  19) mShift_cat0_In                 =         0
  20) mSmear_cat0                    = 0.0123135
  21) mSmear_cat0_In                 =         0
  22) n_exp_bincat0_proc_bkg         =      8855
  23) r                              =    1.9101
  24) r9Eff                          = 0.0423548
  25) r9Eff_In                       =         0
  26) rooSigmaCorr_cat0              =  0.973748
  27) vtxEff                         = -0.0227175
  28) vtxEff_In                      =         0

At r = 1.910102:	q_mu = 6.75480	q_A  = 4.03959	CLsb = 0.00362	CLb  = 0.24969	CLs  = 0.01451
Minuit2Minimizer: Minimize with max-calls 5000 convergence for edm < 0.01 strategy 0
Minuit2Minimizer : Valid minimum - status = 0
FVAL  = -0.0233504915447351781
Edm   = 1.46542231380514243e-06
Nfcn  = 181
PhotonsMass_bkg_8TeV_ExpPAR1_cat0	  = 1.10873e-08	 +/-  0.00425365	(limited)
PhotonsMass_bkg_8TeV_ExpPAR2_cat0	  = -3.93264	 +/-  0.0488319	(limited)
eff_trig	  = -0.0165642	 +/-  0.995136	(limited)
global_syst	  = -0.082227	 +/-  0.990423	(limited)
id_eff_eb	  = -0.00829827	 +/-  0.996312	(limited)
lumi_8TeV	  = -0.042886	 +/-  0.989452	(limited)
mShift_cat0	  = 0	 +/-  0.989616	(limited)
mSmear_cat0	  = 0.0128087	 +/-  0.988686	(limited)
r9Eff	  = 0.0183832	 +/-  0.977593	(limited)
vtxEff	  = -0.00972477	 +/-  0.984181	(limited)
   0) MH                             =       200
   1) PhotonsMass_bkg_8TeV_ExpPAR1_cat0 = 1.10873e-08
   2) PhotonsMass_bkg_8TeV_ExpPAR2_cat0 =  -3.93264
   3) ReducedMass_sig_Nneg_cat0      =   1.38518
   4) ReducedMass_sig_Npos_cat0      =         5
   5) ReducedMass_sig_alphaCBneg_cat0 =       1.6
   6) ReducedMass_sig_alphaCBpos_cat0 =      -1.6
   7) ReducedMass_sig_frac_cat0      =       0.5
   8) ReducedMass_sig_mean_cat0      =         0
   9) ReducedMass_sig_sigma_cat0     =     0.011
  10) eff_trig                       = -0.0165642
  11) eff_trig_In                    =         0
  12) global_syst                    = -0.082227
  13) global_syst_In                 =         0
  14) id_eff_eb                      = -0.00829827
  15) id_eff_eb_In                   =         0
  16) lumi_8TeV                      = -0.042886
  17) lumi_8TeV_In                   =         0
  18) mShift_cat0                    =         0
  19) mShift_cat0_In                 =         0
  20) mSmear_cat0                    = 0.0128087
  21) mSmear_cat0_In                 =         0
  22) n_exp_bincat0_proc_bkg         =      8855
  23) r                              =  0.955051
  24) r9Eff                          = 0.0183832
  25) r9Eff_In                       =         0
  26) rooSigmaCorr_cat0              =  0.973748
  27) vtxEff                         = -0.00972477
  28) vtxEff_In                      =         0

Minuit2Minimizer: Minimize with max-calls 5000 convergence for edm < 0.01 strategy 0
Minuit2Minimizer : Valid minimum - status = 0
FVAL  = -0.0168097996777435213
Edm   = 1.06624822219274814e-06
Nfcn  = 183
PhotonsMass_bkg_8TeV_ExpPAR1_cat0	  = 2.53672e-09	 +/-  0.00487734	(limited)
PhotonsMass_bkg_8TeV_ExpPAR2_cat0	  = -3.93226	 +/-  0.0509292	(limited)
eff_trig	  = -0.00965426	 +/-  0.995089	(limited)
global_syst	  = -0.0488609	 +/-  0.992673	(limited)
id_eff_eb	  = -0.00484306	 +/-  0.996286	(limited)
lumi_8TeV	  = -0.0251399	 +/-  0.989332	(limited)
mShift_cat0	  = 0	 +/-  0.989616	(limited)
mSmear_cat0	  = 0.00299805	 +/-  0.989387	(limited)
r9Eff	  = 0.0108566	 +/-  0.984048	(limited)
vtxEff	  = -0.00573296	 +/-  0.988895	(limited)
   0) MH                             =       200
   1) PhotonsMass_bkg_8TeV_ExpPAR1_cat0 = 2.53672e-09
   2) PhotonsMass_bkg_8TeV_ExpPAR2_cat0 =  -3.93226
   3) ReducedMass_sig_Nneg_cat0      =   1.38518
   4) ReducedMass_sig_Npos_cat0      =         5
   5) ReducedMass_sig_alphaCBneg_cat0 =       1.6
   6) ReducedMass_sig_alphaCBpos_cat0 =      -1.6
   7) ReducedMass_sig_frac_cat0      =       0.5
   8) ReducedMass_sig_mean_cat0      =         0
   9) ReducedMass_sig_sigma_cat0     =     0.011
  10) eff_trig                       = -0.00965426
  11) eff_trig_In                    =         0
  12) global_syst                    = -0.0488609
  13) global_syst_In                 =         0
  14) id_eff_eb                      = -0.00484306
  15) id_eff_eb_In                   =         0
  16) lumi_8TeV                      = -0.0251399
  17) lumi_8TeV_In                   =         0
  18) mShift_cat0                    =         0
  19) mShift_cat0_In                 =         0
  20) mSmear_cat0                    = 0.00299805
  21) mSmear_cat0_In                 =         0
  22) n_exp_bincat0_proc_bkg         =      8855
  23) r                              =  0.955051
  24) r9Eff                          = 0.0108566
  25) r9Eff_In                       =         0
  26) rooSigmaCorr_cat0              =  0.973748
  27) vtxEff                         = -0.00573296
  28) vtxEff_In                      =         0

At r = 0.955051:	q_mu = 2.39072	q_A  = 0.99942	CLsb = 0.04498	CLb  = 0.24326	CLs  = 0.18492
Minuit2Minimizer: Minimize with max-calls 5000 convergence for edm < 0.01 strategy 0
Minuit2Minimizer : Valid minimum - status = 0
FVAL  = -0.00478444491059644428
Edm   = 3.45203940847287368e-07
Nfcn  = 84
PhotonsMass_bkg_8TeV_ExpPAR1_cat0	  = 3.1492e-09	 +/-  0.00133278	(limited)
PhotonsMass_bkg_8TeV_ExpPAR2_cat0	  = -3.93125	 +/-  0.0483618	(limited)
eff_trig	  = -0.0326422	 +/-  0.996418	(limited)
global_syst	  = -0.160132	 +/-  0.994244	(limited)
id_eff_eb	  = -0.0163614	 +/-  0.996556	(limited)
lumi_8TeV	  = -0.0842152	 +/-  0.995338	(limited)
mShift_cat0	  = 0	 +/-  0.989616	(limited)
mSmear_cat0	  = 0.0215762	 +/-  0.988945	(limited)
r9Eff	  = 0.0351036	 +/-  0.962402	(limited)
vtxEff	  = -0.0187335	 +/-  0.973068	(limited)
   0) MH                             =       200
   1) PhotonsMass_bkg_8TeV_ExpPAR1_cat0 = 3.1492e-09
   2) PhotonsMass_bkg_8TeV_ExpPAR2_cat0 =  -3.93125
   3) ReducedMass_sig_Nneg_cat0      =   1.38518
   4) ReducedMass_sig_Npos_cat0      =         5
   5) ReducedMass_sig_alphaCBneg_cat0 =       1.6
   6) ReducedMass_sig_alphaCBpos_cat0 =      -1.6
   7) ReducedMass_sig_frac_cat0      =       0.5
   8) ReducedMass_sig_mean_cat0      =         0
   9) ReducedMass_sig_sigma_cat0     =     0.011
  10) eff_trig                       = -0.0326422
  11) eff_trig_In                    =         0
  12) global_syst                    = -0.160132
  13) global_syst_In                 =         0
  14) id_eff_eb                      = -0.0163614
  15) id_eff_eb_In                   =         0
  16) lumi_8TeV                      = -0.0842152
  17) lumi_8TeV_In                   =         0
  18) mShift_cat0                    =         0
  19) mShift_cat0_In                 =         0
  20) mSmear_cat0                    = 0.0215762
  21) mSmear_cat0_In                 =         0
  22) n_exp_bincat0_proc_bkg         =      8855
  23) r                              =   1.43258
  24) r9Eff                          = 0.0351036
  25) r9Eff_In                       =         0
  26) rooSigmaCorr_cat0              =  0.973748
  27) vtxEff                         = -0.0187335
  28) vtxEff_In                      =         0

Minuit2Minimizer: Minimize with max-calls 5000 convergence for edm < 0.01 strategy 0
Minuit2Minimizer : Valid minimum - status = 0
FVAL  = -0.00330659632456792307
Edm   = 3.34382898541832297e-07
Nfcn  = 84
PhotonsMass_bkg_8TeV_ExpPAR1_cat0	  = 3.29019e-09	 +/-  0.00133457	(limited)
PhotonsMass_bkg_8TeV_ExpPAR2_cat0	  = -3.93077	 +/-  0.0483654	(limited)
eff_trig	  = -0.0227656	 +/-  0.996533	(limited)
global_syst	  = -0.111677	 +/-  0.996176	(limited)
id_eff_eb	  = -0.0114109	 +/-  0.996596	(limited)
lumi_8TeV	  = -0.0587327	 +/-  0.996143	(limited)
mShift_cat0	  = 0	 +/-  0.989616	(limited)
mSmear_cat0	  = 0.00702792	 +/-  0.989307	(limited)
r9Eff	  = 0.0249834	 +/-  0.972353	(limited)
vtxEff	  = -0.0132507	 +/-  0.980015	(limited)
   0) MH                             =       200
   1) PhotonsMass_bkg_8TeV_ExpPAR1_cat0 = 3.29019e-09
   2) PhotonsMass_bkg_8TeV_ExpPAR2_cat0 =  -3.93077
   3) ReducedMass_sig_Nneg_cat0      =   1.38518
   4) ReducedMass_sig_Npos_cat0      =         5
   5) ReducedMass_sig_alphaCBneg_cat0 =       1.6
   6) ReducedMass_sig_alphaCBpos_cat0 =      -1.6
   7) ReducedMass_sig_frac_cat0      =       0.5
   8) ReducedMass_sig_mean_cat0      =         0
   9) ReducedMass_sig_sigma_cat0     =     0.011
  10) eff_trig                       = -0.0227656
  11) eff_trig_In                    =         0
  12) global_syst                    = -0.111677
  13) global_syst_In                 =         0
  14) id_eff_eb                      = -0.0114109
  15) id_eff_eb_In                   =         0
  16) lumi_8TeV                      = -0.0587327
  17) lumi_8TeV_In                   =         0
  18) mShift_cat0                    =         0
  19) mShift_cat0_In                 =         0
  20) mSmear_cat0                    = 0.00702792
  21) mSmear_cat0_In                 =         0
  22) n_exp_bincat0_proc_bkg         =      8855
  23) r                              =   1.43258
  24) r9Eff                          = 0.0249834
  25) r9Eff_In                       =         0
  26) rooSigmaCorr_cat0              =  0.973748
  27) vtxEff                         = -0.0132507
  28) vtxEff_In                      =         0

At r = 1.432577:	q_mu = 4.33501	q_A  = 2.27132	CLsb = 0.01420	CLb  = 0.24678	CLs  = 0.05754
Minuit2Minimizer: Minimize with max-calls 5000 convergence for edm < 0.01 strategy 0
Minuit2Minimizer : Valid minimum - status = 0
FVAL  = -0.00166042372018832657
Edm   = 2.83163216555480682e-07
Nfcn  = 84
PhotonsMass_bkg_8TeV_ExpPAR1_cat0	  = 1.25562e-09	 +/-  0.00147603	(limited)
PhotonsMass_bkg_8TeV_ExpPAR2_cat0	  = -3.93056	 +/-  0.0480056	(limited)
eff_trig	  = -0.042187	 +/-  0.996401	(limited)
global_syst	  = -0.206941	 +/-  0.991878	(limited)
id_eff_eb	  = -0.0211457	 +/-  0.996544	(limited)
lumi_8TeV	  = -0.108838	 +/-  0.994923	(limited)
mShift_cat0	  = 0	 +/-  0.989616	(limited)
mSmear_cat0	  = 0.0263196	 +/-  0.988788	(limited)
r9Eff	  = 0.0445127	 +/-  0.953792	(limited)
vtxEff	  = -0.0238889	 +/-  0.966796	(limited)
   0) MH                             =       200
   1) PhotonsMass_bkg_8TeV_ExpPAR1_cat0 = 1.25562e-09
   2) PhotonsMass_bkg_8TeV_ExpPAR2_cat0 =  -3.93056
   3) ReducedMass_sig_Nneg_cat0      =   1.38518
   4) ReducedMass_sig_Npos_cat0      =         5
   5) ReducedMass_sig_alphaCBneg_cat0 =       1.6
   6) ReducedMass_sig_alphaCBpos_cat0 =      -1.6
   7) ReducedMass_sig_frac_cat0      =       0.5
   8) ReducedMass_sig_mean_cat0      =         0
   9) ReducedMass_sig_sigma_cat0     =     0.011
  10) eff_trig                       = -0.042187
  11) eff_trig_In                    =         0
  12) global_syst                    = -0.206941
  13) global_syst_In                 =         0
  14) id_eff_eb                      = -0.0211457
  15) id_eff_eb_In                   =         0
  16) lumi_8TeV                      = -0.108838
  17) lumi_8TeV_In                   =         0
  18) mShift_cat0                    =         0
  19) mShift_cat0_In                 =         0
  20) mSmear_cat0                    = 0.0263196
  21) mSmear_cat0_In                 =         0
  22) n_exp_bincat0_proc_bkg         =      8855
  23) r                              =   1.67134
  24) r9Eff                          = 0.0445127
  25) r9Eff_In                       =         0
  26) rooSigmaCorr_cat0              =  0.973748
  27) vtxEff                         = -0.0238889
  28) vtxEff_In                      =         0

Minuit2Minimizer: Minimize with max-calls 5000 convergence for edm < 0.01 strategy 0
Minuit2Minimizer : Valid minimum - status = 0
FVAL  = -0.00122204828725902374
Edm   = 5.6145135316328802e-07
Nfcn  = 85
PhotonsMass_bkg_8TeV_ExpPAR1_cat0	  = 2.14558e-09	 +/-  0.00165003	(limited)
PhotonsMass_bkg_8TeV_ExpPAR2_cat0	  = -3.93005	 +/-  0.0473697	(limited)
eff_trig	  = -0.030907	 +/-  0.99538	(limited)
global_syst	  = -0.151598	 +/-  0.96681	(limited)
id_eff_eb	  = -0.0154917	 +/-  0.996294	(limited)
lumi_8TeV	  = -0.0797347	 +/-  0.988365	(limited)
mShift_cat0	  = 0	 +/-  0.989616	(limited)
mSmear_cat0	  = 0.00952435	 +/-  0.989171	(limited)
r9Eff	  = 0.0333544	 +/-  0.963317	(limited)
vtxEff	  = -0.0177815	 +/-  0.974175	(limited)
   0) MH                             =       200
   1) PhotonsMass_bkg_8TeV_ExpPAR1_cat0 = 2.14558e-09
   2) PhotonsMass_bkg_8TeV_ExpPAR2_cat0 =  -3.93005
   3) ReducedMass_sig_Nneg_cat0      =   1.38518
   4) ReducedMass_sig_Npos_cat0      =         5
   5) ReducedMass_sig_alphaCBneg_cat0 =       1.6
   6) ReducedMass_sig_alphaCBpos_cat0 =      -1.6
   7) ReducedMass_sig_frac_cat0      =       0.5
   8) ReducedMass_sig_mean_cat0      =         0
   9) ReducedMass_sig_sigma_cat0     =     0.011
  10) eff_trig                       = -0.030907
  11) eff_trig_In                    =         0
  12) global_syst                    = -0.151598
  13) global_syst_In                 =         0
  14) id_eff_eb                      = -0.0154917
  15) id_eff_eb_In                   =         0
  16) lumi_8TeV                      = -0.0797347
  17) lumi_8TeV_In                   =         0
  18) mShift_cat0                    =         0
  19) mShift_cat0_In                 =         0
  20) mSmear_cat0                    = 0.00952435
  21) mSmear_cat0_In                 =         0
  22) n_exp_bincat0_proc_bkg         =      8855
  23) r                              =   1.67134
  24) r9Eff                          = 0.0333544
  25) r9Eff_In                       =         0
  26) rooSigmaCorr_cat0              =  0.973748
  27) vtxEff                         = -0.0177815
  28) vtxEff_In                      =         0

At r = 1.671340:	q_mu = 5.48718	q_A  = 3.09501	CLsb = 0.00736	CLb  = 0.24829	CLs  = 0.02965
Minuit2Minimizer: Minimize with max-calls 5000 convergence for edm < 0.01 strategy 0
Minuit2Minimizer : Valid minimum - status = 0
FVAL  = -0.000689882612283118689
Edm   = 2.363032450531882e-07
Nfcn  = 83
PhotonsMass_bkg_8TeV_ExpPAR1_cat0	  = 1.97519e-10	 +/-  0.00233606	(limited)
PhotonsMass_bkg_8TeV_ExpPAR2_cat0	  = -3.93098	 +/-  0.0481567	(limited)
eff_trig	  = -0.0359225	 +/-  0.995505	(limited)
global_syst	  = -0.176128	 +/-  0.969501	(limited)
id_eff_eb	  = -0.018006	 +/-  0.996304	(limited)
lumi_8TeV	  = -0.0926626	 +/-  0.98899	(limited)
mShift_cat0	  = 0	 +/-  0.989616	(limited)
mSmear_cat0	  = 0.0232357	 +/-  0.988742	(limited)
r9Eff	  = 0.0383756	 +/-  0.959527	(limited)
vtxEff	  = -0.0205209	 +/-  0.970985	(limited)
   0) MH                             =       200
   1) PhotonsMass_bkg_8TeV_ExpPAR1_cat0 = 1.97519e-10
   2) PhotonsMass_bkg_8TeV_ExpPAR2_cat0 =  -3.93098
   3) ReducedMass_sig_Nneg_cat0      =   1.38518
   4) ReducedMass_sig_Npos_cat0      =         5
   5) ReducedMass_sig_alphaCBneg_cat0 =       1.6
   6) ReducedMass_sig_alphaCBpos_cat0 =      -1.6
   7) ReducedMass_sig_frac_cat0      =       0.5
   8) ReducedMass_sig_mean_cat0      =         0
   9) ReducedMass_sig_sigma_cat0     =     0.011
  10) eff_trig                       = -0.0359225
  11) eff_trig_In                    =         0
  12) global_syst                    = -0.176128
  13) global_syst_In                 =         0
  14) id_eff_eb                      = -0.018006
  15) id_eff_eb_In                   =         0
  16) lumi_8TeV                      = -0.0926626
  17) lumi_8TeV_In                   =         0
  18) mShift_cat0                    =         0
  19) mShift_cat0_In                 =         0
  20) mSmear_cat0                    = 0.0232357
  21) mSmear_cat0_In                 =         0
  22) n_exp_bincat0_proc_bkg         =      8855
  23) r                              =   1.52077
  24) r9Eff                          = 0.0383756
  25) r9Eff_In                       =         0
  26) rooSigmaCorr_cat0              =  0.973748
  27) vtxEff                         = -0.0205209
  28) vtxEff_In                      =         0

Minuit2Minimizer: Minimize with max-calls 5000 convergence for edm < 0.01 strategy 0
Minuit2Minimizer : Valid minimum - status = 0
FVAL  = -0.000523605908352216699
Edm   = 2.13313885705438109e-07
Nfcn  = 85
PhotonsMass_bkg_8TeV_ExpPAR1_cat0	  = 1.6126e-13	 +/-  0.00238025	(limited)
PhotonsMass_bkg_8TeV_ExpPAR2_cat0	  = -3.93051	 +/-  0.0483054	(limited)
eff_trig	  = -0.0255083	 +/-  0.99669	(limited)
global_syst	  = -0.125039	 +/-  1.00057	(limited)
id_eff_eb	  = -0.0127861	 +/-  0.996619	(limited)
lumi_8TeV	  = -0.0657956	 +/-  0.997443	(limited)
mShift_cat0	  = 0	 +/-  0.989616	(limited)
mSmear_cat0	  = 0.0078725	 +/-  0.989304	(limited)
r9Eff	  = 0.0278341	 +/-  0.970415	(limited)
vtxEff	  = -0.014789	 +/-  0.978366	(limited)
   0) MH                             =       200
   1) PhotonsMass_bkg_8TeV_ExpPAR1_cat0 = 1.6126e-13
   2) PhotonsMass_bkg_8TeV_ExpPAR2_cat0 =  -3.93051
   3) ReducedMass_sig_Nneg_cat0      =   1.38518
   4) ReducedMass_sig_Npos_cat0      =         5
   5) ReducedMass_sig_alphaCBneg_cat0 =       1.6
   6) ReducedMass_sig_alphaCBpos_cat0 =      -1.6
   7) ReducedMass_sig_frac_cat0      =       0.5
   8) ReducedMass_sig_mean_cat0      =         0
   9) ReducedMass_sig_sigma_cat0     =     0.011
  10) eff_trig                       = -0.0255083
  11) eff_trig_In                    =         0
  12) global_syst                    = -0.125039
  13) global_syst_In                 =         0
  14) id_eff_eb                      = -0.0127861
  15) id_eff_eb_In                   =         0
  16) lumi_8TeV                      = -0.0657956
  17) lumi_8TeV_In                   =         0
  18) mShift_cat0                    =         0
  19) mShift_cat0_In                 =         0
  20) mSmear_cat0                    = 0.0078725
  21) mSmear_cat0_In                 =         0
  22) n_exp_bincat0_proc_bkg         =      8855
  23) r                              =   1.52077
  24) r9Eff                          = 0.0278341
  25) r9Eff_In                       =         0
  26) rooSigmaCorr_cat0              =  0.973748
  27) vtxEff                         = -0.014789
  28) vtxEff_In                      =         0

At r = 1.520773:	q_mu = 4.74694	q_A  = 2.56129	CLsb = 0.01121	CLb  = 0.24735	CLs  = 0.04531
Minuit2Minimizer: Minimize with max-calls 5000 convergence for edm < 0.01 strategy 0
Minuit2Minimizer : Valid minimum - status = 0
FVAL  = -5.34008683474359723e-05
Edm   = 2.9451409824710476e-07
Nfcn  = 85
PhotonsMass_bkg_8TeV_ExpPAR1_cat0	  = 5.98311e-10	 +/-  0.00215425	(limited)
PhotonsMass_bkg_8TeV_ExpPAR2_cat0	  = -3.93111	 +/-  0.0478968	(limited)
eff_trig	  = -0.0341136	 +/-  0.996243	(limited)
global_syst	  = -0.167265	 +/-  0.989047	(limited)
id_eff_eb	  = -0.0170992	 +/-  0.996504	(limited)
lumi_8TeV	  = -0.0879978	 +/-  0.994541	(limited)
mShift_cat0	  = 0	 +/-  0.989616	(limited)
mSmear_cat0	  = 0.0223245	 +/-  0.988904	(limited)
r9Eff	  = 0.0365749	 +/-  0.961685	(limited)
vtxEff	  = -0.019537	 +/-  0.972327	(limited)
   0) MH                             =       200
   1) PhotonsMass_bkg_8TeV_ExpPAR1_cat0 = 5.98311e-10
   2) PhotonsMass_bkg_8TeV_ExpPAR2_cat0 =  -3.93111
   3) ReducedMass_sig_Nneg_cat0      =   1.38518
   4) ReducedMass_sig_Npos_cat0      =         5
   5) ReducedMass_sig_alphaCBneg_cat0 =       1.6
   6) ReducedMass_sig_alphaCBpos_cat0 =      -1.6
   7) ReducedMass_sig_frac_cat0      =       0.5
   8) ReducedMass_sig_mean_cat0      =         0
   9) ReducedMass_sig_sigma_cat0     =     0.011
  10) eff_trig                       = -0.0341136
  11) eff_trig_In                    =         0
  12) global_syst                    = -0.167265
  13) global_syst_In                 =         0
  14) id_eff_eb                      = -0.0170992
  15) id_eff_eb_In                   =         0
  16) lumi_8TeV                      = -0.0879978
  17) lumi_8TeV_In                   =         0
  18) mShift_cat0                    =         0
  19) mShift_cat0_In                 =         0
  20) mSmear_cat0                    = 0.0223245
  21) mSmear_cat0_In                 =         0
  22) n_exp_bincat0_proc_bkg         =      8855
  23) r                              =   1.47405
  24) r9Eff                          = 0.0365749
  25) r9Eff_In                       =         0
  26) rooSigmaCorr_cat0              =  0.973748
  27) vtxEff                         = -0.019537
  28) vtxEff_In                      =         0

Minuit2Minimizer: Minimize with max-calls 5000 convergence for edm < 0.01 strategy 0
Minuit2Minimizer : Valid minimum - status = 0
FVAL  = -3.81361005795461655e-05
Edm   = 3.21091011488238936e-07
Nfcn  = 85
PhotonsMass_bkg_8TeV_ExpPAR1_cat0	  = 8.75531e-10	 +/-  0.00222083	(limited)
PhotonsMass_bkg_8TeV_ExpPAR2_cat0	  = -3.93063	 +/-  0.0478729	(limited)
eff_trig	  = -0.0239771	 +/-  0.996338	(limited)
global_syst	  = -0.117566	 +/-  0.990152	(limited)
id_eff_eb	  = -0.0120184	 +/-  0.996505	(limited)
lumi_8TeV	  = -0.0618506	 +/-  0.994844	(limited)
mShift_cat0	  = 0	 +/-  0.989616	(limited)
mSmear_cat0	  = 0.00740209	 +/-  0.989322	(limited)
r9Eff	  = 0.0262454	 +/-  0.971344	(limited)
vtxEff	  = -0.0139315	 +/-  0.97931	(limited)
   0) MH                             =       200
   1) PhotonsMass_bkg_8TeV_ExpPAR1_cat0 = 8.75531e-10
   2) PhotonsMass_bkg_8TeV_ExpPAR2_cat0 =  -3.93063
   3) ReducedMass_sig_Nneg_cat0      =   1.38518
   4) ReducedMass_sig_Npos_cat0      =         5
   5) ReducedMass_sig_alphaCBneg_cat0 =       1.6
   6) ReducedMass_sig_alphaCBpos_cat0 =      -1.6
   7) ReducedMass_sig_frac_cat0      =       0.5
   8) ReducedMass_sig_mean_cat0      =         0
   9) ReducedMass_sig_sigma_cat0     =     0.011
  10) eff_trig                       = -0.0239771
  11) eff_trig_In                    =         0
  12) global_syst                    = -0.117566
  13) global_syst_In                 =         0
  14) id_eff_eb                      = -0.0120184
  15) id_eff_eb_In                   =         0
  16) lumi_8TeV                      = -0.0618506
  17) lumi_8TeV_In                   =         0
  18) mShift_cat0                    =         0
  19) mShift_cat0_In                 =         0
  20) mSmear_cat0                    = 0.00740209
  21) mSmear_cat0_In                 =         0
  22) n_exp_bincat0_proc_bkg         =      8855
  23) r                              =   1.47405
  24) r9Eff                          = 0.0262454
  25) r9Eff_In                       =         0
  26) rooSigmaCorr_cat0              =  0.973748
  27) vtxEff                         = -0.0139315
  28) vtxEff_In                      =         0

At r = 1.474048:	q_mu = 4.52670	q_A  = 2.40557	CLsb = 0.01272	CLb  = 0.24705	CLs  = 0.05147
Minuit2Minimizer: Minimize with max-calls 5000 convergence for edm < 0.01 strategy 0
Minuit2Minimizer : Valid minimum - status = 0
FVAL  = -1.11673199418931522e-05
Edm   = 9.18591882558333804e-08
Nfcn  = 84
PhotonsMass_bkg_8TeV_ExpPAR1_cat0	  = 2.45301e-10	 +/-  0.00211963	(limited)
PhotonsMass_bkg_8TeV_ExpPAR2_cat0	  = -3.93106	 +/-  0.046508	(limited)
eff_trig	  = -0.0349519	 +/-  0.996207	(limited)
global_syst	  = -0.171385	 +/-  0.987626	(limited)
id_eff_eb	  = -0.0175195	 +/-  0.996489	(limited)
lumi_8TeV	  = -0.090162	 +/-  0.994049	(limited)
mShift_cat0	  = 0	 +/-  0.989616	(limited)
mSmear_cat0	  = 0.0227474	 +/-  0.988896	(limited)
r9Eff	  = 0.0374103	 +/-  0.960831	(limited)
vtxEff	  = -0.0199933	 +/-  0.971772	(limited)
   0) MH                             =       200
   1) PhotonsMass_bkg_8TeV_ExpPAR1_cat0 = 2.45301e-10
   2) PhotonsMass_bkg_8TeV_ExpPAR2_cat0 =  -3.93106
   3) ReducedMass_sig_Nneg_cat0      =   1.38518
   4) ReducedMass_sig_Npos_cat0      =         5
   5) ReducedMass_sig_alphaCBneg_cat0 =       1.6
   6) ReducedMass_sig_alphaCBpos_cat0 =      -1.6
   7) ReducedMass_sig_frac_cat0      =       0.5
   8) ReducedMass_sig_mean_cat0      =         0
   9) ReducedMass_sig_sigma_cat0     =     0.011
  10) eff_trig                       = -0.0349519
  11) eff_trig_In                    =         0
  12) global_syst                    = -0.171385
  13) global_syst_In                 =         0
  14) id_eff_eb                      = -0.0175195
  15) id_eff_eb_In                   =         0
  16) lumi_8TeV                      = -0.090162
  17) lumi_8TeV_In                   =         0
  18) mShift_cat0                    =         0
  19) mShift_cat0_In                 =         0
  20) mSmear_cat0                    = 0.0227474
  21) mSmear_cat0_In                 =         0
  22) n_exp_bincat0_proc_bkg         =      8855
  23) r                              =   1.49189
  24) r9Eff                          = 0.0374103
  25) r9Eff_In                       =         0
  26) rooSigmaCorr_cat0              =  0.973748
  27) vtxEff                         = -0.0199933
  28) vtxEff_In                      =         0

Minuit2Minimizer: Minimize with max-calls 5000 convergence for edm < 0.01 strategy 0
Minuit2Minimizer : Valid minimum - status = 0
FVAL  = -8.29695456277511017e-06
Edm   = 8.40598124751386907e-08
Nfcn  = 84
PhotonsMass_bkg_8TeV_ExpPAR1_cat0	  = 2.68944e-10	 +/-  0.00219573	(limited)
PhotonsMass_bkg_8TeV_ExpPAR2_cat0	  = -3.93058	 +/-  0.0464368	(limited)
eff_trig	  = -0.0246931	 +/-  0.99629	(limited)
global_syst	  = -0.121081	 +/-  0.989224	(limited)
id_eff_eb	  = -0.0123772	 +/-  0.996503	(limited)
lumi_8TeV	  = -0.063698	 +/-  0.994545	(limited)
mShift_cat0	  = 0	 +/-  0.989616	(limited)
mSmear_cat0	  = 0.00762172	 +/-  0.9893	(limited)
r9Eff	  = 0.0269887	 +/-  0.970589	(limited)
vtxEff	  = -0.0143326	 +/-  0.978833	(limited)
   0) MH                             =       200
   1) PhotonsMass_bkg_8TeV_ExpPAR1_cat0 = 2.68944e-10
   2) PhotonsMass_bkg_8TeV_ExpPAR2_cat0 =  -3.93058
   3) ReducedMass_sig_Nneg_cat0      =   1.38518
   4) ReducedMass_sig_Npos_cat0      =         5
   5) ReducedMass_sig_alphaCBneg_cat0 =       1.6
   6) ReducedMass_sig_alphaCBpos_cat0 =      -1.6
   7) ReducedMass_sig_frac_cat0      =       0.5
   8) ReducedMass_sig_mean_cat0      =         0
   9) ReducedMass_sig_sigma_cat0     =     0.011
  10) eff_trig                       = -0.0246931
  11) eff_trig_In                    =         0
  12) global_syst                    = -0.121081
  13) global_syst_In                 =         0
  14) id_eff_eb                      = -0.0123772
  15) id_eff_eb_In                   =         0
  16) lumi_8TeV                      = -0.063698
  17) lumi_8TeV_In                   =         0
  18) mShift_cat0                    =         0
  19) mShift_cat0_In                 =         0
  20) mSmear_cat0                    = 0.00762172
  21) mSmear_cat0_In                 =         0
  22) n_exp_bincat0_proc_bkg         =      8855
  23) r                              =   1.49189
  24) r9Eff                          = 0.0269887
  25) r9Eff_In                       =         0
  26) rooSigmaCorr_cat0              =  0.973748
  27) vtxEff                         = -0.0143326
  28) vtxEff_In                      =         0

At r = 1.491891:	q_mu = 4.61027	q_A  = 2.46447	CLsb = 0.01212	CLb  = 0.24717	CLs  = 0.04904
Minuit2Minimizer: Minimize with max-calls 5000 convergence for edm < 0.01 strategy 0
Minuit2Minimizer : Valid minimum - status = 0
FVAL  = -3.05399152185760556e-06
Edm   = 1.01254612107775239e-07
Nfcn  = 83
PhotonsMass_bkg_8TeV_ExpPAR1_cat0	  = 3.96682e-10	 +/-  0.00214593	(limited)
PhotonsMass_bkg_8TeV_ExpPAR2_cat0	  = -3.93109	 +/-  0.0463814	(limited)
eff_trig	  = -0.0345073	 +/-  0.996331	(limited)
global_syst	  = -0.169202	 +/-  0.988577	(limited)
id_eff_eb	  = -0.0172965	 +/-  0.996567	(limited)
lumi_8TeV	  = -0.0890146	 +/-  0.994403	(limited)
mShift_cat0	  = 0	 +/-  0.989616	(limited)
mSmear_cat0	  = 0.0225232	 +/-  0.988989	(limited)
r9Eff	  = 0.0369675	 +/-  0.961335	(limited)
vtxEff	  = -0.0197514	 +/-  0.972138	(limited)
   0) MH                             =       200
   1) PhotonsMass_bkg_8TeV_ExpPAR1_cat0 = 3.96682e-10
   2) PhotonsMass_bkg_8TeV_ExpPAR2_cat0 =  -3.93109
   3) ReducedMass_sig_Nneg_cat0      =   1.38518
   4) ReducedMass_sig_Npos_cat0      =         5
   5) ReducedMass_sig_alphaCBneg_cat0 =       1.6
   6) ReducedMass_sig_alphaCBpos_cat0 =      -1.6
   7) ReducedMass_sig_frac_cat0      =       0.5
   8) ReducedMass_sig_mean_cat0      =         0
   9) ReducedMass_sig_sigma_cat0     =     0.011
  10) eff_trig                       = -0.0345073
  11) eff_trig_In                    =         0
  12) global_syst                    = -0.169202
  13) global_syst_In                 =         0
  14) id_eff_eb                      = -0.0172965
  15) id_eff_eb_In                   =         0
  16) lumi_8TeV                      = -0.0890146
  17) lumi_8TeV_In                   =         0
  18) mShift_cat0                    =         0
  19) mShift_cat0_In                 =         0
  20) mSmear_cat0                    = 0.0225232
  21) mSmear_cat0_In                 =         0
  22) n_exp_bincat0_proc_bkg         =      8855
  23) r                              =   1.48259
  24) r9Eff                          = 0.0369675
  25) r9Eff_In                       =         0
  26) rooSigmaCorr_cat0              =  0.973748
  27) vtxEff                         = -0.0197514
  28) vtxEff_In                      =         0

Minuit2Minimizer: Minimize with max-calls 5000 convergence for edm < 0.01 strategy 0
Minuit2Minimizer : Valid minimum - status = 0
FVAL  = -2.24384460504500999e-06
Edm   = 9.24468026161330532e-08
Nfcn  = 83
PhotonsMass_bkg_8TeV_ExpPAR1_cat0	  = 3.91348e-10	 +/-  0.00222605	(limited)
PhotonsMass_bkg_8TeV_ExpPAR2_cat0	  = -3.93061	 +/-  0.0463198	(limited)
eff_trig	  = -0.0243151	 +/-  0.996336	(limited)
global_syst	  = -0.119226	 +/-  0.989884	(limited)
id_eff_eb	  = -0.0121878	 +/-  0.996582	(limited)
lumi_8TeV	  = -0.0627227	 +/-  0.994755	(limited)
mShift_cat0	  = 0	 +/-  0.989616	(limited)
mSmear_cat0	  = 0.00750575	 +/-  0.9894	(limited)
r9Eff	  = 0.0265964	 +/-  0.971022	(limited)
vtxEff	  = -0.0141209	 +/-  0.979099	(limited)
   0) MH                             =       200
   1) PhotonsMass_bkg_8TeV_ExpPAR1_cat0 = 3.91348e-10
   2) PhotonsMass_bkg_8TeV_ExpPAR2_cat0 =  -3.93061
   3) ReducedMass_sig_Nneg_cat0      =   1.38518
   4) ReducedMass_sig_Npos_cat0      =         5
   5) ReducedMass_sig_alphaCBneg_cat0 =       1.6
   6) ReducedMass_sig_alphaCBpos_cat0 =      -1.6
   7) ReducedMass_sig_frac_cat0      =       0.5
   8) ReducedMass_sig_mean_cat0      =         0
   9) ReducedMass_sig_sigma_cat0     =     0.011
  10) eff_trig                       = -0.0243151
  11) eff_trig_In                    =         0
  12) global_syst                    = -0.119226
  13) global_syst_In                 =         0
  14) id_eff_eb                      = -0.0121878
  15) id_eff_eb_In                   =         0
  16) lumi_8TeV                      = -0.0627227
  17) lumi_8TeV_In                   =         0
  18) mShift_cat0                    =         0
  19) mShift_cat0_In                 =         0
  20) mSmear_cat0                    = 0.00750575
  21) mSmear_cat0_In                 =         0
  22) n_exp_bincat0_proc_bkg         =      8855
  23) r                              =   1.48259
  24) r9Eff                          = 0.0265964
  25) r9Eff_In                       =         0
  26) rooSigmaCorr_cat0              =  0.973748
  27) vtxEff                         = -0.0141209
  28) vtxEff_In                      =         0

At r = 1.482587:	q_mu = 4.56661	q_A  = 2.43367	CLsb = 0.01243	CLb  = 0.24711	CLs  = 0.05029
Minuit2Minimizer: Minimize with max-calls 5000 convergence for edm < 0.01 strategy 0
Minuit2Minimizer : Valid minimum - status = 0
FVAL  = -5.57418273369107795e-07
Edm   = 4.69856395153052672e-08
Nfcn  = 83
PhotonsMass_bkg_8TeV_ExpPAR1_cat0	  = 2.2813e-10	 +/-  0.00213177	(limited)
PhotonsMass_bkg_8TeV_ExpPAR2_cat0	  = -3.93107	 +/-  0.0464203	(limited)
eff_trig	  = -0.0346879	 +/-  0.996261	(limited)
global_syst	  = -0.170088	 +/-  0.989546	(limited)
id_eff_eb	  = -0.0173871	 +/-  0.996488	(limited)
lumi_8TeV	  = -0.0894805	 +/-  0.994646	(limited)
mShift_cat0	  = 0	 +/-  0.989616	(limited)
mSmear_cat0	  = 0.0226143	 +/-  0.988857	(limited)
r9Eff	  = 0.0371474	 +/-  0.961118	(limited)
vtxEff	  = -0.0198496	 +/-  0.97196	(limited)
   0) MH                             =       200
   1) PhotonsMass_bkg_8TeV_ExpPAR1_cat0 = 2.2813e-10
   2) PhotonsMass_bkg_8TeV_ExpPAR2_cat0 =  -3.93107
   3) ReducedMass_sig_Nneg_cat0      =   1.38518
   4) ReducedMass_sig_Npos_cat0      =         5
   5) ReducedMass_sig_alphaCBneg_cat0 =       1.6
   6) ReducedMass_sig_alphaCBpos_cat0 =      -1.6
   7) ReducedMass_sig_frac_cat0      =       0.5
   8) ReducedMass_sig_mean_cat0      =         0
   9) ReducedMass_sig_sigma_cat0     =     0.011
  10) eff_trig                       = -0.0346879
  11) eff_trig_In                    =         0
  12) global_syst                    = -0.170088
  13) global_syst_In                 =         0
  14) id_eff_eb                      = -0.0173871
  15) id_eff_eb_In                   =         0
  16) lumi_8TeV                      = -0.0894805
  17) lumi_8TeV_In                   =         0
  18) mShift_cat0                    =         0
  19) mShift_cat0_In                 =         0
  20) mSmear_cat0                    = 0.0226143
  21) mSmear_cat0_In                 =         0
  22) n_exp_bincat0_proc_bkg         =      8855
  23) r                              =   1.48616
  24) r9Eff                          = 0.0371474
  25) r9Eff_In                       =         0
  26) rooSigmaCorr_cat0              =  0.973748
  27) vtxEff                         = -0.0198496
  28) vtxEff_In                      =         0

Minuit2Minimizer: Minimize with max-calls 5000 convergence for edm < 0.01 strategy 0
Minuit2Minimizer : Valid minimum - status = 0
FVAL  = -3.78309059802776513e-07
Edm   = 7.51847499729761162e-08
Nfcn  = 84
PhotonsMass_bkg_8TeV_ExpPAR1_cat0	  = 3.94013e-10	 +/-  0.00221413	(limited)
PhotonsMass_bkg_8TeV_ExpPAR2_cat0	  = -3.93059	 +/-  0.04624	(limited)
eff_trig	  = -0.0244695	 +/-  0.99635	(limited)
global_syst	  = -0.119984	 +/-  0.990684	(limited)
id_eff_eb	  = -0.0122652	 +/-  0.99653	(limited)
lumi_8TeV	  = -0.0631214	 +/-  0.994952	(limited)
mShift_cat0	  = 0	 +/-  0.989616	(limited)
mSmear_cat0	  = 0.00755321	 +/-  0.989323	(limited)
r9Eff	  = 0.0267568	 +/-  0.970847	(limited)
vtxEff	  = -0.0142074	 +/-  0.978968	(limited)
   0) MH                             =       200
   1) PhotonsMass_bkg_8TeV_ExpPAR1_cat0 = 3.94013e-10
   2) PhotonsMass_bkg_8TeV_ExpPAR2_cat0 =  -3.93059
   3) ReducedMass_sig_Nneg_cat0      =   1.38518
   4) ReducedMass_sig_Npos_cat0      =         5
   5) ReducedMass_sig_alphaCBneg_cat0 =       1.6
   6) ReducedMass_sig_alphaCBpos_cat0 =      -1.6
   7) ReducedMass_sig_frac_cat0      =       0.5
   8) ReducedMass_sig_mean_cat0      =         0
   9) ReducedMass_sig_sigma_cat0     =     0.011
  10) eff_trig                       = -0.0244695
  11) eff_trig_In                    =         0
  12) global_syst                    = -0.119984
  13) global_syst_In                 =         0
  14) id_eff_eb                      = -0.0122652
  15) id_eff_eb_In                   =         0
  16) lumi_8TeV                      = -0.0631214
  17) lumi_8TeV_In                   =         0
  18) mShift_cat0                    =         0
  19) mShift_cat0_In                 =         0
  20) mSmear_cat0                    = 0.00755321
  21) mSmear_cat0_In                 =         0
  22) n_exp_bincat0_proc_bkg         =      8855
  23) r                              =   1.48616
  24) r9Eff                          = 0.0267568
  25) r9Eff_In                       =         0
  26) rooSigmaCorr_cat0              =  0.973748
  27) vtxEff                         = -0.0142074
  28) vtxEff_In                      =         0

At r = 1.486164:	q_mu = 4.58337	q_A  = 2.44549	CLsb = 0.01231	CLb  = 0.24713	CLs  = 0.04981

 -- Asymptotic -- 
Observed Limit: r < 1.4862
Expected  2.5%: r < 1.0175
Expected 16.0%: r < 1.3428
Expected 50.0%: r < 1.8672
Expected 84.0%: r < 2.6040
Expected 97.5%: r < 3.4805

Done in 6.58 min (cpu), 6.65 min (real)
`higgsCombine_w10.00_channel0.Asymptotic.mH200.root' -> `/afs/cern.ch/work/s/soffi/CMSSW611-Analysis/src/h2gglobe/ChiaraFitLimits/channel0/higgsCombine_w10.00_channel0.Asymptotic.mH200.root'
removed `higgsCombine_w10.00_channel0.Asymptotic.mH200.root'

Job finished at Tue May 13 16:14:32 CEST 2014 on node 
 under linux version Scientific Linux CERN SLC release 5.10 (Boron)

CERN statistics: This process used approximately : 0:20:21 KSI2K hours (1221 KSI2K seconds)
                 This process corresponds to     : 1:19:25 HS06  hours (4765 HS06  seconds)
