Sender: LSF System <lsfadmin@lxbsu2933>
Subject: Job 528539017: <combineW10_m250_w0_channel0_j0> in cluster batch Done

Job <combineW10_m250_w0_channel0_j0> was submitted from host <lxplus430> by user <soffi> in cluster <batch>.
Job was executed on host(s) <lxbsu2933>, in queue <8nh>, as user <soffi> in cluster <batch>.
</afs/cern.ch/user/s/soffi> was used as the home directory.
</afs/cern.ch/work/s/soffi/CMSSW611-Analysis/src/h2gglobe/ChiaraFitLimits/script> was used as the working directory.
Started at Tue May 13 16:07:08 2014
Results reported at Tue May 13 16:16:22 2014

Your job looked like:

------------------------------------------------------------
# LSBATCH: User input
#!/bin/sh
cd /afs/cern.ch/work/s/soffi/CMSSW611-Analysis/src/h2gglobe/ChiaraFitLimits/script
eval `scramv1 runtime -sh`
cd 
mkdir workspaces
cp /afs/cern.ch/work/s/soffi/CMSSW611-Analysis/src/h2gglobe/ChiaraFitLimits/datacardWithAllSyst/HighMass-hgg_8TeV_m250.00_w10.00_channel0_GGH.txt ./
cp /afs/cern.ch/work/s/soffi/CMSSW611-Analysis/src/h2gglobe/ChiaraFitLimits/workspaces/HighMass-hgg_8TeV_m250.00_w10.00.inputsig_GGH.root ./workspaces/
cp  /afs/cern.ch/work/s/soffi/CMSSW611-Analysis/src/h2gglobe/ChiaraFitLimits/workspaces/HighMass-hgg.inputbkg_m250.00.root ./workspaces/

combine HighMass-hgg_8TeV_m250.00_w10.00_channel0_GGH.txt -M Asymptotic -m 250 -D data_obs --run=both  -U  -S 1 -n _w10.00_channel0 --verbose 3
mv -v higgsCombine_w10.00_channel0.Asymptotic.mH250.root /afs/cern.ch/work/s/soffi/CMSSW611-Analysis/src/h2gglobe/ChiaraFitLimits/channel0/

------------------------------------------------------------

Successfully completed.

Resource usage summary:

    CPU time   :    512.57 sec.
    Max Memory :        94 MB
    Max Swap   :       276 MB

    Max Processes  :         6
    Max Threads    :         7

The output (if any) follows:

@(#)CERN job starter $Date: 2010/06/23 14:22:16 $
Working directory is </pool/lsf/soffi/528539017> on <lxbsu2933.cern.ch>

mkdir: cannot create directory `workspaces': File exists
>>> including systematics
>>> method used to compute upper limit is Asymptotic
>>> random number generator seed is 123456

Welcome to my rootlogon.C
reading PhysicsTools/Utilities/macros/setTDRStyle.C
and some personal modifications.

Using shapes: qui si parra' la tua nobilitate
(class RooCBCrujffPdf)71272512
import (./workspaces/HighMass-hgg.inputbkg_m250.00.root,w_all:data_obs_cat0) -> shapeBkg_data_obs_cat0

import (./workspaces/HighMass-hgg.inputbkg_m250.00.root,w_all:PhotonsMassBkg_cat0) -> shapeBkg_bkg_cat0

[#1] INFO:ObjectHandling -- RooWorkspace::import(w) importing RooHistFunc::shapeSig_sig_cat0__norm
[#1] INFO:ObjectHandling -- RooWorkspace::import(w) importing RooRealVar::MH
Will try to make a binned dataset
Observables: ['PhotonsMass']
import (./workspaces/HighMass-hgg_8TeV_m250.00_w10.00.inputsig_GGH.root,w_all:PhotonsMassSig_cat0) -> shapeSig_sig_cat0

[#1] INFO:ObjectHandling -- RooWorkspace::import(w) importing RooRealVar::PhotonsMass
Will use category 'CMS_channel' to identify the 1 channels
recyling (cat0,data_obs,) -> shapeBkg_data_obs_cat0

[#1] INFO:ObjectHandling -- RooWorkspace::import(w) importing dataset data_obs
[#1] INFO:ObjectHandling -- RooWorkspace::import(w) importing RooProdPdf::nuisancePdf
[#1] INFO:ObjectHandling -- RooWorkspace::import(w) importing ProcessNormalization::n_exp_bincat0_proc_sig
recyling (cat0,bkg,) -> shapeBkg_bkg_cat0

recyling (cat0,bkg,) -> shapeBkg_bkg_cat0

recyling (cat0,sig,) -> shapeSig_sig_cat0

recyling (cat0,sig,) -> shapeSig_sig_cat0

[#1] INFO:ObjectHandling -- RooWorkspace::import(w) importing RooProduct::n_exp_final_bincat0_proc_sig
Creating RooAddPdf pdf_bincat0 with 2 elements
[#1] INFO:ObjectHandling -- RooWorkspace::import(w) importing RooProdPdf::pdf_bincat0
[#1] INFO:ObjectHandling -- RooWorkspace::import(w) importing RooAddPdf::pdf_bincat0_nuis
[#1] INFO:ObjectHandling -- RooWorkspace::import(w) importing RooGenericPdf::shapeBkg_bkg_cat0
[#1] INFO:ObjectHandling -- RooWorkspace::import(w) importing RooFormulaVar::par1ExpPAR_cat0
[#1] INFO:ObjectHandling -- RooWorkspace::import(w) importing RooRealVar::PhotonsMass_bkg_8TeV_ExpPAR1_cat0
[#1] INFO:ObjectHandling -- RooWorkspace::import(w) importing RooFormulaVar::par2ExpPAR_cat0
[#1] INFO:ObjectHandling -- RooWorkspace::import(w) importing RooRealVar::PhotonsMass_bkg_8TeV_ExpPAR2_cat0
[#1] INFO:ObjectHandling -- RooWorkspace::import(w) importing RooFFTConvPdf::shapeSig_sig_cat0
[#1] INFO:ObjectHandling -- RooWorkspace::import(w) importing RooBreitWigner::SigModelBW_cat0
[#1] INFO:ObjectHandling -- RooWorkspace::import(w) importing RooFormulaVar::meanBW_cat0
[#1] INFO:ObjectHandling -- RooWorkspace::import(w) importing RooFormulaVar::sigmaBW_cat0
[#1] INFO:ObjectHandling -- RooWorkspace::import(w) importing RooAddPdf::ResAddPdf_cat0
[#1] INFO:ObjectHandling -- RooWorkspace::import(w) importing RooCBShape::ResCBneg_cat0
[#1] INFO:ObjectHandling -- RooWorkspace::import(w) importing RooFormulaVar::CBpos_mean_cat0
[#1] INFO:ObjectHandling -- RooWorkspace::import(w) importing RooRealVar::ReducedMass_sig_mean_cat0
[#1] INFO:ObjectHandling -- RooWorkspace::import(w) importing RooFormulaVar::CBpos_sigma_cat0
[#1] INFO:ObjectHandling -- RooWorkspace::import(w) importing RooRealVar::ReducedMass_sig_sigma_cat0
[#1] INFO:ObjectHandling -- RooWorkspace::import(w) importing RooRealVar::rooSigmaCorr_cat0
[#1] INFO:ObjectHandling -- RooWorkspace::import(w) importing RooFormulaVar::CBneg_alphaCB_cat0
[#1] INFO:ObjectHandling -- RooWorkspace::import(w) importing RooRealVar::ReducedMass_sig_alphaCBneg_cat0
[#1] INFO:ObjectHandling -- RooWorkspace::import(w) importing RooFormulaVar::CBneg_n_cat0
[#1] INFO:ObjectHandling -- RooWorkspace::import(w) importing RooRealVar::ReducedMass_sig_Nneg_cat0
[#1] INFO:ObjectHandling -- RooWorkspace::import(w) importing RooFormulaVar::CBpos_frac_cat0
[#1] INFO:ObjectHandling -- RooWorkspace::import(w) importing RooRealVar::ReducedMass_sig_frac_cat0
[#1] INFO:ObjectHandling -- RooWorkspace::import(w) importing RooCBShape::ResCBpos_cat0
[#1] INFO:ObjectHandling -- RooWorkspace::import(w) importing RooFormulaVar::CBpos_alphaCB_cat0
[#1] INFO:ObjectHandling -- RooWorkspace::import(w) importing RooRealVar::ReducedMass_sig_alphaCBpos_cat0
[#1] INFO:ObjectHandling -- RooWorkspace::import(w) importing RooFormulaVar::CBpos_n_cat0
[#1] INFO:ObjectHandling -- RooWorkspace::import(w) importing RooRealVar::ReducedMass_sig_Npos_cat0
[#1] INFO:ObjectHandling -- RooWorkspace::import(w) importing RooSimultaneous::model_s
[#1] INFO:ObjectHandling -- RooWorkspace::import(w) importing RooSimultaneous::model_b

=== Using the following for ModelConfig ===
Observables:             RooArgSet:: = (PhotonsMass,CMS_channel)
Parameters of Interest:  RooArgSet:: = (r)
Nuisance Parameters:     RooArgSet:: = (lumi_8TeV,eff_trig,global_syst,id_eff_eb,r9Eff,vtxEff,mShift_cat0,mSmear_cat0)
Global Observables:      RooArgSet:: = (lumi_8TeV_In,eff_trig_In,global_syst_In,id_eff_eb_In,r9Eff_In,vtxEff_In,mShift_cat0_In,mSmear_cat0_In)
PDF:                     RooSimultaneous::model_s[ indexCat=CMS_channel cat0=pdf_bincat0 ] = [#1] INFO:Eval -- RooRealVar::setRange(PhotonsMass) new range named 'refrange_fft_shapeSig_sig_cat0' created with bounds [187,495]
[#1] INFO:Caching -- RooAbsCachedPdf::getCache(shapeSig_sig_cat0) creating new cache 0x56b4310 with pdf SigModelBW_cat0_CONV_ResAddPdf_cat0_CACHE_Obs[PhotonsMass] for nset () with code 0
179886


=== Using the following for ModelConfig_bonly ===
Observables:             RooArgSet:: = (PhotonsMass,CMS_channel)
Parameters of Interest:  RooArgSet:: = (r)
Nuisance Parameters:     RooArgSet:: = (lumi_8TeV,eff_trig,global_syst,id_eff_eb,r9Eff,vtxEff,mShift_cat0,mSmear_cat0)
Global Observables:      RooArgSet:: = (lumi_8TeV_In,eff_trig_In,global_syst_In,id_eff_eb_In,r9Eff_In,vtxEff_In,mShift_cat0_In,mSmear_cat0_In)
PDF:                     RooSimultaneous::model_b[ indexCat=CMS_channel cat0=pdf_bincat0_bonly ] = 4.1566e-08


RooWorkspace(w) w contents

variables
---------
(CMS_channel,MH,PhotonsMass,PhotonsMass_bkg_8TeV_ExpPAR1_cat0,PhotonsMass_bkg_8TeV_ExpPAR2_cat0,ReducedMass_sig_Nneg_cat0,ReducedMass_sig_Npos_cat0,ReducedMass_sig_alphaCBneg_cat0,ReducedMass_sig_alphaCBpos_cat0,ReducedMass_sig_frac_cat0,ReducedMass_sig_mean_cat0,ReducedMass_sig_sigma_cat0,eff_trig,eff_trig_In,global_syst,global_syst_In,id_eff_eb,id_eff_eb_In,lumi_8TeV,lumi_8TeV_In,mShift_cat0,mShift_cat0_In,mSmear_cat0,mSmear_cat0_In,n_exp_bincat0_proc_bkg,r,r9Eff,r9Eff_In,rooSigmaCorr_cat0,vtxEff,vtxEff_In)

p.d.f.s
-------
RooAddPdf::ResAddPdf_cat0[ CBpos_frac_cat0 * ResCBneg_cat0 + [%] * ResCBpos_cat0 ] = 5.89405e-09
RooCBShape::ResCBneg_cat0[ m=PhotonsMass m0=CBpos_mean_cat0 sigma=CBpos_sigma_cat0 alpha=CBneg_alphaCB_cat0 n=CBneg_n_cat0 ] = 0
RooCBShape::ResCBpos_cat0[ m=PhotonsMass m0=CBpos_mean_cat0 sigma=CBpos_sigma_cat0 alpha=CBpos_alphaCB_cat0 n=CBpos_n_cat0 ] = 1.17881e-08
RooBreitWigner::SigModelBW_cat0[ x=PhotonsMass mean=meanBW_cat0 width=sigmaBW_cat0 ] = 0.00385803
RooGaussian::eff_trig_Pdf[ x=eff_trig mean=eff_trig_In sigma=1 ] = 1
RooGaussian::global_syst_Pdf[ x=global_syst mean=global_syst_In sigma=1 ] = 1
RooGaussian::id_eff_eb_Pdf[ x=id_eff_eb mean=id_eff_eb_In sigma=1 ] = 1
RooGaussian::lumi_8TeV_Pdf[ x=lumi_8TeV mean=lumi_8TeV_In sigma=1 ] = 1
RooGaussian::mShift_cat0_Pdf[ x=mShift_cat0 mean=mShift_cat0_In sigma=1 ] = 1
RooGaussian::mSmear_cat0_Pdf[ x=mSmear_cat0 mean=mSmear_cat0_In sigma=1 ] = 1
RooSimultaneous::model_b[ indexCat=CMS_channel cat0=pdf_bincat0_bonly ] = 4.1566e-08
RooSimultaneous::model_s[ indexCat=CMS_channel cat0=pdf_bincat0 ] = 179886
RooProdPdf::nuisancePdf[ lumi_8TeV_Pdf * eff_trig_Pdf * global_syst_Pdf * id_eff_eb_Pdf * r9Eff_Pdf * vtxEff_Pdf * mShift_cat0_Pdf * mSmear_cat0_Pdf ] = 1
RooProdPdf::pdf_bincat0[ lumi_8TeV_Pdf * eff_trig_Pdf * global_syst_Pdf * id_eff_eb_Pdf * r9Eff_Pdf * vtxEff_Pdf * mShift_cat0_Pdf * mSmear_cat0_Pdf * pdf_bincat0_nuis ] = 179886
RooProdPdf::pdf_bincat0_bonly[ lumi_8TeV_Pdf * eff_trig_Pdf * global_syst_Pdf * id_eff_eb_Pdf * r9Eff_Pdf * vtxEff_Pdf * mShift_cat0_Pdf * mSmear_cat0_Pdf * pdf_bincat0_bonly_nuis ] = 4.1566e-08
RooAddPdf::pdf_bincat0_bonly_nuis[ n_exp_bincat0_proc_bkg * shapeBkg_bkg_cat0 ] = 4.1566e-08
RooAddPdf::pdf_bincat0_nuis[ n_exp_bincat0_proc_bkg * shapeBkg_bkg_cat0 + n_exp_final_bincat0_proc_sig * shapeSig_sig_cat0 ] = 179886
RooGaussian::r9Eff_Pdf[ x=r9Eff mean=r9Eff_In sigma=1 ] = 1
RooGenericPdf::shapeBkg_bkg_cat0[ actualVars=(PhotonsMass,par1ExpPAR_cat0,par2ExpPAR_cat0) formula="exp(-@1*@0)*pow(@0, @2)" ] = 4.1566e-08
RooFFTConvPdf::shapeSig_sig_cat0[ SigModelBW_cat0(PhotonsMass) (*) ResAddPdf_cat0(PhotonsMass) ] = 0.0168143
RooGaussian::vtxEff_Pdf[ x=vtxEff mean=vtxEff_In sigma=1 ] = 1

functions
--------
RooFormulaVar::CBneg_alphaCB_cat0[ actualVars=(ReducedMass_sig_alphaCBneg_cat0) formula="@0" ] = 1.6
RooFormulaVar::CBneg_n_cat0[ actualVars=(ReducedMass_sig_Nneg_cat0) formula="@0" ] = 1.38518
RooFormulaVar::CBpos_alphaCB_cat0[ actualVars=(ReducedMass_sig_alphaCBpos_cat0) formula="@0" ] = -1.6
RooFormulaVar::CBpos_frac_cat0[ actualVars=(ReducedMass_sig_frac_cat0) formula="@0" ] = 0.5
RooFormulaVar::CBpos_mean_cat0[ actualVars=(ReducedMass_sig_mean_cat0) formula="@0" ] = 0
RooFormulaVar::CBpos_n_cat0[ actualVars=(ReducedMass_sig_Npos_cat0) formula="@0" ] = 5
RooFormulaVar::CBpos_sigma_cat0[ actualVars=(ReducedMass_sig_sigma_cat0,MH,mSmear_cat0,rooSigmaCorr_cat0) formula="(sqrt(@0*@0*@3*@3+0.005000*0.005000*@2)*@1)" ] = 2.61656
RooFormulaVar::meanBW_cat0[ actualVars=(MH) formula="@0" ] = 250
ProcessNormalization::n_exp_bincat0_proc_sig[ thetaList=(lumi_8TeV,eff_trig,global_syst,id_eff_eb) asymmThetaList=(r9Eff,vtxEff) otherFactorList=(r) ] = 19620
RooProduct::n_exp_final_bincat0_proc_sig[ n_exp_bincat0_proc_sig * shapeSig_sig_cat0__norm ] = 82.2113
RooFormulaVar::par1ExpPAR_cat0[ actualVars=(PhotonsMass_bkg_8TeV_ExpPAR1_cat0) formula="@0" ] = 0.00383431
RooFormulaVar::par2ExpPAR_cat0[ actualVars=(PhotonsMass_bkg_8TeV_ExpPAR2_cat0) formula="@0" ] = -2.93362
RooHistFunc::shapeSig_sig_cat0__norm[ depList=(MH) ] = 0.00419018
RooFormulaVar::sigmaBW_cat0[ actualVars=(MH) formula="@0*0.10" ] = 25

datasets
--------
RooDataHist::data_obs(CMS_channel,PhotonsMass)

named sets
----------
ModelConfig_GlobalObservables:(lumi_8TeV_In,eff_trig_In,global_syst_In,id_eff_eb_In,r9Eff_In,vtxEff_In,mShift_cat0_In,mSmear_cat0_In)
ModelConfig_NuisParams:(lumi_8TeV,eff_trig,global_syst,id_eff_eb,r9Eff,vtxEff,mShift_cat0,mSmear_cat0)
ModelConfig_Observables:(PhotonsMass,CMS_channel)
ModelConfig_POI:(r)
ModelConfig_bonly_GlobalObservables:(lumi_8TeV_In,eff_trig_In,global_syst_In,id_eff_eb_In,r9Eff_In,vtxEff_In,mShift_cat0_In,mSmear_cat0_In)
ModelConfig_bonly_NuisParams:(lumi_8TeV,eff_trig,global_syst,id_eff_eb,r9Eff,vtxEff,mShift_cat0,mSmear_cat0)
ModelConfig_bonly_Observables:(PhotonsMass,CMS_channel)
ModelConfig_bonly_POI:(r)
POI:(r)
globalObservables:(lumi_8TeV_In,eff_trig_In,global_syst_In,id_eff_eb_In,r9Eff_In,vtxEff_In,mShift_cat0_In,mSmear_cat0_In)
nuisances:(lumi_8TeV,eff_trig,global_syst,id_eff_eb,r9Eff,vtxEff,mShift_cat0,mSmear_cat0)
observables:(PhotonsMass,CMS_channel)

generic objects
---------------
RooStats::ModelConfig::ModelConfig
RooStats::ModelConfig::ModelConfig_bonly
RooArgSet::discreteParams

embedded precalculated expensive components
-------------------------------------------
uid = 0 key=shapeSig_sig_cat0_SigModelBW_cat0_CONV_ResAddPdf_cat0_CACHEHIST_Obs[PhotonsMass]_BufFrac0.1_BufStrat0 value=RooDataHist::shapeSig_sig_cat0_SigModelBW_cat0_CONV_ResAddPdf_cat0_CACHEHIST_Obs[PhotonsMass]_BufFrac0.1_BufStrat0 parameters=( MH=250 ReducedMass_sig_Nneg_cat0=1.38518 ReducedMass_sig_Npos_cat0=5 ReducedMass_sig_alphaCBneg_cat0=1.6 ReducedMass_sig_alphaCBpos_cat0=-1.6 ReducedMass_sig_frac_cat0=0.5 ReducedMass_sig_mean_cat0=0 ReducedMass_sig_sigma_cat0=0.011 mSmear_cat0=0 rooSigmaCorr_cat0=0.951475 )
Setting variable 'MH' in workspace to the higgs mass 250
[#1] INFO:ObjectHandling -- RooWorkspace::import(w) importing RooSimultaneousOpt::model_s_opt
[#1] INFO:Caching -- RooExpensiveObjectCache::importCache() importing cache object shapeSig_sig_cat0_SigModelBW_cat0_CONV_ResAddPdf_cat0_CACHEHIST_Obs[PhotonsMass]_BufFrac0.1_BufStrat0 associated with object shapeSig_sig_cat0
[#1] INFO:ObjectHandling -- RooWorkspace::import(w) importing RooUniform::prior
Computing limit starting from observation
Set default minimizer to Minuit2
Will compute both limit(s) using minimizer Minuit2 with strategy 0 and tolerance 0.01
[#1] INFO:Caching -- RooAbsCachedPdf::getCache(shapeSig_sig_cat0) creating new cache 0x8a50540 with pdf SigModelBW_cat0_CONV_ResAddPdf_cat0_CACHE_Obs[PhotonsMass] for nset () with code 0 from preexisting content.
[#1] INFO:Caching -- RooAbsCachedPdf::getCache(shapeSig_sig_cat0) creating new cache 0x8e47980 with pdf SigModelBW_cat0_CONV_ResAddPdf_cat0_CACHE_Obs[PhotonsMass] for nset (PhotonsMass) with code 1 from preexisting content.
[#1] INFO:NumericIntegration -- RooRealIntegral::init(shapeBkg_bkg_cat0_Int[PhotonsMass]) using numeric integrator RooIntegrator1D to calculate Int(PhotonsMass)
[#1] INFO:Caching -- RooAbsCachedPdf::getCache(shapeSig_sig_cat0) creating new cache 0x8e82ee0 with pdf SigModelBW_cat0_CONV_ResAddPdf_cat0_CACHE_Obs[PhotonsMass] for nset (PhotonsMass) with code 1 from preexisting content.
Minuit2Minimizer: Minimize with max-calls 5000 convergence for edm < 0.01 strategy 1
MnSeedGenerator: for initial parameters FCN = 0
MnSeedGenerator: Initial state:   - FCN =                0 Edm =  3.79986e-05 NCalls =     41
VariableMetric: start iterating until Edm is < 1e-05
VariableMetric: Initial state   - FCN =                0 Edm =  3.79986e-05 NCalls =     41
VariableMetric: Iteration #   1 - FCN = -1.909139245981e-05 Edm =  2.07707e-08 NCalls =     67
VariableMetric: After Hessian   - FCN = -1.909139245981e-05 Edm =  2.39663e-06 NCalls =    153
Minuit2Minimizer : Valid minimum - status = 0
FVAL  = -1.90913924598135054e-05
Edm   = 2.39663446119874318e-06
Nfcn  = 153
PhotonsMass_bkg_8TeV_ExpPAR1_cat0	  = 0.00383368	 +/-  0.00158972	(limited)
PhotonsMass_bkg_8TeV_ExpPAR2_cat0	  = -2.93343	 +/-  0.45058	(limited)
eff_trig	  = 0	 +/-  0.996602	(limited)
global_syst	  = 0	 +/-  0.996602	(limited)
id_eff_eb	  = 0	 +/-  0.996602	(limited)
lumi_8TeV	  = 0	 +/-  0.996602	(limited)
mShift_cat0	  = 0	 +/-  0.989616	(limited)
mSmear_cat0	  = 0	 +/-  0.989616	(limited)
r9Eff	  = 0	 +/-  0.996602	(limited)
vtxEff	  = 0	 +/-  0.996602	(limited)
Nuisance parameters after fit for asimov dataset: 
  1) RooRealVar::   lumi_8TeV = 0 +/- 0.996602
  2) RooRealVar::    eff_trig = 0 +/- 0.996602
  3) RooRealVar:: global_syst = 0 +/- 0.996602
  4) RooRealVar::   id_eff_eb = 0 +/- 0.996602
  5) RooRealVar::       r9Eff = 0 +/- 0.996602
  6) RooRealVar::      vtxEff = 0 +/- 0.996602
  7) RooRealVar:: mShift_cat0 = 0 +/- 0.989616
  8) RooRealVar:: mSmear_cat0 = 0 +/- 0.989616
[#1] INFO:NumericIntegration -- RooRealIntegral::init(shapeBkg_bkg_cat0_Int[PhotonsMass]) using numeric integrator RooIntegrator1D to calculate Int(PhotonsMass)
[#1] INFO:Caching -- RooAbsCachedPdf::getCache(shapeSig_sig_cat0) creating new cache 0x97838c0 with pdf SigModelBW_cat0_CONV_ResAddPdf_cat0_CACHE_Obs[PhotonsMass] for nset (PhotonsMass) with code 1 from preexisting content.
Global observables for data: 
  1) RooRealVar::   lumi_8TeV_In = 0
  2) RooRealVar::    eff_trig_In = 0
  3) RooRealVar:: global_syst_In = 0
  4) RooRealVar::   id_eff_eb_In = 0
  5) RooRealVar::       r9Eff_In = 0
  6) RooRealVar::      vtxEff_In = 0
  7) RooRealVar:: mShift_cat0_In = 0
  8) RooRealVar:: mSmear_cat0_In = 0
Global observables for asimov: 
  1) RooRealVar::   lumi_8TeV_In = 0
  2) RooRealVar::    eff_trig_In = 0
  3) RooRealVar:: global_syst_In = 0
  4) RooRealVar::   id_eff_eb_In = 0
  5) RooRealVar::       r9Eff_In = 0
  6) RooRealVar::      vtxEff_In = 0
  7) RooRealVar:: mShift_cat0_In = 0
  8) RooRealVar:: mSmear_cat0_In = 0
[#1] INFO:ObjectHandling -- RooWorkspace::import(w) importing dataset _Asymptotic_asimovDataset_
[#1] INFO:NumericIntegration -- RooRealIntegral::init(shapeBkg_bkg_cat0_Int[PhotonsMass]) using numeric integrator RooIntegrator1D to calculate Int(PhotonsMass)
[#1] INFO:Caching -- RooAbsCachedPdf::getCache(shapeSig_sig_cat0) creating new cache 0x97ee550 with pdf SigModelBW_cat0_CONV_ResAddPdf_cat0_CACHE_Obs[PhotonsMass] for nset (PhotonsMass) with code 1 from preexisting content.
Minuit2Minimizer: Minimize with max-calls 5500 convergence for edm < 0.01 strategy 0
Minuit2Minimizer : Valid minimum - status = 0
FVAL  = -0.0626187631947897755
Edm   = 1.36752861226209984e-05
Nfcn  = 149
PhotonsMass_bkg_8TeV_ExpPAR1_cat0	  = 0.00383039	 +/-  0.000361606	(limited)
PhotonsMass_bkg_8TeV_ExpPAR2_cat0	  = -2.93411	 +/-  0.102354	(limited)
eff_trig	  = -0.000731545	 +/-  1.93145	(limited)
global_syst	  = -0.00355432	 +/-  1.86139	(limited)
id_eff_eb	  = -0.000366896	 +/-  1.93373	(limited)
lumi_8TeV	  = -0.00188142	 +/-  1.9143	(limited)
mShift_cat0	  = 0	 +/-  1.88247	(limited)
mSmear_cat0	  = 0.000242896	 +/-  1.88212	(limited)
r	  = 0.00416403	 +/-  17.8339	(limited)
r9Eff	  = 0.000805328	 +/-  1.92815	(limited)
vtxEff	  = -0.000427161	 +/-  1.93167	(limited)
Fit to asimov dataset:

  RooFitResult: minimized FCN value: -0.0626188, estimated distance to minimum: 1.36753e-05
                covariance matrix quality: Approximation only, not accurate
                Status : MINIMIZE=0 

    Constant Parameter    Value     
  --------------------  ------------
                    MH    2.5000e+02
  ReducedMass_sig_Nneg_cat0    1.3852e+00
  ReducedMass_sig_Npos_cat0    5.0000e+00
  ReducedMass_sig_alphaCBneg_cat0    1.6000e+00
  ReducedMass_sig_alphaCBpos_cat0   -1.6000e+00
  ReducedMass_sig_frac_cat0    5.0000e-01
  ReducedMass_sig_mean_cat0    0.0000e+00
  ReducedMass_sig_sigma_cat0    1.1000e-02
           eff_trig_In    0.0000e+00
        global_syst_In    0.0000e+00
          id_eff_eb_In    0.0000e+00
          lumi_8TeV_In    0.0000e+00
        mShift_cat0_In    0.0000e+00
        mSmear_cat0_In    0.0000e+00
  n_exp_bincat0_proc_bkg    5.5120e+03
              r9Eff_In    0.0000e+00
     rooSigmaCorr_cat0    9.5147e-01
             vtxEff_In    0.0000e+00

    Floating Parameter  InitialValue    FinalValue +/-  Error     GblCorr.
  --------------------  ------------  --------------------------  --------
  PhotonsMass_bkg_8TeV_ExpPAR1_cat0    3.8337e-03    3.8304e-03 +/-  3.62e-04  <none>
  PhotonsMass_bkg_8TeV_ExpPAR2_cat0   -2.9334e+00   -2.9341e+00 +/-  1.02e-01  <none>
              eff_trig    0.0000e+00   -7.3155e-04 +/-  1.93e+00  <none>
           global_syst    0.0000e+00   -3.5543e-03 +/-  1.86e+00  <none>
             id_eff_eb    0.0000e+00   -3.6690e-04 +/-  1.93e+00  <none>
             lumi_8TeV    0.0000e+00   -1.8814e-03 +/-  1.91e+00  <none>
           mShift_cat0    0.0000e+00    0.0000e+00 +/-  1.88e+00  <none>
           mSmear_cat0    0.0000e+00    2.4290e-04 +/-  1.88e+00  <none>
                     r    2.0000e-01    4.1640e-03 +/-  1.78e+01  <none>
                 r9Eff    0.0000e+00    8.0533e-04 +/-  1.93e+00  <none>
                vtxEff    0.0000e+00   -4.2716e-04 +/-  1.93e+00  <none>

Will search for NLL crossing by stepping.
Minuit2Minimizer: Minimize with max-calls 5000 convergence for edm < 0.01 strategy 0
Minuit2Minimizer : Valid minimum - status = 0
FVAL  = -0.251987212698647045
Edm   = 5.65916931006185269e-06
Nfcn  = 176
PhotonsMass_bkg_8TeV_ExpPAR1_cat0	  = 0.00274788	 +/-  0.00156023	(limited)
PhotonsMass_bkg_8TeV_ExpPAR2_cat0	  = -3.24665	 +/-  0.444593	(limited)
eff_trig	  = -0.0245454	 +/-  0.995561	(limited)
global_syst	  = -0.122936	 +/-  0.977028	(limited)
id_eff_eb	  = -0.0122931	 +/-  0.996315	(limited)
lumi_8TeV	  = -0.0637056	 +/-  0.992688	(limited)
mShift_cat0	  = 0	 +/-  0.989616	(limited)
mSmear_cat0	  = 0.00809262	 +/-  0.98909	(limited)
r9Eff	  = 0.0269759	 +/-  0.964653	(limited)
vtxEff	  = -0.0142842	 +/-  0.974912	(limited)
At r = 1.000000:	delta(nll) = 1.27765
Minuit2Minimizer: Minimize with max-calls 5000 convergence for edm < 0.01 strategy 0
Minuit2Minimizer : Valid minimum - status = 0
FVAL  = -0.0733070518390126213
Edm   = 1.11025654681749655e-07
Nfcn  = 179
PhotonsMass_bkg_8TeV_ExpPAR1_cat0	  = 0.00222044	 +/-  0.00157362	(limited)
PhotonsMass_bkg_8TeV_ExpPAR2_cat0	  = -3.399	 +/-  0.44752	(limited)
eff_trig	  = -0.0534774	 +/-  0.993814	(limited)
global_syst	  = -0.263091	 +/-  0.978781	(limited)
id_eff_eb	  = -0.0267981	 +/-  0.995832	(limited)
lumi_8TeV	  = -0.138181	 +/-  0.987453	(limited)
mShift_cat0	  = 0	 +/-  0.989616	(limited)
mSmear_cat0	  = 0.017423	 +/-  0.988609	(limited)
r9Eff	  = 0.0552958	 +/-  0.937913	(limited)
vtxEff	  = -0.0298352	 +/-  0.955808	(limited)
At r = 1.500000:	delta(nll) = 2.80269
Minuit2Minimizer: Minimize with max-calls 5000 convergence for edm < 0.01 strategy 0
Minuit2Minimizer : Valid minimum - status = 0
FVAL  = -0.0182986164937213522
Edm   = 2.66062031401822051e-07
Nfcn  = 159
PhotonsMass_bkg_8TeV_ExpPAR1_cat0	  = 0.00247769	 +/-  0.00160852	(limited)
PhotonsMass_bkg_8TeV_ExpPAR2_cat0	  = -3.32467	 +/-  0.456026	(limited)
eff_trig	  = -0.0378399	 +/-  0.995673	(limited)
global_syst	  = -0.186501	 +/-  0.987154	(limited)
id_eff_eb	  = -0.0189634	 +/-  0.996361	(limited)
lumi_8TeV	  = -0.0977538	 +/-  0.991558	(limited)
mShift_cat0	  = 0	 +/-  0.989616	(limited)
mSmear_cat0	  = 0.0124034	 +/-  0.989106	(limited)
r9Eff	  = 0.0402439	 +/-  0.959962	(limited)
vtxEff	  = -0.021548	 +/-  0.970956	(limited)
At r = 1.250000:	delta(nll) = 1.97131
Minuit2Minimizer: Minimize with max-calls 5000 convergence for edm < 0.01 strategy 0
Minuit2Minimizer : Valid minimum - status = 0
FVAL  = -0.00448545912787260467
Edm   = 4.84808058059860461e-07
Nfcn  = 135
PhotonsMass_bkg_8TeV_ExpPAR1_cat0	  = 0.00260823	 +/-  0.00162434	(limited)
PhotonsMass_bkg_8TeV_ExpPAR2_cat0	  = -3.28693	 +/-  0.456838	(limited)
eff_trig	  = -0.0312731	 +/-  0.996053	(limited)
global_syst	  = -0.152029	 +/-  0.990011	(limited)
id_eff_eb	  = -0.0156782	 +/-  0.996439	(limited)
lumi_8TeV	  = -0.0805464	 +/-  0.994338	(limited)
mShift_cat0	  = 0	 +/-  0.989616	(limited)
mSmear_cat0	  = 0.0102854	 +/-  0.98919	(limited)
r9Eff	  = 0.0337216	 +/-  0.965083	(limited)
vtxEff	  = -0.017984	 +/-  0.974898	(limited)
At r = 1.125000:	delta(nll) = 1.60686
Minuit2Minimizer: Minimize with max-calls 5000 convergence for edm < 0.01 strategy 0
Minuit2Minimizer : Valid minimum - status = 0
FVAL  = -0.00440850311109309504
Edm   = 3.22215748420850719e-07
Nfcn  = 136
PhotonsMass_bkg_8TeV_ExpPAR1_cat0	  = 0.00247898	 +/-  0.00158968	(limited)
PhotonsMass_bkg_8TeV_ExpPAR2_cat0	  = -3.3243	 +/-  0.45616	(limited)
eff_trig	  = -0.0381242	 +/-  0.994817	(limited)
global_syst	  = -0.186138	 +/-  0.986125	(limited)
id_eff_eb	  = -0.0191149	 +/-  0.996108	(limited)
lumi_8TeV	  = -0.0981646	 +/-  0.990653	(limited)
mShift_cat0	  = 0	 +/-  0.989616	(limited)
mSmear_cat0	  = 0.0125018	 +/-  0.988944	(limited)
r9Eff	  = 0.0405276	 +/-  0.955849	(limited)
vtxEff	  = -0.02171	 +/-  0.96868	(limited)
At r = 1.250000:	delta(nll) = 1.97131
Minuit2Minimizer: Minimize with max-calls 5000 convergence for edm < 0.01 strategy 0
Minuit2Minimizer : Valid minimum - status = 0
FVAL  = -0.00109745113851361566
Edm   = 6.69822626236431561e-08
Nfcn  = 135
PhotonsMass_bkg_8TeV_ExpPAR1_cat0	  = 0.00254325	 +/-  0.00161859	(limited)
PhotonsMass_bkg_8TeV_ExpPAR2_cat0	  = -3.3057	 +/-  0.456825	(limited)
eff_trig	  = -0.0345635	 +/-  0.995686	(limited)
global_syst	  = -0.168757	 +/-  0.988596	(limited)
id_eff_eb	  = -0.0173264	 +/-  0.99636	(limited)
lumi_8TeV	  = -0.0890926	 +/-  0.993551	(limited)
mShift_cat0	  = 0	 +/-  0.989616	(limited)
mSmear_cat0	  = 0.0113495	 +/-  0.989125	(limited)
r9Eff	  = 0.0370241	 +/-  0.961167	(limited)
vtxEff	  = -0.0197834	 +/-  0.972229	(limited)
At r = 1.187500:	delta(nll) = 1.78473
Minuit2Minimizer: Minimize with max-calls 5000 convergence for edm < 0.01 strategy 0
Minuit2Minimizer : Valid minimum - status = 0
FVAL  = -0.00111762313169724804
Edm   = 1.09033762564000073e-08
Nfcn  = 136
PhotonsMass_bkg_8TeV_ExpPAR1_cat0	  = 0.00247804	 +/-  0.00159744	(limited)
PhotonsMass_bkg_8TeV_ExpPAR2_cat0	  = -3.32455	 +/-  0.456166	(limited)
eff_trig	  = -0.0380176	 +/-  0.995444	(limited)
global_syst	  = -0.186264	 +/-  0.987388	(limited)
id_eff_eb	  = -0.019058	 +/-  0.996306	(limited)
lumi_8TeV	  = -0.0980121	 +/-  0.992695	(limited)
mShift_cat0	  = 0	 +/-  0.989616	(limited)
mSmear_cat0	  = 0.0124653	 +/-  0.989076	(limited)
r9Eff	  = 0.040439	 +/-  0.956883	(limited)
vtxEff	  = -0.0216539	 +/-  0.969203	(limited)
At r = 1.250000:	delta(nll) = 1.97131
Minuit2Minimizer: Minimize with max-calls 5000 convergence for edm < 0.01 strategy 0
Minuit2Minimizer : Valid minimum - status = 0
FVAL  = -7.53023735453966868e-05
Edm   = 2.29976641007521177e-06
Nfcn  = 89
PhotonsMass_bkg_8TeV_ExpPAR1_cat0	  = 0.00247828	 +/-  0.000218674	(limited)
PhotonsMass_bkg_8TeV_ExpPAR2_cat0	  = -3.32434	 +/-  0.0471737	(limited)
eff_trig	  = -0.0359236	 +/-  0.995618	(limited)
global_syst	  = -0.17622	 +/-  0.985237	(limited)
id_eff_eb	  = -0.0180062	 +/-  0.996363	(limited)
lumi_8TeV	  = -0.0926795	 +/-  0.990895	(limited)
mShift_cat0	  = 0	 +/-  0.989616	(limited)
mSmear_cat0	  = 0.011791	 +/-  0.989093	(limited)
r9Eff	  = 0.0383761	 +/-  0.959394	(limited)
vtxEff	  = -0.0205209	 +/-  0.97093	(limited)
At r = 1.218750:	delta(nll) = 1.87714
Minuit2Minimizer: Minimize with max-calls 5000 convergence for edm < 0.01 strategy 0
Minuit2Minimizer : Valid minimum - status = 0
FVAL  = -7.51620658768882371e-05
Edm   = 1.47510650025579837e-09
Nfcn  = 85
PhotonsMass_bkg_8TeV_ExpPAR1_cat0	  = 0.00247849	 +/-  0.000182277	(limited)
PhotonsMass_bkg_8TeV_ExpPAR2_cat0	  = -3.32441	 +/-  0.0513573	(limited)
eff_trig	  = -0.0380086	 +/-  0.995642	(limited)
global_syst	  = -0.186277	 +/-  0.986003	(limited)
id_eff_eb	  = -0.0190519	 +/-  0.996372	(limited)
lumi_8TeV	  = -0.0980344	 +/-  0.99096	(limited)
mShift_cat0	  = 0	 +/-  0.989616	(limited)
mSmear_cat0	  = 0.012461	 +/-  0.989095	(limited)
r9Eff	  = 0.040434	 +/-  0.957324	(limited)
vtxEff	  = -0.0216488	 +/-  0.969534	(limited)
At r = 1.250000:	delta(nll) = 1.97131
Minuit2Minimizer: Minimize with max-calls 5000 convergence for edm < 0.01 strategy 0
Minuit2Minimizer : Valid minimum - status = 0
FVAL  = -1.7501341834710949e-05
Edm   = 1.89575989659730299e-06
Nfcn  = 63
PhotonsMass_bkg_8TeV_ExpPAR1_cat0	  = 0.00247835	 +/-  0.000193949	(limited)
PhotonsMass_bkg_8TeV_ExpPAR2_cat0	  = -3.3243	 +/-  0.0576883	(limited)
eff_trig	  = -0.037075	 +/-  0.997698	(limited)
global_syst	  = -0.181864	 +/-  1.02834	(limited)
id_eff_eb	  = -0.0185833	 +/-  0.996882	(limited)
lumi_8TeV	  = -0.0956476	 +/-  1.00436	(limited)
mShift_cat0	  = 0	 +/-  0.989616	(limited)
mSmear_cat0	  = 0.0121627	 +/-  0.989321	(limited)
r9Eff	  = 0.0395142	 +/-  0.960545	(limited)
vtxEff	  = -0.0211441	 +/-  0.970892	(limited)
At r = 1.234375:	delta(nll) = 1.92391
Minuit2Minimizer: Minimize with max-calls 5000 convergence for edm < 0.01 strategy 0
Minuit2Minimizer : Valid minimum - status = 0
FVAL  = -7.38843723424866222e-06
Edm   = 1.33666150245437214e-06
Nfcn  = 63
PhotonsMass_bkg_8TeV_ExpPAR1_cat0	  = 0.00247869	 +/-  0.000220717	(limited)
PhotonsMass_bkg_8TeV_ExpPAR2_cat0	  = -3.32427	 +/-  0.0581749	(limited)
eff_trig	  = -0.0364484	 +/-  0.996523	(limited)
global_syst	  = -0.178767	 +/-  1.00654	(limited)
id_eff_eb	  = -0.0182694	 +/-  0.996576	(limited)
lumi_8TeV	  = -0.0940278	 +/-  0.996998	(limited)
mShift_cat0	  = 0	 +/-  0.989616	(limited)
mSmear_cat0	  = 0.0119595	 +/-  0.989174	(limited)
r9Eff	  = 0.0388954	 +/-  0.959772	(limited)
vtxEff	  = -0.0208053	 +/-  0.970825	(limited)
At r = 1.226562:	delta(nll) = 1.90044
Minuit2Minimizer: Minimize with max-calls 5000 convergence for edm < 0.01 strategy 0
Minuit2Minimizer : Valid minimum - status = 0
FVAL  = -6.14078387629650652e-06
Edm   = 4.50109175497156112e-07
Nfcn  = 63
PhotonsMass_bkg_8TeV_ExpPAR1_cat0	  = 0.00247886	 +/-  0.000214145	(limited)
PhotonsMass_bkg_8TeV_ExpPAR2_cat0	  = -3.32424	 +/-  0.059843	(limited)
eff_trig	  = -0.0370608	 +/-  0.99579	(limited)
global_syst	  = -0.181668	 +/-  0.989588	(limited)
id_eff_eb	  = -0.0185767	 +/-  0.996399	(limited)
lumi_8TeV	  = -0.0955944	 +/-  0.992082	(limited)
mShift_cat0	  = 0	 +/-  0.989616	(limited)
mSmear_cat0	  = 0.0121569	 +/-  0.98911	(limited)
r9Eff	  = 0.0395006	 +/-  0.958495	(limited)
vtxEff	  = -0.021137	 +/-  0.970263	(limited)
At r = 1.234375:	delta(nll) = 1.92390
Median for expected limits: 1.23047
Sigma  for expected limits: 0.627802
Will search for NLL crossing by bisection
Minuit2Minimizer: Minimize with max-calls 5000 convergence for edm < 0.01 strategy 0
Minuit2Minimizer : Valid minimum - status = 0
FVAL  = -0.109701558089816797
Edm   = 4.6838176800390132e-06
Nfcn  = 154
PhotonsMass_bkg_8TeV_ExpPAR1_cat0	  = 0.00315941	 +/-  0.0014758	(limited)
PhotonsMass_bkg_8TeV_ExpPAR2_cat0	  = -3.1277	 +/-  0.408689	(limited)
eff_trig	  = -0.0100326	 +/-  0.997041	(limited)
global_syst	  = -0.0488434	 +/-  1.00376	(limited)
id_eff_eb	  = -0.00502915	 +/-  0.99671	(limited)
lumi_8TeV	  = -0.0258364	 +/-  0.999065	(limited)
mShift_cat0	  = 0	 +/-  0.989616	(limited)
mSmear_cat0	  = 0.00334174	 +/-  0.989635	(limited)
r9Eff	  = 0.0112448	 +/-  0.988944	(limited)
vtxEff	  = -0.00592436	 +/-  0.991226	(limited)
At r = 0.615234:	delta(nll) = 0.49361
Minuit2Minimizer: Minimize with max-calls 5000 convergence for edm < 0.01 strategy 0
Minuit2Minimizer : Valid minimum - status = 0
FVAL  = -0.0252275346504025368
Edm   = 3.94597705626323941e-07
Nfcn  = 154
PhotonsMass_bkg_8TeV_ExpPAR1_cat0	  = 0.0028249	 +/-  0.00154429	(limited)
PhotonsMass_bkg_8TeV_ExpPAR2_cat0	  = -3.22429	 +/-  0.444085	(limited)
eff_trig	  = -0.0212187	 +/-  0.996084	(limited)
global_syst	  = -0.104022	 +/-  0.995415	(limited)
id_eff_eb	  = -0.010636	 +/-  0.996489	(limited)
lumi_8TeV	  = -0.0547278	 +/-  0.993829	(limited)
mShift_cat0	  = 0	 +/-  0.989616	(limited)
mSmear_cat0	  = 0.00701265	 +/-  0.989286	(limited)
r9Eff	  = 0.0233625	 +/-  0.972147	(limited)
vtxEff	  = -0.012379	 +/-  0.980064	(limited)
At r = 0.922852:	delta(nll) = 1.09238
Minuit2Minimizer: Minimize with max-calls 5000 convergence for edm < 0.01 strategy 0
Minuit2Minimizer : Valid minimum - status = 0
FVAL  = -0.00652218316296306229
Edm   = 8.42000017064199279e-07
Nfcn  = 134
PhotonsMass_bkg_8TeV_ExpPAR1_cat0	  = 0.00299475	 +/-  0.00160135	(limited)
PhotonsMass_bkg_8TeV_ExpPAR2_cat0	  = -3.17535	 +/-  0.450401	(limited)
eff_trig	  = -0.0150246	 +/-  0.997667	(limited)
global_syst	  = -0.0732728	 +/-  0.996575	(limited)
id_eff_eb	  = -0.00753206	 +/-  0.996884	(limited)
lumi_8TeV	  = -0.038715	 +/-  1.00138	(limited)
mShift_cat0	  = 0	 +/-  0.989616	(limited)
mSmear_cat0	  = 0.00498502	 +/-  0.989585	(limited)
r9Eff	  = 0.0167536	 +/-  0.98271	(limited)
vtxEff	  = -0.00884278	 +/-  0.986603	(limited)
At r = 0.769043:	delta(nll) = 0.76468
Minuit2Minimizer: Minimize with max-calls 5000 convergence for edm < 0.01 strategy 0
Minuit2Minimizer : Valid minimum - status = 0
FVAL  = -0.00155863018603907854
Edm   = 5.83783311088113393e-06
Nfcn  = 114
PhotonsMass_bkg_8TeV_ExpPAR1_cat0	  = 0.00307818	 +/-  0.00161034	(limited)
PhotonsMass_bkg_8TeV_ExpPAR2_cat0	  = -3.15138	 +/-  0.453974	(limited)
eff_trig	  = -0.0129195	 +/-  0.996224	(limited)
global_syst	  = -0.0583347	 +/-  0.993193	(limited)
id_eff_eb	  = -0.00648972	 +/-  0.996516	(limited)
lumi_8TeV	  = -0.0326702	 +/-  0.99457	(limited)
mShift_cat0	  = 0	 +/-  0.989616	(limited)
mSmear_cat0	  = 0.00430416	 +/-  0.989454	(limited)
r9Eff	  = 0.0144914	 +/-  0.983481	(limited)
vtxEff	  = -0.00764998	 +/-  0.987845	(limited)
At r = 0.692139:	delta(nll) = 0.62199
Minuit2Minimizer: Minimize with max-calls 5000 convergence for edm < 0.01 strategy 0
Minuit2Minimizer : Valid minimum - status = 0
FVAL  = -6.44381103403856681e-05
Edm   = 4.21884411191347059e-06
Nfcn  = 89
PhotonsMass_bkg_8TeV_ExpPAR1_cat0	  = 0.00307829	 +/-  0.000218185	(limited)
PhotonsMass_bkg_8TeV_ExpPAR2_cat0	  = -3.15102	 +/-  0.0529366	(limited)
eff_trig	  = -0.0103713	 +/-  0.99614	(limited)
global_syst	  = -0.0517019	 +/-  0.991599	(limited)
id_eff_eb	  = -0.00519618	 +/-  0.996486	(limited)
lumi_8TeV	  = -0.0268659	 +/-  0.994273	(limited)
mShift_cat0	  = 0	 +/-  0.989616	(limited)
mSmear_cat0	  = 0.00345158	 +/-  0.989426	(limited)
r9Eff	  = 0.0116834	 +/-  0.984557	(limited)
vtxEff	  = -0.00614333	 +/-  0.988614	(limited)
At r = 0.653687:	delta(nll) = 0.55634
Minuit2Minimizer: Minimize with max-calls 5000 convergence for edm < 0.01 strategy 0
Minuit2Minimizer : Valid minimum - status = 0
FVAL  = -1.61018062583840382e-05
Edm   = 1.99605721912340356e-06
Nfcn  = 63
PhotonsMass_bkg_8TeV_ExpPAR1_cat0	  = 0.0030787	 +/-  0.000206071	(limited)
PhotonsMass_bkg_8TeV_ExpPAR2_cat0	  = -3.15104	 +/-  0.0548594	(limited)
eff_trig	  = -0.0113822	 +/-  0.998641	(limited)
global_syst	  = -0.0558333	 +/-  1.03142	(limited)
id_eff_eb	  = -0.00570521	 +/-  0.99707	(limited)
lumi_8TeV	  = -0.029364	 +/-  1.00921	(limited)
mShift_cat0	  = 0	 +/-  0.989616	(limited)
mSmear_cat0	  = 0.0037856	 +/-  0.989699	(limited)
r9Eff	  = 0.0127946	 +/-  0.986861	(limited)
vtxEff	  = -0.00673531	 +/-  0.988963	(limited)
At r = 0.672913:	delta(nll) = 0.58862
Minuit2Minimizer: Minimize with max-calls 5000 convergence for edm < 0.01 strategy 0
Minuit2Minimizer : Valid minimum - status = 0
FVAL  = -5.40683346841177608e-06
Edm   = 2.67646338749853604e-06
Nfcn  = 63
PhotonsMass_bkg_8TeV_ExpPAR1_cat0	  = 0.00307858	 +/-  0.00015868	(limited)
PhotonsMass_bkg_8TeV_ExpPAR2_cat0	  = -3.1509	 +/-  0.0622431	(limited)
eff_trig	  = -0.0111553	 +/-  0.997514	(limited)
global_syst	  = -0.0547103	 +/-  1.01887	(limited)
id_eff_eb	  = -0.0055915	 +/-  0.99683	(limited)
lumi_8TeV	  = -0.0287775	 +/-  1.00265	(limited)
mShift_cat0	  = 0	 +/-  0.989616	(limited)
mSmear_cat0	  = 0.00371279	 +/-  0.989581	(limited)
r9Eff	  = 0.0125458	 +/-  0.985848	(limited)
vtxEff	  = -0.00660327	 +/-  0.98883	(limited)
At r = 0.663300:	delta(nll) = 0.57234
Minuit2Minimizer: Minimize with max-calls 5000 convergence for edm < 0.01 strategy 0
Minuit2Minimizer : Valid minimum - status = 0
FVAL  = -0.000239781956731048118
Edm   = 3.05473101056638467e-07
Nfcn  = 113
PhotonsMass_bkg_8TeV_ExpPAR1_cat0	  = 0.00312422	 +/-  0.00160706	(limited)
PhotonsMass_bkg_8TeV_ExpPAR2_cat0	  = -3.13806	 +/-  0.45431	(limited)
eff_trig	  = -0.0113297	 +/-  0.996322	(limited)
global_syst	  = -0.0550816	 +/-  0.994015	(limited)
id_eff_eb	  = -0.00568158	 +/-  0.996532	(limited)
lumi_8TeV	  = -0.0291655	 +/-  0.995107	(limited)
mShift_cat0	  = 0	 +/-  0.989616	(limited)
mSmear_cat0	  = 0.00376824	 +/-  0.989478	(limited)
r9Eff	  = 0.0127378	 +/-  0.98458	(limited)
vtxEff	  = -0.006707	 +/-  0.988544	(limited)
At r = 0.658493:	delta(nll) = 0.56406
Will search for NLL crossing by bisection
Minuit2Minimizer: Minimize with max-calls 5000 convergence for edm < 0.01 strategy 0
Minuit2Minimizer : Valid minimum - status = 0
FVAL  = -0.0235728385000177898
Edm   = 6.4380919855015827e-07
Nfcn  = 157
PhotonsMass_bkg_8TeV_ExpPAR1_cat0	  = 0.00280056	 +/-  0.00158348	(limited)
PhotonsMass_bkg_8TeV_ExpPAR2_cat0	  = -3.23131	 +/-  0.452084	(limited)
eff_trig	  = -0.0222171	 +/-  0.995966	(limited)
global_syst	  = -0.108633	 +/-  0.982716	(limited)
id_eff_eb	  = -0.0111373	 +/-  0.996453	(limited)
lumi_8TeV	  = -0.0572701	 +/-  0.992568	(limited)
mShift_cat0	  = 0	 +/-  0.989616	(limited)
mSmear_cat0	  = 0.00733845	 +/-  0.989259	(limited)
r9Eff	  = 0.0244027	 +/-  0.970941	(limited)
vtxEff	  = -0.0129411	 +/-  0.979278	(limited)
At r = 0.945683:	delta(nll) = 1.14577
Minuit2Minimizer: Minimize with max-calls 5000 convergence for edm < 0.01 strategy 0
Minuit2Minimizer : Valid minimum - status = 0
FVAL  = -0.00556750831593345093
Edm   = 3.77806458757221931e-06
Nfcn  = 135
PhotonsMass_bkg_8TeV_ExpPAR1_cat0	  = 0.00295877	 +/-  0.00159861	(limited)
PhotonsMass_bkg_8TeV_ExpPAR2_cat0	  = -3.18573	 +/-  0.449738	(limited)
eff_trig	  = -0.0167027	 +/-  0.996964	(limited)
global_syst	  = -0.0808177	 +/-  0.997685	(limited)
id_eff_eb	  = -0.00837492	 +/-  0.996681	(limited)
lumi_8TeV	  = -0.0429558	 +/-  0.998404	(limited)
mShift_cat0	  = 0	 +/-  0.989616	(limited)
mSmear_cat0	  = 0.00553917	 +/-  0.989458	(limited)
r9Eff	  = 0.0185591	 +/-  0.980534	(limited)
vtxEff	  = -0.00980929	 +/-  0.985433	(limited)
At r = 0.803289:	delta(nll) = 0.83280
Minuit2Minimizer: Minimize with max-calls 5000 convergence for edm < 0.01 strategy 0
Minuit2Minimizer : Valid minimum - status = 0
FVAL  = -0.00145188080333275038
Edm   = 1.16487869435723001e-08
Nfcn  = 135
PhotonsMass_bkg_8TeV_ExpPAR1_cat0	  = 0.00287835	 +/-  0.00159397	(limited)
PhotonsMass_bkg_8TeV_ExpPAR2_cat0	  = -3.20892	 +/-  0.454399	(limited)
eff_trig	  = -0.0191147	 +/-  0.99579	(limited)
global_syst	  = -0.0938128	 +/-  0.991071	(limited)
id_eff_eb	  = -0.00958119	 +/-  0.996387	(limited)
lumi_8TeV	  = -0.0493109	 +/-  0.993664	(limited)
mShift_cat0	  = 0	 +/-  0.989616	(limited)
mSmear_cat0	  = 0.00632472	 +/-  0.989295	(limited)
r9Eff	  = 0.0211357	 +/-  0.975264	(limited)
vtxEff	  = -0.0111841	 +/-  0.982289	(limited)
At r = 0.874486:	delta(nll) = 0.98331
Minuit2Minimizer: Minimize with max-calls 5000 convergence for edm < 0.01 strategy 0
Minuit2Minimizer : Valid minimum - status = 0
FVAL  = -6.1925118925258463e-05
Edm   = 3.63786205163140633e-06
Nfcn  = 89
PhotonsMass_bkg_8TeV_ExpPAR1_cat0	  = 0.00287797	 +/-  0.000226952	(limited)
PhotonsMass_bkg_8TeV_ExpPAR2_cat0	  = -3.20916	 +/-  0.048521	(limited)
eff_trig	  = -0.0209939	 +/-  0.995959	(limited)
global_syst	  = -0.102901	 +/-  0.989014	(limited)
id_eff_eb	  = -0.0105231	 +/-  0.996438	(limited)
lumi_8TeV	  = -0.0541512	 +/-  0.992972	(limited)
mShift_cat0	  = 0	 +/-  0.989616	(limited)
mSmear_cat0	  = 0.00693664	 +/-  0.989297	(limited)
r9Eff	  = 0.0231238	 +/-  0.974017	(limited)
vtxEff	  = -0.0122509	 +/-  0.981336	(limited)
At r = 0.910084:	delta(nll) = 1.06335
Minuit2Minimizer: Minimize with max-calls 5000 convergence for edm < 0.01 strategy 0
Minuit2Minimizer : Valid minimum - status = 0
FVAL  = -1.91049662306539676e-05
Edm   = 1.29325114841125588e-06
Nfcn  = 62
PhotonsMass_bkg_8TeV_ExpPAR1_cat0	  = 0.00287764	 +/-  0.000209196	(limited)
PhotonsMass_bkg_8TeV_ExpPAR2_cat0	  = -3.20916	 +/-  0.0574206	(limited)
eff_trig	  = -0.0199461	 +/-  0.997014	(limited)
global_syst	  = -0.0978527	 +/-  1.01174	(limited)
id_eff_eb	  = -0.00999773	 +/-  0.996704	(limited)
lumi_8TeV	  = -0.0514593	 +/-  0.999717	(limited)
mShift_cat0	  = 0	 +/-  0.989616	(limited)
mSmear_cat0	  = 0.00659567	 +/-  0.989451	(limited)
r9Eff	  = 0.0220174	 +/-  0.97614	(limited)
vtxEff	  = -0.0116566	 +/-  0.982367	(limited)
At r = 0.892285:	delta(nll) = 1.02288
Minuit2Minimizer: Minimize with max-calls 5000 convergence for edm < 0.01 strategy 0
Minuit2Minimizer : Valid minimum - status = 0
FVAL  = -3.17436693499661575e-06
Edm   = 1.38472695022373823e-07
Nfcn  = 62
PhotonsMass_bkg_8TeV_ExpPAR1_cat0	  = 0.00287757	 +/-  0.000211265	(limited)
PhotonsMass_bkg_8TeV_ExpPAR2_cat0	  = -3.20918	 +/-  0.0601537	(limited)
eff_trig	  = -0.0195355	 +/-  0.996107	(limited)
global_syst	  = -0.0958095	 +/-  0.991548	(limited)
id_eff_eb	  = -0.00979198	 +/-  0.996466	(limited)
lumi_8TeV	  = -0.0503961	 +/-  0.993759	(limited)
mShift_cat0	  = 0	 +/-  0.989616	(limited)
mSmear_cat0	  = 0.0064615	 +/-  0.98933	(limited)
r9Eff	  = 0.0215827	 +/-  0.975501	(limited)
vtxEff	  = -0.0114236	 +/-  0.982316	(limited)
At r = 0.883386:	delta(nll) = 1.00299
Minuit2Minimizer: Minimize with max-calls 5000 convergence for edm < 0.01 strategy 0
Minuit2Minimizer : Valid minimum - status = 0
FVAL  = -8.00542301245128188e-07
Edm   = 1.33477784872666239e-07
Nfcn  = 63
PhotonsMass_bkg_8TeV_ExpPAR1_cat0	  = 0.00287746	 +/-  0.000200273	(limited)
PhotonsMass_bkg_8TeV_ExpPAR2_cat0	  = -3.20917	 +/-  0.052575	(limited)
eff_trig	  = -0.0193586	 +/-  0.998566	(limited)
global_syst	  = -0.0949337	 +/-  1.04712	(limited)
id_eff_eb	  = -0.00970335	 +/-  0.997109	(limited)
lumi_8TeV	  = -0.0499387	 +/-  1.00993	(limited)
mShift_cat0	  = 0	 +/-  0.989616	(limited)
mSmear_cat0	  = 0.00640435	 +/-  0.989607	(limited)
r9Eff	  = 0.0213952	 +/-  0.978549	(limited)
vtxEff	  = -0.0113231	 +/-  0.983318	(limited)
At r = 0.878936:	delta(nll) = 0.99312
Will search for NLL crossing by bisection
Minuit2Minimizer: Minimize with max-calls 5000 convergence for edm < 0.01 strategy 0
Minuit2Minimizer : Valid minimum - status = 0
FVAL  = -0.285378166199034555
Edm   = 7.88617708133842244e-07
Nfcn  = 199
PhotonsMass_bkg_8TeV_ExpPAR1_cat0	  = 0.00186417	 +/-  0.00162819	(limited)
PhotonsMass_bkg_8TeV_ExpPAR2_cat0	  = -3.50201	 +/-  0.465618	(limited)
eff_trig	  = -0.0801778	 +/-  0.990528	(limited)
global_syst	  = -0.391039	 +/-  0.97195	(limited)
id_eff_eb	  = -0.0402157	 +/-  0.994805	(limited)
lumi_8TeV	  = -0.206038	 +/-  0.98368	(limited)
mShift_cat0	  = 0	 +/-  0.989616	(limited)
mSmear_cat0	  = 0.0259157	 +/-  0.987791	(limited)
r9Eff	  = 0.0784767	 +/-  0.909221	(limited)
vtxEff	  = -0.0430027	 +/-  0.935004	(limited)
At r = 1.858270:	delta(nll) = 4.22097
Minuit2Minimizer: Minimize with max-calls 5000 convergence for edm < 0.01 strategy 0
Minuit2Minimizer : Valid minimum - status = 0
FVAL  = -0.0302432692437364509
Edm   = 1.66127418176521287e-06
Nfcn  = 158
PhotonsMass_bkg_8TeV_ExpPAR1_cat0	  = 0.00217472	 +/-  0.00161716	(limited)
PhotonsMass_bkg_8TeV_ExpPAR2_cat0	  = -3.4123	 +/-  0.456793	(limited)
eff_trig	  = -0.0564206	 +/-  0.996604	(limited)
global_syst	  = -0.277946	 +/-  0.985938	(limited)
id_eff_eb	  = -0.0282764	 +/-  0.996599	(limited)
lumi_8TeV	  = -0.145709	 +/-  0.993386	(limited)
mShift_cat0	  = 0	 +/-  0.989616	(limited)
mSmear_cat0	  = 0.0183635	 +/-  0.989037	(limited)
r9Eff	  = 0.0578927	 +/-  0.947773	(limited)
vtxEff	  = -0.031318	 +/-  0.960226	(limited)
At r = 1.544370:	delta(nll) = 2.96414
Minuit2Minimizer: Minimize with max-calls 5000 convergence for edm < 0.01 strategy 0
Minuit2Minimizer : Valid minimum - status = 0
FVAL  = -0.00753642110084146166
Edm   = 4.50439513233915638e-06
Nfcn  = 136
PhotonsMass_bkg_8TeV_ExpPAR1_cat0	  = 0.00201988	 +/-  0.00158148	(limited)
PhotonsMass_bkg_8TeV_ExpPAR2_cat0	  = -3.45715	 +/-  0.457118	(limited)
eff_trig	  = -0.0683008	 +/-  0.993802	(limited)
global_syst	  = -0.332043	 +/-  0.979067	(limited)
id_eff_eb	  = -0.034258	 +/-  0.995775	(limited)
lumi_8TeV	  = -0.175416	 +/-  0.988017	(limited)
mShift_cat0	  = 0	 +/-  0.989616	(limited)
mSmear_cat0	  = 0.022163	 +/-  0.988465	(limited)
r9Eff	  = 0.0685104	 +/-  0.929903	(limited)
vtxEff	  = -0.0373186	 +/-  0.94892	(limited)
At r = 1.701320:	delta(nll) = 3.56780
Minuit2Minimizer: Minimize with max-calls 5000 convergence for edm < 0.01 strategy 0
Minuit2Minimizer : Valid minimum - status = 0
FVAL  = -0.00199067238764689307
Edm   = 3.31476747106078209e-06
Nfcn  = 134
PhotonsMass_bkg_8TeV_ExpPAR1_cat0	  = 0.00194005	 +/-  0.00159336	(limited)
PhotonsMass_bkg_8TeV_ExpPAR2_cat0	  = -3.48022	 +/-  0.457011	(limited)
eff_trig	  = -0.0736723	 +/-  0.99507	(limited)
global_syst	  = -0.361746	 +/-  0.97633	(limited)
id_eff_eb	  = -0.0369348	 +/-  0.996176	(limited)
lumi_8TeV	  = -0.189864	 +/-  0.989061	(limited)
mShift_cat0	  = 0	 +/-  0.989616	(limited)
mSmear_cat0	  = 0.0238532	 +/-  0.988561	(limited)
r9Eff	  = 0.0732913	 +/-  0.927543	(limited)
vtxEff	  = -0.0399789	 +/-  0.946333	(limited)
At r = 1.779795:	delta(nll) = 3.88830
Minuit2Minimizer: Minimize with max-calls 5000 convergence for edm < 0.01 strategy 0
Minuit2Minimizer : Valid minimum - status = 0
FVAL  = -0.000210480809624918788
Edm   = 2.69759327732438723e-06
Nfcn  = 89
PhotonsMass_bkg_8TeV_ExpPAR1_cat0	  = 0.00194001	 +/-  0.000202403	(limited)
PhotonsMass_bkg_8TeV_ExpPAR2_cat0	  = -3.4799	 +/-  0.0485299	(limited)
eff_trig	  = -0.070354	 +/-  0.994776	(limited)
global_syst	  = -0.345217	 +/-  0.976716	(limited)
id_eff_eb	  = -0.0352636	 +/-  0.996155	(limited)
lumi_8TeV	  = -0.181518	 +/-  0.986127	(limited)
mShift_cat0	  = 0	 +/-  0.989616	(limited)
mSmear_cat0	  = 0.0228038	 +/-  0.988641	(limited)
r9Eff	  = 0.0704174	 +/-  0.93143	(limited)
vtxEff	  = -0.0383435	 +/-  0.949046	(limited)
At r = 1.740558:	delta(nll) = 3.72679
Minuit2Minimizer: Minimize with max-calls 5000 convergence for edm < 0.01 strategy 0
Minuit2Minimizer : Valid minimum - status = 0
FVAL  = -0.000687433821756629421
Edm   = 1.35345161990298962e-07
Nfcn  = 132
PhotonsMass_bkg_8TeV_ExpPAR1_cat0	  = 0.00199717	 +/-  0.00158864	(limited)
PhotonsMass_bkg_8TeV_ExpPAR2_cat0	  = -3.46352	 +/-  0.449859	(limited)
eff_trig	  = -0.069396	 +/-  0.995853	(limited)
global_syst	  = -0.339547	 +/-  0.979187	(limited)
id_eff_eb	  = -0.0347852	 +/-  0.996407	(limited)
lumi_8TeV	  = -0.178963	 +/-  0.99271	(limited)
mShift_cat0	  = 0	 +/-  0.989616	(limited)
mSmear_cat0	  = 0.0224946	 +/-  0.988782	(limited)
r9Eff	  = 0.0695776	 +/-  0.933119	(limited)
vtxEff	  = -0.0378704	 +/-  0.950194	(limited)
At r = 1.720939:	delta(nll) = 3.64677
Minuit2Minimizer: Minimize with max-calls 5000 convergence for edm < 0.01 strategy 0
Minuit2Minimizer : Valid minimum - status = 0
FVAL  = -1.09829912776854624e-05
Edm   = 1.03395396402590761e-06
Nfcn  = 67
PhotonsMass_bkg_8TeV_ExpPAR1_cat0	  = 0.0019973	 +/-  0.000195694	(limited)
PhotonsMass_bkg_8TeV_ExpPAR2_cat0	  = -3.4636	 +/-  0.0574219	(limited)
eff_trig	  = -0.0700308	 +/-  0.996514	(limited)
global_syst	  = -0.34319	 +/-  1.02213	(limited)
id_eff_eb	  = -0.0351029	 +/-  0.996585	(limited)
lumi_8TeV	  = -0.180632	 +/-  0.997192	(limited)
mShift_cat0	  = 0	 +/-  0.989616	(limited)
mSmear_cat0	  = 0.0226923	 +/-  0.988817	(limited)
r9Eff	  = 0.0701347	 +/-  0.932504	(limited)
vtxEff	  = -0.0381848	 +/-  0.949542	(limited)
At r = 1.730748:	delta(nll) = 3.68656
Will search for NLL crossing by bisection
Minuit2Minimizer: Minimize with max-calls 5000 convergence for edm < 0.01 strategy 0
Minuit2Minimizer : Valid minimum - status = 0
FVAL  = -0.355210289336745477
Edm   = 1.39344240501534009e-07
Nfcn  = 243
PhotonsMass_bkg_8TeV_ExpPAR1_cat0	  = 0.00104748	 +/-  0.00158089	(limited)
PhotonsMass_bkg_8TeV_ExpPAR2_cat0	  = -3.7384	 +/-  0.4508	(limited)
eff_trig	  = -0.159774	 +/-  0.993146	(limited)
global_syst	  = -0.782575	 +/-  0.958303	(limited)
id_eff_eb	  = -0.0800906	 +/-  0.995752	(limited)
lumi_8TeV	  = -0.411918	 +/-  0.978058	(limited)
mShift_cat0	  = 0	 +/-  0.989616	(limited)
mSmear_cat0	  = 0.0505991	 +/-  0.987114	(limited)
r9Eff	  = 0.139583	 +/-  0.853368	(limited)
vtxEff	  = -0.0780841	 +/-  0.88731	(limited)
At r = 2.738664:	delta(nll) = 8.72371
Minuit2Minimizer: Minimize with max-calls 5000 convergence for edm < 0.01 strategy 0
Minuit2Minimizer : Valid minimum - status = 0
FVAL  = -0.0879394251305853913
Edm   = 8.26887455504713978e-06
Nfcn  = 178
PhotonsMass_bkg_8TeV_ExpPAR1_cat0	  = 0.00149617	 +/-  0.00162097	(limited)
PhotonsMass_bkg_8TeV_ExpPAR2_cat0	  = -3.60847	 +/-  0.457197	(limited)
eff_trig	  = -0.112759	 +/-  0.99409	(limited)
global_syst	  = -0.546745	 +/-  0.972839	(limited)
id_eff_eb	  = -0.0565702	 +/-  0.995861	(limited)
lumi_8TeV	  = -0.289278	 +/-  0.989645	(limited)
mShift_cat0	  = 0	 +/-  0.989616	(limited)
mSmear_cat0	  = 0.0361535	 +/-  0.988242	(limited)
r9Eff	  = 0.106614	 +/-  0.914421	(limited)
vtxEff	  = -0.0585888	 +/-  0.932062	(limited)
At r = 2.237159:	delta(nll) = 5.99162
Minuit2Minimizer: Minimize with max-calls 5000 convergence for edm < 0.01 strategy 0
Minuit2Minimizer : Valid minimum - status = 0
FVAL  = -0.0215682558834911914
Edm   = 7.40904901470478986e-08
Nfcn  = 179
PhotonsMass_bkg_8TeV_ExpPAR1_cat0	  = 0.00127021	 +/-  0.00161734	(limited)
PhotonsMass_bkg_8TeV_ExpPAR2_cat0	  = -3.67391	 +/-  0.461117	(limited)
eff_trig	  = -0.134756	 +/-  0.993196	(limited)
global_syst	  = -0.661949	 +/-  0.967802	(limited)
id_eff_eb	  = -0.0675296	 +/-  0.995602	(limited)
lumi_8TeV	  = -0.348122	 +/-  0.986808	(limited)
mShift_cat0	  = 0	 +/-  0.989616	(limited)
mSmear_cat0	  = 0.0429052	 +/-  0.987642	(limited)
r9Eff	  = 0.121908	 +/-  0.889727	(limited)
vtxEff	  = -0.0678045	 +/-  0.910977	(limited)
At r = 2.487911:	delta(nll) = 7.30517
Minuit2Minimizer: Minimize with max-calls 5000 convergence for edm < 0.01 strategy 0
Minuit2Minimizer : Valid minimum - status = 0
FVAL  = -0.00549788545035068479
Edm   = 4.85304922622928145e-07
Nfcn  = 157
PhotonsMass_bkg_8TeV_ExpPAR1_cat0	  = 0.0013829	 +/-  0.00156371	(limited)
PhotonsMass_bkg_8TeV_ExpPAR2_cat0	  = -3.64128	 +/-  0.443543	(limited)
eff_trig	  = -0.122956	 +/-  0.994282	(limited)
global_syst	  = -0.604121	 +/-  0.970978	(limited)
id_eff_eb	  = -0.0616212	 +/-  0.996026	(limited)
lumi_8TeV	  = -0.317496	 +/-  0.984481	(limited)
mShift_cat0	  = 0	 +/-  0.989616	(limited)
mSmear_cat0	  = 0.0392623	 +/-  0.988058	(limited)
r9Eff	  = 0.112995	 +/-  0.906216	(limited)
vtxEff	  = -0.062707	 +/-  0.922244	(limited)
At r = 2.362535:	delta(nll) = 6.63485
Minuit2Minimizer: Minimize with max-calls 5000 convergence for edm < 0.01 strategy 0
Minuit2Minimizer : Valid minimum - status = 0
FVAL  = -0.00139021408222137583
Edm   = 1.52706985735633235e-06
Nfcn  = 136
PhotonsMass_bkg_8TeV_ExpPAR1_cat0	  = 0.00144256	 +/-  0.00163349	(limited)
PhotonsMass_bkg_8TeV_ExpPAR2_cat0	  = -3.6241	 +/-  0.45972	(limited)
eff_trig	  = -0.117297	 +/-  0.994451	(limited)
global_syst	  = -0.57564	 +/-  0.972501	(limited)
id_eff_eb	  = -0.0587728	 +/-  0.995987	(limited)
lumi_8TeV	  = -0.30318	 +/-  0.989743	(limited)
mShift_cat0	  = 0	 +/-  0.989616	(limited)
mSmear_cat0	  = 0.0374984	 +/-  0.988082	(limited)
r9Eff	  = 0.108681	 +/-  0.906083	(limited)
vtxEff	  = -0.0602142	 +/-  0.924023	(limited)
At r = 2.299847:	delta(nll) = 6.30980
Minuit2Minimizer: Minimize with max-calls 5000 convergence for edm < 0.01 strategy 0
Minuit2Minimizer : Valid minimum - status = 0
FVAL  = -0.000175170567410896797
Edm   = 3.26648180523617517e-06
Nfcn  = 66
PhotonsMass_bkg_8TeV_ExpPAR1_cat0	  = 0.00144251	 +/-  0.000209092	(limited)
PhotonsMass_bkg_8TeV_ExpPAR2_cat0	  = -3.62424	 +/-  0.059788	(limited)
eff_trig	  = -0.120774	 +/-  0.993729	(limited)
global_syst	  = -0.591293	 +/-  0.968842	(limited)
id_eff_eb	  = -0.0605405	 +/-  0.995862	(limited)
lumi_8TeV	  = -0.311431	 +/-  0.9807	(limited)
mShift_cat0	  = 0	 +/-  0.989616	(limited)
mSmear_cat0	  = 0.0385847	 +/-  0.987967	(limited)
r9Eff	  = 0.111386	 +/-  0.901711	(limited)
vtxEff	  = -0.0617747	 +/-  0.921218	(limited)
At r = 2.331191:	delta(nll) = 6.47164
Minuit2Minimizer: Minimize with max-calls 5000 convergence for edm < 0.01 strategy 0
Minuit2Minimizer : Valid minimum - status = 0
FVAL  = -4.41766453131868303e-05
Edm   = 3.14143876111836947e-06
Nfcn  = 62
PhotonsMass_bkg_8TeV_ExpPAR1_cat0	  = 0.00144215	 +/-  0.000214072	(limited)
PhotonsMass_bkg_8TeV_ExpPAR2_cat0	  = -3.62435	 +/-  0.0610748	(limited)
eff_trig	  = -0.122204	 +/-  0.99353	(limited)
global_syst	  = -0.598773	 +/-  0.963789	(limited)
id_eff_eb	  = -0.0612555	 +/-  0.995798	(limited)
lumi_8TeV	  = -0.315182	 +/-  0.978824	(limited)
mShift_cat0	  = 0	 +/-  0.989616	(limited)
mSmear_cat0	  = 0.039025	 +/-  0.987939	(limited)
r9Eff	  = 0.11247	 +/-  0.901512	(limited)
vtxEff	  = -0.0623979	 +/-  0.920623	(limited)
At r = 2.346863:	delta(nll) = 6.55331
Restricting r to positive values.
  1) RooRealVar::                                MH = 250
  2) RooRealVar:: PhotonsMass_bkg_8TeV_ExpPAR1_cat0 = 0.00383431 +/- 0.00160998
  3) RooRealVar:: PhotonsMass_bkg_8TeV_ExpPAR2_cat0 = -2.93362 +/- 0.456384
  4) RooRealVar::         ReducedMass_sig_Nneg_cat0 = 1.38518 +/- 7.52635
  5) RooRealVar::         ReducedMass_sig_Npos_cat0 = 5 +/- 7.52635
  6) RooRealVar::   ReducedMass_sig_alphaCBneg_cat0 = 1.6 +/- 1.2594
  7) RooRealVar::   ReducedMass_sig_alphaCBpos_cat0 = -1.6 +/- 2.23267
  8) RooRealVar::         ReducedMass_sig_frac_cat0 = 0.5 +/- 0.420735
  9) RooRealVar::         ReducedMass_sig_mean_cat0 = 0 +/- 0.00841471
 10) RooRealVar::        ReducedMass_sig_sigma_cat0 = 0.011 +/- 0.224792
 11) RooRealVar::                          eff_trig = 0
 12) RooRealVar::                       eff_trig_In = 0
 13) RooRealVar::                       global_syst = 0
 14) RooRealVar::                    global_syst_In = 0
 15) RooRealVar::                         id_eff_eb = 0
 16) RooRealVar::                      id_eff_eb_In = 0
 17) RooRealVar::                         lumi_8TeV = 0
 18) RooRealVar::                      lumi_8TeV_In = 0
 19) RooRealVar::                       mShift_cat0 = 0
 20) RooRealVar::                    mShift_cat0_In = 0
 21) RooRealVar::                       mSmear_cat0 = 0
 22) RooRealVar::                    mSmear_cat0_In = 0
 23) RooRealVar::            n_exp_bincat0_proc_bkg = 5512
 24) RooRealVar::                                 r = 2
 25) RooRealVar::                             r9Eff = 0
 26) RooRealVar::                          r9Eff_In = 0
 27) RooRealVar::                 rooSigmaCorr_cat0 = 0.951475
 28) RooRealVar::                            vtxEff = 0
 29) RooRealVar::                         vtxEff_In = 0

Make global fit of real data
[#1] INFO:NumericIntegration -- RooRealIntegral::init(shapeBkg_bkg_cat0_Int[PhotonsMass]) using numeric integrator RooIntegrator1D to calculate Int(PhotonsMass)
[#1] INFO:Caching -- RooAbsCachedPdf::getCache(shapeSig_sig_cat0) creating new cache 0x9ca4250 with pdf SigModelBW_cat0_CONV_ResAddPdf_cat0_CACHE_Obs[PhotonsMass] for nset (PhotonsMass) with code 1 from preexisting content.
Minuit2Minimizer: Minimize with max-calls 5500 convergence for edm < 0.01 strategy 0
Minuit2Minimizer : Valid minimum - status = 0
FVAL  = -8.75324937296295325
Edm   = 3.70012235067423518e-06
Nfcn  = 190
PhotonsMass_bkg_8TeV_ExpPAR1_cat0	  = 0.00379478	 +/-  0.000189237	(limited)
PhotonsMass_bkg_8TeV_ExpPAR2_cat0	  = -2.94448	 +/-  0.0522664	(limited)
eff_trig	  = -0.000254334	 +/-  0.99406	(limited)
global_syst	  = -0.000377195	 +/-  0.985085	(limited)
id_eff_eb	  = -0.000140084	 +/-  0.995893	(limited)
lumi_8TeV	  = -0.000302182	 +/-  0.989102	(limited)
mShift_cat0	  = 0	 +/-  0.989616	(limited)
mSmear_cat0	  = 4.37188e-05	 +/-  0.988115	(limited)
r	  = 1.0629e-07	 +/-  0.315917	(limited)
r9Eff	  = -0.000259131	 +/-  0.960532	(limited)
vtxEff	  = -0.000270516	 +/-  0.910259	(limited)
NLL at global minimum of data: -13392.7 (r = 1.0629e-07)
   0) MH                             =       250
   1) PhotonsMass_bkg_8TeV_ExpPAR1_cat0 = 0.00379478
   2) PhotonsMass_bkg_8TeV_ExpPAR2_cat0 =  -2.94448
   3) ReducedMass_sig_Nneg_cat0      =   1.38518
   4) ReducedMass_sig_Npos_cat0      =         5
   5) ReducedMass_sig_alphaCBneg_cat0 =       1.6
   6) ReducedMass_sig_alphaCBpos_cat0 =      -1.6
   7) ReducedMass_sig_frac_cat0      =       0.5
   8) ReducedMass_sig_mean_cat0      =         0
   9) ReducedMass_sig_sigma_cat0     =     0.011
  10) eff_trig                       = -0.000254334
  11) eff_trig_In                    =         0
  12) global_syst                    = -0.000377195
  13) global_syst_In                 =         0
  14) id_eff_eb                      = -0.000140084
  15) id_eff_eb_In                   =         0
  16) lumi_8TeV                      = -0.000302182
  17) lumi_8TeV_In                   =         0
  18) mShift_cat0                    =         0
  19) mShift_cat0_In                 =         0
  20) mSmear_cat0                    = 4.37188e-05
  21) mSmear_cat0_In                 =         0
  22) n_exp_bincat0_proc_bkg         =      5512
  23) r                              = 1.0629e-07
  24) r9Eff                          = -0.000259131
  25) r9Eff_In                       =         0
  26) rooSigmaCorr_cat0              =  0.951475
  27) vtxEff                         = -0.000270516
  28) vtxEff_In                      =         0


Make global fit of asimov data
[#1] INFO:NumericIntegration -- RooRealIntegral::init(shapeBkg_bkg_cat0_Int[PhotonsMass]) using numeric integrator RooIntegrator1D to calculate Int(PhotonsMass)
[#1] INFO:Caching -- RooAbsCachedPdf::getCache(shapeSig_sig_cat0) creating new cache 0x9cc5810 with pdf SigModelBW_cat0_CONV_ResAddPdf_cat0_CACHE_Obs[PhotonsMass] for nset (PhotonsMass) with code 1
Minuit2Minimizer: Minimize with max-calls 5500 convergence for edm < 0.01 strategy 0
Minuit2Minimizer : Valid minimum - status = 0
FVAL  = -0.000907894656193268686
Edm   = 2.02226184799152055e-06
Nfcn  = 149
PhotonsMass_bkg_8TeV_ExpPAR1_cat0	  = 0.00386485	 +/-  0.00167048	(limited)
PhotonsMass_bkg_8TeV_ExpPAR2_cat0	  = -2.92434	 +/-  0.472312	(limited)
eff_trig	  = 9.78199e-05	 +/-  0.998499	(limited)
global_syst	  = 0.000144008	 +/-  1.00065	(limited)
id_eff_eb	  = 5.4087e-05	 +/-  0.997227	(limited)
lumi_8TeV	  = 0.000120902	 +/-  0.999154	(limited)
mShift_cat0	  = 0	 +/-  0.989616	(limited)
mSmear_cat0	  = -1.73327e-05	 +/-  0.989669	(limited)
r	  = 9.04209e-05	 +/-  16.1252	(limited)
r9Eff	  = 0.000102474	 +/-  0.998531	(limited)
vtxEff	  = 0.000104166	 +/-  0.998736	(limited)
NLL at global minimum of asimov: -13392.3 (r = 9.04209e-05)
   0) MH                             =       250
   1) PhotonsMass_bkg_8TeV_ExpPAR1_cat0 = 0.00386485
   2) PhotonsMass_bkg_8TeV_ExpPAR2_cat0 =  -2.92434
   3) ReducedMass_sig_Nneg_cat0      =   1.38518
   4) ReducedMass_sig_Npos_cat0      =         5
   5) ReducedMass_sig_alphaCBneg_cat0 =       1.6
   6) ReducedMass_sig_alphaCBpos_cat0 =      -1.6
   7) ReducedMass_sig_frac_cat0      =       0.5
   8) ReducedMass_sig_mean_cat0      =         0
   9) ReducedMass_sig_sigma_cat0     =     0.011
  10) eff_trig                       = 9.78199e-05
  11) eff_trig_In                    =         0
  12) global_syst                    = 0.000144008
  13) global_syst_In                 =         0
  14) id_eff_eb                      = 5.4087e-05
  15) id_eff_eb_In                   =         0
  16) lumi_8TeV                      = 0.000120902
  17) lumi_8TeV_In                   =         0
  18) mShift_cat0                    =         0
  19) mShift_cat0_In                 =         0
  20) mSmear_cat0                    = -1.73327e-05
  21) mSmear_cat0_In                 =         0
  22) n_exp_bincat0_proc_bkg         =      5512
  23) r                              = 9.04209e-05
  24) r9Eff                          = 0.000102474
  25) r9Eff_In                       =         0
  26) rooSigmaCorr_cat0              =  0.951475
  27) vtxEff                         = 0.000104166
  28) vtxEff_In                      =         0

Minuit2Minimizer: Minimize with max-calls 5000 convergence for edm < 0.01 strategy 0
Minuit2Minimizer : Valid minimum - status = 0
FVAL  = -0.366420546689910309
Edm   = 1.12502562538081754e-07
Nfcn  = 203
PhotonsMass_bkg_8TeV_ExpPAR1_cat0	  = 0.00255117	 +/-  0.00160608	(limited)
PhotonsMass_bkg_8TeV_ExpPAR2_cat0	  = -3.30344	 +/-  0.457623	(limited)
eff_trig	  = -0.0514458	 +/-  0.995534	(limited)
global_syst	  = -0.252346	 +/-  0.986189	(limited)
id_eff_eb	  = -0.0257907	 +/-  0.996312	(limited)
lumi_8TeV	  = -0.132614	 +/-  0.992808	(limited)
mShift_cat0	  = 0	 +/-  0.989616	(limited)
mSmear_cat0	  = 0.00711753	 +/-  0.989063	(limited)
r9Eff	  = 0.0532384	 +/-  0.937153	(limited)
vtxEff	  = -0.0287281	 +/-  0.955468	(limited)
   0) MH                             =       250
   1) PhotonsMass_bkg_8TeV_ExpPAR1_cat0 = 0.00255117
   2) PhotonsMass_bkg_8TeV_ExpPAR2_cat0 =  -3.30344
   3) ReducedMass_sig_Nneg_cat0      =   1.38518
   4) ReducedMass_sig_Npos_cat0      =         5
   5) ReducedMass_sig_alphaCBneg_cat0 =       1.6
   6) ReducedMass_sig_alphaCBpos_cat0 =      -1.6
   7) ReducedMass_sig_frac_cat0      =       0.5
   8) ReducedMass_sig_mean_cat0      =         0
   9) ReducedMass_sig_sigma_cat0     =     0.011
  10) eff_trig                       = -0.0514458
  11) eff_trig_In                    =         0
  12) global_syst                    = -0.252346
  13) global_syst_In                 =         0
  14) id_eff_eb                      = -0.0257907
  15) id_eff_eb_In                   =         0
  16) lumi_8TeV                      = -0.132614
  17) lumi_8TeV_In                   =         0
  18) mShift_cat0                    =         0
  19) mShift_cat0_In                 =         0
  20) mSmear_cat0                    = 0.00711753
  21) mSmear_cat0_In                 =         0
  22) n_exp_bincat0_proc_bkg         =      5512
  23) r                              =       1.2
  24) r9Eff                          = 0.0532384
  25) r9Eff_In                       =         0
  26) rooSigmaCorr_cat0              =  0.951475
  27) vtxEff                         = -0.0287281
  28) vtxEff_In                      =         0

Minuit2Minimizer: Minimize with max-calls 5000 convergence for edm < 0.01 strategy 0
Minuit2Minimizer : Valid minimum - status = 0
FVAL  = -0.38629189837948269
Edm   = 2.17699907862962226e-07
Nfcn  = 204
PhotonsMass_bkg_8TeV_ExpPAR1_cat0	  = 0.00252997	 +/-  0.00161302	(limited)
PhotonsMass_bkg_8TeV_ExpPAR2_cat0	  = -3.30957	 +/-  0.460423	(limited)
eff_trig	  = -0.0351095	 +/-  0.996011	(limited)
global_syst	  = -0.172438	 +/-  0.989697	(limited)
id_eff_eb	  = -0.0176002	 +/-  0.996456	(limited)
lumi_8TeV	  = -0.090533	 +/-  0.993292	(limited)
mShift_cat0	  = 0	 +/-  0.989616	(limited)
mSmear_cat0	  = 0.0115254	 +/-  0.988963	(limited)
r9Eff	  = 0.0375216	 +/-  0.952378	(limited)
vtxEff	  = -0.0200572	 +/-  0.966278	(limited)
   0) MH                             =       250
   1) PhotonsMass_bkg_8TeV_ExpPAR1_cat0 = 0.00252997
   2) PhotonsMass_bkg_8TeV_ExpPAR2_cat0 =  -3.30957
   3) ReducedMass_sig_Nneg_cat0      =   1.38518
   4) ReducedMass_sig_Npos_cat0      =         5
   5) ReducedMass_sig_alphaCBneg_cat0 =       1.6
   6) ReducedMass_sig_alphaCBpos_cat0 =      -1.6
   7) ReducedMass_sig_frac_cat0      =       0.5
   8) ReducedMass_sig_mean_cat0      =         0
   9) ReducedMass_sig_sigma_cat0     =     0.011
  10) eff_trig                       = -0.0351095
  11) eff_trig_In                    =         0
  12) global_syst                    = -0.172438
  13) global_syst_In                 =         0
  14) id_eff_eb                      = -0.0176002
  15) id_eff_eb_In                   =         0
  16) lumi_8TeV                      = -0.090533
  17) lumi_8TeV_In                   =         0
  18) mShift_cat0                    =         0
  19) mShift_cat0_In                 =         0
  20) mSmear_cat0                    = 0.0115254
  21) mSmear_cat0_In                 =         0
  22) n_exp_bincat0_proc_bkg         =      5512
  23) r                              =       1.2
  24) r9Eff                          = 0.0375216
  25) r9Eff_In                       =         0
  26) rooSigmaCorr_cat0              =  0.951475
  27) vtxEff                         = -0.0200572
  28) vtxEff_In                      =         0

At r = 1.200000:	q_mu = 7.06497	q_A  = 3.64314	CLsb = 0.00252	CLb  = 0.18503	CLs  = 0.01359
Minuit2Minimizer: Minimize with max-calls 5000 convergence for edm < 0.01 strategy 0
Minuit2Minimizer : Valid minimum - status = 0
FVAL  = -0.100762583922408402
Edm   = 4.59191838129255724e-06
Nfcn  = 159
PhotonsMass_bkg_8TeV_ExpPAR1_cat0	  = 0.00317609	 +/-  0.00161032	(limited)
PhotonsMass_bkg_8TeV_ExpPAR2_cat0	  = -3.12319	 +/-  0.454373	(limited)
eff_trig	  = -0.0173224	 +/-  0.996258	(limited)
global_syst	  = -0.0879529	 +/-  0.993328	(limited)
id_eff_eb	  = -0.00867243	 +/-  0.996503	(limited)
lumi_8TeV	  = -0.0450673	 +/-  0.995002	(limited)
mShift_cat0	  = 0	 +/-  0.989616	(limited)
mSmear_cat0	  = 0.000761701	 +/-  0.989592	(limited)
r9Eff	  = 0.0190269	 +/-  0.979993	(limited)
vtxEff	  = -0.0101056	 +/-  0.985167	(limited)
   0) MH                             =       250
   1) PhotonsMass_bkg_8TeV_ExpPAR1_cat0 = 0.00317609
   2) PhotonsMass_bkg_8TeV_ExpPAR2_cat0 =  -3.12319
   3) ReducedMass_sig_Nneg_cat0      =   1.38518
   4) ReducedMass_sig_Npos_cat0      =         5
   5) ReducedMass_sig_alphaCBneg_cat0 =       1.6
   6) ReducedMass_sig_alphaCBpos_cat0 =      -1.6
   7) ReducedMass_sig_frac_cat0      =       0.5
   8) ReducedMass_sig_mean_cat0      =         0
   9) ReducedMass_sig_sigma_cat0     =     0.011
  10) eff_trig                       = -0.0173224
  11) eff_trig_In                    =         0
  12) global_syst                    = -0.0879529
  13) global_syst_In                 =         0
  14) id_eff_eb                      = -0.00867243
  15) id_eff_eb_In                   =         0
  16) lumi_8TeV                      = -0.0450673
  17) lumi_8TeV_In                   =         0
  18) mShift_cat0                    =         0
  19) mShift_cat0_In                 =         0
  20) mSmear_cat0                    = 0.000761701
  21) mSmear_cat0_In                 =         0
  22) n_exp_bincat0_proc_bkg         =      5512
  23) r                              =       0.6
  24) r9Eff                          = 0.0190269
  25) r9Eff_In                       =         0
  26) rooSigmaCorr_cat0              =  0.951475
  27) vtxEff                         = -0.0101056
  28) vtxEff_In                      =         0

Minuit2Minimizer: Minimize with max-calls 5000 convergence for edm < 0.01 strategy 0
Minuit2Minimizer : Valid minimum - status = 0
FVAL  = -0.0990342941392519382
Edm   = 2.39826310758867951e-06
Nfcn  = 158
PhotonsMass_bkg_8TeV_ExpPAR1_cat0	  = 0.00317724	 +/-  0.00147927	(limited)
PhotonsMass_bkg_8TeV_ExpPAR2_cat0	  = -3.12258	 +/-  0.410529	(limited)
eff_trig	  = -0.00947154	 +/-  0.996934	(limited)
global_syst	  = -0.0461855	 +/-  1.00277	(limited)
id_eff_eb	  = -0.00474835	 +/-  0.996688	(limited)
lumi_8TeV	  = -0.0244014	 +/-  0.998662	(limited)
mShift_cat0	  = 0	 +/-  0.989616	(limited)
mSmear_cat0	  = 0.00315612	 +/-  0.989621	(limited)
r9Eff	  = 0.0106381	 +/-  0.989167	(limited)
vtxEff	  = -0.00560126	 +/-  0.9914	(limited)
   0) MH                             =       250
   1) PhotonsMass_bkg_8TeV_ExpPAR1_cat0 = 0.00317724
   2) PhotonsMass_bkg_8TeV_ExpPAR2_cat0 =  -3.12258
   3) ReducedMass_sig_Nneg_cat0      =   1.38518
   4) ReducedMass_sig_Npos_cat0      =         5
   5) ReducedMass_sig_alphaCBneg_cat0 =       1.6
   6) ReducedMass_sig_alphaCBpos_cat0 =      -1.6
   7) ReducedMass_sig_frac_cat0      =       0.5
   8) ReducedMass_sig_mean_cat0      =         0
   9) ReducedMass_sig_sigma_cat0     =     0.011
  10) eff_trig                       = -0.00947154
  11) eff_trig_In                    =         0
  12) global_syst                    = -0.0461855
  13) global_syst_In                 =         0
  14) id_eff_eb                      = -0.00474835
  15) id_eff_eb_In                   =         0
  16) lumi_8TeV                      = -0.0244014
  17) lumi_8TeV_In                   =         0
  18) mShift_cat0                    =         0
  19) mShift_cat0_In                 =         0
  20) mSmear_cat0                    = 0.00315612
  21) mSmear_cat0_In                 =         0
  22) n_exp_bincat0_proc_bkg         =      5512
  23) r                              =       0.6
  24) r9Eff                          = 0.0106381
  25) r9Eff_In                       =         0
  26) rooSigmaCorr_cat0              =  0.951475
  27) vtxEff                         = -0.00560126
  28) vtxEff_In                      =         0

At r = 0.600000:	q_mu = 2.68359	q_A  = 0.94020	CLsb = 0.03084	CLb  = 0.18433	CLs  = 0.16729
Minuit2Minimizer: Minimize with max-calls 5000 convergence for edm < 0.01 strategy 0
Minuit2Minimizer : Valid minimum - status = 0
FVAL  = -0.0246023028923014579
Edm   = 2.77072484429056059e-07
Nfcn  = 154
PhotonsMass_bkg_8TeV_ExpPAR1_cat0	  = 0.00285932	 +/-  0.00159948	(limited)
PhotonsMass_bkg_8TeV_ExpPAR2_cat0	  = -3.21448	 +/-  0.454297	(limited)
eff_trig	  = -0.0329421	 +/-  0.996496	(limited)
global_syst	  = -0.160307	 +/-  0.99065	(limited)
id_eff_eb	  = -0.0165157	 +/-  0.996581	(limited)
lumi_8TeV	  = -0.0848187	 +/-  0.994411	(limited)
mShift_cat0	  = 0	 +/-  0.989616	(limited)
mSmear_cat0	  = 0.00337093	 +/-  0.989408	(limited)
r9Eff	  = 0.0353784	 +/-  0.961071	(limited)
vtxEff	  = -0.0188967	 +/-  0.972232	(limited)
   0) MH                             =       250
   1) PhotonsMass_bkg_8TeV_ExpPAR1_cat0 = 0.00285932
   2) PhotonsMass_bkg_8TeV_ExpPAR2_cat0 =  -3.21448
   3) ReducedMass_sig_Nneg_cat0      =   1.38518
   4) ReducedMass_sig_Npos_cat0      =         5
   5) ReducedMass_sig_alphaCBneg_cat0 =       1.6
   6) ReducedMass_sig_alphaCBpos_cat0 =      -1.6
   7) ReducedMass_sig_frac_cat0      =       0.5
   8) ReducedMass_sig_mean_cat0      =         0
   9) ReducedMass_sig_sigma_cat0     =     0.011
  10) eff_trig                       = -0.0329421
  11) eff_trig_In                    =         0
  12) global_syst                    = -0.160307
  13) global_syst_In                 =         0
  14) id_eff_eb                      = -0.0165157
  15) id_eff_eb_In                   =         0
  16) lumi_8TeV                      = -0.0848187
  17) lumi_8TeV_In                   =         0
  18) mShift_cat0                    =         0
  19) mShift_cat0_In                 =         0
  20) mSmear_cat0                    = 0.00337093
  21) mSmear_cat0_In                 =         0
  22) n_exp_bincat0_proc_bkg         =      5512
  23) r                              =       0.9
  24) r9Eff                          = 0.0353784
  25) r9Eff_In                       =         0
  26) rooSigmaCorr_cat0              =  0.951475
  27) vtxEff                         = -0.0188967
  28) vtxEff_In                      =         0

Minuit2Minimizer: Minimize with max-calls 5000 convergence for edm < 0.01 strategy 0
Minuit2Minimizer : Valid minimum - status = 0
FVAL  = -0.0240770349926191299
Edm   = 1.63651978085594388e-07
Nfcn  = 158
PhotonsMass_bkg_8TeV_ExpPAR1_cat0	  = 0.00285049	 +/-  0.00160008	(limited)
PhotonsMass_bkg_8TeV_ExpPAR2_cat0	  = -3.21698	 +/-  0.454484	(limited)
eff_trig	  = -0.0203908	 +/-  0.996224	(limited)
global_syst	  = -0.0988903	 +/-  0.99134	(limited)
id_eff_eb	  = -0.0102242	 +/-  0.996511	(limited)
lumi_8TeV	  = -0.0524625	 +/-  0.99405	(limited)
mShift_cat0	  = 0	 +/-  0.989616	(limited)
mSmear_cat0	  = 0.00674404	 +/-  0.98931	(limited)
r9Eff	  = 0.0224732	 +/-  0.97332	(limited)
vtxEff	  = -0.0119095	 +/-  0.980856	(limited)
   0) MH                             =       250
   1) PhotonsMass_bkg_8TeV_ExpPAR1_cat0 = 0.00285049
   2) PhotonsMass_bkg_8TeV_ExpPAR2_cat0 =  -3.21698
   3) ReducedMass_sig_Nneg_cat0      =   1.38518
   4) ReducedMass_sig_Npos_cat0      =         5
   5) ReducedMass_sig_alphaCBneg_cat0 =       1.6
   6) ReducedMass_sig_alphaCBpos_cat0 =      -1.6
   7) ReducedMass_sig_frac_cat0      =       0.5
   8) ReducedMass_sig_mean_cat0      =         0
   9) ReducedMass_sig_sigma_cat0     =     0.011
  10) eff_trig                       = -0.0203908
  11) eff_trig_In                    =         0
  12) global_syst                    = -0.0988903
  13) global_syst_In                 =         0
  14) id_eff_eb                      = -0.0102242
  15) id_eff_eb_In                   =         0
  16) lumi_8TeV                      = -0.0524625
  17) lumi_8TeV_In                   =         0
  18) mShift_cat0                    =         0
  19) mShift_cat0_In                 =         0
  20) mSmear_cat0                    = 0.00674404
  21) mSmear_cat0_In                 =         0
  22) n_exp_bincat0_proc_bkg         =      5512
  23) r                              =       0.9
  24) r9Eff                          = 0.0224732
  25) r9Eff_In                       =         0
  26) rooSigmaCorr_cat0              =  0.951475
  27) vtxEff                         = -0.0119095
  28) vtxEff_In                      =         0

At r = 0.900000:	q_mu = 4.67297	q_A  = 2.08076	CLsb = 0.00962	CLb  = 0.18445	CLs  = 0.05213
Minuit2Minimizer: Minimize with max-calls 5000 convergence for edm < 0.01 strategy 0
Minuit2Minimizer : Valid minimum - status = 0
FVAL  = -0.00641399094065836332
Edm   = 5.64731525001015568e-07
Nfcn  = 136
PhotonsMass_bkg_8TeV_ExpPAR1_cat0	  = 0.00270567	 +/-  0.0015854	(limited)
PhotonsMass_bkg_8TeV_ExpPAR2_cat0	  = -3.25884	 +/-  0.455016	(limited)
eff_trig	  = -0.041839	 +/-  0.994772	(limited)
global_syst	  = -0.20412	 +/-  0.986579	(limited)
id_eff_eb	  = -0.020977	 +/-  0.996051	(limited)
lumi_8TeV	  = -0.107716	 +/-  0.990554	(limited)
mShift_cat0	  = 0	 +/-  0.989616	(limited)
mSmear_cat0	  = 0.00511548	 +/-  0.989231	(limited)
r9Eff	  = 0.0441453	 +/-  0.952482	(limited)
vtxEff	  = -0.0237003	 +/-  0.966163	(limited)
   0) MH                             =       250
   1) PhotonsMass_bkg_8TeV_ExpPAR1_cat0 = 0.00270567
   2) PhotonsMass_bkg_8TeV_ExpPAR2_cat0 =  -3.25884
   3) ReducedMass_sig_Nneg_cat0      =   1.38518
   4) ReducedMass_sig_Npos_cat0      =         5
   5) ReducedMass_sig_alphaCBneg_cat0 =       1.6
   6) ReducedMass_sig_alphaCBpos_cat0 =      -1.6
   7) ReducedMass_sig_frac_cat0      =       0.5
   8) ReducedMass_sig_mean_cat0      =         0
   9) ReducedMass_sig_sigma_cat0     =     0.011
  10) eff_trig                       = -0.041839
  11) eff_trig_In                    =         0
  12) global_syst                    =  -0.20412
  13) global_syst_In                 =         0
  14) id_eff_eb                      = -0.020977
  15) id_eff_eb_In                   =         0
  16) lumi_8TeV                      = -0.107716
  17) lumi_8TeV_In                   =         0
  18) mShift_cat0                    =         0
  19) mShift_cat0_In                 =         0
  20) mSmear_cat0                    = 0.00511548
  21) mSmear_cat0_In                 =         0
  22) n_exp_bincat0_proc_bkg         =      5512
  23) r                              =      1.05
  24) r9Eff                          = 0.0441453
  25) r9Eff_In                       =         0
  26) rooSigmaCorr_cat0              =  0.951475
  27) vtxEff                         = -0.0237003
  28) vtxEff_In                      =         0

Minuit2Minimizer: Minimize with max-calls 5000 convergence for edm < 0.01 strategy 0
Minuit2Minimizer : Valid minimum - status = 0
FVAL  = -0.00625892115081596624
Edm   = 5.96418222315915812e-07
Nfcn  = 136
PhotonsMass_bkg_8TeV_ExpPAR1_cat0	  = 0.00269092	 +/-  0.00158565	(limited)
PhotonsMass_bkg_8TeV_ExpPAR2_cat0	  = -3.26306	 +/-  0.454229	(limited)
eff_trig	  = -0.0273535	 +/-  0.995075	(limited)
global_syst	  = -0.133306	 +/-  0.988148	(limited)
id_eff_eb	  = -0.0137151	 +/-  0.996201	(limited)
lumi_8TeV	  = -0.0704131	 +/-  0.991182	(limited)
mShift_cat0	  = 0	 +/-  0.989616	(limited)
mSmear_cat0	  = 0.00901355	 +/-  0.989094	(limited)
r9Eff	  = 0.0297155	 +/-  0.966087	(limited)
vtxEff	  = -0.0158154	 +/-  0.976046	(limited)
   0) MH                             =       250
   1) PhotonsMass_bkg_8TeV_ExpPAR1_cat0 = 0.00269092
   2) PhotonsMass_bkg_8TeV_ExpPAR2_cat0 =  -3.26306
   3) ReducedMass_sig_Nneg_cat0      =   1.38518
   4) ReducedMass_sig_Npos_cat0      =         5
   5) ReducedMass_sig_alphaCBneg_cat0 =       1.6
   6) ReducedMass_sig_alphaCBpos_cat0 =      -1.6
   7) ReducedMass_sig_frac_cat0      =       0.5
   8) ReducedMass_sig_mean_cat0      =         0
   9) ReducedMass_sig_sigma_cat0     =     0.011
  10) eff_trig                       = -0.0273535
  11) eff_trig_In                    =         0
  12) global_syst                    = -0.133306
  13) global_syst_In                 =         0
  14) id_eff_eb                      = -0.0137151
  15) id_eff_eb_In                   =         0
  16) lumi_8TeV                      = -0.0704131
  17) lumi_8TeV_In                   =         0
  18) mShift_cat0                    =         0
  19) mShift_cat0_In                 =         0
  20) mSmear_cat0                    = 0.00901355
  21) mSmear_cat0_In                 =         0
  22) n_exp_bincat0_proc_bkg         =      5512
  23) r                              =      1.05
  24) r9Eff                          = 0.0297155
  25) r9Eff_In                       =         0
  26) rooSigmaCorr_cat0              =  0.951475
  27) vtxEff                         = -0.0158154
  28) vtxEff_In                      =         0

At r = 1.050000:	q_mu = 5.82010	q_A  = 2.81053	CLsb = 0.00503	CLb  = 0.18470	CLs  = 0.02721
Minuit2Minimizer: Minimize with max-calls 5000 convergence for edm < 0.01 strategy 0
Minuit2Minimizer : Valid minimum - status = 0
FVAL  = -0.00353890546213808232
Edm   = 1.76656443269056055e-07
Nfcn  = 135
PhotonsMass_bkg_8TeV_ExpPAR1_cat0	  = 0.00281941	 +/-  0.00161908	(limited)
PhotonsMass_bkg_8TeV_ExpPAR2_cat0	  = -3.22597	 +/-  0.455862	(limited)
eff_trig	  = -0.035045	 +/-  0.996031	(limited)
global_syst	  = -0.170962	 +/-  0.990324	(limited)
id_eff_eb	  = -0.0175679	 +/-  0.996426	(limited)
lumi_8TeV	  = -0.0903182	 +/-  0.994394	(limited)
mShift_cat0	  = 0	 +/-  0.989616	(limited)
mSmear_cat0	  = 0.00376531	 +/-  0.98942	(limited)
r9Eff	  = 0.0375034	 +/-  0.961342	(limited)
vtxEff	  = -0.0200453	 +/-  0.97217	(limited)
   0) MH                             =       250
   1) PhotonsMass_bkg_8TeV_ExpPAR1_cat0 = 0.00281941
   2) PhotonsMass_bkg_8TeV_ExpPAR2_cat0 =  -3.22597
   3) ReducedMass_sig_Nneg_cat0      =   1.38518
   4) ReducedMass_sig_Npos_cat0      =         5
   5) ReducedMass_sig_alphaCBneg_cat0 =       1.6
   6) ReducedMass_sig_alphaCBpos_cat0 =      -1.6
   7) ReducedMass_sig_frac_cat0      =       0.5
   8) ReducedMass_sig_mean_cat0      =         0
   9) ReducedMass_sig_sigma_cat0     =     0.011
  10) eff_trig                       = -0.035045
  11) eff_trig_In                    =         0
  12) global_syst                    = -0.170962
  13) global_syst_In                 =         0
  14) id_eff_eb                      = -0.0175679
  15) id_eff_eb_In                   =         0
  16) lumi_8TeV                      = -0.0903182
  17) lumi_8TeV_In                   =         0
  18) mShift_cat0                    =         0
  19) mShift_cat0_In                 =         0
  20) mSmear_cat0                    = 0.00376531
  21) mSmear_cat0_In                 =         0
  22) n_exp_bincat0_proc_bkg         =      5512
  23) r                              =  0.937706
  24) r9Eff                          = 0.0375034
  25) r9Eff_In                       =         0
  26) rooSigmaCorr_cat0              =  0.951475
  27) vtxEff                         = -0.0200453
  28) vtxEff_In                      =         0

Minuit2Minimizer: Minimize with max-calls 5000 convergence for edm < 0.01 strategy 0
Minuit2Minimizer : Valid minimum - status = 0
FVAL  = -0.0034358261302313885
Edm   = 1.22212813642463685e-07
Nfcn  = 135
PhotonsMass_bkg_8TeV_ExpPAR1_cat0	  = 0.00280898	 +/-  0.00161215	(limited)
PhotonsMass_bkg_8TeV_ExpPAR2_cat0	  = -3.22894	 +/-  0.454867	(limited)
eff_trig	  = -0.0219404	 +/-  0.996681	(limited)
global_syst	  = -0.107265	 +/-  0.992752	(limited)
id_eff_eb	  = -0.0109981	 +/-  0.996616	(limited)
lumi_8TeV	  = -0.0565719	 +/-  0.996199	(limited)
mShift_cat0	  = 0	 +/-  0.989616	(limited)
mSmear_cat0	  = 0.00724855	 +/-  0.989389	(limited)
r9Eff	  = 0.0241156	 +/-  0.974432	(limited)
vtxEff	  = -0.012785	 +/-  0.981274	(limited)
   0) MH                             =       250
   1) PhotonsMass_bkg_8TeV_ExpPAR1_cat0 = 0.00280898
   2) PhotonsMass_bkg_8TeV_ExpPAR2_cat0 =  -3.22894
   3) ReducedMass_sig_Nneg_cat0      =   1.38518
   4) ReducedMass_sig_Npos_cat0      =         5
   5) ReducedMass_sig_alphaCBneg_cat0 =       1.6
   6) ReducedMass_sig_alphaCBpos_cat0 =      -1.6
   7) ReducedMass_sig_frac_cat0      =       0.5
   8) ReducedMass_sig_mean_cat0      =         0
   9) ReducedMass_sig_sigma_cat0     =     0.011
  10) eff_trig                       = -0.0219404
  11) eff_trig_In                    =         0
  12) global_syst                    = -0.107265
  13) global_syst_In                 =         0
  14) id_eff_eb                      = -0.0109981
  15) id_eff_eb_In                   =         0
  16) lumi_8TeV                      = -0.0565719
  17) lumi_8TeV_In                   =         0
  18) mShift_cat0                    =         0
  19) mShift_cat0_In                 =         0
  20) mSmear_cat0                    = 0.00724855
  21) mSmear_cat0_In                 =         0
  22) n_exp_bincat0_proc_bkg         =      5512
  23) r                              =  0.937706
  24) r9Eff                          = 0.0241156
  25) r9Eff_In                       =         0
  26) rooSigmaCorr_cat0              =  0.951475
  27) vtxEff                         = -0.012785
  28) vtxEff_In                      =         0

At r = 0.937706:	q_mu = 4.95197	q_A  = 2.25438	CLsb = 0.00820	CLb  = 0.18451	CLs  = 0.04446
Minuit2Minimizer: Minimize with max-calls 5000 convergence for edm < 0.01 strategy 0
Minuit2Minimizer : Valid minimum - status = 0
FVAL  = -3.70657252221190099e-05
Edm   = 1.27844946879049116e-06
Nfcn  = 89
PhotonsMass_bkg_8TeV_ExpPAR1_cat0	  = 0.00281962	 +/-  0.000221207	(limited)
PhotonsMass_bkg_8TeV_ExpPAR2_cat0	  = -3.22582	 +/-  0.0470052	(limited)
eff_trig	  = -0.0334478	 +/-  0.995829	(limited)
global_syst	  = -0.164088	 +/-  0.987884	(limited)
id_eff_eb	  = -0.0167653	 +/-  0.996404	(limited)
lumi_8TeV	  = -0.0862909	 +/-  0.992291	(limited)
mShift_cat0	  = 0	 +/-  0.989616	(limited)
mSmear_cat0	  = 0.003446	 +/-  0.98939	(limited)
r9Eff	  = 0.0359092	 +/-  0.961826	(limited)
vtxEff	  = -0.0191735	 +/-  0.972609	(limited)
   0) MH                             =       250
   1) PhotonsMass_bkg_8TeV_ExpPAR1_cat0 = 0.00281962
   2) PhotonsMass_bkg_8TeV_ExpPAR2_cat0 =  -3.22582
   3) ReducedMass_sig_Nneg_cat0      =   1.38518
   4) ReducedMass_sig_Npos_cat0      =         5
   5) ReducedMass_sig_alphaCBneg_cat0 =       1.6
   6) ReducedMass_sig_alphaCBpos_cat0 =      -1.6
   7) ReducedMass_sig_frac_cat0      =       0.5
   8) ReducedMass_sig_mean_cat0      =         0
   9) ReducedMass_sig_sigma_cat0     =     0.011
  10) eff_trig                       = -0.0334478
  11) eff_trig_In                    =         0
  12) global_syst                    = -0.164088
  13) global_syst_In                 =         0
  14) id_eff_eb                      = -0.0167653
  15) id_eff_eb_In                   =         0
  16) lumi_8TeV                      = -0.0862909
  17) lumi_8TeV_In                   =         0
  18) mShift_cat0                    =         0
  19) mShift_cat0_In                 =         0
  20) mSmear_cat0                    =  0.003446
  21) mSmear_cat0_In                 =         0
  22) n_exp_bincat0_proc_bkg         =      5512
  23) r                              =  0.915448
  24) r9Eff                          = 0.0359092
  25) r9Eff_In                       =         0
  26) rooSigmaCorr_cat0              =  0.951475
  27) vtxEff                         = -0.0191735
  28) vtxEff_In                      =         0

Minuit2Minimizer: Minimize with max-calls 5000 convergence for edm < 0.01 strategy 0
Minuit2Minimizer : Valid minimum - status = 0
FVAL  = -2.26099361686626949e-05
Edm   = 3.60911004456301846e-06
Nfcn  = 63
PhotonsMass_bkg_8TeV_ExpPAR1_cat0	  = 0.00280881	 +/-  0.000187828	(limited)
PhotonsMass_bkg_8TeV_ExpPAR2_cat0	  = -3.22878	 +/-  0.0576797	(limited)
eff_trig	  = -0.0209064	 +/-  0.998566	(limited)
global_syst	  = -0.102527	 +/-  1.04048	(limited)
id_eff_eb	  = -0.0104791	 +/-  0.997078	(limited)
lumi_8TeV	  = -0.0539338	 +/-  1.00977	(limited)
mShift_cat0	  = 0	 +/-  0.989616	(limited)
mSmear_cat0	  = 0.00691381	 +/-  0.989573	(limited)
r9Eff	  = 0.0230305	 +/-  0.977055	(limited)
vtxEff	  = -0.0122007	 +/-  0.98226	(limited)
   0) MH                             =       250
   1) PhotonsMass_bkg_8TeV_ExpPAR1_cat0 = 0.00280881
   2) PhotonsMass_bkg_8TeV_ExpPAR2_cat0 =  -3.22878
   3) ReducedMass_sig_Nneg_cat0      =   1.38518
   4) ReducedMass_sig_Npos_cat0      =         5
   5) ReducedMass_sig_alphaCBneg_cat0 =       1.6
   6) ReducedMass_sig_alphaCBpos_cat0 =      -1.6
   7) ReducedMass_sig_frac_cat0      =       0.5
   8) ReducedMass_sig_mean_cat0      =         0
   9) ReducedMass_sig_sigma_cat0     =     0.011
  10) eff_trig                       = -0.0209064
  11) eff_trig_In                    =         0
  12) global_syst                    = -0.102527
  13) global_syst_In                 =         0
  14) id_eff_eb                      = -0.0104791
  15) id_eff_eb_In                   =         0
  16) lumi_8TeV                      = -0.0539338
  17) lumi_8TeV_In                   =         0
  18) mShift_cat0                    =         0
  19) mShift_cat0_In                 =         0
  20) mSmear_cat0                    = 0.00691381
  21) mSmear_cat0_In                 =         0
  22) n_exp_bincat0_proc_bkg         =      5512
  23) r                              =  0.915448
  24) r9Eff                          = 0.0230305
  25) r9Eff_In                       =         0
  26) rooSigmaCorr_cat0              =  0.951475
  27) vtxEff                         = -0.0122007
  28) vtxEff_In                      =         0

At r = 0.915448:	q_mu = 4.78673	q_A  = 2.15133	CLsb = 0.00901	CLb  = 0.18449	CLs  = 0.04885
Minuit2Minimizer: Minimize with max-calls 5000 convergence for edm < 0.01 strategy 0
Minuit2Minimizer : Valid minimum - status = 0
FVAL  = -5.74665296895709221e-06
Edm   = 3.31021247516945542e-06
Nfcn  = 63
PhotonsMass_bkg_8TeV_ExpPAR1_cat0	  = 0.00281966	 +/-  0.000171677	(limited)
PhotonsMass_bkg_8TeV_ExpPAR2_cat0	  = -3.22567	 +/-  0.0662966	(limited)
eff_trig	  = -0.0330509	 +/-  0.998382	(limited)
global_syst	  = -0.162081	 +/-  1.04443	(limited)
id_eff_eb	  = -0.0165665	 +/-  0.997036	(limited)
lumi_8TeV	  = -0.0852603	 +/-  1.00869	(limited)
mShift_cat0	  = 0	 +/-  0.989616	(limited)
mSmear_cat0	  = 0.00336912	 +/-  0.989509	(limited)
r9Eff	  = 0.0355113	 +/-  0.964797	(limited)
vtxEff	  = -0.0189566	 +/-  0.973693	(limited)
   0) MH                             =       250
   1) PhotonsMass_bkg_8TeV_ExpPAR1_cat0 = 0.00281966
   2) PhotonsMass_bkg_8TeV_ExpPAR2_cat0 =  -3.22567
   3) ReducedMass_sig_Nneg_cat0      =   1.38518
   4) ReducedMass_sig_Npos_cat0      =         5
   5) ReducedMass_sig_alphaCBneg_cat0 =       1.6
   6) ReducedMass_sig_alphaCBpos_cat0 =      -1.6
   7) ReducedMass_sig_frac_cat0      =       0.5
   8) ReducedMass_sig_mean_cat0      =         0
   9) ReducedMass_sig_sigma_cat0     =     0.011
  10) eff_trig                       = -0.0330509
  11) eff_trig_In                    =         0
  12) global_syst                    = -0.162081
  13) global_syst_In                 =         0
  14) id_eff_eb                      = -0.0165665
  15) id_eff_eb_In                   =         0
  16) lumi_8TeV                      = -0.0852603
  17) lumi_8TeV_In                   =         0
  18) mShift_cat0                    =         0
  19) mShift_cat0_In                 =         0
  20) mSmear_cat0                    = 0.00336912
  21) mSmear_cat0_In                 =         0
  22) n_exp_bincat0_proc_bkg         =      5512
  23) r                              =   0.90793
  24) r9Eff                          = 0.0355113
  25) r9Eff_In                       =         0
  26) rooSigmaCorr_cat0              =  0.951475
  27) vtxEff                         = -0.0189566
  28) vtxEff_In                      =         0

Minuit2Minimizer: Minimize with max-calls 5000 convergence for edm < 0.01 strategy 0
Minuit2Minimizer : Valid minimum - status = 0
FVAL  = -7.58521093151960874e-06
Edm   = 3.35569498094977922e-06
Nfcn  = 63
PhotonsMass_bkg_8TeV_ExpPAR1_cat0	  = 0.00280937	 +/-  0.000233532	(limited)
PhotonsMass_bkg_8TeV_ExpPAR2_cat0	  = -3.22874	 +/-  0.0534053	(limited)
eff_trig	  = -0.0203409	 +/-  0.998418	(limited)
global_syst	  = -0.0997638	 +/-  1.04265	(limited)
id_eff_eb	  = -0.0101957	 +/-  0.997083	(limited)
lumi_8TeV	  = -0.0524739	 +/-  1.00886	(limited)
mShift_cat0	  = 0	 +/-  0.989616	(limited)
mSmear_cat0	  = 0.00672735	 +/-  0.989577	(limited)
r9Eff	  = 0.0224347	 +/-  0.977242	(limited)
vtxEff	  = -0.0118807	 +/-  0.982506	(limited)
   0) MH                             =       250
   1) PhotonsMass_bkg_8TeV_ExpPAR1_cat0 = 0.00280937
   2) PhotonsMass_bkg_8TeV_ExpPAR2_cat0 =  -3.22874
   3) ReducedMass_sig_Nneg_cat0      =   1.38518
   4) ReducedMass_sig_Npos_cat0      =         5
   5) ReducedMass_sig_alphaCBneg_cat0 =       1.6
   6) ReducedMass_sig_alphaCBpos_cat0 =      -1.6
   7) ReducedMass_sig_frac_cat0      =       0.5
   8) ReducedMass_sig_mean_cat0      =         0
   9) ReducedMass_sig_sigma_cat0     =     0.011
  10) eff_trig                       = -0.0203409
  11) eff_trig_In                    =         0
  12) global_syst                    = -0.0997638
  13) global_syst_In                 =         0
  14) id_eff_eb                      = -0.0101957
  15) id_eff_eb_In                   =         0
  16) lumi_8TeV                      = -0.0524739
  17) lumi_8TeV_In                   =         0
  18) mShift_cat0                    =         0
  19) mShift_cat0_In                 =         0
  20) mSmear_cat0                    = 0.00672735
  21) mSmear_cat0_In                 =         0
  22) n_exp_bincat0_proc_bkg         =      5512
  23) r                              =   0.90793
  24) r9Eff                          = 0.0224347
  25) r9Eff_In                       =         0
  26) rooSigmaCorr_cat0              =  0.951475
  27) vtxEff                         = -0.0118807
  28) vtxEff_In                      =         0

At r = 0.907930:	q_mu = 4.73151	q_A  = 2.11714	CLsb = 0.00930	CLb  = 0.18449	CLs  = 0.05041
Minuit2Minimizer: Minimize with max-calls 5000 convergence for edm < 0.01 strategy 0
Minuit2Minimizer : Valid minimum - status = 0
FVAL  = -3.65833735963846874e-06
Edm   = 2.20971221577968932e-06
Nfcn  = 63
PhotonsMass_bkg_8TeV_ExpPAR1_cat0	  = 0.00282011	 +/-  0.000227468	(limited)
PhotonsMass_bkg_8TeV_ExpPAR2_cat0	  = -3.22569	 +/-  0.0443361	(limited)
eff_trig	  = -0.0332342	 +/-  0.997329	(limited)
global_syst	  = -0.162952	 +/-  1.01276	(limited)
id_eff_eb	  = -0.0166584	 +/-  0.996803	(limited)
lumi_8TeV	  = -0.0857295	 +/-  1.00125	(limited)
mShift_cat0	  = 0	 +/-  0.989616	(limited)
mSmear_cat0	  = 0.00340385	 +/-  0.989477	(limited)
r9Eff	  = 0.035695	 +/-  0.963513	(limited)
vtxEff	  = -0.0190569	 +/-  0.973241	(limited)
   0) MH                             =       250
   1) PhotonsMass_bkg_8TeV_ExpPAR1_cat0 = 0.00282011
   2) PhotonsMass_bkg_8TeV_ExpPAR2_cat0 =  -3.22569
   3) ReducedMass_sig_Nneg_cat0      =   1.38518
   4) ReducedMass_sig_Npos_cat0      =         5
   5) ReducedMass_sig_alphaCBneg_cat0 =       1.6
   6) ReducedMass_sig_alphaCBpos_cat0 =      -1.6
   7) ReducedMass_sig_frac_cat0      =       0.5
   8) ReducedMass_sig_mean_cat0      =         0
   9) ReducedMass_sig_sigma_cat0     =     0.011
  10) eff_trig                       = -0.0332342
  11) eff_trig_In                    =         0
  12) global_syst                    = -0.162952
  13) global_syst_In                 =         0
  14) id_eff_eb                      = -0.0166584
  15) id_eff_eb_In                   =         0
  16) lumi_8TeV                      = -0.0857295
  17) lumi_8TeV_In                   =         0
  18) mShift_cat0                    =         0
  19) mShift_cat0_In                 =         0
  20) mSmear_cat0                    = 0.00340385
  21) mSmear_cat0_In                 =         0
  22) n_exp_bincat0_proc_bkg         =      5512
  23) r                              =  0.911002
  24) r9Eff                          =  0.035695
  25) r9Eff_In                       =         0
  26) rooSigmaCorr_cat0              =  0.951475
  27) vtxEff                         = -0.0190569
  28) vtxEff_In                      =         0

Minuit2Minimizer: Minimize with max-calls 5000 convergence for edm < 0.01 strategy 0
Minuit2Minimizer : Valid minimum - status = 0
FVAL  = -4.02446589994260562e-06
Edm   = 3.15835044874670946e-06
Nfcn  = 63
PhotonsMass_bkg_8TeV_ExpPAR1_cat0	  = 0.00280944	 +/-  0.000166938	(limited)
PhotonsMass_bkg_8TeV_ExpPAR2_cat0	  = -3.22859	 +/-  0.0713297	(limited)
eff_trig	  = -0.02065	 +/-  0.998567	(limited)
global_syst	  = -0.101234	 +/-  1.04121	(limited)
id_eff_eb	  = -0.0103508	 +/-  0.997126	(limited)
lumi_8TeV	  = -0.053266	 +/-  1.00949	(limited)
mShift_cat0	  = 0	 +/-  0.989616	(limited)
mSmear_cat0	  = 0.00683036	 +/-  0.9896	(limited)
r9Eff	  = 0.0227606	 +/-  0.977226	(limited)
vtxEff	  = -0.0120559	 +/-  0.982414	(limited)
   0) MH                             =       250
   1) PhotonsMass_bkg_8TeV_ExpPAR1_cat0 = 0.00280944
   2) PhotonsMass_bkg_8TeV_ExpPAR2_cat0 =  -3.22859
   3) ReducedMass_sig_Nneg_cat0      =   1.38518
   4) ReducedMass_sig_Npos_cat0      =         5
   5) ReducedMass_sig_alphaCBneg_cat0 =       1.6
   6) ReducedMass_sig_alphaCBpos_cat0 =      -1.6
   7) ReducedMass_sig_frac_cat0      =       0.5
   8) ReducedMass_sig_mean_cat0      =         0
   9) ReducedMass_sig_sigma_cat0     =     0.011
  10) eff_trig                       =  -0.02065
  11) eff_trig_In                    =         0
  12) global_syst                    = -0.101234
  13) global_syst_In                 =         0
  14) id_eff_eb                      = -0.0103508
  15) id_eff_eb_In                   =         0
  16) lumi_8TeV                      = -0.053266
  17) lumi_8TeV_In                   =         0
  18) mShift_cat0                    =         0
  19) mShift_cat0_In                 =         0
  20) mSmear_cat0                    = 0.00683036
  21) mSmear_cat0_In                 =         0
  22) n_exp_bincat0_proc_bkg         =      5512
  23) r                              =  0.911002
  24) r9Eff                          = 0.0227606
  25) r9Eff_In                       =         0
  26) rooSigmaCorr_cat0              =  0.951475
  27) vtxEff                         = -0.0120559
  28) vtxEff_In                      =         0

At r = 0.911002:	q_mu = 4.75403	q_A  = 2.13107	CLsb = 0.00918	CLb  = 0.18449	CLs  = 0.04977

 -- Asymptotic -- 
Observed Limit: r < 0.9110
Expected  2.5%: r < 0.6609
Expected 16.0%: r < 0.8812
Expected 50.0%: r < 1.2305
Expected 84.0%: r < 1.7357
Expected 97.5%: r < 2.3390

Done in 8.43 min (cpu), 8.45 min (real)
`higgsCombine_w10.00_channel0.Asymptotic.mH250.root' -> `/afs/cern.ch/work/s/soffi/CMSSW611-Analysis/src/h2gglobe/ChiaraFitLimits/channel0/higgsCombine_w10.00_channel0.Asymptotic.mH250.root'
removed `higgsCombine_w10.00_channel0.Asymptotic.mH250.root'

Job finished at Tue May 13 16:16:21 CEST 2014 on node 
 under linux version Scientific Linux CERN SLC release 5.10 (Boron)

CERN statistics: This process used approximately : 0:15:35 KSI2K hours (935 KSI2K seconds)
                 This process corresponds to     : 1:00:48 HS06  hours (3648 HS06  seconds)
