Sender: LSF System <lsfadmin@lxbsu3010>
Subject: Job 528539020: <combineW10_m350_w0_channel0_j0> in cluster batch Done

Job <combineW10_m350_w0_channel0_j0> was submitted from host <lxplus430> by user <soffi> in cluster <batch>.
Job was executed on host(s) <lxbsu3010>, in queue <8nh>, as user <soffi> in cluster <batch>.
</afs/cern.ch/user/s/soffi> was used as the home directory.
</afs/cern.ch/work/s/soffi/CMSSW611-Analysis/src/h2gglobe/ChiaraFitLimits/script> was used as the working directory.
Started at Tue May 13 16:07:08 2014
Results reported at Tue May 13 16:18:51 2014

Your job looked like:

------------------------------------------------------------
# LSBATCH: User input
#!/bin/sh
cd /afs/cern.ch/work/s/soffi/CMSSW611-Analysis/src/h2gglobe/ChiaraFitLimits/script
eval `scramv1 runtime -sh`
cd 
mkdir workspaces
cp /afs/cern.ch/work/s/soffi/CMSSW611-Analysis/src/h2gglobe/ChiaraFitLimits/datacardWithAllSyst/HighMass-hgg_8TeV_m350.00_w10.00_channel0_GGH.txt ./
cp /afs/cern.ch/work/s/soffi/CMSSW611-Analysis/src/h2gglobe/ChiaraFitLimits/workspaces/HighMass-hgg_8TeV_m350.00_w10.00.inputsig_GGH.root ./workspaces/
cp  /afs/cern.ch/work/s/soffi/CMSSW611-Analysis/src/h2gglobe/ChiaraFitLimits/workspaces/HighMass-hgg.inputbkg_m350.00.root ./workspaces/

combine HighMass-hgg_8TeV_m350.00_w10.00_channel0_GGH.txt -M Asymptotic -m 350 -D data_obs --run=both  -U  -S 1 -n _w10.00_channel0 --verbose 3
mv -v higgsCombine_w10.00_channel0.Asymptotic.mH350.root /afs/cern.ch/work/s/soffi/CMSSW611-Analysis/src/h2gglobe/ChiaraFitLimits/channel0/

------------------------------------------------------------

Successfully completed.

Resource usage summary:

    CPU time   :    684.88 sec.
    Max Memory :        94 MB
    Max Swap   :       274 MB

    Max Processes  :         6
    Max Threads    :         7

The output (if any) follows:

@(#)CERN job starter $Date: 2010/06/23 14:22:16 $
Working directory is </pool/lsf/soffi/528539020> on <lxbsu3010.cern.ch>

mkdir: cannot create directory `workspaces': File exists
>>> including systematics
>>> method used to compute upper limit is Asymptotic
>>> random number generator seed is 123456

Welcome to my rootlogon.C
reading PhysicsTools/Utilities/macros/setTDRStyle.C
and some personal modifications.

Using shapes: qui si parra' la tua nobilitate
(class RooCBCrujffPdf)364832832
import (./workspaces/HighMass-hgg.inputbkg_m350.00.root,w_all:data_obs_cat0) -> shapeBkg_data_obs_cat0

import (./workspaces/HighMass-hgg.inputbkg_m350.00.root,w_all:PhotonsMassBkg_cat0) -> shapeBkg_bkg_cat0

[#1] INFO:ObjectHandling -- RooWorkspace::import(w) importing RooHistFunc::shapeSig_sig_cat0__norm
[#1] INFO:ObjectHandling -- RooWorkspace::import(w) importing RooRealVar::MH
Will try to make a binned dataset
Observables: ['PhotonsMass']
import (./workspaces/HighMass-hgg_8TeV_m350.00_w10.00.inputsig_GGH.root,w_all:PhotonsMassSig_cat0) -> shapeSig_sig_cat0

[#1] INFO:ObjectHandling -- RooWorkspace::import(w) importing RooRealVar::PhotonsMass
Will use category 'CMS_channel' to identify the 1 channels
recyling (cat0,data_obs,) -> shapeBkg_data_obs_cat0

[#1] INFO:ObjectHandling -- RooWorkspace::import(w) importing dataset data_obs
[#1] INFO:ObjectHandling -- RooWorkspace::import(w) importing RooProdPdf::nuisancePdf
[#1] INFO:ObjectHandling -- RooWorkspace::import(w) importing ProcessNormalization::n_exp_bincat0_proc_sig
recyling (cat0,bkg,) -> shapeBkg_bkg_cat0

recyling (cat0,bkg,) -> shapeBkg_bkg_cat0

recyling (cat0,sig,) -> shapeSig_sig_cat0

recyling (cat0,sig,) -> shapeSig_sig_cat0

[#1] INFO:ObjectHandling -- RooWorkspace::import(w) importing RooProduct::n_exp_final_bincat0_proc_sig
Creating RooAddPdf pdf_bincat0 with 2 elements
[#1] INFO:ObjectHandling -- RooWorkspace::import(w) importing RooProdPdf::pdf_bincat0
[#1] INFO:ObjectHandling -- RooWorkspace::import(w) importing RooAddPdf::pdf_bincat0_nuis
[#1] INFO:ObjectHandling -- RooWorkspace::import(w) importing RooGenericPdf::shapeBkg_bkg_cat0
[#1] INFO:ObjectHandling -- RooWorkspace::import(w) importing RooFormulaVar::par1ExpPAR_cat0
[#1] INFO:ObjectHandling -- RooWorkspace::import(w) importing RooRealVar::PhotonsMass_bkg_8TeV_ExpPAR1_cat0
[#1] INFO:ObjectHandling -- RooWorkspace::import(w) importing RooFormulaVar::par2ExpPAR_cat0
[#1] INFO:ObjectHandling -- RooWorkspace::import(w) importing RooRealVar::PhotonsMass_bkg_8TeV_ExpPAR2_cat0
[#1] INFO:ObjectHandling -- RooWorkspace::import(w) importing RooFFTConvPdf::shapeSig_sig_cat0
[#1] INFO:ObjectHandling -- RooWorkspace::import(w) importing RooBreitWigner::SigModelBW_cat0
[#1] INFO:ObjectHandling -- RooWorkspace::import(w) importing RooFormulaVar::meanBW_cat0
[#1] INFO:ObjectHandling -- RooWorkspace::import(w) importing RooFormulaVar::sigmaBW_cat0
[#1] INFO:ObjectHandling -- RooWorkspace::import(w) importing RooAddPdf::ResAddPdf_cat0
[#1] INFO:ObjectHandling -- RooWorkspace::import(w) importing RooCBShape::ResCBneg_cat0
[#1] INFO:ObjectHandling -- RooWorkspace::import(w) importing RooFormulaVar::CBpos_mean_cat0
[#1] INFO:ObjectHandling -- RooWorkspace::import(w) importing RooRealVar::ReducedMass_sig_mean_cat0
[#1] INFO:ObjectHandling -- RooWorkspace::import(w) importing RooFormulaVar::CBpos_sigma_cat0
[#1] INFO:ObjectHandling -- RooWorkspace::import(w) importing RooRealVar::ReducedMass_sig_sigma_cat0
[#1] INFO:ObjectHandling -- RooWorkspace::import(w) importing RooRealVar::rooSigmaCorr_cat0
[#1] INFO:ObjectHandling -- RooWorkspace::import(w) importing RooFormulaVar::CBneg_alphaCB_cat0
[#1] INFO:ObjectHandling -- RooWorkspace::import(w) importing RooRealVar::ReducedMass_sig_alphaCBneg_cat0
[#1] INFO:ObjectHandling -- RooWorkspace::import(w) importing RooFormulaVar::CBneg_n_cat0
[#1] INFO:ObjectHandling -- RooWorkspace::import(w) importing RooRealVar::ReducedMass_sig_Nneg_cat0
[#1] INFO:ObjectHandling -- RooWorkspace::import(w) importing RooFormulaVar::CBpos_frac_cat0
[#1] INFO:ObjectHandling -- RooWorkspace::import(w) importing RooRealVar::ReducedMass_sig_frac_cat0
[#1] INFO:ObjectHandling -- RooWorkspace::import(w) importing RooCBShape::ResCBpos_cat0
[#1] INFO:ObjectHandling -- RooWorkspace::import(w) importing RooFormulaVar::CBpos_alphaCB_cat0
[#1] INFO:ObjectHandling -- RooWorkspace::import(w) importing RooRealVar::ReducedMass_sig_alphaCBpos_cat0
[#1] INFO:ObjectHandling -- RooWorkspace::import(w) importing RooFormulaVar::CBpos_n_cat0
[#1] INFO:ObjectHandling -- RooWorkspace::import(w) importing RooRealVar::ReducedMass_sig_Npos_cat0
[#1] INFO:ObjectHandling -- RooWorkspace::import(w) importing RooSimultaneous::model_s
[#1] INFO:ObjectHandling -- RooWorkspace::import(w) importing RooSimultaneous::model_b

=== Using the following for ModelConfig ===
Observables:             RooArgSet:: = (PhotonsMass,CMS_channel)
Parameters of Interest:  RooArgSet:: = (r)
Nuisance Parameters:     RooArgSet:: = (lumi_8TeV,eff_trig,global_syst,id_eff_eb,r9Eff,vtxEff,mShift_cat0,mSmear_cat0)
Global Observables:      RooArgSet:: = (lumi_8TeV_In,eff_trig_In,global_syst_In,id_eff_eb_In,r9Eff_In,vtxEff_In,mShift_cat0_In,mSmear_cat0_In)
PDF:                     RooSimultaneous::model_s[ indexCat=CMS_channel cat0=pdf_bincat0 ] = [#1] INFO:Eval -- RooRealVar::setRange(PhotonsMass) new range named 'refrange_fft_shapeSig_sig_cat0' created with bounds [243,643]
[#1] INFO:Caching -- RooAbsCachedPdf::getCache(shapeSig_sig_cat0) creating new cache 0x16d920e0 with pdf SigModelBW_cat0_CONV_ResAddPdf_cat0_CACHE_Obs[PhotonsMass] for nset () with code 0
299628


=== Using the following for ModelConfig_bonly ===
Observables:             RooArgSet:: = (PhotonsMass,CMS_channel)
Parameters of Interest:  RooArgSet:: = (r)
Nuisance Parameters:     RooArgSet:: = (lumi_8TeV,eff_trig,global_syst,id_eff_eb,r9Eff,vtxEff,mShift_cat0,mSmear_cat0)
Global Observables:      RooArgSet:: = (lumi_8TeV_In,eff_trig_In,global_syst_In,id_eff_eb_In,r9Eff_In,vtxEff_In,mShift_cat0_In,mSmear_cat0_In)
PDF:                     RooSimultaneous::model_b[ indexCat=CMS_channel cat0=pdf_bincat0_bonly ] = 1.86063e-08


RooWorkspace(w) w contents

variables
---------
(CMS_channel,MH,PhotonsMass,PhotonsMass_bkg_8TeV_ExpPAR1_cat0,PhotonsMass_bkg_8TeV_ExpPAR2_cat0,ReducedMass_sig_Nneg_cat0,ReducedMass_sig_Npos_cat0,ReducedMass_sig_alphaCBneg_cat0,ReducedMass_sig_alphaCBpos_cat0,ReducedMass_sig_frac_cat0,ReducedMass_sig_mean_cat0,ReducedMass_sig_sigma_cat0,eff_trig,eff_trig_In,global_syst,global_syst_In,id_eff_eb,id_eff_eb_In,lumi_8TeV,lumi_8TeV_In,mShift_cat0,mShift_cat0_In,mSmear_cat0,mSmear_cat0_In,n_exp_bincat0_proc_bkg,r,r9Eff,r9Eff_In,rooSigmaCorr_cat0,vtxEff,vtxEff_In)

p.d.f.s
-------
RooAddPdf::ResAddPdf_cat0[ CBpos_frac_cat0 * ResCBneg_cat0 + [%] * ResCBpos_cat0 ] = 3.76058e-09
RooCBShape::ResCBneg_cat0[ m=PhotonsMass m0=CBpos_mean_cat0 sigma=CBpos_sigma_cat0 alpha=CBneg_alphaCB_cat0 n=CBneg_n_cat0 ] = 0
RooCBShape::ResCBpos_cat0[ m=PhotonsMass m0=CBpos_mean_cat0 sigma=CBpos_sigma_cat0 alpha=CBpos_alphaCB_cat0 n=CBpos_n_cat0 ] = 7.52116e-09
RooBreitWigner::SigModelBW_cat0[ x=PhotonsMass mean=meanBW_cat0 width=sigmaBW_cat0 ] = 0.00315277
RooGaussian::eff_trig_Pdf[ x=eff_trig mean=eff_trig_In sigma=1 ] = 1
RooGaussian::global_syst_Pdf[ x=global_syst mean=global_syst_In sigma=1 ] = 1
RooGaussian::id_eff_eb_Pdf[ x=id_eff_eb mean=id_eff_eb_In sigma=1 ] = 1
RooGaussian::lumi_8TeV_Pdf[ x=lumi_8TeV mean=lumi_8TeV_In sigma=1 ] = 1
RooGaussian::mShift_cat0_Pdf[ x=mShift_cat0 mean=mShift_cat0_In sigma=1 ] = 1
RooGaussian::mSmear_cat0_Pdf[ x=mSmear_cat0 mean=mSmear_cat0_In sigma=1 ] = 1
RooSimultaneous::model_b[ indexCat=CMS_channel cat0=pdf_bincat0_bonly ] = 1.86063e-08
RooSimultaneous::model_s[ indexCat=CMS_channel cat0=pdf_bincat0 ] = 299628
RooProdPdf::nuisancePdf[ lumi_8TeV_Pdf * eff_trig_Pdf * global_syst_Pdf * id_eff_eb_Pdf * r9Eff_Pdf * vtxEff_Pdf * mShift_cat0_Pdf * mSmear_cat0_Pdf ] = 1
RooProdPdf::pdf_bincat0[ lumi_8TeV_Pdf * eff_trig_Pdf * global_syst_Pdf * id_eff_eb_Pdf * r9Eff_Pdf * vtxEff_Pdf * mShift_cat0_Pdf * mSmear_cat0_Pdf * pdf_bincat0_nuis ] = 299628
RooProdPdf::pdf_bincat0_bonly[ lumi_8TeV_Pdf * eff_trig_Pdf * global_syst_Pdf * id_eff_eb_Pdf * r9Eff_Pdf * vtxEff_Pdf * mShift_cat0_Pdf * mSmear_cat0_Pdf * pdf_bincat0_bonly_nuis ] = 1.86063e-08
RooAddPdf::pdf_bincat0_bonly_nuis[ n_exp_bincat0_proc_bkg * shapeBkg_bkg_cat0 ] = 1.86063e-08
RooAddPdf::pdf_bincat0_nuis[ n_exp_bincat0_proc_bkg * shapeBkg_bkg_cat0 + n_exp_final_bincat0_proc_sig * shapeSig_sig_cat0 ] = 299628
RooGaussian::r9Eff_Pdf[ x=r9Eff mean=r9Eff_In sigma=1 ] = 1
RooGenericPdf::shapeBkg_bkg_cat0[ actualVars=(PhotonsMass,par1ExpPAR_cat0,par2ExpPAR_cat0) formula="exp(-@1*@0)*pow(@0, @2)" ] = 1.86063e-08
RooFFTConvPdf::shapeSig_sig_cat0[ SigModelBW_cat0(PhotonsMass) (*) ResAddPdf_cat0(PhotonsMass) ] = 0.0175302
RooGaussian::vtxEff_Pdf[ x=vtxEff mean=vtxEff_In sigma=1 ] = 1

functions
--------
RooFormulaVar::CBneg_alphaCB_cat0[ actualVars=(ReducedMass_sig_alphaCBneg_cat0) formula="@0" ] = 1.6
RooFormulaVar::CBneg_n_cat0[ actualVars=(ReducedMass_sig_Nneg_cat0) formula="@0" ] = 1.38518
RooFormulaVar::CBpos_alphaCB_cat0[ actualVars=(ReducedMass_sig_alphaCBpos_cat0) formula="@0" ] = -1.6
RooFormulaVar::CBpos_frac_cat0[ actualVars=(ReducedMass_sig_frac_cat0) formula="@0" ] = 0.5
RooFormulaVar::CBpos_mean_cat0[ actualVars=(ReducedMass_sig_mean_cat0) formula="@0" ] = 0
RooFormulaVar::CBpos_n_cat0[ actualVars=(ReducedMass_sig_Npos_cat0) formula="@0" ] = 5
RooFormulaVar::CBpos_sigma_cat0[ actualVars=(ReducedMass_sig_sigma_cat0,MH,mSmear_cat0,rooSigmaCorr_cat0) formula="(sqrt(@0*@0*@3*@3+0.005000*0.005000*@2)*@1)" ] = 3.51789
RooFormulaVar::meanBW_cat0[ actualVars=(MH) formula="@0" ] = 350
ProcessNormalization::n_exp_bincat0_proc_sig[ thetaList=(lumi_8TeV,eff_trig,global_syst,id_eff_eb) asymmThetaList=(r9Eff,vtxEff) otherFactorList=(r) ] = 19620
RooProduct::n_exp_final_bincat0_proc_sig[ n_exp_bincat0_proc_sig * shapeSig_sig_cat0__norm ] = 101.22
RooFormulaVar::par1ExpPAR_cat0[ actualVars=(PhotonsMass_bkg_8TeV_ExpPAR1_cat0) formula="@0" ] = 0.0039863
RooFormulaVar::par2ExpPAR_cat0[ actualVars=(PhotonsMass_bkg_8TeV_ExpPAR2_cat0) formula="@0" ] = -2.79367
RooHistFunc::shapeSig_sig_cat0__norm[ depList=(MH) ] = 0.00515901
RooFormulaVar::sigmaBW_cat0[ actualVars=(MH) formula="@0*0.10" ] = 35

datasets
--------
RooDataHist::data_obs(CMS_channel,PhotonsMass)

named sets
----------
ModelConfig_GlobalObservables:(lumi_8TeV_In,eff_trig_In,global_syst_In,id_eff_eb_In,r9Eff_In,vtxEff_In,mShift_cat0_In,mSmear_cat0_In)
ModelConfig_NuisParams:(lumi_8TeV,eff_trig,global_syst,id_eff_eb,r9Eff,vtxEff,mShift_cat0,mSmear_cat0)
ModelConfig_Observables:(PhotonsMass,CMS_channel)
ModelConfig_POI:(r)
ModelConfig_bonly_GlobalObservables:(lumi_8TeV_In,eff_trig_In,global_syst_In,id_eff_eb_In,r9Eff_In,vtxEff_In,mShift_cat0_In,mSmear_cat0_In)
ModelConfig_bonly_NuisParams:(lumi_8TeV,eff_trig,global_syst,id_eff_eb,r9Eff,vtxEff,mShift_cat0,mSmear_cat0)
ModelConfig_bonly_Observables:(PhotonsMass,CMS_channel)
ModelConfig_bonly_POI:(r)
POI:(r)
globalObservables:(lumi_8TeV_In,eff_trig_In,global_syst_In,id_eff_eb_In,r9Eff_In,vtxEff_In,mShift_cat0_In,mSmear_cat0_In)
nuisances:(lumi_8TeV,eff_trig,global_syst,id_eff_eb,r9Eff,vtxEff,mShift_cat0,mSmear_cat0)
observables:(PhotonsMass,CMS_channel)

generic objects
---------------
RooStats::ModelConfig::ModelConfig
RooStats::ModelConfig::ModelConfig_bonly
RooArgSet::discreteParams

embedded precalculated expensive components
-------------------------------------------
uid = 0 key=shapeSig_sig_cat0_SigModelBW_cat0_CONV_ResAddPdf_cat0_CACHEHIST_Obs[PhotonsMass]_BufFrac0.1_BufStrat0 value=RooDataHist::shapeSig_sig_cat0_SigModelBW_cat0_CONV_ResAddPdf_cat0_CACHEHIST_Obs[PhotonsMass]_BufFrac0.1_BufStrat0 parameters=( MH=350 ReducedMass_sig_Nneg_cat0=1.38518 ReducedMass_sig_Npos_cat0=5 ReducedMass_sig_alphaCBneg_cat0=1.6 ReducedMass_sig_alphaCBpos_cat0=-1.6 ReducedMass_sig_frac_cat0=0.5 ReducedMass_sig_mean_cat0=0 ReducedMass_sig_sigma_cat0=0.011 mSmear_cat0=0 rooSigmaCorr_cat0=0.913739 )
Setting variable 'MH' in workspace to the higgs mass 350
[#1] INFO:ObjectHandling -- RooWorkspace::import(w) importing RooSimultaneousOpt::model_s_opt
[#1] INFO:Caching -- RooExpensiveObjectCache::importCache() importing cache object shapeSig_sig_cat0_SigModelBW_cat0_CONV_ResAddPdf_cat0_CACHEHIST_Obs[PhotonsMass]_BufFrac0.1_BufStrat0 associated with object shapeSig_sig_cat0
[#1] INFO:ObjectHandling -- RooWorkspace::import(w) importing RooUniform::prior
Computing limit starting from observation
Set default minimizer to Minuit2
Will compute both limit(s) using minimizer Minuit2 with strategy 0 and tolerance 0.01
[#1] INFO:Caching -- RooAbsCachedPdf::getCache(shapeSig_sig_cat0) creating new cache 0x1622cff0 with pdf SigModelBW_cat0_CONV_ResAddPdf_cat0_CACHE_Obs[PhotonsMass] for nset () with code 0 from preexisting content.
[#1] INFO:Caching -- RooAbsCachedPdf::getCache(shapeSig_sig_cat0) creating new cache 0x162219c0 with pdf SigModelBW_cat0_CONV_ResAddPdf_cat0_CACHE_Obs[PhotonsMass] for nset (PhotonsMass) with code 1 from preexisting content.
[#1] INFO:NumericIntegration -- RooRealIntegral::init(shapeBkg_bkg_cat0_Int[PhotonsMass]) using numeric integrator RooIntegrator1D to calculate Int(PhotonsMass)
[#1] INFO:Caching -- RooAbsCachedPdf::getCache(shapeSig_sig_cat0) creating new cache 0x16665040 with pdf SigModelBW_cat0_CONV_ResAddPdf_cat0_CACHE_Obs[PhotonsMass] for nset (PhotonsMass) with code 1 from preexisting content.
Minuit2Minimizer: Minimize with max-calls 5000 convergence for edm < 0.01 strategy 1
MnSeedGenerator: for initial parameters FCN = 0
MnSeedGenerator: Initial state:   - FCN =                0 Edm =  2.93558e-06 NCalls =     43
VariableMetric: start iterating until Edm is < 1e-05
VariableMetric: Initial state   - FCN =                0 Edm =  2.93558e-06 NCalls =     43
VariableMetric: Iteration #   1 - FCN = -2.9728798836e-06 Edm =  2.88494e-06 NCalls =     66
VariableMetric: After Hessian   - FCN = -2.9728798836e-06 Edm =  0.000170947 NCalls =    152
Info in <Minuit2>: VariableMetricBuilder: Tolerance is not sufficient, continue the minimization
Info in <Minuit2>: Current  Edm is : edm = 0.000170947
Info in <Minuit2>: Required Edm is : edmval = 1e-05
VariableMetric: Iteration #   3 - FCN = -0.0001729361356411 Edm =  4.57052e-08 NCalls =    173
Minuit2Minimizer : Valid minimum - status = 0
FVAL  = -0.000172936135641066357
Edm   = 4.57051849051733189e-08
Nfcn  = 173
PhotonsMass_bkg_8TeV_ExpPAR1_cat0	  = 0.00395101	 +/-  0.00189998	(limited)
PhotonsMass_bkg_8TeV_ExpPAR2_cat0	  = -2.80668	 +/-  0.694174	(limited)
eff_trig	  = 0	 +/-  0.996602	(limited)
global_syst	  = 0	 +/-  0.996602	(limited)
id_eff_eb	  = 0	 +/-  0.996602	(limited)
lumi_8TeV	  = 0	 +/-  0.996602	(limited)
mShift_cat0	  = 8.88178e-16	 +/-  0.989616	(limited)
mSmear_cat0	  = 8.88178e-16	 +/-  0.989616	(limited)
r9Eff	  = 0	 +/-  0.996602	(limited)
vtxEff	  = 0	 +/-  0.996602	(limited)
Nuisance parameters after fit for asimov dataset: 
  1) RooRealVar::   lumi_8TeV = 0 +/- 0.996602
  2) RooRealVar::    eff_trig = 0 +/- 0.996602
  3) RooRealVar:: global_syst = 0 +/- 0.996602
  4) RooRealVar::   id_eff_eb = 0 +/- 0.996602
  5) RooRealVar::       r9Eff = 0 +/- 0.996602
  6) RooRealVar::      vtxEff = 0 +/- 0.996602
  7) RooRealVar:: mShift_cat0 = 8.88178e-16 +/- 0.989616
  8) RooRealVar:: mSmear_cat0 = 8.88178e-16 +/- 0.989616
[#1] INFO:NumericIntegration -- RooRealIntegral::init(shapeBkg_bkg_cat0_Int[PhotonsMass]) using numeric integrator RooIntegrator1D to calculate Int(PhotonsMass)
[#1] INFO:Caching -- RooAbsCachedPdf::getCache(shapeSig_sig_cat0) creating new cache 0x16f3e8a0 with pdf SigModelBW_cat0_CONV_ResAddPdf_cat0_CACHE_Obs[PhotonsMass] for nset (PhotonsMass) with code 1 from preexisting content.
Global observables for data: 
  1) RooRealVar::   lumi_8TeV_In = 0
  2) RooRealVar::    eff_trig_In = 0
  3) RooRealVar:: global_syst_In = 0
  4) RooRealVar::   id_eff_eb_In = 0
  5) RooRealVar::       r9Eff_In = 0
  6) RooRealVar::      vtxEff_In = 0
  7) RooRealVar:: mShift_cat0_In = 0
  8) RooRealVar:: mSmear_cat0_In = 0
Global observables for asimov: 
  1) RooRealVar::   lumi_8TeV_In = 0
  2) RooRealVar::    eff_trig_In = 0
  3) RooRealVar:: global_syst_In = 0
  4) RooRealVar::   id_eff_eb_In = 0
  5) RooRealVar::       r9Eff_In = 0
  6) RooRealVar::      vtxEff_In = 0
  7) RooRealVar:: mShift_cat0_In = 8.88178e-16
  8) RooRealVar:: mSmear_cat0_In = 8.88178e-16
[#1] INFO:ObjectHandling -- RooWorkspace::import(w) importing dataset _Asymptotic_asimovDataset_
[#1] INFO:NumericIntegration -- RooRealIntegral::init(shapeBkg_bkg_cat0_Int[PhotonsMass]) using numeric integrator RooIntegrator1D to calculate Int(PhotonsMass)
[#1] INFO:Caching -- RooAbsCachedPdf::getCache(shapeSig_sig_cat0) creating new cache 0x16f62640 with pdf SigModelBW_cat0_CONV_ResAddPdf_cat0_CACHE_Obs[PhotonsMass] for nset (PhotonsMass) with code 1 from preexisting content.
Minuit2Minimizer: Minimize with max-calls 5500 convergence for edm < 0.01 strategy 0
Minuit2Minimizer : Valid minimum - status = 0
FVAL  = -0.259470197697191041
Edm   = 5.04130519550317549e-06
Nfcn  = 194
PhotonsMass_bkg_8TeV_ExpPAR1_cat0	  = 0.00393401	 +/-  0.000448816	(limited)
PhotonsMass_bkg_8TeV_ExpPAR2_cat0	  = -2.81273	 +/-  0.159239	(limited)
eff_trig	  = -0.000329696	 +/-  1.93152	(limited)
global_syst	  = -0.00149852	 +/-  1.874	(limited)
id_eff_eb	  = -0.000165823	 +/-  1.93372	(limited)
lumi_8TeV	  = -0.000835247	 +/-  1.91572	(limited)
mShift_cat0	  = 4.44089e-15	 +/-  1.88247	(limited)
mSmear_cat0	  = 0.000107881	 +/-  1.88201	(limited)
r	  = 0.00250761	 +/-  14.7456	(limited)
r9Eff	  = 0.000253986	 +/-  1.92227	(limited)
vtxEff	  = -0.000153194	 +/-  1.92668	(limited)
Fit to asimov dataset:

  RooFitResult: minimized FCN value: -0.25947, estimated distance to minimum: 5.04131e-06
                covariance matrix quality: Approximation only, not accurate
                Status : MINIMIZE=0 

    Constant Parameter    Value     
  --------------------  ------------
                    MH    3.5000e+02
  ReducedMass_sig_Nneg_cat0    1.3852e+00
  ReducedMass_sig_Npos_cat0    5.0000e+00
  ReducedMass_sig_alphaCBneg_cat0    1.6000e+00
  ReducedMass_sig_alphaCBpos_cat0   -1.6000e+00
  ReducedMass_sig_frac_cat0    5.0000e-01
  ReducedMass_sig_mean_cat0    0.0000e+00
  ReducedMass_sig_sigma_cat0    1.1000e-02
           eff_trig_In    0.0000e+00
        global_syst_In    0.0000e+00
          id_eff_eb_In    0.0000e+00
          lumi_8TeV_In    0.0000e+00
        mShift_cat0_In    8.8818e-16
        mSmear_cat0_In    8.8818e-16
  n_exp_bincat0_proc_bkg    2.4690e+03
              r9Eff_In    0.0000e+00
     rooSigmaCorr_cat0    9.1374e-01
             vtxEff_In    0.0000e+00

    Floating Parameter  InitialValue    FinalValue +/-  Error     GblCorr.
  --------------------  ------------  --------------------------  --------
  PhotonsMass_bkg_8TeV_ExpPAR1_cat0    3.9510e-03    3.9340e-03 +/-  4.49e-04  <none>
  PhotonsMass_bkg_8TeV_ExpPAR2_cat0   -2.8067e+00   -2.8127e+00 +/-  1.59e-01  <none>
              eff_trig    0.0000e+00   -3.2970e-04 +/-  1.93e+00  <none>
           global_syst    0.0000e+00   -1.4985e-03 +/-  1.87e+00  <none>
             id_eff_eb    0.0000e+00   -1.6582e-04 +/-  1.93e+00  <none>
             lumi_8TeV    0.0000e+00   -8.3525e-04 +/-  1.92e+00  <none>
           mShift_cat0    8.8818e-16    4.4409e-15 +/-  1.88e+00  <none>
           mSmear_cat0    8.8818e-16    1.0788e-04 +/-  1.88e+00  <none>
                     r    2.0000e-01    2.5076e-03 +/-  1.47e+01  <none>
                 r9Eff    0.0000e+00    2.5399e-04 +/-  1.92e+00  <none>
                vtxEff    0.0000e+00   -1.5319e-04 +/-  1.93e+00  <none>

Will search for NLL crossing by stepping.
Minuit2Minimizer: Minimize with max-calls 5000 convergence for edm < 0.01 strategy 0
Minuit2Minimizer : Valid minimum - status = 0
FVAL  = -1.53967389850092351
Edm   = 5.32694127176875491e-07
Nfcn  = 269
PhotonsMass_bkg_8TeV_ExpPAR1_cat0	  = 0.00120107	 +/-  0.00193339	(limited)
PhotonsMass_bkg_8TeV_ExpPAR2_cat0	  = -3.88541	 +/-  0.71243	(limited)
eff_trig	  = -0.0824501	 +/-  0.992069	(limited)
global_syst	  = -0.402214	 +/-  0.969908	(limited)
id_eff_eb	  = -0.041356	 +/-  0.99523	(limited)
lumi_8TeV	  = -0.211948	 +/-  0.986321	(limited)
mShift_cat0	  = 1.59872e-14	 +/-  0.989616	(limited)
mSmear_cat0	  = 0.0306858	 +/-  0.98735	(limited)
r9Eff	  = 0.0804885	 +/-  0.891568	(limited)
vtxEff	  = -0.0440504	 +/-  0.922371	(limited)
At r = 1.000000:	delta(nll) = 4.40190
Minuit2Minimizer: Minimize with max-calls 5000 convergence for edm < 0.01 strategy 0
Minuit2Minimizer : Valid minimum - status = 0
FVAL  = -0.395126897428365764
Edm   = 1.11835724380060238e-06
Nfcn  = 221
PhotonsMass_bkg_8TeV_ExpPAR1_cat0	  = 0.00250734	 +/-  0.00194005	(limited)
PhotonsMass_bkg_8TeV_ExpPAR2_cat0	  = -3.37247	 +/-  0.706813	(limited)
eff_trig	  = -0.0223855	 +/-  0.996227	(limited)
global_syst	  = -0.109584	 +/-  0.990242	(limited)
id_eff_eb	  = -0.0112211	 +/-  0.996511	(limited)
lumi_8TeV	  = -0.0577243	 +/-  0.994282	(limited)
mShift_cat0	  = -3.81917e-14	 +/-  0.989616	(limited)
mSmear_cat0	  = 0.00863621	 +/-  0.989364	(limited)
r9Eff	  = 0.0246684	 +/-  0.98195	(limited)
vtxEff	  = -0.0130659	 +/-  0.986111	(limited)
At r = 0.500000:	delta(nll) = 1.16978
Minuit2Minimizer: Minimize with max-calls 5000 convergence for edm < 0.01 strategy 0
Minuit2Minimizer : Valid minimum - status = 0
FVAL  = -0.0996990181788147412
Edm   = 2.53917683141379814e-06
Nfcn  = 180
PhotonsMass_bkg_8TeV_ExpPAR1_cat0	  = 0.00183663	 +/-  0.0018755	(limited)
PhotonsMass_bkg_8TeV_ExpPAR2_cat0	  = -3.6358	 +/-  0.688264	(limited)
eff_trig	  = -0.0481143	 +/-  0.992824	(limited)
global_syst	  = -0.238597	 +/-  0.974234	(limited)
id_eff_eb	  = -0.0241009	 +/-  0.995556	(limited)
lumi_8TeV	  = -0.124662	 +/-  0.985057	(limited)
mShift_cat0	  = 3.37508e-14	 +/-  0.989616	(limited)
mSmear_cat0	  = 0.0182169	 +/-  0.988259	(limited)
r9Eff	  = 0.0504392	 +/-  0.941057	(limited)
vtxEff	  = -0.0270949	 +/-  0.958059	(limited)
At r = 0.750000:	delta(nll) = 2.55344
Minuit2Minimizer: Minimize with max-calls 5000 convergence for edm < 0.01 strategy 0
Minuit2Minimizer : Valid minimum - status = 0
FVAL  = -0.0246564025895702546
Edm   = 1.04148088085558496e-08
Nfcn  = 179
PhotonsMass_bkg_8TeV_ExpPAR1_cat0	  = 0.00216456	 +/-  0.00194029	(limited)
PhotonsMass_bkg_8TeV_ExpPAR2_cat0	  = -3.50686	 +/-  0.70794	(limited)
eff_trig	  = -0.0344534	 +/-  0.995644	(limited)
global_syst	  = -0.168922	 +/-  0.981575	(limited)
id_eff_eb	  = -0.0172699	 +/-  0.996375	(limited)
lumi_8TeV	  = -0.0888639	 +/-  0.990512	(limited)
mShift_cat0	  = 6.66134e-14	 +/-  0.989616	(limited)
mSmear_cat0	  = 0.0131657	 +/-  0.989003	(limited)
r9Eff	  = 0.0369134	 +/-  0.963613	(limited)
vtxEff	  = -0.019722	 +/-  0.973726	(limited)
At r = 0.625000:	delta(nll) = 1.80026
Minuit2Minimizer: Minimize with max-calls 5000 convergence for edm < 0.01 strategy 0
Minuit2Minimizer : Valid minimum - status = 0
FVAL  = -0.0062236505119972977
Edm   = 1.71097003400289023e-06
Nfcn  = 136
PhotonsMass_bkg_8TeV_ExpPAR1_cat0	  = 0.00200083	 +/-  0.00190734	(limited)
PhotonsMass_bkg_8TeV_ExpPAR2_cat0	  = -3.57127	 +/-  0.707587	(limited)
eff_trig	  = -0.0415206	 +/-  0.994077	(limited)
global_syst	  = -0.201841	 +/-  0.984162	(limited)
id_eff_eb	  = -0.0208215	 +/-  0.995912	(limited)
lumi_8TeV	  = -0.106777	 +/-  0.98818	(limited)
mShift_cat0	  = -3.37508e-14	 +/-  0.989616	(limited)
mSmear_cat0	  = 0.0157965	 +/-  0.988611	(limited)
r9Eff	  = 0.0438164	 +/-  0.952033	(limited)
vtxEff	  = -0.0235269	 +/-  0.966025	(limited)
At r = 0.687500:	delta(nll) = 2.16192
Minuit2Minimizer: Minimize with max-calls 5000 convergence for edm < 0.01 strategy 0
Minuit2Minimizer : Valid minimum - status = 0
FVAL  = -0.0014912452720068426
Edm   = 1.13085379270095273e-06
Nfcn  = 134
PhotonsMass_bkg_8TeV_ExpPAR1_cat0	  = 0.00207976	 +/-  0.00195571	(limited)
PhotonsMass_bkg_8TeV_ExpPAR2_cat0	  = -3.54024	 +/-  0.7079	(limited)
eff_trig	  = -0.0378571	 +/-  0.995538	(limited)
global_syst	  = -0.18565	 +/-  0.98541	(limited)
id_eff_eb	  = -0.0189746	 +/-  0.996335	(limited)
lumi_8TeV	  = -0.0976898	 +/-  0.990485	(limited)
mShift_cat0	  = -2.71339e-13	 +/-  0.989616	(limited)
mSmear_cat0	  = 0.0144329	 +/-  0.988905	(limited)
r9Eff	  = 0.0402836	 +/-  0.958352	(limited)
vtxEff	  = -0.0215651	 +/-  0.970142	(limited)
At r = 0.656250:	delta(nll) = 1.97730
Minuit2Minimizer: Minimize with max-calls 5000 convergence for edm < 0.01 strategy 0
Minuit2Minimizer : Valid minimum - status = 0
FVAL  = -0.000168465607304940543
Edm   = 2.54280663531833029e-06
Nfcn  = 89
PhotonsMass_bkg_8TeV_ExpPAR1_cat0	  = 0.00207871	 +/-  0.000239789	(limited)
PhotonsMass_bkg_8TeV_ExpPAR2_cat0	  = -3.53939	 +/-  0.0806499	(limited)
eff_trig	  = -0.0357565	 +/-  0.995545	(limited)
global_syst	  = -0.175408	 +/-  0.984631	(limited)
id_eff_eb	  = -0.0179225	 +/-  0.996332	(limited)
lumi_8TeV	  = -0.0922452	 +/-  0.990569	(limited)
mShift_cat0	  = 2.04281e-14	 +/-  0.989616	(limited)
mSmear_cat0	  = 0.0136841	 +/-  0.988935	(limited)
r9Eff	  = 0.0382101	 +/-  0.959502	(limited)
vtxEff	  = -0.0204303	 +/-  0.971047	(limited)
At r = 0.640625:	delta(nll) = 1.88808
Minuit2Minimizer: Minimize with max-calls 5000 convergence for edm < 0.01 strategy 0
Minuit2Minimizer : Valid minimum - status = 0
FVAL  = -0.000144817884393496526
Edm   = 1.0912871528744005e-09
Nfcn  = 85
PhotonsMass_bkg_8TeV_ExpPAR1_cat0	  = 0.00208021	 +/-  0.000219393	(limited)
PhotonsMass_bkg_8TeV_ExpPAR2_cat0	  = -3.53995	 +/-  0.0802526	(limited)
eff_trig	  = -0.0378011	 +/-  0.995565	(limited)
global_syst	  = -0.18526	 +/-  0.985861	(limited)
id_eff_eb	  = -0.0189479	 +/-  0.996335	(limited)
lumi_8TeV	  = -0.0974992	 +/-  0.990745	(limited)
mShift_cat0	  = -1.55431e-14	 +/-  0.989616	(limited)
mSmear_cat0	  = 0.0144128	 +/-  0.988895	(limited)
r9Eff	  = 0.0402298	 +/-  0.957418	(limited)
vtxEff	  = -0.0215369	 +/-  0.969577	(limited)
At r = 0.656250:	delta(nll) = 1.97730
Minuit2Minimizer: Minimize with max-calls 5000 convergence for edm < 0.01 strategy 0
Minuit2Minimizer : Valid minimum - status = 0
FVAL  = -3.63410161685191567e-05
Edm   = 6.35922885123310027e-07
Nfcn  = 85
PhotonsMass_bkg_8TeV_ExpPAR1_cat0	  = 0.00207978	 +/-  0.000241434	(limited)
PhotonsMass_bkg_8TeV_ExpPAR2_cat0	  = -3.53956	 +/-  0.0805981	(limited)
eff_trig	  = -0.0367654	 +/-  0.995519	(limited)
global_syst	  = -0.180322	 +/-  0.984269	(limited)
id_eff_eb	  = -0.0184283	 +/-  0.99632	(limited)
lumi_8TeV	  = -0.0948458	 +/-  0.990408	(limited)
mShift_cat0	  = 2.04281e-14	 +/-  0.989616	(limited)
mSmear_cat0	  = 0.0140435	 +/-  0.988912	(limited)
r9Eff	  = 0.0392089	 +/-  0.958499	(limited)
vtxEff	  = -0.0209769	 +/-  0.970334	(limited)
At r = 0.648438:	delta(nll) = 1.93239
Minuit2Minimizer: Minimize with max-calls 5000 convergence for edm < 0.01 strategy 0
Minuit2Minimizer : Valid minimum - status = 0
FVAL  = -8.74015473288779926e-06
Edm   = 2.04083713198639244e-06
Nfcn  = 63
PhotonsMass_bkg_8TeV_ExpPAR1_cat0	  = 0.00207946	 +/-  0.000201338	(limited)
PhotonsMass_bkg_8TeV_ExpPAR2_cat0	  = -3.53932	 +/-  0.0890207	(limited)
eff_trig	  = -0.0365129	 +/-  0.996834	(limited)
global_syst	  = -0.179079	 +/-  1.00344	(limited)
id_eff_eb	  = -0.0183018	 +/-  0.99665	(limited)
lumi_8TeV	  = -0.0941938	 +/-  0.998219	(limited)
mShift_cat0	  = -1.33227e-14	 +/-  0.989616	(limited)
mSmear_cat0	  = 0.0139589	 +/-  0.989102	(limited)
r9Eff	  = 0.0389591	 +/-  0.960211	(limited)
vtxEff	  = -0.0208402	 +/-  0.97104	(limited)
At r = 0.644531:	delta(nll) = 1.91016
Minuit2Minimizer: Minimize with max-calls 5000 convergence for edm < 0.01 strategy 0
Minuit2Minimizer : Valid minimum - status = 0
FVAL  = -9.2450303096985821e-06
Edm   = 9.60368090242888414e-07
Nfcn  = 63
PhotonsMass_bkg_8TeV_ExpPAR1_cat0	  = 0.00208008	 +/-  0.000233163	(limited)
PhotonsMass_bkg_8TeV_ExpPAR2_cat0	  = -3.53947	 +/-  0.0758597	(limited)
eff_trig	  = -0.0367083	 +/-  0.996533	(limited)
global_syst	  = -0.179996	 +/-  0.99507	(limited)
id_eff_eb	  = -0.0183998	 +/-  0.996586	(limited)
lumi_8TeV	  = -0.0946924	 +/-  0.996191	(limited)
mShift_cat0	  = -1.33227e-14	 +/-  0.989616	(limited)
mSmear_cat0	  = 0.0140217	 +/-  0.989041	(limited)
r9Eff	  = 0.0391522	 +/-  0.959395	(limited)
vtxEff	  = -0.0209461	 +/-  0.970578	(limited)
At r = 0.648438:	delta(nll) = 1.93239
Median for expected limits: 0.646484
Sigma  for expected limits: 0.329845
Will search for NLL crossing by bisection
Minuit2Minimizer: Minimize with max-calls 5000 convergence for edm < 0.01 strategy 0
Minuit2Minimizer : Valid minimum - status = 0
FVAL  = -0.176173140865211963
Edm   = 7.24031358384336761e-06
Nfcn  = 156
PhotonsMass_bkg_8TeV_ExpPAR1_cat0	  = 0.00300807	 +/-  0.00213934	(limited)
PhotonsMass_bkg_8TeV_ExpPAR2_cat0	  = -3.17636	 +/-  0.735363	(limited)
eff_trig	  = -0.00963041	 +/-  0.996366	(limited)
global_syst	  = -0.0469377	 +/-  0.990388	(limited)
id_eff_eb	  = -0.00482836	 +/-  0.996551	(limited)
lumi_8TeV	  = -0.0248032	 +/-  0.994978	(limited)
mShift_cat0	  = -1.33227e-14	 +/-  0.989616	(limited)
mSmear_cat0	  = 0.00376522	 +/-  0.989494	(limited)
r9Eff	  = 0.0109237	 +/-  0.989749	(limited)
vtxEff	  = -0.00573244	 +/-  0.991958	(limited)
At r = 0.323242:	delta(nll) = 0.50011
Minuit2Minimizer: Minimize with max-calls 5000 convergence for edm < 0.01 strategy 0
Minuit2Minimizer : Valid minimum - status = 0
FVAL  = -0.0419185443809373115
Edm   = 1.43293069518687743e-06
Nfcn  = 158
PhotonsMass_bkg_8TeV_ExpPAR1_cat0	  = 0.00254961	 +/-  0.00192098	(limited)
PhotonsMass_bkg_8TeV_ExpPAR2_cat0	  = -3.3559	 +/-  0.703938	(limited)
eff_trig	  = -0.0217964	 +/-  0.995795	(limited)
global_syst	  = -0.103514	 +/-  0.990007	(limited)
id_eff_eb	  = -0.0109367	 +/-  0.996387	(limited)
lumi_8TeV	  = -0.0557929	 +/-  0.992708	(limited)
mShift_cat0	  = -1.59872e-14	 +/-  0.989616	(limited)
mSmear_cat0	  = 0.0084123	 +/-  0.989146	(limited)
r9Eff	  = 0.0238482	 +/-  0.970889	(limited)
vtxEff	  = -0.0126792	 +/-  0.979254	(limited)
At r = 0.484863:	delta(nll) = 1.10207
Minuit2Minimizer: Minimize with max-calls 5000 convergence for edm < 0.01 strategy 0
Minuit2Minimizer : Valid minimum - status = 0
FVAL  = -0.0106125882938496643
Edm   = 3.86804510443041491e-06
Nfcn  = 136
PhotonsMass_bkg_8TeV_ExpPAR1_cat0	  = 0.00277169	 +/-  0.00186409	(limited)
PhotonsMass_bkg_8TeV_ExpPAR2_cat0	  = -3.26865	 +/-  0.679809	(limited)
eff_trig	  = -0.0152003	 +/-  0.996699	(limited)
global_syst	  = -0.0732042	 +/-  0.993645	(limited)
id_eff_eb	  = -0.00762309	 +/-  0.996619	(limited)
lumi_8TeV	  = -0.0390331	 +/-  0.995958	(limited)
mShift_cat0	  = -1.59872e-14	 +/-  0.989616	(limited)
mSmear_cat0	  = 0.0059053	 +/-  0.989419	(limited)
r9Eff	  = 0.0169752	 +/-  0.982094	(limited)
vtxEff	  = -0.00895913	 +/-  0.986559	(limited)
At r = 0.404053:	delta(nll) = 0.77310
Minuit2Minimizer: Minimize with max-calls 5000 convergence for edm < 0.01 strategy 0
Minuit2Minimizer : Valid minimum - status = 0
FVAL  = -0.00285625860802987729
Edm   = 9.34506198878025771e-08
Nfcn  = 135
PhotonsMass_bkg_8TeV_ExpPAR1_cat0	  = 0.00289152	 +/-  0.00191225	(limited)
PhotonsMass_bkg_8TeV_ExpPAR2_cat0	  = -3.22175	 +/-  0.697233	(limited)
eff_trig	  = -0.0122358	 +/-  0.996739	(limited)
global_syst	  = -0.05995	 +/-  0.994121	(limited)
id_eff_eb	  = -0.00613323	 +/-  0.996646	(limited)
lumi_8TeV	  = -0.0315599	 +/-  0.996303	(limited)
mShift_cat0	  = -6.17284e-14	 +/-  0.989616	(limited)
mSmear_cat0	  = 0.00476269	 +/-  0.989461	(limited)
r9Eff	  = 0.0137286	 +/-  0.984288	(limited)
vtxEff	  = -0.00723136	 +/-  0.988134	(limited)
At r = 0.363647:	delta(nll) = 0.62950
Minuit2Minimizer: Minimize with max-calls 5000 convergence for edm < 0.01 strategy 0
Minuit2Minimizer : Valid minimum - status = 0
FVAL  = -0.000663736618948960826
Edm   = 2.0192587241320415e-06
Nfcn  = 116
PhotonsMass_bkg_8TeV_ExpPAR1_cat0	  = 0.00296053	 +/-  0.00193643	(limited)
PhotonsMass_bkg_8TeV_ExpPAR2_cat0	  = -3.19515	 +/-  0.703047	(limited)
eff_trig	  = -0.0114375	 +/-  0.996265	(limited)
global_syst	  = -0.0534652	 +/-  0.993612	(limited)
id_eff_eb	  = -0.0057401	 +/-  0.996526	(limited)
lumi_8TeV	  = -0.0291551	 +/-  0.994808	(limited)
mShift_cat0	  = 6.92779e-14	 +/-  0.989616	(limited)
mSmear_cat0	  = 0.00445612	 +/-  0.989403	(limited)
r9Eff	  = 0.0128626	 +/-  0.984707	(limited)
vtxEff	  = -0.00678349	 +/-  0.988674	(limited)
At r = 0.343445:	delta(nll) = 0.56303
Minuit2Minimizer: Minimize with max-calls 5000 convergence for edm < 0.01 strategy 0
Minuit2Minimizer : Valid minimum - status = 0
FVAL  = -3.25519054300562959e-05
Edm   = 3.92325171587583425e-06
Nfcn  = 67
PhotonsMass_bkg_8TeV_ExpPAR1_cat0	  = 0.00296131	 +/-  0.000206413	(limited)
PhotonsMass_bkg_8TeV_ExpPAR2_cat0	  = -3.19557	 +/-  0.084784	(limited)
eff_trig	  = -0.0115929	 +/-  0.996519	(limited)
global_syst	  = -0.0556683	 +/-  1.00899	(limited)
id_eff_eb	  = -0.00581406	 +/-  0.996573	(limited)
lumi_8TeV	  = -0.0297491	 +/-  0.996676	(limited)
mShift_cat0	  = 3.81917e-14	 +/-  0.989616	(limited)
mSmear_cat0	  = 0.00450106	 +/-  0.989425	(limited)
r9Eff	  = 0.0130289	 +/-  0.98396	(limited)
vtxEff	  = -0.00686504	 +/-  0.988038	(limited)
At r = 0.353546:	delta(nll) = 0.59603
Minuit2Minimizer: Minimize with max-calls 5000 convergence for edm < 0.01 strategy 0
Minuit2Minimizer : Valid minimum - status = 0
FVAL  = -1.34341531825880592e-05
Edm   = 7.86837211206951343e-07
Nfcn  = 63
PhotonsMass_bkg_8TeV_ExpPAR1_cat0	  = 0.00296055	 +/-  0.000230963	(limited)
PhotonsMass_bkg_8TeV_ExpPAR2_cat0	  = -3.19537	 +/-  0.0755186	(limited)
eff_trig	  = -0.011448	 +/-  0.996625	(limited)
global_syst	  = -0.0555677	 +/-  0.993471	(limited)
id_eff_eb	  = -0.00573973	 +/-  0.996592	(limited)
lumi_8TeV	  = -0.0294563	 +/-  0.996331	(limited)
mShift_cat0	  = 9.76996e-15	 +/-  0.989616	(limited)
mSmear_cat0	  = 0.00445063	 +/-  0.98944	(limited)
r9Eff	  = 0.0128683	 +/-  0.984525	(limited)
vtxEff	  = -0.00677704	 +/-  0.988356	(limited)
At r = 0.348495:	delta(nll) = 0.57938
Minuit2Minimizer: Minimize with max-calls 5000 convergence for edm < 0.01 strategy 0
Minuit2Minimizer : Valid minimum - status = 0
FVAL  = -2.8952930299319235e-06
Edm   = 5.7590778925179129e-07
Nfcn  = 63
PhotonsMass_bkg_8TeV_ExpPAR1_cat0	  = 0.00296018	 +/-  0.000239654	(limited)
PhotonsMass_bkg_8TeV_ExpPAR2_cat0	  = -3.1953	 +/-  0.0734749	(limited)
eff_trig	  = -0.0112683	 +/-  0.997652	(limited)
global_syst	  = -0.0550219	 +/-  1.004	(limited)
id_eff_eb	  = -0.00564877	 +/-  0.996851	(limited)
lumi_8TeV	  = -0.0290373	 +/-  1.00216	(limited)
mShift_cat0	  = -2.26485e-14	 +/-  0.989616	(limited)
mSmear_cat0	  = 0.00438398	 +/-  0.989582	(limited)
r9Eff	  = 0.0126704	 +/-  0.985971	(limited)
vtxEff	  = -0.00667047	 +/-  0.988847	(limited)
At r = 0.345970:	delta(nll) = 0.57117
Will search for NLL crossing by bisection
Minuit2Minimizer: Minimize with max-calls 5000 convergence for edm < 0.01 strategy 0
Minuit2Minimizer : Valid minimum - status = 0
FVAL  = -0.0383085761806727168
Edm   = 1.23116073300334719e-06
Nfcn  = 154
PhotonsMass_bkg_8TeV_ExpPAR1_cat0	  = 0.00251965	 +/-  0.00192248	(limited)
PhotonsMass_bkg_8TeV_ExpPAR2_cat0	  = -3.36764	 +/-  0.704349	(limited)
eff_trig	  = -0.0226679	 +/-  0.995804	(limited)
global_syst	  = -0.108038	 +/-  0.98983	(limited)
id_eff_eb	  = -0.0113724	 +/-  0.996395	(limited)
lumi_8TeV	  = -0.0580709	 +/-  0.992639	(limited)
mShift_cat0	  = -2.26485e-14	 +/-  0.989616	(limited)
mSmear_cat0	  = 0.00874127	 +/-  0.989131	(limited)
r9Eff	  = 0.0247732	 +/-  0.970036	(limited)
vtxEff	  = -0.0131734	 +/-  0.978659	(limited)
At r = 0.495596:	delta(nll) = 1.14988
Minuit2Minimizer: Minimize with max-calls 5000 convergence for edm < 0.01 strategy 0
Minuit2Minimizer : Valid minimum - status = 0
FVAL  = -0.00923680278791544698
Edm   = 2.77341990639144102e-06
Nfcn  = 136
PhotonsMass_bkg_8TeV_ExpPAR1_cat0	  = 0.00272681	 +/-  0.00187379	(limited)
PhotonsMass_bkg_8TeV_ExpPAR2_cat0	  = -3.28625	 +/-  0.68322	(limited)
eff_trig	  = -0.0163579	 +/-  0.996808	(limited)
global_syst	  = -0.0789628	 +/-  0.993629	(limited)
id_eff_eb	  = -0.00820352	 +/-  0.996677	(limited)
lumi_8TeV	  = -0.0420308	 +/-  0.996131	(limited)
mShift_cat0	  = 7.63833e-14	 +/-  0.989616	(limited)
mSmear_cat0	  = 0.00634664	 +/-  0.989429	(limited)
r9Eff	  = 0.0182156	 +/-  0.980986	(limited)
vtxEff	  = -0.00962165	 +/-  0.985757	(limited)
At r = 0.420152:	delta(nll) = 0.83422
Minuit2Minimizer: Minimize with max-calls 5000 convergence for edm < 0.01 strategy 0
Minuit2Minimizer : Valid minimum - status = 0
FVAL  = -0.00216223618480889052
Edm   = 4.54969143585864412e-08
Nfcn  = 135
PhotonsMass_bkg_8TeV_ExpPAR1_cat0	  = 0.00262533	 +/-  0.00191727	(limited)
PhotonsMass_bkg_8TeV_ExpPAR2_cat0	  = -3.32615	 +/-  0.703965	(limited)
eff_trig	  = -0.0190463	 +/-  0.995623	(limited)
global_syst	  = -0.0935173	 +/-  0.990671	(limited)
id_eff_eb	  = -0.00954676	 +/-  0.996341	(limited)
lumi_8TeV	  = -0.0491377	 +/-  0.992964	(limited)
mShift_cat0	  = -3.06422e-14	 +/-  0.989616	(limited)
mSmear_cat0	  = 0.00736456	 +/-  0.98918	(limited)
r9Eff	  = 0.0210629	 +/-  0.974991	(limited)
vtxEff	  = -0.0111449	 +/-  0.982143	(limited)
At r = 0.457874:	delta(nll) = 0.98607
Minuit2Minimizer: Minimize with max-calls 5000 convergence for edm < 0.01 strategy 0
Minuit2Minimizer : Valid minimum - status = 0
FVAL  = -0.000180145649207388657
Edm   = 4.45935272465723579e-06
Nfcn  = 89
PhotonsMass_bkg_8TeV_ExpPAR1_cat0	  = 0.00262635	 +/-  0.000249919	(limited)
PhotonsMass_bkg_8TeV_ExpPAR2_cat0	  = -3.32714	 +/-  0.0837416	(limited)
eff_trig	  = -0.0210526	 +/-  0.995928	(limited)
global_syst	  = -0.103168	 +/-  0.988265	(limited)
id_eff_eb	  = -0.0105526	 +/-  0.996422	(limited)
lumi_8TeV	  = -0.0543005	 +/-  0.992687	(limited)
mShift_cat0	  = 3.55271e-15	 +/-  0.989616	(limited)
mSmear_cat0	  = 0.00809551	 +/-  0.989204	(limited)
r9Eff	  = 0.0231858	 +/-  0.97391	(limited)
vtxEff	  = -0.0122843	 +/-  0.981315	(limited)
At r = 0.476735:	delta(nll) = 1.06689
Minuit2Minimizer: Minimize with max-calls 5000 convergence for edm < 0.01 strategy 0
Minuit2Minimizer : Valid minimum - status = 0
FVAL  = -5.1764346597173787e-05
Edm   = 9.7028794611540353e-07
Nfcn  = 85
PhotonsMass_bkg_8TeV_ExpPAR1_cat0	  = 0.00262506	 +/-  0.000220383	(limited)
PhotonsMass_bkg_8TeV_ExpPAR2_cat0	  = -3.32695	 +/-  0.0879607	(limited)
eff_trig	  = -0.0198299	 +/-  0.996065	(limited)
global_syst	  = -0.0972648	 +/-  0.991406	(limited)
id_eff_eb	  = -0.00993953	 +/-  0.99644	(limited)
lumi_8TeV	  = -0.0511569	 +/-  0.993641	(limited)
mShift_cat0	  = 3.55271e-15	 +/-  0.989616	(limited)
mSmear_cat0	  = 0.00764762	 +/-  0.989218	(limited)
r9Eff	  = 0.0218945	 +/-  0.975127	(limited)
vtxEff	  = -0.0115908	 +/-  0.982087	(limited)
At r = 0.467304:	delta(nll) = 1.02601
Minuit2Minimizer: Minimize with max-calls 5000 convergence for edm < 0.01 strategy 0
Minuit2Minimizer : Valid minimum - status = 0
FVAL  = -9.74058389732626343e-06
Edm   = 6.55088137684694255e-07
Nfcn  = 63
PhotonsMass_bkg_8TeV_ExpPAR1_cat0	  = 0.00262446	 +/-  0.000226392	(limited)
PhotonsMass_bkg_8TeV_ExpPAR2_cat0	  = -3.32678	 +/-  0.0773193	(limited)
eff_trig	  = -0.0196383	 +/-  0.996748	(limited)
global_syst	  = -0.096318	 +/-  1.00037	(limited)
id_eff_eb	  = -0.0098435	 +/-  0.996642	(limited)
lumi_8TeV	  = -0.0506617	 +/-  0.997551	(limited)
mShift_cat0	  = 3.55271e-15	 +/-  0.989616	(limited)
mSmear_cat0	  = 0.00758258	 +/-  0.989344	(limited)
r9Eff	  = 0.0216915	 +/-  0.976305	(limited)
vtxEff	  = -0.0114819	 +/-  0.982612	(limited)
At r = 0.462589:	delta(nll) = 1.00592
Minuit2Minimizer: Minimize with max-calls 5000 convergence for edm < 0.01 strategy 0
Minuit2Minimizer : Valid minimum - status = 0
FVAL  = -3.30729602781938808e-06
Edm   = 5.48395116855247875e-07
Nfcn  = 63
PhotonsMass_bkg_8TeV_ExpPAR1_cat0	  = 0.00262416	 +/-  0.000226951	(limited)
PhotonsMass_bkg_8TeV_ExpPAR2_cat0	  = -3.32669	 +/-  0.0784498	(limited)
eff_trig	  = -0.0193978	 +/-  0.997953	(limited)
global_syst	  = -0.0951348	 +/-  1.03012	(limited)
id_eff_eb	  = -0.00972293	 +/-  0.996944	(limited)
lumi_8TeV	  = -0.0500408	 +/-  1.00565	(limited)
mShift_cat0	  = 3.55271e-15	 +/-  0.989616	(limited)
mSmear_cat0	  = 0.00749546	 +/-  0.989515	(limited)
r9Eff	  = 0.0214366	 +/-  0.97789	(limited)
vtxEff	  = -0.0113452	 +/-  0.983147	(limited)
At r = 0.460231:	delta(nll) = 0.99597
Will search for NLL crossing by bisection
Minuit2Minimizer: Minimize with max-calls 5000 convergence for edm < 0.01 strategy 0
Minuit2Minimizer : Valid minimum - status = 0
FVAL  = -0.425393448925673823
Edm   = 3.02922882312421023e-08
Nfcn  = 241
PhotonsMass_bkg_8TeV_ExpPAR1_cat0	  = 0.00125851	 +/-  0.00196119	(limited)
PhotonsMass_bkg_8TeV_ExpPAR2_cat0	  = -3.86275	 +/-  0.720449	(limited)
eff_trig	  = -0.0786362	 +/-  0.994331	(limited)
global_syst	  = -0.385877	 +/-  0.966226	(limited)
id_eff_eb	  = -0.0394118	 +/-  0.995964	(limited)
lumi_8TeV	  = -0.202962	 +/-  0.985475	(limited)
mShift_cat0	  = 3.55271e-15	 +/-  0.989616	(limited)
mSmear_cat0	  = 0.0293167	 +/-  0.987886	(limited)
r9Eff	  = 0.0776143	 +/-  0.906005	(limited)
vtxEff	  = -0.0424157	 +/-  0.932936	(limited)
At r = 0.976329:	delta(nll) = 4.20837
Minuit2Minimizer: Minimize with max-calls 5000 convergence for edm < 0.01 strategy 0
Minuit2Minimizer : Valid minimum - status = 0
FVAL  = -0.0432189510700366625
Edm   = 4.4181005502906465e-08
Nfcn  = 201
PhotonsMass_bkg_8TeV_ExpPAR1_cat0	  = 0.00167303	 +/-  0.00191572	(limited)
PhotonsMass_bkg_8TeV_ExpPAR2_cat0	  = -3.69984	 +/-  0.699587	(limited)
eff_trig	  = -0.0561408	 +/-  0.994848	(limited)
global_syst	  = -0.275234	 +/-  0.978051	(limited)
id_eff_eb	  = -0.0281411	 +/-  0.996166	(limited)
lumi_8TeV	  = -0.144794	 +/-  0.987246	(limited)
mShift_cat0	  = 3.55271e-15	 +/-  0.989616	(limited)
mSmear_cat0	  = 0.0211727	 +/-  0.988624	(limited)
r9Eff	  = 0.0577048	 +/-  0.94674	(limited)
vtxEff	  = -0.0311975	 +/-  0.960757	(limited)
At r = 0.811407:	delta(nll) = 2.96640
Minuit2Minimizer: Minimize with max-calls 5000 convergence for edm < 0.01 strategy 0
Minuit2Minimizer : Valid minimum - status = 0
FVAL  = -0.0107823718349918662
Edm   = 5.77805502995244029e-06
Nfcn  = 156
PhotonsMass_bkg_8TeV_ExpPAR1_cat0	  = 0.00146908	 +/-  0.00198945	(limited)
PhotonsMass_bkg_8TeV_ExpPAR2_cat0	  = -3.78001	 +/-  0.734048	(limited)
eff_trig	  = -0.0673055	 +/-  0.99543	(limited)
global_syst	  = -0.329099	 +/-  0.98272	(limited)
id_eff_eb	  = -0.0337368	 +/-  0.996285	(limited)
lumi_8TeV	  = -0.173573	 +/-  0.990019	(limited)
mShift_cat0	  = 3.55271e-15	 +/-  0.989616	(limited)
mSmear_cat0	  = 0.0252283	 +/-  0.988401	(limited)
r9Eff	  = 0.0677395	 +/-  0.930795	(limited)
vtxEff	  = -0.0368357	 +/-  0.949389	(limited)
At r = 0.893868:	delta(nll) = 3.56373
Minuit2Minimizer: Minimize with max-calls 5000 convergence for edm < 0.01 strategy 0
Minuit2Minimizer : Valid minimum - status = 0
FVAL  = -0.00288510109486772972
Edm   = 1.99464303703323199e-07
Nfcn  = 156
PhotonsMass_bkg_8TeV_ExpPAR1_cat0	  = 0.00136133	 +/-  0.00199056	(limited)
PhotonsMass_bkg_8TeV_ExpPAR2_cat0	  = -3.82232	 +/-  0.732142	(limited)
eff_trig	  = -0.0728031	 +/-  0.995063	(limited)
global_syst	  = -0.356779	 +/-  0.979497	(limited)
id_eff_eb	  = -0.0364917	 +/-  0.996204	(limited)
lumi_8TeV	  = -0.187803	 +/-  0.988081	(limited)
mShift_cat0	  = 4.17444e-14	 +/-  0.989616	(limited)
mSmear_cat0	  = 0.0272177	 +/-  0.988312	(limited)
r9Eff	  = 0.072555	 +/-  0.9279	(limited)
vtxEff	  = -0.0395516	 +/-  0.946682	(limited)
At r = 0.935099:	delta(nll) = 3.88025
Minuit2Minimizer: Minimize with max-calls 5000 convergence for edm < 0.01 strategy 0
Minuit2Minimizer : Valid minimum - status = 0
FVAL  = -0.000311045844110124058
Edm   = 3.22777017196172686e-06
Nfcn  = 89
PhotonsMass_bkg_8TeV_ExpPAR1_cat0	  = 0.00136021	 +/-  0.000235947	(limited)
PhotonsMass_bkg_8TeV_ExpPAR2_cat0	  = -3.82139	 +/-  0.079017	(limited)
eff_trig	  = -0.0693836	 +/-  0.994712	(limited)
global_syst	  = -0.340479	 +/-  0.976113	(limited)
id_eff_eb	  = -0.0347772	 +/-  0.996106	(limited)
lumi_8TeV	  = -0.179015	 +/-  0.985802	(limited)
mShift_cat0	  = 2.66454e-15	 +/-  0.989616	(limited)
mSmear_cat0	  = 0.0260381	 +/-  0.988333	(limited)
r9Eff	  = 0.0695657	 +/-  0.932096	(limited)
vtxEff	  = -0.037863	 +/-  0.949671	(limited)
At r = 0.914483:	delta(nll) = 3.72088
Minuit2Minimizer: Minimize with max-calls 5000 convergence for edm < 0.01 strategy 0
Minuit2Minimizer : Valid minimum - status = 0
FVAL  = -0.000878564500298757364
Edm   = 6.69432632396329467e-08
Nfcn  = 133
PhotonsMass_bkg_8TeV_ExpPAR1_cat0	  = 0.00143696	 +/-  0.00198773	(limited)
PhotonsMass_bkg_8TeV_ExpPAR2_cat0	  = -3.79257	 +/-  0.720163	(limited)
eff_trig	  = -0.0684126	 +/-  0.995034	(limited)
global_syst	  = -0.335546	 +/-  0.980828	(limited)
id_eff_eb	  = -0.0342894	 +/-  0.996159	(limited)
lumi_8TeV	  = -0.176535	 +/-  0.990546	(limited)
mShift_cat0	  = 2.66454e-15	 +/-  0.989616	(limited)
mSmear_cat0	  = 0.0256321	 +/-  0.98839	(limited)
r9Eff	  = 0.0687092	 +/-  0.933049	(limited)
vtxEff	  = -0.0373791	 +/-  0.950514	(limited)
At r = 0.904176:	delta(nll) = 3.64176
Minuit2Minimizer: Minimize with max-calls 5000 convergence for edm < 0.01 strategy 0
Minuit2Minimizer : Valid minimum - status = 0
FVAL  = -1.72430282494657658e-05
Edm   = 2.52896210952581173e-06
Nfcn  = 67
PhotonsMass_bkg_8TeV_ExpPAR1_cat0	  = 0.00143751	 +/-  0.000217124	(limited)
PhotonsMass_bkg_8TeV_ExpPAR2_cat0	  = -3.79282	 +/-  0.083303	(limited)
eff_trig	  = -0.0689508	 +/-  0.997118	(limited)
global_syst	  = -0.33804	 +/-  1.00958	(limited)
id_eff_eb	  = -0.0345607	 +/-  0.996736	(limited)
lumi_8TeV	  = -0.177876	 +/-  0.999648	(limited)
mShift_cat0	  = 2.66454e-15	 +/-  0.989616	(limited)
mSmear_cat0	  = 0.0258114	 +/-  0.988669	(limited)
r9Eff	  = 0.0691849	 +/-  0.933576	(limited)
vtxEff	  = -0.0376483	 +/-  0.95018	(limited)
At r = 0.909330:	delta(nll) = 3.68107
Will search for NLL crossing by bisection
Minuit2Minimizer: Minimize with max-calls 5000 convergence for edm < 0.01 strategy 0
Minuit2Minimizer : Valid minimum - status = 0
FVAL  = -0.460402852189422229
Edm   = 6.76104312864951556e-07
Nfcn  = 358
PhotonsMass_bkg_8TeV_ExpPAR1_cat0	  = 0.000189247	 +/-  0.00469012	(limited)
PhotonsMass_bkg_8TeV_ExpPAR2_cat0	  = -4.28368	 +/-  0.70459	(limited)
eff_trig	  = -0.154909	 +/-  0.984477	(limited)
global_syst	  = -0.762483	 +/-  0.947659	(limited)
id_eff_eb	  = -0.0776047	 +/-  0.99278	(limited)
lumi_8TeV	  = -0.400747	 +/-  0.977289	(limited)
mShift_cat0	  = 2.66454e-15	 +/-  0.989616	(limited)
mSmear_cat0	  = 0.0560037	 +/-  0.985359	(limited)
r9Eff	  = 0.136765	 +/-  0.851093	(limited)
vtxEff	  = -0.07637	 +/-  0.886799	(limited)
At r = 1.438886:	delta(nll) = 8.61677
Minuit2Minimizer: Minimize with max-calls 5000 convergence for edm < 0.01 strategy 0
Minuit2Minimizer : Valid minimum - status = 0
FVAL  = -0.111628397723105302
Edm   = 1.78281379855275504e-06
Nfcn  = 248
PhotonsMass_bkg_8TeV_ExpPAR1_cat0	  = 0.000779803	 +/-  0.00198204	(limited)
PhotonsMass_bkg_8TeV_ExpPAR2_cat0	  = -4.05113	 +/-  0.716901	(limited)
eff_trig	  = -0.109562	 +/-  0.995107	(limited)
global_syst	  = -0.536911	 +/-  0.975275	(limited)
id_eff_eb	  = -0.0549049	 +/-  0.996183	(limited)
lumi_8TeV	  = -0.282945	 +/-  0.989976	(limited)
mShift_cat0	  = 2.66454e-15	 +/-  0.989616	(limited)
mSmear_cat0	  = 0.0402848	 +/-  0.987993	(limited)
r9Eff	  = 0.101787	 +/-  0.913505	(limited)
vtxEff	  = -0.0566155	 +/-  0.934588	(limited)
At r = 1.175396:	delta(nll) = 5.94849
Minuit2Minimizer: Minimize with max-calls 5000 convergence for edm < 0.01 strategy 0
Minuit2Minimizer : Valid minimum - status = 0
FVAL  = -0.0279019389573576908
Edm   = 1.00492073185053525e-06
Nfcn  = 198
PhotonsMass_bkg_8TeV_ExpPAR1_cat0	  = 0.000481407	 +/-  0.00198596	(limited)
PhotonsMass_bkg_8TeV_ExpPAR2_cat0	  = -4.16859	 +/-  0.73275	(limited)
eff_trig	  = -0.132301	 +/-  0.987783	(limited)
global_syst	  = -0.645994	 +/-  0.967794	(limited)
id_eff_eb	  = -0.0663407	 +/-  0.993943	(limited)
lumi_8TeV	  = -0.340541	 +/-  0.981833	(limited)
mShift_cat0	  = 2.66454e-15	 +/-  0.989616	(limited)
mSmear_cat0	  = 0.0482476	 +/-  0.986421	(limited)
r9Eff	  = 0.119798	 +/-  0.888941	(limited)
vtxEff	  = -0.0667065	 +/-  0.911165	(limited)
At r = 1.307141:	delta(nll) = 7.23359
Minuit2Minimizer: Minimize with max-calls 5000 convergence for edm < 0.01 strategy 0
Minuit2Minimizer : Valid minimum - status = 0
FVAL  = -0.00692540535653094792
Edm   = 1.66011889796288645e-07
Nfcn  = 178
PhotonsMass_bkg_8TeV_ExpPAR1_cat0	  = 0.000627855	 +/-  0.00197052	(limited)
PhotonsMass_bkg_8TeV_ExpPAR2_cat0	  = -4.11081	 +/-  0.71884	(limited)
eff_trig	  = -0.12071	 +/-  0.993291	(limited)
global_syst	  = -0.59068	 +/-  0.970328	(limited)
id_eff_eb	  = -0.0605174	 +/-  0.995629	(limited)
lumi_8TeV	  = -0.311001	 +/-  0.98856	(limited)
mShift_cat0	  = -1.59872e-13	 +/-  0.989616	(limited)
mSmear_cat0	  = 0.0442157	 +/-  0.987432	(limited)
r9Eff	  = 0.111426	 +/-  0.904942	(limited)
vtxEff	  = -0.0617766	 +/-  0.923252	(limited)
At r = 1.241268:	delta(nll) = 6.57835
Minuit2Minimizer: Minimize with max-calls 5000 convergence for edm < 0.01 strategy 0
Minuit2Minimizer : Valid minimum - status = 0
FVAL  = -0.00176376702102223567
Edm   = 3.69569223865415713e-07
Nfcn  = 156
PhotonsMass_bkg_8TeV_ExpPAR1_cat0	  = 0.000702877	 +/-  0.00188268	(limited)
PhotonsMass_bkg_8TeV_ExpPAR2_cat0	  = -4.08127	 +/-  0.68889	(limited)
eff_trig	  = -0.114792	 +/-  0.994519	(limited)
global_syst	  = -0.56391	 +/-  0.972007	(limited)
id_eff_eb	  = -0.0575326	 +/-  0.996087	(limited)
lumi_8TeV	  = -0.296324	 +/-  0.984383	(limited)
mShift_cat0	  = -1.33227e-14	 +/-  0.989616	(limited)
mSmear_cat0	  = 0.0421318	 +/-  0.987729	(limited)
r9Eff	  = 0.106797	 +/-  0.907763	(limited)
vtxEff	  = -0.0591285	 +/-  0.925547	(limited)
At r = 1.208332:	delta(nll) = 6.26019
Minuit2Minimizer: Minimize with max-calls 5000 convergence for edm < 0.01 strategy 0
Minuit2Minimizer : Valid minimum - status = 0
FVAL  = -0.000240057755510461926
Edm   = 1.62349472558954745e-06
Nfcn  = 87
PhotonsMass_bkg_8TeV_ExpPAR1_cat0	  = 0.00070374	 +/-  0.000234871	(limited)
PhotonsMass_bkg_8TeV_ExpPAR2_cat0	  = -4.08196	 +/-  0.0789157	(limited)
eff_trig	  = -0.118133	 +/-  0.993461	(limited)
global_syst	  = -0.578834	 +/-  0.964052	(limited)
id_eff_eb	  = -0.0592149	 +/-  0.995788	(limited)
lumi_8TeV	  = -0.304678	 +/-  0.979109	(limited)
mShift_cat0	  = 2.84217e-14	 +/-  0.989616	(limited)
mSmear_cat0	  = 0.0432543	 +/-  0.987512	(limited)
r9Eff	  = 0.109376	 +/-  0.902548	(limited)
vtxEff	  = -0.0606146	 +/-  0.922363	(limited)
At r = 1.224800:	delta(nll) = 6.41865
Minuit2Minimizer: Minimize with max-calls 5000 convergence for edm < 0.01 strategy 0
Minuit2Minimizer : Valid minimum - status = 0
FVAL  = -6.95341875803495843e-05
Edm   = 5.13364772490940271e-06
Nfcn  = 85
PhotonsMass_bkg_8TeV_ExpPAR1_cat0	  = 0.000703444	 +/-  0.000276363	(limited)
PhotonsMass_bkg_8TeV_ExpPAR2_cat0	  = -4.08253	 +/-  0.0827349	(limited)
eff_trig	  = -0.119825	 +/-  0.993465	(limited)
global_syst	  = -0.587442	 +/-  0.961008	(limited)
id_eff_eb	  = -0.0600618	 +/-  0.995818	(limited)
lumi_8TeV	  = -0.309088	 +/-  0.978118	(limited)
mShift_cat0	  = -1.77636e-14	 +/-  0.989616	(limited)
mSmear_cat0	  = 0.0438203	 +/-  0.987532	(limited)
r9Eff	  = 0.110666	 +/-  0.902444	(limited)
vtxEff	  = -0.0613571	 +/-  0.921832	(limited)
At r = 1.233034:	delta(nll) = 6.49862
Restricting r to positive values.
  1) RooRealVar::                                MH = 350
  2) RooRealVar:: PhotonsMass_bkg_8TeV_ExpPAR1_cat0 = 0.0039863 +/- 0.00193148
  3) RooRealVar:: PhotonsMass_bkg_8TeV_ExpPAR2_cat0 = -2.79367 +/- 0.704208
  4) RooRealVar::         ReducedMass_sig_Nneg_cat0 = 1.38518 +/- 7.52635
  5) RooRealVar::         ReducedMass_sig_Npos_cat0 = 5 +/- 7.52635
  6) RooRealVar::   ReducedMass_sig_alphaCBneg_cat0 = 1.6 +/- 1.2594
  7) RooRealVar::   ReducedMass_sig_alphaCBpos_cat0 = -1.6 +/- 2.23267
  8) RooRealVar::         ReducedMass_sig_frac_cat0 = 0.5 +/- 0.420735
  9) RooRealVar::         ReducedMass_sig_mean_cat0 = 0 +/- 0.00841471
 10) RooRealVar::        ReducedMass_sig_sigma_cat0 = 0.011 +/- 0.224792
 11) RooRealVar::                          eff_trig = 0
 12) RooRealVar::                       eff_trig_In = 0
 13) RooRealVar::                       global_syst = 0
 14) RooRealVar::                    global_syst_In = 0
 15) RooRealVar::                         id_eff_eb = 0
 16) RooRealVar::                      id_eff_eb_In = 0
 17) RooRealVar::                         lumi_8TeV = 0
 18) RooRealVar::                      lumi_8TeV_In = 0
 19) RooRealVar::                       mShift_cat0 = 0
 20) RooRealVar::                    mShift_cat0_In = 0
 21) RooRealVar::                       mSmear_cat0 = 0
 22) RooRealVar::                    mSmear_cat0_In = 0
 23) RooRealVar::            n_exp_bincat0_proc_bkg = 2469
 24) RooRealVar::                                 r = 2
 25) RooRealVar::                             r9Eff = 0
 26) RooRealVar::                          r9Eff_In = 0
 27) RooRealVar::                 rooSigmaCorr_cat0 = 0.913739
 28) RooRealVar::                            vtxEff = 0
 29) RooRealVar::                         vtxEff_In = 0

Make global fit of real data
[#1] INFO:NumericIntegration -- RooRealIntegral::init(shapeBkg_bkg_cat0_Int[PhotonsMass]) using numeric integrator RooIntegrator1D to calculate Int(PhotonsMass)
[#1] INFO:Caching -- RooAbsCachedPdf::getCache(shapeSig_sig_cat0) creating new cache 0x1759e610 with pdf SigModelBW_cat0_CONV_ResAddPdf_cat0_CACHE_Obs[PhotonsMass] for nset (PhotonsMass) with code 1 from preexisting content.
Minuit2Minimizer: Minimize with max-calls 5500 convergence for edm < 0.01 strategy 0
Minuit2Minimizer : Valid minimum - status = 0
FVAL  = -17.9846578462670443
Edm   = 2.70591520771960786e-07
Nfcn  = 312
PhotonsMass_bkg_8TeV_ExpPAR1_cat0	  = 0.00318864	 +/-  0.00222436	(limited)
PhotonsMass_bkg_8TeV_ExpPAR2_cat0	  = -3.10488	 +/-  0.84051	(limited)
eff_trig	  = -3.6688e-05	 +/-  0.993536	(limited)
global_syst	  = 0.00017158	 +/-  0.97405	(limited)
id_eff_eb	  = -6.06027e-05	 +/-  0.994491	(limited)
lumi_8TeV	  = 6.87669e-05	 +/-  0.98433	(limited)
mShift_cat0	  = 0	 +/-  0.989616	(limited)
mSmear_cat0	  = -0.00262186	 +/-  0.984341	(limited)
r	  = 0.247289	 +/-  0.327471	(limited)
r9Eff	  = -0.000287534	 +/-  1.00269	(limited)
vtxEff	  = -2.66291e-05	 +/-  0.853999	(limited)
NLL at global minimum of data: -3492.52 (r = 0.247289)
   0) MH                             =       350
   1) PhotonsMass_bkg_8TeV_ExpPAR1_cat0 = 0.00318864
   2) PhotonsMass_bkg_8TeV_ExpPAR2_cat0 =  -3.10488
   3) ReducedMass_sig_Nneg_cat0      =   1.38518
   4) ReducedMass_sig_Npos_cat0      =         5
   5) ReducedMass_sig_alphaCBneg_cat0 =       1.6
   6) ReducedMass_sig_alphaCBpos_cat0 =      -1.6
   7) ReducedMass_sig_frac_cat0      =       0.5
   8) ReducedMass_sig_mean_cat0      =         0
   9) ReducedMass_sig_sigma_cat0     =     0.011
  10) eff_trig                       = -3.6688e-05
  11) eff_trig_In                    =         0
  12) global_syst                    = 0.00017158
  13) global_syst_In                 =         0
  14) id_eff_eb                      = -6.06027e-05
  15) id_eff_eb_In                   =         0
  16) lumi_8TeV                      = 6.87669e-05
  17) lumi_8TeV_In                   =         0
  18) mShift_cat0                    =         0
  19) mShift_cat0_In                 =         0
  20) mSmear_cat0                    = -0.00262186
  21) mSmear_cat0_In                 =         0
  22) n_exp_bincat0_proc_bkg         =      2469
  23) r                              =  0.247289
  24) r9Eff                          = -0.000287534
  25) r9Eff_In                       =         0
  26) rooSigmaCorr_cat0              =  0.913739
  27) vtxEff                         = -2.66291e-05
  28) vtxEff_In                      =         0


Make global fit of asimov data
[#1] INFO:NumericIntegration -- RooRealIntegral::init(shapeBkg_bkg_cat0_Int[PhotonsMass]) using numeric integrator RooIntegrator1D to calculate Int(PhotonsMass)
[#1] INFO:Caching -- RooAbsCachedPdf::getCache(shapeSig_sig_cat0) creating new cache 0x17a37cc0 with pdf SigModelBW_cat0_CONV_ResAddPdf_cat0_CACHE_Obs[PhotonsMass] for nset (PhotonsMass) with code 1
Minuit2Minimizer: Minimize with max-calls 5500 convergence for edm < 0.01 strategy 0
Minuit2Minimizer : Valid minimum - status = 0
FVAL  = -0.297098497045495458
Edm   = 4.07111019689663774e-06
Nfcn  = 384
PhotonsMass_bkg_8TeV_ExpPAR1_cat0	  = 0.00397852	 +/-  0.00199976	(limited)
PhotonsMass_bkg_8TeV_ExpPAR2_cat0	  = -2.79627	 +/-  0.734956	(limited)
eff_trig	  = 0.000371958	 +/-  0.994712	(limited)
global_syst	  = 0.00175341	 +/-  0.956753	(limited)
id_eff_eb	  = 0.000185606	 +/-  0.996125	(limited)
lumi_8TeV	  = 0.000954141	 +/-  0.984269	(limited)
mShift_cat0	  = 0	 +/-  0.989616	(limited)
mSmear_cat0	  = -0.000206546	 +/-  0.988968	(limited)
r	  = 0.000127	 +/-  14.5592	(limited)
r9Eff	  = -0.000346163	 +/-  0.989515	(limited)
vtxEff	  = 0.00019202	 +/-  0.992047	(limited)
NLL at global minimum of asimov: -3492.06 (r = 0.000127)
   0) MH                             =       350
   1) PhotonsMass_bkg_8TeV_ExpPAR1_cat0 = 0.00397852
   2) PhotonsMass_bkg_8TeV_ExpPAR2_cat0 =  -2.79627
   3) ReducedMass_sig_Nneg_cat0      =   1.38518
   4) ReducedMass_sig_Npos_cat0      =         5
   5) ReducedMass_sig_alphaCBneg_cat0 =       1.6
   6) ReducedMass_sig_alphaCBpos_cat0 =      -1.6
   7) ReducedMass_sig_frac_cat0      =       0.5
   8) ReducedMass_sig_mean_cat0      =         0
   9) ReducedMass_sig_sigma_cat0     =     0.011
  10) eff_trig                       = 0.000371958
  11) eff_trig_In                    =         0
  12) global_syst                    = 0.00175341
  13) global_syst_In                 =         0
  14) id_eff_eb                      = 0.000185606
  15) id_eff_eb_In                   =         0
  16) lumi_8TeV                      = 0.000954141
  17) lumi_8TeV_In                   =         0
  18) mShift_cat0                    =         0
  19) mShift_cat0_In                 = 8.88178e-16
  20) mSmear_cat0                    = -0.000206546
  21) mSmear_cat0_In                 = 8.88178e-16
  22) n_exp_bincat0_proc_bkg         =      2469
  23) r                              =  0.000127
  24) r9Eff                          = -0.000346163
  25) r9Eff_In                       =         0
  26) rooSigmaCorr_cat0              =  0.913739
  27) vtxEff                         = 0.00019202
  28) vtxEff_In                      =         0

Minuit2Minimizer: Minimize with max-calls 5000 convergence for edm < 0.01 strategy 0
Minuit2Minimizer : Valid minimum - status = 0
FVAL  = -2.24686699755016361
Edm   = 1.76308043904342588e-06
Nfcn  = 521
PhotonsMass_bkg_8TeV_ExpPAR1_cat0	  = 3.75365e-05	 +/-  0.0114345	(limited)
PhotonsMass_bkg_8TeV_ExpPAR2_cat0	  = -4.34196	 +/-  0.486866	(limited)
eff_trig	  = -0.132377	 +/-  0.99452	(limited)
global_syst	  = -0.647519	 +/-  0.967405	(limited)
id_eff_eb	  = -0.0663661	 +/-  0.996165	(limited)
lumi_8TeV	  = -0.341031	 +/-  0.978534	(limited)
mShift_cat0	  = 0	 +/-  0.989616	(limited)
mSmear_cat0	  = 0.0369533	 +/-  0.986762	(limited)
r9Eff	  = 0.119851	 +/-  0.839338	(limited)
vtxEff	  = -0.0666559	 +/-  0.881982	(limited)
   0) MH                             =       350
   1) PhotonsMass_bkg_8TeV_ExpPAR1_cat0 = 3.75365e-05
   2) PhotonsMass_bkg_8TeV_ExpPAR2_cat0 =  -4.34196
   3) ReducedMass_sig_Nneg_cat0      =   1.38518
   4) ReducedMass_sig_Npos_cat0      =         5
   5) ReducedMass_sig_alphaCBneg_cat0 =       1.6
   6) ReducedMass_sig_alphaCBpos_cat0 =      -1.6
   7) ReducedMass_sig_frac_cat0      =       0.5
   8) ReducedMass_sig_mean_cat0      =         0
   9) ReducedMass_sig_sigma_cat0     =     0.011
  10) eff_trig                       = -0.132377
  11) eff_trig_In                    =         0
  12) global_syst                    = -0.647519
  13) global_syst_In                 =         0
  14) id_eff_eb                      = -0.0663661
  15) id_eff_eb_In                   =         0
  16) lumi_8TeV                      = -0.341031
  17) lumi_8TeV_In                   =         0
  18) mShift_cat0                    =         0
  19) mShift_cat0_In                 =         0
  20) mSmear_cat0                    = 0.0369533
  21) mSmear_cat0_In                 =         0
  22) n_exp_bincat0_proc_bkg         =      2469
  23) r                              =   1.44729
  24) r9Eff                          =  0.119851
  25) r9Eff_In                       =         0
  26) rooSigmaCorr_cat0              =  0.913739
  27) vtxEff                         = -0.0666559
  28) vtxEff_In                      =         0

Minuit2Minimizer: Minimize with max-calls 5000 convergence for edm < 0.01 strategy 0
Minuit2Minimizer : Valid minimum - status = 0
FVAL  = -3.25756872547241061
Edm   = 3.42755470278689257e-06
Nfcn  = 405
PhotonsMass_bkg_8TeV_ExpPAR1_cat0	  = 0.000175464	 +/-  0.00354973	(limited)
PhotonsMass_bkg_8TeV_ExpPAR2_cat0	  = -4.28916	 +/-  0.580895	(limited)
eff_trig	  = -0.157433	 +/-  0.990662	(limited)
global_syst	  = -0.769367	 +/-  0.954282	(limited)
id_eff_eb	  = -0.0789883	 +/-  0.994843	(limited)
lumi_8TeV	  = -0.404621	 +/-  0.976425	(limited)
mShift_cat0	  = 0	 +/-  0.989616	(limited)
mSmear_cat0	  = 0.0568798	 +/-  0.985656	(limited)
r9Eff	  = 0.137696	 +/-  0.82251	(limited)
vtxEff	  = -0.0770682	 +/-  0.865158	(limited)
   0) MH                             =       350
   1) PhotonsMass_bkg_8TeV_ExpPAR1_cat0 = 0.000175464
   2) PhotonsMass_bkg_8TeV_ExpPAR2_cat0 =  -4.28916
   3) ReducedMass_sig_Nneg_cat0      =   1.38518
   4) ReducedMass_sig_Npos_cat0      =         5
   5) ReducedMass_sig_alphaCBneg_cat0 =       1.6
   6) ReducedMass_sig_alphaCBpos_cat0 =      -1.6
   7) ReducedMass_sig_frac_cat0      =       0.5
   8) ReducedMass_sig_mean_cat0      =         0
   9) ReducedMass_sig_sigma_cat0     =     0.011
  10) eff_trig                       = -0.157433
  11) eff_trig_In                    =         0
  12) global_syst                    = -0.769367
  13) global_syst_In                 =         0
  14) id_eff_eb                      = -0.0789883
  15) id_eff_eb_In                   =         0
  16) lumi_8TeV                      = -0.404621
  17) lumi_8TeV_In                   =         0
  18) mShift_cat0                    =         0
  19) mShift_cat0_In                 = 8.88178e-16
  20) mSmear_cat0                    = 0.0568798
  21) mSmear_cat0_In                 = 8.88178e-16
  22) n_exp_bincat0_proc_bkg         =      2469
  23) r                              =   1.44729
  24) r9Eff                          =  0.137696
  25) r9Eff_In                       =         0
  26) rooSigmaCorr_cat0              =  0.913739
  27) vtxEff                         = -0.0770682
  28) vtxEff_In                      =         0

At r = 1.447289:	q_mu = 11.94014	q_A  = 17.41684	CLsb = 0.00027	CLb  = 0.76359	CLs  = 0.00036
Minuit2Minimizer: Minimize with max-calls 5000 convergence for edm < 0.01 strategy 0
Minuit2Minimizer : Valid minimum - status = 0
FVAL  = -0.562782185471349838
Edm   = 6.27236484844863761e-06
Nfcn  = 373
PhotonsMass_bkg_8TeV_ExpPAR1_cat0	  = 0.00148696	 +/-  0.00204189	(limited)
PhotonsMass_bkg_8TeV_ExpPAR2_cat0	  = -3.77196	 +/-  0.735232	(limited)
eff_trig	  = -0.0430608	 +/-  0.994843	(limited)
global_syst	  = -0.213883	 +/-  0.992849	(limited)
id_eff_eb	  = -0.0215729	 +/-  0.996133	(limited)
lumi_8TeV	  = -0.111475	 +/-  0.99	(limited)
mShift_cat0	  = 0	 +/-  0.989616	(limited)
mSmear_cat0	  = 0.00852525	 +/-  0.988833	(limited)
r9Eff	  = 0.0434319	 +/-  0.937875	(limited)
vtxEff	  = -0.0238443	 +/-  0.974263	(limited)
   0) MH                             =       350
   1) PhotonsMass_bkg_8TeV_ExpPAR1_cat0 = 0.00148696
   2) PhotonsMass_bkg_8TeV_ExpPAR2_cat0 =  -3.77196
   3) ReducedMass_sig_Nneg_cat0      =   1.38518
   4) ReducedMass_sig_Npos_cat0      =         5
   5) ReducedMass_sig_alphaCBneg_cat0 =       1.6
   6) ReducedMass_sig_alphaCBpos_cat0 =      -1.6
   7) ReducedMass_sig_frac_cat0      =       0.5
   8) ReducedMass_sig_mean_cat0      =         0
   9) ReducedMass_sig_sigma_cat0     =     0.011
  10) eff_trig                       = -0.0430608
  11) eff_trig_In                    =         0
  12) global_syst                    = -0.213883
  13) global_syst_In                 =         0
  14) id_eff_eb                      = -0.0215729
  15) id_eff_eb_In                   =         0
  16) lumi_8TeV                      = -0.111475
  17) lumi_8TeV_In                   =         0
  18) mShift_cat0                    =         0
  19) mShift_cat0_In                 =         0
  20) mSmear_cat0                    = 0.00852525
  21) mSmear_cat0_In                 =         0
  22) n_exp_bincat0_proc_bkg         =      2469
  23) r                              =  0.847289
  24) r9Eff                          = 0.0434319
  25) r9Eff_In                       =         0
  26) rooSigmaCorr_cat0              =  0.913739
  27) vtxEff                         = -0.0238443
  28) vtxEff_In                      =         0

Minuit2Minimizer: Minimize with max-calls 5000 convergence for edm < 0.01 strategy 0
Minuit2Minimizer : Valid minimum - status = 0
FVAL  = -0.566182320053871257
Edm   = 1.40540602948911529e-07
Nfcn  = 290
PhotonsMass_bkg_8TeV_ExpPAR1_cat0	  = 0.0015815	 +/-  0.00197965	(limited)
PhotonsMass_bkg_8TeV_ExpPAR2_cat0	  = -3.73584	 +/-  0.716824	(limited)
eff_trig	  = -0.0607285	 +/-  0.99573	(limited)
global_syst	  = -0.29782	 +/-  0.981506	(limited)
id_eff_eb	  = -0.0304398	 +/-  0.996382	(limited)
lumi_8TeV	  = -0.156657	 +/-  0.991019	(limited)
mShift_cat0	  = 0	 +/-  0.989616	(limited)
mSmear_cat0	  = 0.022845	 +/-  0.988926	(limited)
r9Eff	  = 0.0619804	 +/-  0.959876	(limited)
vtxEff	  = -0.033533	 +/-  0.967488	(limited)
   0) MH                             =       350
   1) PhotonsMass_bkg_8TeV_ExpPAR1_cat0 = 0.0015815
   2) PhotonsMass_bkg_8TeV_ExpPAR2_cat0 =  -3.73584
   3) ReducedMass_sig_Nneg_cat0      =   1.38518
   4) ReducedMass_sig_Npos_cat0      =         5
   5) ReducedMass_sig_alphaCBneg_cat0 =       1.6
   6) ReducedMass_sig_alphaCBpos_cat0 =      -1.6
   7) ReducedMass_sig_frac_cat0      =       0.5
   8) ReducedMass_sig_mean_cat0      =         0
   9) ReducedMass_sig_sigma_cat0     =     0.011
  10) eff_trig                       = -0.0607285
  11) eff_trig_In                    =         0
  12) global_syst                    =  -0.29782
  13) global_syst_In                 =         0
  14) id_eff_eb                      = -0.0304398
  15) id_eff_eb_In                   =         0
  16) lumi_8TeV                      = -0.156657
  17) lumi_8TeV_In                   =         0
  18) mShift_cat0                    =         0
  19) mShift_cat0_In                 = 8.88178e-16
  20) mSmear_cat0                    =  0.022845
  21) mSmear_cat0_In                 = 8.88178e-16
  22) n_exp_bincat0_proc_bkg         =      2469
  23) r                              =  0.847289
  24) r9Eff                          = 0.0619804
  25) r9Eff_In                       =         0
  26) rooSigmaCorr_cat0              =  0.913739
  27) vtxEff                         = -0.033533
  28) vtxEff_In                      =         0

At r = 0.847289:	q_mu = 3.21748	q_A  = 6.44126	CLsb = 0.03643	CLb  = 0.77163	CLs  = 0.04721
Minuit2Minimizer: Minimize with max-calls 5000 convergence for edm < 0.01 strategy 0
Minuit2Minimizer : Valid minimum - status = 0
FVAL  = -0.144469499494721737
Edm   = 3.9096148546194586e-06
Nfcn  = 182
PhotonsMass_bkg_8TeV_ExpPAR1_cat0	  = 0.00230654	 +/-  0.00190001	(limited)
PhotonsMass_bkg_8TeV_ExpPAR2_cat0	  = -3.45037	 +/-  0.691509	(limited)
eff_trig	  = -0.014871	 +/-  0.996163	(limited)
global_syst	  = -0.0705518	 +/-  0.956379	(limited)
id_eff_eb	  = -0.00746272	 +/-  0.996473	(limited)
lumi_8TeV	  = -0.0380306	 +/-  0.99378	(limited)
mShift_cat0	  = 0	 +/-  0.989616	(limited)
mSmear_cat0	  = 0.000402598	 +/-  0.989517	(limited)
r9Eff	  = 0.0169158	 +/-  0.985074	(limited)
vtxEff	  = -0.00887106	 +/-  0.989348	(limited)
   0) MH                             =       350
   1) PhotonsMass_bkg_8TeV_ExpPAR1_cat0 = 0.00230654
   2) PhotonsMass_bkg_8TeV_ExpPAR2_cat0 =  -3.45037
   3) ReducedMass_sig_Nneg_cat0      =   1.38518
   4) ReducedMass_sig_Npos_cat0      =         5
   5) ReducedMass_sig_alphaCBneg_cat0 =       1.6
   6) ReducedMass_sig_alphaCBpos_cat0 =      -1.6
   7) ReducedMass_sig_frac_cat0      =       0.5
   8) ReducedMass_sig_mean_cat0      =         0
   9) ReducedMass_sig_sigma_cat0     =     0.011
  10) eff_trig                       = -0.014871
  11) eff_trig_In                    =         0
  12) global_syst                    = -0.0705518
  13) global_syst_In                 =         0
  14) id_eff_eb                      = -0.00746272
  15) id_eff_eb_In                   =         0
  16) lumi_8TeV                      = -0.0380306
  17) lumi_8TeV_In                   =         0
  18) mShift_cat0                    =         0
  19) mShift_cat0_In                 =         0
  20) mSmear_cat0                    = 0.000402598
  21) mSmear_cat0_In                 =         0
  22) n_exp_bincat0_proc_bkg         =      2469
  23) r                              =  0.547289
  24) r9Eff                          = 0.0169158
  25) r9Eff_In                       =         0
  26) rooSigmaCorr_cat0              =  0.913739
  27) vtxEff                         = -0.00887106
  28) vtxEff_In                      =         0

Minuit2Minimizer: Minimize with max-calls 5000 convergence for edm < 0.01 strategy 0
Minuit2Minimizer : Valid minimum - status = 0
FVAL  = -0.143099362086675841
Edm   = 2.03498834459275881e-06
Nfcn  = 180
PhotonsMass_bkg_8TeV_ExpPAR1_cat0	  = 0.00237364	 +/-  0.0018875	(limited)
PhotonsMass_bkg_8TeV_ExpPAR2_cat0	  = -3.4248	 +/-  0.686427	(limited)
eff_trig	  = -0.0269998	 +/-  0.995502	(limited)
global_syst	  = -0.129995	 +/-  0.961619	(limited)
id_eff_eb	  = -0.0135425	 +/-  0.996285	(limited)
lumi_8TeV	  = -0.0693033	 +/-  0.993254	(limited)
mShift_cat0	  = 0	 +/-  0.989616	(limited)
mSmear_cat0	  = 0.0103967	 +/-  0.989065	(limited)
r9Eff	  = 0.0297225	 +/-  0.969757	(limited)
vtxEff	  = -0.0157302	 +/-  0.980367	(limited)
   0) MH                             =       350
   1) PhotonsMass_bkg_8TeV_ExpPAR1_cat0 = 0.00237364
   2) PhotonsMass_bkg_8TeV_ExpPAR2_cat0 =   -3.4248
   3) ReducedMass_sig_Nneg_cat0      =   1.38518
   4) ReducedMass_sig_Npos_cat0      =         5
   5) ReducedMass_sig_alphaCBneg_cat0 =       1.6
   6) ReducedMass_sig_alphaCBpos_cat0 =      -1.6
   7) ReducedMass_sig_frac_cat0      =       0.5
   8) ReducedMass_sig_mean_cat0      =         0
   9) ReducedMass_sig_sigma_cat0     =     0.011
  10) eff_trig                       = -0.0269998
  11) eff_trig_In                    =         0
  12) global_syst                    = -0.129995
  13) global_syst_In                 =         0
  14) id_eff_eb                      = -0.0135425
  15) id_eff_eb_In                   =         0
  16) lumi_8TeV                      = -0.0693033
  17) lumi_8TeV_In                   =         0
  18) mShift_cat0                    =         0
  19) mShift_cat0_In                 = 8.88178e-16
  20) mSmear_cat0                    = 0.0103967
  21) mSmear_cat0_In                 = 8.88178e-16
  22) n_exp_bincat0_proc_bkg         =      2469
  23) r                              =  0.547289
  24) r9Eff                          = 0.0297225
  25) r9Eff_In                       =         0
  26) rooSigmaCorr_cat0              =  0.913739
  27) vtxEff                         = -0.0157302
  28) vtxEff_In                      =         0

At r = 0.547289:	q_mu = 0.83206	q_A  = 2.78740	CLsb = 0.18084	CLb  = 0.77559	CLs  = 0.23316
Minuit2Minimizer: Minimize with max-calls 5000 convergence for edm < 0.01 strategy 0
Minuit2Minimizer : Valid minimum - status = 0
FVAL  = -0.0357313169119163748
Edm   = 7.62671934061570193e-06
Nfcn  = 157
PhotonsMass_bkg_8TeV_ExpPAR1_cat0	  = 0.00189364	 +/-  0.00192618	(limited)
PhotonsMass_bkg_8TeV_ExpPAR2_cat0	  = -3.61268	 +/-  0.707833	(limited)
eff_trig	  = -0.0284135	 +/-  0.997082	(limited)
global_syst	  = -0.134446	 +/-  0.991009	(limited)
id_eff_eb	  = -0.0142571	 +/-  0.996744	(limited)
lumi_8TeV	  = -0.0726924	 +/-  0.995533	(limited)
mShift_cat0	  = 0	 +/-  0.989616	(limited)
mSmear_cat0	  = 0.00427457	 +/-  0.989292	(limited)
r9Eff	  = 0.0306977	 +/-  0.96461	(limited)
vtxEff	  = -0.0163849	 +/-  0.974619	(limited)
   0) MH                             =       350
   1) PhotonsMass_bkg_8TeV_ExpPAR1_cat0 = 0.00189364
   2) PhotonsMass_bkg_8TeV_ExpPAR2_cat0 =  -3.61268
   3) ReducedMass_sig_Nneg_cat0      =   1.38518
   4) ReducedMass_sig_Npos_cat0      =         5
   5) ReducedMass_sig_alphaCBneg_cat0 =       1.6
   6) ReducedMass_sig_alphaCBpos_cat0 =      -1.6
   7) ReducedMass_sig_frac_cat0      =       0.5
   8) ReducedMass_sig_mean_cat0      =         0
   9) ReducedMass_sig_sigma_cat0     =     0.011
  10) eff_trig                       = -0.0284135
  11) eff_trig_In                    =         0
  12) global_syst                    = -0.134446
  13) global_syst_In                 =         0
  14) id_eff_eb                      = -0.0142571
  15) id_eff_eb_In                   =         0
  16) lumi_8TeV                      = -0.0726924
  17) lumi_8TeV_In                   =         0
  18) mShift_cat0                    =         0
  19) mShift_cat0_In                 =         0
  20) mSmear_cat0                    = 0.00427457
  21) mSmear_cat0_In                 =         0
  22) n_exp_bincat0_proc_bkg         =      2469
  23) r                              =  0.697289
  24) r9Eff                          = 0.0306977
  25) r9Eff_In                       =         0
  26) rooSigmaCorr_cat0              =  0.913739
  27) vtxEff                         = -0.0163849
  28) vtxEff_In                      =         0

Minuit2Minimizer: Minimize with max-calls 5000 convergence for edm < 0.01 strategy 0
Minuit2Minimizer : Valid minimum - status = 0
FVAL  = -0.0356239758305342616
Edm   = 6.82302906627936833e-06
Nfcn  = 157
PhotonsMass_bkg_8TeV_ExpPAR1_cat0	  = 0.00197137	 +/-  0.00192389	(limited)
PhotonsMass_bkg_8TeV_ExpPAR2_cat0	  = -3.58298	 +/-  0.707366	(limited)
eff_trig	  = -0.0428605	 +/-  0.997377	(limited)
global_syst	  = -0.206748	 +/-  0.990379	(limited)
id_eff_eb	  = -0.0214928	 +/-  0.996827	(limited)
lumi_8TeV	  = -0.110178	 +/-  0.996355	(limited)
mShift_cat0	  = 0	 +/-  0.989616	(limited)
mSmear_cat0	  = 0.0162923	 +/-  0.98904	(limited)
r9Eff	  = 0.0450907	 +/-  0.951069	(limited)
vtxEff	  = -0.0242396	 +/-  0.964821	(limited)
   0) MH                             =       350
   1) PhotonsMass_bkg_8TeV_ExpPAR1_cat0 = 0.00197137
   2) PhotonsMass_bkg_8TeV_ExpPAR2_cat0 =  -3.58298
   3) ReducedMass_sig_Nneg_cat0      =   1.38518
   4) ReducedMass_sig_Npos_cat0      =         5
   5) ReducedMass_sig_alphaCBneg_cat0 =       1.6
   6) ReducedMass_sig_alphaCBpos_cat0 =      -1.6
   7) ReducedMass_sig_frac_cat0      =       0.5
   8) ReducedMass_sig_mean_cat0      =         0
   9) ReducedMass_sig_sigma_cat0     =     0.011
  10) eff_trig                       = -0.0428605
  11) eff_trig_In                    =         0
  12) global_syst                    = -0.206748
  13) global_syst_In                 =         0
  14) id_eff_eb                      = -0.0214928
  15) id_eff_eb_In                   =         0
  16) lumi_8TeV                      = -0.110178
  17) lumi_8TeV_In                   =         0
  18) mShift_cat0                    =         0
  19) mShift_cat0_In                 = 8.88178e-16
  20) mSmear_cat0                    = 0.0162923
  21) mSmear_cat0_In                 = 8.88178e-16
  22) n_exp_bincat0_proc_bkg         =      2469
  23) r                              =  0.697289
  24) r9Eff                          = 0.0450907
  25) r9Eff_In                       =         0
  26) rooSigmaCorr_cat0              =  0.913739
  27) vtxEff                         = -0.0242396
  28) vtxEff_In                      =         0

At r = 0.697289:	q_mu = 1.84148	q_A  = 4.44306	CLsb = 0.08739	CLb  = 0.77363	CLs  = 0.11296
Minuit2Minimizer: Minimize with max-calls 5000 convergence for edm < 0.01 strategy 0
Minuit2Minimizer : Valid minimum - status = 0
FVAL  = -0.0197143754090459492
Edm   = 2.76989658475222904e-06
Nfcn  = 159
PhotonsMass_bkg_8TeV_ExpPAR1_cat0	  = 0.00159078	 +/-  0.00193726	(limited)
PhotonsMass_bkg_8TeV_ExpPAR2_cat0	  = -3.7314	 +/-  0.714515	(limited)
eff_trig	  = -0.0394987	 +/-  0.996664	(limited)
global_syst	  = -0.192391	 +/-  0.987947	(limited)
id_eff_eb	  = -0.0197998	 +/-  0.996613	(limited)
lumi_8TeV	  = -0.101806	 +/-  0.994708	(limited)
mShift_cat0	  = 0	 +/-  0.989616	(limited)
mSmear_cat0	  = 0.0075942	 +/-  0.98909	(limited)
r9Eff	  = 0.0418961	 +/-  0.954085	(limited)
vtxEff	  = -0.0224549	 +/-  0.967014	(limited)
   0) MH                             =       350
   1) PhotonsMass_bkg_8TeV_ExpPAR1_cat0 = 0.00159078
   2) PhotonsMass_bkg_8TeV_ExpPAR2_cat0 =   -3.7314
   3) ReducedMass_sig_Nneg_cat0      =   1.38518
   4) ReducedMass_sig_Npos_cat0      =         5
   5) ReducedMass_sig_alphaCBneg_cat0 =       1.6
   6) ReducedMass_sig_alphaCBpos_cat0 =      -1.6
   7) ReducedMass_sig_frac_cat0      =       0.5
   8) ReducedMass_sig_mean_cat0      =         0
   9) ReducedMass_sig_sigma_cat0     =     0.011
  10) eff_trig                       = -0.0394987
  11) eff_trig_In                    =         0
  12) global_syst                    = -0.192391
  13) global_syst_In                 =         0
  14) id_eff_eb                      = -0.0197998
  15) id_eff_eb_In                   =         0
  16) lumi_8TeV                      = -0.101806
  17) lumi_8TeV_In                   =         0
  18) mShift_cat0                    =         0
  19) mShift_cat0_In                 =         0
  20) mSmear_cat0                    = 0.0075942
  21) mSmear_cat0_In                 =         0
  22) n_exp_bincat0_proc_bkg         =      2469
  23) r                              =  0.809388
  24) r9Eff                          = 0.0418961
  25) r9Eff_In                       =         0
  26) rooSigmaCorr_cat0              =  0.913739
  27) vtxEff                         = -0.0224549
  28) vtxEff_In                      =         0

Minuit2Minimizer: Minimize with max-calls 5000 convergence for edm < 0.01 strategy 0
Minuit2Minimizer : Valid minimum - status = 0
FVAL  = -0.0196962336169075602
Edm   = 3.66348404764677699e-06
Nfcn  = 157
PhotonsMass_bkg_8TeV_ExpPAR1_cat0	  = 0.00167844	 +/-  0.00193098	(limited)
PhotonsMass_bkg_8TeV_ExpPAR2_cat0	  = -3.69794	 +/-  0.710344	(limited)
eff_trig	  = -0.0561077	 +/-  0.996422	(limited)
global_syst	  = -0.273492	 +/-  0.984066	(limited)
id_eff_eb	  = -0.0281259	 +/-  0.996565	(limited)
lumi_8TeV	  = -0.144609	 +/-  0.99389	(limited)
mShift_cat0	  = 0	 +/-  0.989616	(limited)
mSmear_cat0	  = 0.02116	 +/-  0.988713	(limited)
r9Eff	  = 0.0576296	 +/-  0.939582	(limited)
vtxEff	  = -0.0311724	 +/-  0.956214	(limited)
   0) MH                             =       350
   1) PhotonsMass_bkg_8TeV_ExpPAR1_cat0 = 0.00167844
   2) PhotonsMass_bkg_8TeV_ExpPAR2_cat0 =  -3.69794
   3) ReducedMass_sig_Nneg_cat0      =   1.38518
   4) ReducedMass_sig_Npos_cat0      =         5
   5) ReducedMass_sig_alphaCBneg_cat0 =       1.6
   6) ReducedMass_sig_alphaCBpos_cat0 =      -1.6
   7) ReducedMass_sig_frac_cat0      =       0.5
   8) ReducedMass_sig_mean_cat0      =         0
   9) ReducedMass_sig_sigma_cat0     =     0.011
  10) eff_trig                       = -0.0561077
  11) eff_trig_In                    =         0
  12) global_syst                    = -0.273492
  13) global_syst_In                 =         0
  14) id_eff_eb                      = -0.0281259
  15) id_eff_eb_In                   =         0
  16) lumi_8TeV                      = -0.144609
  17) lumi_8TeV_In                   =         0
  18) mShift_cat0                    =         0
  19) mShift_cat0_In                 = 8.88178e-16
  20) mSmear_cat0                    =   0.02116
  21) mSmear_cat0_In                 = 8.88178e-16
  22) n_exp_bincat0_proc_bkg         =      2469
  23) r                              =  0.809388
  24) r9Eff                          = 0.0576296
  25) r9Eff_In                       =         0
  26) rooSigmaCorr_cat0              =  0.913739
  27) vtxEff                         = -0.0311724
  28) vtxEff_In                      =         0

At r = 0.809388:	q_mu = 2.83642	q_A  = 5.90527	CLsb = 0.04607	CLb  = 0.77214	CLs  = 0.05967
Minuit2Minimizer: Minimize with max-calls 5000 convergence for edm < 0.01 strategy 0
Minuit2Minimizer : Valid minimum - status = 0
FVAL  = -0.000290747046105559745
Edm   = 4.70492695116740048e-06
Nfcn  = 88
PhotonsMass_bkg_8TeV_ExpPAR1_cat0	  = 0.00159182	 +/-  0.000241306	(limited)
PhotonsMass_bkg_8TeV_ExpPAR2_cat0	  = -3.73241	 +/-  0.0797676	(limited)
eff_trig	  = -0.042431	 +/-  0.995152	(limited)
global_syst	  = -0.207931	 +/-  0.98028	(limited)
id_eff_eb	  = -0.0212688	 +/-  0.99622	(limited)
lumi_8TeV	  = -0.109437	 +/-  0.988091	(limited)
mShift_cat0	  = 0	 +/-  0.989616	(limited)
mSmear_cat0	  = 0.00847426	 +/-  0.988928	(limited)
r9Eff	  = 0.0447466	 +/-  0.95292	(limited)
vtxEff	  = -0.024019	 +/-  0.966433	(limited)
   0) MH                             =       350
   1) PhotonsMass_bkg_8TeV_ExpPAR1_cat0 = 0.00159182
   2) PhotonsMass_bkg_8TeV_ExpPAR2_cat0 =  -3.73241
   3) ReducedMass_sig_Nneg_cat0      =   1.38518
   4) ReducedMass_sig_Npos_cat0      =         5
   5) ReducedMass_sig_alphaCBneg_cat0 =       1.6
   6) ReducedMass_sig_alphaCBpos_cat0 =      -1.6
   7) ReducedMass_sig_frac_cat0      =       0.5
   8) ReducedMass_sig_mean_cat0      =         0
   9) ReducedMass_sig_sigma_cat0     =     0.011
  10) eff_trig                       = -0.042431
  11) eff_trig_In                    =         0
  12) global_syst                    = -0.207931
  13) global_syst_In                 =         0
  14) id_eff_eb                      = -0.0212688
  15) id_eff_eb_In                   =         0
  16) lumi_8TeV                      = -0.109437
  17) lumi_8TeV_In                   =         0
  18) mShift_cat0                    =         0
  19) mShift_cat0_In                 =         0
  20) mSmear_cat0                    = 0.00847426
  21) mSmear_cat0_In                 =         0
  22) n_exp_bincat0_proc_bkg         =      2469
  23) r                              =  0.832274
  24) r9Eff                          = 0.0447466
  25) r9Eff_In                       =         0
  26) rooSigmaCorr_cat0              =  0.913739
  27) vtxEff                         = -0.024019
  28) vtxEff_In                      =         0

Minuit2Minimizer: Minimize with max-calls 5000 convergence for edm < 0.01 strategy 0
Minuit2Minimizer : Valid minimum - status = 0
FVAL  = -0.000316046661473101773
Edm   = 4.99162667529810486e-06
Nfcn  = 84
PhotonsMass_bkg_8TeV_ExpPAR1_cat0	  = 0.00167935	 +/-  0.000238944	(limited)
PhotonsMass_bkg_8TeV_ExpPAR2_cat0	  = -3.6989	 +/-  0.0790204	(limited)
eff_trig	  = -0.0593702	 +/-  0.995007	(limited)
global_syst	  = -0.290979	 +/-  0.97897	(limited)
id_eff_eb	  = -0.0297595	 +/-  0.996193	(limited)
lumi_8TeV	  = -0.153131	 +/-  0.987249	(limited)
mShift_cat0	  = 0	 +/-  0.989616	(limited)
mSmear_cat0	  = 0.0222934	 +/-  0.988528	(limited)
r9Eff	  = 0.060622	 +/-  0.93889	(limited)
vtxEff	  = -0.0328367	 +/-  0.955592	(limited)
   0) MH                             =       350
   1) PhotonsMass_bkg_8TeV_ExpPAR1_cat0 = 0.00167935
   2) PhotonsMass_bkg_8TeV_ExpPAR2_cat0 =   -3.6989
   3) ReducedMass_sig_Nneg_cat0      =   1.38518
   4) ReducedMass_sig_Npos_cat0      =         5
   5) ReducedMass_sig_alphaCBneg_cat0 =       1.6
   6) ReducedMass_sig_alphaCBpos_cat0 =      -1.6
   7) ReducedMass_sig_frac_cat0      =       0.5
   8) ReducedMass_sig_mean_cat0      =         0
   9) ReducedMass_sig_sigma_cat0     =     0.011
  10) eff_trig                       = -0.0593702
  11) eff_trig_In                    =         0
  12) global_syst                    = -0.290979
  13) global_syst_In                 =         0
  14) id_eff_eb                      = -0.0297595
  15) id_eff_eb_In                   =         0
  16) lumi_8TeV                      = -0.153131
  17) lumi_8TeV_In                   =         0
  18) mShift_cat0                    =         0
  19) mShift_cat0_In                 = 8.88178e-16
  20) mSmear_cat0                    = 0.0222934
  21) mSmear_cat0_In                 = 8.88178e-16
  22) n_exp_bincat0_proc_bkg         =      2469
  23) r                              =  0.832274
  24) r9Eff                          =  0.060622
  25) r9Eff_In                       =         0
  26) rooSigmaCorr_cat0              =  0.913739
  27) vtxEff                         = -0.0328367
  28) vtxEff_In                      =         0

At r = 0.832274:	q_mu = 3.06485	q_A  = 6.22740	CLsb = 0.04000	CLb  = 0.77180	CLs  = 0.05183
Minuit2Minimizer: Minimize with max-calls 5000 convergence for edm < 0.01 strategy 0
Minuit2Minimizer : Valid minimum - status = 0
FVAL  = -0.000917195624583145176
Edm   = 7.08668415680282627e-08
Nfcn  = 131
PhotonsMass_bkg_8TeV_ExpPAR1_cat0	  = 0.0015112	 +/-  0.00193123	(limited)
PhotonsMass_bkg_8TeV_ExpPAR2_cat0	  = -3.76249	 +/-  0.709995	(limited)
eff_trig	  = -0.0427362	 +/-  0.995248	(limited)
global_syst	  = -0.209671	 +/-  0.981081	(limited)
id_eff_eb	  = -0.0214214	 +/-  0.996237	(limited)
lumi_8TeV	  = -0.110241	 +/-  0.990446	(limited)
mShift_cat0	  = 0	 +/-  0.989616	(limited)
mSmear_cat0	  = 0.00858362	 +/-  0.988924	(limited)
r9Eff	  = 0.0450407	 +/-  0.95246	(limited)
vtxEff	  = -0.0241809	 +/-  0.965933	(limited)
   0) MH                             =       350
   1) PhotonsMass_bkg_8TeV_ExpPAR1_cat0 = 0.0015112
   2) PhotonsMass_bkg_8TeV_ExpPAR2_cat0 =  -3.76249
   3) ReducedMass_sig_Nneg_cat0      =   1.38518
   4) ReducedMass_sig_Npos_cat0      =         5
   5) ReducedMass_sig_alphaCBneg_cat0 =       1.6
   6) ReducedMass_sig_alphaCBpos_cat0 =      -1.6
   7) ReducedMass_sig_frac_cat0      =       0.5
   8) ReducedMass_sig_mean_cat0      =         0
   9) ReducedMass_sig_sigma_cat0     =     0.011
  10) eff_trig                       = -0.0427362
  11) eff_trig_In                    =         0
  12) global_syst                    = -0.209671
  13) global_syst_In                 =         0
  14) id_eff_eb                      = -0.0214214
  15) id_eff_eb_In                   =         0
  16) lumi_8TeV                      = -0.110241
  17) lumi_8TeV_In                   =         0
  18) mShift_cat0                    =         0
  19) mShift_cat0_In                 =         0
  20) mSmear_cat0                    = 0.00858362
  21) mSmear_cat0_In                 =         0
  22) n_exp_bincat0_proc_bkg         =      2469
  23) r                              =  0.839898
  24) r9Eff                          = 0.0450407
  25) r9Eff_In                       =         0
  26) rooSigmaCorr_cat0              =  0.913739
  27) vtxEff                         = -0.0241809
  28) vtxEff_In                      =         0

Minuit2Minimizer: Minimize with max-calls 5000 convergence for edm < 0.01 strategy 0
Minuit2Minimizer : Valid minimum - status = 0
FVAL  = -0.000872287515343681159
Edm   = 5.53118376684860553e-08
Nfcn  = 135
PhotonsMass_bkg_8TeV_ExpPAR1_cat0	  = 0.00160101	 +/-  0.00193205	(limited)
PhotonsMass_bkg_8TeV_ExpPAR2_cat0	  = -3.72816	 +/-  0.710979	(limited)
eff_trig	  = -0.0597623	 +/-  0.99494	(limited)
global_syst	  = -0.293196	 +/-  0.980002	(limited)
id_eff_eb	  = -0.0299557	 +/-  0.996149	(limited)
lumi_8TeV	  = -0.15416	 +/-  0.989744	(limited)
mShift_cat0	  = 0	 +/-  0.989616	(limited)
mSmear_cat0	  = 0.0224924	 +/-  0.988479	(limited)
r9Eff	  = 0.0609766	 +/-  0.938368	(limited)
vtxEff	  = -0.0330353	 +/-  0.955021	(limited)
   0) MH                             =       350
   1) PhotonsMass_bkg_8TeV_ExpPAR1_cat0 = 0.00160101
   2) PhotonsMass_bkg_8TeV_ExpPAR2_cat0 =  -3.72816
   3) ReducedMass_sig_Nneg_cat0      =   1.38518
   4) ReducedMass_sig_Npos_cat0      =         5
   5) ReducedMass_sig_alphaCBneg_cat0 =       1.6
   6) ReducedMass_sig_alphaCBpos_cat0 =      -1.6
   7) ReducedMass_sig_frac_cat0      =       0.5
   8) ReducedMass_sig_mean_cat0      =         0
   9) ReducedMass_sig_sigma_cat0     =     0.011
  10) eff_trig                       = -0.0597623
  11) eff_trig_In                    =         0
  12) global_syst                    = -0.293196
  13) global_syst_In                 =         0
  14) id_eff_eb                      = -0.0299557
  15) id_eff_eb_In                   =         0
  16) lumi_8TeV                      =  -0.15416
  17) lumi_8TeV_In                   =         0
  18) mShift_cat0                    =         0
  19) mShift_cat0_In                 = 8.88178e-16
  20) mSmear_cat0                    = 0.0224924
  21) mSmear_cat0_In                 = 8.88178e-16
  22) n_exp_bincat0_proc_bkg         =      2469
  23) r                              =  0.839898
  24) r9Eff                          = 0.0609766
  25) r9Eff_In                       =         0
  26) rooSigmaCorr_cat0              =  0.913739
  27) vtxEff                         = -0.0330353
  28) vtxEff_In                      =         0

At r = 0.839898:	q_mu = 3.14142	q_A  = 6.33512	CLsb = 0.03816	CLb  = 0.77173	CLs  = 0.04945
Minuit2Minimizer: Minimize with max-calls 5000 convergence for edm < 0.01 strategy 0
Minuit2Minimizer : Valid minimum - status = 0
FVAL  = -5.18882979790010948e-06
Edm   = 6.17602128199615717e-07
Nfcn  = 67
PhotonsMass_bkg_8TeV_ExpPAR1_cat0	  = 0.00151088	 +/-  0.000215438	(limited)
PhotonsMass_bkg_8TeV_ExpPAR2_cat0	  = -3.76234	 +/-  0.0829979	(limited)
eff_trig	  = -0.0425083	 +/-  0.996811	(limited)
global_syst	  = -0.208516	 +/-  1.00576	(limited)
id_eff_eb	  = -0.021307	 +/-  0.996667	(limited)
lumi_8TeV	  = -0.109657	 +/-  0.998051	(limited)
mShift_cat0	  = 0	 +/-  0.989616	(limited)
mSmear_cat0	  = 0.00851873	 +/-  0.989113	(limited)
r9Eff	  = 0.0448209	 +/-  0.954831	(limited)
vtxEff	  = -0.0240596	 +/-  0.96706	(limited)
   0) MH                             =       350
   1) PhotonsMass_bkg_8TeV_ExpPAR1_cat0 = 0.00151088
   2) PhotonsMass_bkg_8TeV_ExpPAR2_cat0 =  -3.76234
   3) ReducedMass_sig_Nneg_cat0      =   1.38518
   4) ReducedMass_sig_Npos_cat0      =         5
   5) ReducedMass_sig_alphaCBneg_cat0 =       1.6
   6) ReducedMass_sig_alphaCBpos_cat0 =      -1.6
   7) ReducedMass_sig_frac_cat0      =       0.5
   8) ReducedMass_sig_mean_cat0      =         0
   9) ReducedMass_sig_sigma_cat0     =     0.011
  10) eff_trig                       = -0.0425083
  11) eff_trig_In                    =         0
  12) global_syst                    = -0.208516
  13) global_syst_In                 =         0
  14) id_eff_eb                      = -0.021307
  15) id_eff_eb_In                   =         0
  16) lumi_8TeV                      = -0.109657
  17) lumi_8TeV_In                   =         0
  18) mShift_cat0                    =         0
  19) mShift_cat0_In                 =         0
  20) mSmear_cat0                    = 0.00851873
  21) mSmear_cat0_In                 =         0
  22) n_exp_bincat0_proc_bkg         =      2469
  23) r                              =  0.836941
  24) r9Eff                          = 0.0448209
  25) r9Eff_In                       =         0
  26) rooSigmaCorr_cat0              =  0.913739
  27) vtxEff                         = -0.0240596
  28) vtxEff_In                      =         0

Minuit2Minimizer: Minimize with max-calls 5000 convergence for edm < 0.01 strategy 0
Minuit2Minimizer : Valid minimum - status = 0
FVAL  = -5.62781536576683955e-06
Edm   = 7.54058275753776267e-07
Nfcn  = 63
PhotonsMass_bkg_8TeV_ExpPAR1_cat0	  = 0.00160068	 +/-  0.000216117	(limited)
PhotonsMass_bkg_8TeV_ExpPAR2_cat0	  = -3.72801	 +/-  0.0829918	(limited)
eff_trig	  = -0.0595014	 +/-  0.996886	(limited)
global_syst	  = -0.291862	 +/-  1.00932	(limited)
id_eff_eb	  = -0.0298247	 +/-  0.996666	(limited)
lumi_8TeV	  = -0.153493	 +/-  0.998593	(limited)
mShift_cat0	  = 0	 +/-  0.989616	(limited)
mSmear_cat0	  = 0.0224059	 +/-  0.988784	(limited)
r9Eff	  = 0.06074	 +/-  0.940911	(limited)
vtxEff	  = -0.0329026	 +/-  0.956223	(limited)
   0) MH                             =       350
   1) PhotonsMass_bkg_8TeV_ExpPAR1_cat0 = 0.00160068
   2) PhotonsMass_bkg_8TeV_ExpPAR2_cat0 =  -3.72801
   3) ReducedMass_sig_Nneg_cat0      =   1.38518
   4) ReducedMass_sig_Npos_cat0      =         5
   5) ReducedMass_sig_alphaCBneg_cat0 =       1.6
   6) ReducedMass_sig_alphaCBpos_cat0 =      -1.6
   7) ReducedMass_sig_frac_cat0      =       0.5
   8) ReducedMass_sig_mean_cat0      =         0
   9) ReducedMass_sig_sigma_cat0     =     0.011
  10) eff_trig                       = -0.0595014
  11) eff_trig_In                    =         0
  12) global_syst                    = -0.291862
  13) global_syst_In                 =         0
  14) id_eff_eb                      = -0.0298247
  15) id_eff_eb_In                   =         0
  16) lumi_8TeV                      = -0.153493
  17) lumi_8TeV_In                   =         0
  18) mShift_cat0                    =         0
  19) mShift_cat0_In                 = 8.88178e-16
  20) mSmear_cat0                    = 0.0224059
  21) mSmear_cat0_In                 = 8.88178e-16
  22) n_exp_bincat0_proc_bkg         =      2469
  23) r                              =  0.836941
  24) r9Eff                          =   0.06074
  25) r9Eff_In                       =         0
  26) rooSigmaCorr_cat0              =  0.913739
  27) vtxEff                         = -0.0329026
  28) vtxEff_In                      =         0

At r = 0.836941:	q_mu = 3.11125	q_A  = 6.29289	CLsb = 0.03888	CLb  = 0.77177	CLs  = 0.05037

 -- Asymptotic -- 
Observed Limit: r < 0.8369
Expected  2.5%: r < 0.3447
Expected 16.0%: r < 0.4614
Expected 50.0%: r < 0.6465
Expected 84.0%: r < 0.9119
Expected 97.5%: r < 1.2372

Done in 11.32 min (cpu), 11.33 min (real)
`higgsCombine_w10.00_channel0.Asymptotic.mH350.root' -> `/afs/cern.ch/work/s/soffi/CMSSW611-Analysis/src/h2gglobe/ChiaraFitLimits/channel0/higgsCombine_w10.00_channel0.Asymptotic.mH350.root'
removed `higgsCombine_w10.00_channel0.Asymptotic.mH350.root'

Job finished at Tue May 13 16:18:50 CEST 2014 on node 
 under linux version Scientific Linux CERN SLC release 5.10 (Boron)

CERN statistics: This process used approximately : 0:20:50 KSI2K hours (1250 KSI2K seconds)
                 This process corresponds to     : 1:21:16 HS06  hours (4876 HS06  seconds)
