Sender: LSF System <lsfadmin@p01001532288657.cern.ch>
Subject: Job 528519019: <combineW10_m450_w0_channel1_j0> in cluster batch Done

Job <combineW10_m450_w0_channel1_j0> was submitted from host <lxplus0045.cern.ch> by user <soffi> in cluster <batch>.
Job was executed on host(s) <p01001532288657.cern.ch>, in queue <8nh>, as user <soffi> in cluster <batch>.
</afs/cern.ch/user/s/soffi> was used as the home directory.
</afs/cern.ch/work/s/soffi/CMSSW611-Analysis/src/h2gglobe/ChiaraFitLimits/script> was used as the working directory.
Started at Tue May 13 14:31:21 2014
Results reported at Tue May 13 14:42:39 2014

Your job looked like:

------------------------------------------------------------
# LSBATCH: User input
#!/bin/sh
cd /afs/cern.ch/work/s/soffi/CMSSW611-Analysis/src/h2gglobe/ChiaraFitLimits/script
eval `scramv1 runtime -sh`
cd 
mkdir workspaces
cp /afs/cern.ch/work/s/soffi/CMSSW611-Analysis/src/h2gglobe/ChiaraFitLimits/datacardWithAllSyst/HighMass-hgg_8TeV_m450.00_w10.00_channel1_GGH.txt ./
cp /afs/cern.ch/work/s/soffi/CMSSW611-Analysis/src/h2gglobe/ChiaraFitLimits/workspaces/HighMass-hgg_8TeV_m450.00_w10.00.inputsig_GGH.root ./workspaces/
cp  /afs/cern.ch/work/s/soffi/CMSSW611-Analysis/src/h2gglobe/ChiaraFitLimits/workspaces/HighMass-hgg.inputbkg_m450.00.root ./workspaces/

combine HighMass-hgg_8TeV_m450.00_w10.00_channel1_GGH.txt -M Asymptotic -m 450 -D data_obs --run=both  -U  -S 1 -n _w10.00_channel1 --verbose 3
mv -v higgsCombine_w10.00_channel1.Asymptotic.mH450.root /afs/cern.ch/work/s/soffi/CMSSW611-Analysis/src/h2gglobe/ChiaraFitLimits/channel1/

------------------------------------------------------------

Successfully completed.

Resource usage summary:

    CPU time   :    652.64 sec.
    Max Memory :       100 MB
    Max Swap   :       290 MB

    Max Processes  :         6
    Max Threads    :         7

The output (if any) follows:

@(#)CERN job starter $Date: 2010/06/23 14:22:16 $
Working directory is </pool/lsf/soffi/528519019> on <>

mkdir: cannot create directory `workspaces': File exists
>>> including systematics
>>> method used to compute upper limit is Asymptotic
>>> random number generator seed is 123456

Welcome to my rootlogon.C
reading PhysicsTools/Utilities/macros/setTDRStyle.C
and some personal modifications.

Using shapes: qui si parra' la tua nobilitate
(class RooCBCrujffPdf)28236352
import (./workspaces/HighMass-hgg.inputbkg_m450.00.root,w_all:data_obs_cat1) -> shapeBkg_data_obs_cat1

import (./workspaces/HighMass-hgg.inputbkg_m450.00.root,w_all:PhotonsMassBkg_cat1) -> shapeBkg_bkg_cat1

[#1] INFO:ObjectHandling -- RooWorkspace::import(w) importing RooHistFunc::shapeSig_sig_cat1__norm
[#1] INFO:ObjectHandling -- RooWorkspace::import(w) importing RooRealVar::MH
Will try to make a binned dataset
Observables: ['PhotonsMass']
import (./workspaces/HighMass-hgg_8TeV_m450.00_w10.00.inputsig_GGH.root,w_all:PhotonsMassSig_cat1) -> shapeSig_sig_cat1

[#1] INFO:ObjectHandling -- RooWorkspace::import(w) importing RooRealVar::PhotonsMass
Will use category 'CMS_channel' to identify the 1 channels
recyling (cat1,data_obs,) -> shapeBkg_data_obs_cat1

[#1] INFO:ObjectHandling -- RooWorkspace::import(w) importing dataset data_obs
[#1] INFO:ObjectHandling -- RooWorkspace::import(w) importing RooProdPdf::nuisancePdf
[#1] INFO:ObjectHandling -- RooWorkspace::import(w) importing ProcessNormalization::n_exp_bincat1_proc_sig
recyling (cat1,bkg,) -> shapeBkg_bkg_cat1

recyling (cat1,bkg,) -> shapeBkg_bkg_cat1

recyling (cat1,sig,) -> shapeSig_sig_cat1

recyling (cat1,sig,) -> shapeSig_sig_cat1

[#1] INFO:ObjectHandling -- RooWorkspace::import(w) importing RooProduct::n_exp_final_bincat1_proc_sig
Creating RooAddPdf pdf_bincat1 with 2 elements
[#1] INFO:ObjectHandling -- RooWorkspace::import(w) importing RooProdPdf::pdf_bincat1
[#1] INFO:ObjectHandling -- RooWorkspace::import(w) importing RooAddPdf::pdf_bincat1_nuis
[#1] INFO:ObjectHandling -- RooWorkspace::import(w) importing RooGenericPdf::shapeBkg_bkg_cat1
[#1] INFO:ObjectHandling -- RooWorkspace::import(w) importing RooFormulaVar::par1ExpPAR_cat1
[#1] INFO:ObjectHandling -- RooWorkspace::import(w) importing RooRealVar::PhotonsMass_bkg_8TeV_ExpPAR1_cat1
[#1] INFO:ObjectHandling -- RooWorkspace::import(w) importing RooFormulaVar::par2ExpPAR_cat1
[#1] INFO:ObjectHandling -- RooWorkspace::import(w) importing RooRealVar::PhotonsMass_bkg_8TeV_ExpPAR2_cat1
[#1] INFO:ObjectHandling -- RooWorkspace::import(w) importing RooFFTConvPdf::shapeSig_sig_cat1
[#1] INFO:ObjectHandling -- RooWorkspace::import(w) importing RooBreitWigner::SigModelBW_cat1
[#1] INFO:ObjectHandling -- RooWorkspace::import(w) importing RooFormulaVar::meanBW_cat1
[#1] INFO:ObjectHandling -- RooWorkspace::import(w) importing RooFormulaVar::sigmaBW_cat1
[#1] INFO:ObjectHandling -- RooWorkspace::import(w) importing RooAddPdf::ResAddPdf_cat1
[#1] INFO:ObjectHandling -- RooWorkspace::import(w) importing RooCBShape::ResCBneg_cat1
[#1] INFO:ObjectHandling -- RooWorkspace::import(w) importing RooFormulaVar::CBpos_mean_cat1
[#1] INFO:ObjectHandling -- RooWorkspace::import(w) importing RooRealVar::ReducedMass_sig_mean_cat1
[#1] INFO:ObjectHandling -- RooWorkspace::import(w) importing RooFormulaVar::CBpos_sigma_cat1
[#1] INFO:ObjectHandling -- RooWorkspace::import(w) importing RooRealVar::ReducedMass_sig_sigma_cat1
[#1] INFO:ObjectHandling -- RooWorkspace::import(w) importing RooRealVar::rooSigmaCorr_cat1
[#1] INFO:ObjectHandling -- RooWorkspace::import(w) importing RooFormulaVar::CBneg_alphaCB_cat1
[#1] INFO:ObjectHandling -- RooWorkspace::import(w) importing RooRealVar::ReducedMass_sig_alphaCBneg_cat1
[#1] INFO:ObjectHandling -- RooWorkspace::import(w) importing RooFormulaVar::CBneg_n_cat1
[#1] INFO:ObjectHandling -- RooWorkspace::import(w) importing RooRealVar::ReducedMass_sig_Nneg_cat1
[#1] INFO:ObjectHandling -- RooWorkspace::import(w) importing RooFormulaVar::CBpos_frac_cat1
[#1] INFO:ObjectHandling -- RooWorkspace::import(w) importing RooRealVar::ReducedMass_sig_frac_cat1
[#1] INFO:ObjectHandling -- RooWorkspace::import(w) importing RooCBShape::ResCBpos_cat1
[#1] INFO:ObjectHandling -- RooWorkspace::import(w) importing RooFormulaVar::CBpos_alphaCB_cat1
[#1] INFO:ObjectHandling -- RooWorkspace::import(w) importing RooRealVar::ReducedMass_sig_alphaCBpos_cat1
[#1] INFO:ObjectHandling -- RooWorkspace::import(w) importing RooFormulaVar::CBpos_n_cat1
[#1] INFO:ObjectHandling -- RooWorkspace::import(w) importing RooRealVar::ReducedMass_sig_Npos_cat1
[#1] INFO:ObjectHandling -- RooWorkspace::import(w) importing RooSimultaneous::model_s
[#1] INFO:ObjectHandling -- RooWorkspace::import(w) importing RooSimultaneous::model_b

=== Using the following for ModelConfig ===
Observables:             RooArgSet:: = (PhotonsMass,CMS_channel)
Parameters of Interest:  RooArgSet:: = (r)
Nuisance Parameters:     RooArgSet:: = (lumi_8TeV,eff_trig,global_syst,id_eff_eb,r9Eff,vtxEff,mShift_cat1,mSmear_cat1)
Global Observables:      RooArgSet:: = (lumi_8TeV_In,eff_trig_In,global_syst_In,id_eff_eb_In,r9Eff_In,vtxEff_In,mShift_cat1_In,mSmear_cat1_In)
PDF:                     RooSimultaneous::model_s[ indexCat=CMS_channel cat1=pdf_bincat1 ] = [#1] INFO:Eval -- RooRealVar::setRange(PhotonsMass) new range named 'refrange_fft_shapeSig_sig_cat1' created with bounds [298,743]
[#1] INFO:Caching -- RooAbsCachedPdf::getCache(shapeSig_sig_cat1) creating new cache 0x2d06280 with pdf SigModelBW_cat1_CONV_ResAddPdf_cat1_CACHE_Obs[PhotonsMass] for nset () with code 0
4933.92


=== Using the following for ModelConfig_bonly ===
Observables:             RooArgSet:: = (PhotonsMass,CMS_channel)
Parameters of Interest:  RooArgSet:: = (r)
Nuisance Parameters:     RooArgSet:: = (lumi_8TeV,eff_trig,global_syst,id_eff_eb,r9Eff,vtxEff,mShift_cat1,mSmear_cat1)
Global Observables:      RooArgSet:: = (lumi_8TeV_In,eff_trig_In,global_syst_In,id_eff_eb_In,r9Eff_In,vtxEff_In,mShift_cat1_In,mSmear_cat1_In)
PDF:                     RooSimultaneous::model_b[ indexCat=CMS_channel cat1=pdf_bincat1_bonly ] = 8.39521e-13


RooWorkspace(w) w contents

variables
---------
(CMS_channel,MH,PhotonsMass,PhotonsMass_bkg_8TeV_ExpPAR1_cat1,PhotonsMass_bkg_8TeV_ExpPAR2_cat1,ReducedMass_sig_Nneg_cat1,ReducedMass_sig_Npos_cat1,ReducedMass_sig_alphaCBneg_cat1,ReducedMass_sig_alphaCBpos_cat1,ReducedMass_sig_frac_cat1,ReducedMass_sig_mean_cat1,ReducedMass_sig_sigma_cat1,eff_trig,eff_trig_In,global_syst,global_syst_In,id_eff_eb,id_eff_eb_In,lumi_8TeV,lumi_8TeV_In,mShift_cat1,mShift_cat1_In,mSmear_cat1,mSmear_cat1_In,n_exp_bincat1_proc_bkg,r,r9Eff,r9Eff_In,rooSigmaCorr_cat1,vtxEff,vtxEff_In)

p.d.f.s
-------
RooAddPdf::ResAddPdf_cat1[ CBpos_frac_cat1 * ResCBneg_cat1 + [%] * ResCBpos_cat1 ] = 3.21678e-07
RooCBShape::ResCBneg_cat1[ m=PhotonsMass m0=CBpos_mean_cat1 sigma=CBpos_sigma_cat1 alpha=CBneg_alphaCB_cat1 n=CBneg_n_cat1 ] = 0
RooCBShape::ResCBpos_cat1[ m=PhotonsMass m0=CBpos_mean_cat1 sigma=CBpos_sigma_cat1 alpha=CBpos_alphaCB_cat1 n=CBpos_n_cat1 ] = 6.43355e-07
RooBreitWigner::SigModelBW_cat1[ x=PhotonsMass mean=meanBW_cat1 width=sigmaBW_cat1 ] = 4.29996e-05
RooGaussian::eff_trig_Pdf[ x=eff_trig mean=eff_trig_In sigma=1 ] = 1
RooGaussian::global_syst_Pdf[ x=global_syst mean=global_syst_In sigma=1 ] = 1
RooGaussian::id_eff_eb_Pdf[ x=id_eff_eb mean=id_eff_eb_In sigma=1 ] = 1
RooGaussian::lumi_8TeV_Pdf[ x=lumi_8TeV mean=lumi_8TeV_In sigma=1 ] = 1
RooGaussian::mShift_cat1_Pdf[ x=mShift_cat1 mean=mShift_cat1_In sigma=1 ] = 1
RooGaussian::mSmear_cat1_Pdf[ x=mSmear_cat1 mean=mSmear_cat1_In sigma=1 ] = 1
RooSimultaneous::model_b[ indexCat=CMS_channel cat1=pdf_bincat1_bonly ] = 8.39521e-13
RooSimultaneous::model_s[ indexCat=CMS_channel cat1=pdf_bincat1 ] = 4933.92
RooProdPdf::nuisancePdf[ lumi_8TeV_Pdf * eff_trig_Pdf * global_syst_Pdf * id_eff_eb_Pdf * r9Eff_Pdf * vtxEff_Pdf * mShift_cat1_Pdf * mSmear_cat1_Pdf ] = 1
RooProdPdf::pdf_bincat1[ lumi_8TeV_Pdf * eff_trig_Pdf * global_syst_Pdf * id_eff_eb_Pdf * r9Eff_Pdf * vtxEff_Pdf * mShift_cat1_Pdf * mSmear_cat1_Pdf * pdf_bincat1_nuis ] = 4933.92
RooProdPdf::pdf_bincat1_bonly[ lumi_8TeV_Pdf * eff_trig_Pdf * global_syst_Pdf * id_eff_eb_Pdf * r9Eff_Pdf * vtxEff_Pdf * mShift_cat1_Pdf * mSmear_cat1_Pdf * pdf_bincat1_bonly_nuis ] = 8.39521e-13
RooAddPdf::pdf_bincat1_bonly_nuis[ n_exp_bincat1_proc_bkg * shapeBkg_bkg_cat1 ] = 8.39521e-13
RooAddPdf::pdf_bincat1_nuis[ n_exp_bincat1_proc_bkg * shapeBkg_bkg_cat1 + n_exp_final_bincat1_proc_sig * shapeSig_sig_cat1 ] = 4933.92
RooGaussian::r9Eff_Pdf[ x=r9Eff mean=r9Eff_In sigma=1 ] = 1
RooGenericPdf::shapeBkg_bkg_cat1[ actualVars=(PhotonsMass,par1ExpPAR_cat1,par2ExpPAR_cat1) formula="exp(-@1*@0)*pow(@0, @2)" ] = 8.39521e-13
RooFFTConvPdf::shapeSig_sig_cat1[ SigModelBW_cat1(PhotonsMass) (*) ResAddPdf_cat1(PhotonsMass) ] = 0.000325703
RooGaussian::vtxEff_Pdf[ x=vtxEff mean=vtxEff_In sigma=1 ] = 1

functions
--------
RooFormulaVar::CBneg_alphaCB_cat1[ actualVars=(ReducedMass_sig_alphaCBneg_cat1) formula="@0" ] = 1.75
RooFormulaVar::CBneg_n_cat1[ actualVars=(ReducedMass_sig_Nneg_cat1) formula="@0" ] = 0.674325
RooFormulaVar::CBpos_alphaCB_cat1[ actualVars=(ReducedMass_sig_alphaCBpos_cat1) formula="@0" ] = -1.75
RooFormulaVar::CBpos_frac_cat1[ actualVars=(ReducedMass_sig_frac_cat1) formula="@0" ] = 0.5
RooFormulaVar::CBpos_mean_cat1[ actualVars=(ReducedMass_sig_mean_cat1) formula="@0" ] = 0
RooFormulaVar::CBpos_n_cat1[ actualVars=(ReducedMass_sig_Npos_cat1) formula="@0" ] = 3
RooFormulaVar::CBpos_sigma_cat1[ actualVars=(ReducedMass_sig_sigma_cat1,MH,mSmear_cat1,rooSigmaCorr_cat1) formula="(sqrt(@0*@0*@3*@3+0.005800*0.005800*@2)*@1)" ] = 5.03918
RooFormulaVar::meanBW_cat1[ actualVars=(MH) formula="@0" ] = 450
ProcessNormalization::n_exp_bincat1_proc_sig[ thetaList=(lumi_8TeV,eff_trig,global_syst,id_eff_eb) asymmThetaList=(r9Eff,vtxEff) otherFactorList=(r) ] = 19620
RooProduct::n_exp_final_bincat1_proc_sig[ n_exp_bincat1_proc_sig * shapeSig_sig_cat1__norm ] = 67.1206
RooFormulaVar::par1ExpPAR_cat1[ actualVars=(PhotonsMass_bkg_8TeV_ExpPAR1_cat1) formula="@0" ] = 0.00225838
RooFormulaVar::par2ExpPAR_cat1[ actualVars=(PhotonsMass_bkg_8TeV_ExpPAR2_cat1) formula="@0" ] = -4.13375
RooHistFunc::shapeSig_sig_cat1__norm[ depList=(MH) ] = 0.00342103
RooFormulaVar::sigmaBW_cat1[ actualVars=(MH) formula="@0*0.10" ] = 45

datasets
--------
RooDataHist::data_obs(CMS_channel,PhotonsMass)

named sets
----------
ModelConfig_GlobalObservables:(lumi_8TeV_In,eff_trig_In,global_syst_In,id_eff_eb_In,r9Eff_In,vtxEff_In,mShift_cat1_In,mSmear_cat1_In)
ModelConfig_NuisParams:(lumi_8TeV,eff_trig,global_syst,id_eff_eb,r9Eff,vtxEff,mShift_cat1,mSmear_cat1)
ModelConfig_Observables:(PhotonsMass,CMS_channel)
ModelConfig_POI:(r)
ModelConfig_bonly_GlobalObservables:(lumi_8TeV_In,eff_trig_In,global_syst_In,id_eff_eb_In,r9Eff_In,vtxEff_In,mShift_cat1_In,mSmear_cat1_In)
ModelConfig_bonly_NuisParams:(lumi_8TeV,eff_trig,global_syst,id_eff_eb,r9Eff,vtxEff,mShift_cat1,mSmear_cat1)
ModelConfig_bonly_Observables:(PhotonsMass,CMS_channel)
ModelConfig_bonly_POI:(r)
POI:(r)
globalObservables:(lumi_8TeV_In,eff_trig_In,global_syst_In,id_eff_eb_In,r9Eff_In,vtxEff_In,mShift_cat1_In,mSmear_cat1_In)
nuisances:(lumi_8TeV,eff_trig,global_syst,id_eff_eb,r9Eff,vtxEff,mShift_cat1,mSmear_cat1)
observables:(PhotonsMass,CMS_channel)

generic objects
---------------
RooStats::ModelConfig::ModelConfig
RooStats::ModelConfig::ModelConfig_bonly
RooArgSet::discreteParams

embedded precalculated expensive components
-------------------------------------------
uid = 0 key=shapeSig_sig_cat1_SigModelBW_cat1_CONV_ResAddPdf_cat1_CACHEHIST_Obs[PhotonsMass]_BufFrac0.1_BufStrat0 value=RooDataHist::shapeSig_sig_cat1_SigModelBW_cat1_CONV_ResAddPdf_cat1_CACHEHIST_Obs[PhotonsMass]_BufFrac0.1_BufStrat0 parameters=( MH=450 ReducedMass_sig_Nneg_cat1=0.674325 ReducedMass_sig_Npos_cat1=3 ReducedMass_sig_alphaCBneg_cat1=1.75 ReducedMass_sig_alphaCBpos_cat1=-1.75 ReducedMass_sig_frac_cat1=0.5 ReducedMass_sig_mean_cat1=0 ReducedMass_sig_sigma_cat1=0.0133 mSmear_cat1=0 rooSigmaCorr_cat1=0.841969 )
Setting variable 'MH' in workspace to the higgs mass 450
[#1] INFO:ObjectHandling -- RooWorkspace::import(w) importing RooSimultaneousOpt::model_s_opt
[#1] INFO:Caching -- RooExpensiveObjectCache::importCache() importing cache object shapeSig_sig_cat1_SigModelBW_cat1_CONV_ResAddPdf_cat1_CACHEHIST_Obs[PhotonsMass]_BufFrac0.1_BufStrat0 associated with object shapeSig_sig_cat1
[#1] INFO:ObjectHandling -- RooWorkspace::import(w) importing RooUniform::prior
Computing limit starting from observation
Set default minimizer to Minuit2
Will compute both limit(s) using minimizer Minuit2 with strategy 0 and tolerance 0.01
[#1] INFO:Caching -- RooAbsCachedPdf::getCache(shapeSig_sig_cat1) creating new cache 0x12177d0 with pdf SigModelBW_cat1_CONV_ResAddPdf_cat1_CACHE_Obs[PhotonsMass] for nset () with code 0 from preexisting content.
[#1] INFO:Caching -- RooAbsCachedPdf::getCache(shapeSig_sig_cat1) creating new cache 0x12ac5a0 with pdf SigModelBW_cat1_CONV_ResAddPdf_cat1_CACHE_Obs[PhotonsMass] for nset (PhotonsMass) with code 1 from preexisting content.
[#1] INFO:NumericIntegration -- RooRealIntegral::init(shapeBkg_bkg_cat1_Int[PhotonsMass]) using numeric integrator RooIntegrator1D to calculate Int(PhotonsMass)
[#1] INFO:Caching -- RooAbsCachedPdf::getCache(shapeSig_sig_cat1) creating new cache 0x1668b80 with pdf SigModelBW_cat1_CONV_ResAddPdf_cat1_CACHE_Obs[PhotonsMass] for nset (PhotonsMass) with code 1 from preexisting content.
Minuit2Minimizer: Minimize with max-calls 5000 convergence for edm < 0.01 strategy 1
MnSeedGenerator: for initial parameters FCN = 0
MnSeedGenerator: Initial state:   - FCN =                0 Edm =  9.14571e-05 NCalls =     41
VariableMetric: start iterating until Edm is < 1e-05
VariableMetric: Initial state   - FCN =                0 Edm =  9.14571e-05 NCalls =     41
VariableMetric: Iteration #   1 - FCN = -4.613298006007e-05 Edm =  4.57576e-07 NCalls =     67
VariableMetric: After Hessian   - FCN = -4.613298006007e-05 Edm =  5.89201e-05 NCalls =    153
Info in <Minuit2>: VariableMetricBuilder: Tolerance is not sufficient, continue the minimization
Info in <Minuit2>: Current  Edm is : edm = 5.89201e-05
Info in <Minuit2>: Required Edm is : edmval = 1e-05
VariableMetric: Iteration #   3 - FCN = -0.0001053427313309 Edm =  2.98279e-08 NCalls =    174
Minuit2Minimizer : Valid minimum - status = 0
FVAL  = -0.000105342731330893002
Edm   = 2.98279205260318804e-08
Nfcn  = 174
PhotonsMass_bkg_8TeV_ExpPAR1_cat1	  = 0.00222952	 +/-  0.00251784	(limited)
PhotonsMass_bkg_8TeV_ExpPAR2_cat1	  = -4.14486	 +/-  1.07957	(limited)
eff_trig	  = -4.44089e-15	 +/-  0.996602	(limited)
global_syst	  = -4.44089e-15	 +/-  0.996602	(limited)
id_eff_eb	  = -4.44089e-15	 +/-  0.996602	(limited)
lumi_8TeV	  = -4.44089e-15	 +/-  0.996602	(limited)
mShift_cat1	  = -4.88498e-15	 +/-  0.989616	(limited)
mSmear_cat1	  = -4.88498e-15	 +/-  0.989616	(limited)
r9Eff	  = -4.44089e-15	 +/-  0.996602	(limited)
vtxEff	  = -4.44089e-15	 +/-  0.996602	(limited)
Nuisance parameters after fit for asimov dataset: 
  1) RooRealVar::   lumi_8TeV = -4.44089e-15 +/- 0.996602
  2) RooRealVar::    eff_trig = -4.44089e-15 +/- 0.996602
  3) RooRealVar:: global_syst = -4.44089e-15 +/- 0.996602
  4) RooRealVar::   id_eff_eb = -4.44089e-15 +/- 0.996602
  5) RooRealVar::       r9Eff = -4.44089e-15 +/- 0.996602
  6) RooRealVar::      vtxEff = -4.44089e-15 +/- 0.996602
  7) RooRealVar:: mShift_cat1 = -4.88498e-15 +/- 0.989616
  8) RooRealVar:: mSmear_cat1 = -4.88498e-15 +/- 0.989616
[#1] INFO:NumericIntegration -- RooRealIntegral::init(shapeBkg_bkg_cat1_Int[PhotonsMass]) using numeric integrator RooIntegrator1D to calculate Int(PhotonsMass)
[#1] INFO:Caching -- RooAbsCachedPdf::getCache(shapeSig_sig_cat1) creating new cache 0x186cad0 with pdf SigModelBW_cat1_CONV_ResAddPdf_cat1_CACHE_Obs[PhotonsMass] for nset (PhotonsMass) with code 1 from preexisting content.
Global observables for data: 
  1) RooRealVar::   lumi_8TeV_In = 0
  2) RooRealVar::    eff_trig_In = 0
  3) RooRealVar:: global_syst_In = 0
  4) RooRealVar::   id_eff_eb_In = 0
  5) RooRealVar::       r9Eff_In = 0
  6) RooRealVar::      vtxEff_In = 0
  7) RooRealVar:: mShift_cat1_In = 0
  8) RooRealVar:: mSmear_cat1_In = 0
Global observables for asimov: 
  1) RooRealVar::   lumi_8TeV_In = -4.44089e-15
  2) RooRealVar::    eff_trig_In = -4.44089e-15
  3) RooRealVar:: global_syst_In = -4.44089e-15
  4) RooRealVar::   id_eff_eb_In = -4.44089e-15
  5) RooRealVar::       r9Eff_In = -4.44089e-15
  6) RooRealVar::      vtxEff_In = -4.44089e-15
  7) RooRealVar:: mShift_cat1_In = -4.88498e-15
  8) RooRealVar:: mSmear_cat1_In = -4.88498e-15
[#1] INFO:ObjectHandling -- RooWorkspace::import(w) importing dataset _Asymptotic_asimovDataset_
[#1] INFO:NumericIntegration -- RooRealIntegral::init(shapeBkg_bkg_cat1_Int[PhotonsMass]) using numeric integrator RooIntegrator1D to calculate Int(PhotonsMass)
[#1] INFO:Caching -- RooAbsCachedPdf::getCache(shapeSig_sig_cat1) creating new cache 0x1fc50f0 with pdf SigModelBW_cat1_CONV_ResAddPdf_cat1_CACHE_Obs[PhotonsMass] for nset (PhotonsMass) with code 1 from preexisting content.
Minuit2Minimizer: Minimize with max-calls 5500 convergence for edm < 0.01 strategy 0
Minuit2Minimizer : Valid minimum - status = 0
FVAL  = -0.233802612625448325
Edm   = 5.49132995665000893e-06
Nfcn  = 196
PhotonsMass_bkg_8TeV_ExpPAR1_cat1	  = 0.00221373	 +/-  0.000549303	(limited)
PhotonsMass_bkg_8TeV_ExpPAR2_cat1	  = -4.15122	 +/-  0.248722	(limited)
eff_trig	  = -9.09301e-05	 +/-  1.93446	(limited)
global_syst	  = -0.000413829	 +/-  1.93543	(limited)
id_eff_eb	  = -4.5691e-05	 +/-  1.93445	(limited)
lumi_8TeV	  = -0.000230359	 +/-  1.93464	(limited)
mShift_cat1	  = -4.88498e-15	 +/-  1.88247	(limited)
mSmear_cat1	  = -7.04123e-06	 +/-  1.8827	(limited)
r	  = 0.00209461	 +/-  15.1244	(limited)
r9Eff	  = -0.000156553	 +/-  1.94514	(limited)
vtxEff	  = -2.65137e-05	 +/-  1.92962	(limited)
Fit to asimov dataset:

  RooFitResult: minimized FCN value: -0.233803, estimated distance to minimum: 5.49133e-06
                covariance matrix quality: Approximation only, not accurate
                Status : MINIMIZE=0 

    Constant Parameter    Value     
  --------------------  ------------
                    MH    4.5000e+02
  ReducedMass_sig_Nneg_cat1    6.7433e-01
  ReducedMass_sig_Npos_cat1    3.0000e+00
  ReducedMass_sig_alphaCBneg_cat1    1.7500e+00
  ReducedMass_sig_alphaCBpos_cat1   -1.7500e+00
  ReducedMass_sig_frac_cat1    5.0000e-01
  ReducedMass_sig_mean_cat1    0.0000e+00
  ReducedMass_sig_sigma_cat1    1.3300e-02
           eff_trig_In   -4.4409e-15
        global_syst_In   -4.4409e-15
          id_eff_eb_In   -4.4409e-15
          lumi_8TeV_In   -4.4409e-15
        mShift_cat1_In   -4.8850e-15
        mSmear_cat1_In   -4.8850e-15
  n_exp_bincat1_proc_bkg    1.4720e+03
              r9Eff_In   -4.4409e-15
     rooSigmaCorr_cat1    8.4197e-01
             vtxEff_In   -4.4409e-15

    Floating Parameter  InitialValue    FinalValue +/-  Error     GblCorr.
  --------------------  ------------  --------------------------  --------
  PhotonsMass_bkg_8TeV_ExpPAR1_cat1    2.2295e-03    2.2137e-03 +/-  5.49e-04  <none>
  PhotonsMass_bkg_8TeV_ExpPAR2_cat1   -4.1449e+00   -4.1512e+00 +/-  2.49e-01  <none>
              eff_trig   -4.4409e-15   -9.0930e-05 +/-  1.93e+00  <none>
           global_syst   -4.4409e-15   -4.1383e-04 +/-  1.94e+00  <none>
             id_eff_eb   -4.4409e-15   -4.5691e-05 +/-  1.93e+00  <none>
             lumi_8TeV   -4.4409e-15   -2.3036e-04 +/-  1.93e+00  <none>
           mShift_cat1   -4.8850e-15   -4.8850e-15 +/-  1.88e+00  <none>
           mSmear_cat1   -4.8850e-15   -7.0412e-06 +/-  1.88e+00  <none>
                     r    2.0000e-01    2.0946e-03 +/-  1.51e+01  <none>
                 r9Eff   -4.4409e-15   -1.5655e-04 +/-  1.95e+00  <none>
                vtxEff   -4.4409e-15   -2.6514e-05 +/-  1.93e+00  <none>

Will search for NLL crossing by stepping.
Minuit2Minimizer: Minimize with max-calls 5000 convergence for edm < 0.01 strategy 0
Minuit2Minimizer : Valid minimum - status = 0
FVAL  = -1.55699552780226957
Edm   = 6.14304318280572446e-06
Nfcn  = 501
PhotonsMass_bkg_8TeV_ExpPAR1_cat1	  = 2.0957e-05	 +/-  0.0247686	(limited)
PhotonsMass_bkg_8TeV_ExpPAR2_cat1	  = -5.29027	 +/-  0.729965	(limited)
eff_trig	  = -0.0679041	 +/-  0.996679	(limited)
global_syst	  = -0.331625	 +/-  0.984305	(limited)
id_eff_eb	  = -0.0340372	 +/-  0.996639	(limited)
lumi_8TeV	  = -0.175091	 +/-  0.992749	(limited)
mShift_cat1	  = -4.88498e-15	 +/-  0.989616	(limited)
mSmear_cat1	  = 0.00980396	 +/-  0.992277	(limited)
r9Eff	  = -0.0952615	 +/-  1.06474	(limited)
vtxEff	  = -0.0221293	 +/-  0.946694	(limited)
At r = 1.000000:	delta(nll) = 3.64639
Minuit2Minimizer: Minimize with max-calls 5000 convergence for edm < 0.01 strategy 0
Minuit2Minimizer : Valid minimum - status = 0
FVAL  = -0.386448142335452938
Edm   = 2.93682875730959701e-07
Nfcn  = 383
PhotonsMass_bkg_8TeV_ExpPAR1_cat1	  = 0.00104215	 +/-  0.00262664	(limited)
PhotonsMass_bkg_8TeV_ExpPAR2_cat1	  = -4.75738	 +/-  1.11171	(limited)
eff_trig	  = -0.0187451	 +/-  0.996581	(limited)
global_syst	  = -0.0919172	 +/-  0.999566	(limited)
id_eff_eb	  = -0.00939593	 +/-  0.996599	(limited)
lumi_8TeV	  = -0.0483499	 +/-  0.996687	(limited)
mShift_cat1	  = -4.88498e-15	 +/-  0.989616	(limited)
mSmear_cat1	  = 0.00308667	 +/-  0.989853	(limited)
r9Eff	  = -0.0239869	 +/-  1.00594	(limited)
vtxEff	  = -0.00642831	 +/-  0.990654	(limited)
At r = 0.500000:	delta(nll) = 0.97602
Minuit2Minimizer: Minimize with max-calls 5000 convergence for edm < 0.01 strategy 0
Minuit2Minimizer : Valid minimum - status = 0
FVAL  = -0.382116444409836498
Edm   = 5.96807729605539711e-06
Nfcn  = 455
PhotonsMass_bkg_8TeV_ExpPAR1_cat1	  = 1.50751e-05	 +/-  0.0195076	(limited)
PhotonsMass_bkg_8TeV_ExpPAR2_cat1	  = -5.29229	 +/-  0.482895	(limited)
eff_trig	  = -0.0676443	 +/-  0.995455	(limited)
global_syst	  = -0.331441	 +/-  0.979561	(limited)
id_eff_eb	  = -0.0339261	 +/-  0.996287	(limited)
lumi_8TeV	  = -0.173886	 +/-  0.987157	(limited)
mShift_cat1	  = -4.88498e-15	 +/-  0.989616	(limited)
mSmear_cat1	  = 0.0097823	 +/-  0.991734	(limited)
r9Eff	  = -0.0974192	 +/-  1.05686	(limited)
vtxEff	  = -0.0219884	 +/-  0.953475	(limited)
At r = 1.000000:	delta(nll) = 3.64637
Minuit2Minimizer: Minimize with max-calls 5000 convergence for edm < 0.01 strategy 0
Minuit2Minimizer : Valid minimum - status = 0
FVAL  = -0.0769846782496300813
Edm   = 3.48288696184553811e-06
Nfcn  = 164
PhotonsMass_bkg_8TeV_ExpPAR1_cat1	  = 3.03145e-05	 +/-  0.00188938	(limited)
PhotonsMass_bkg_8TeV_ExpPAR2_cat1	  = -5.24248	 +/-  0.095458	(limited)
eff_trig	  = -0.0411613	 +/-  0.995878	(limited)
global_syst	  = -0.1985	 +/-  0.990002	(limited)
id_eff_eb	  = -0.0206368	 +/-  0.996419	(limited)
lumi_8TeV	  = -0.10591	 +/-  0.992574	(limited)
mShift_cat1	  = -4.88498e-15	 +/-  0.989616	(limited)
mSmear_cat1	  = 0.00836987	 +/-  0.990256	(limited)
r9Eff	  = -0.0515842	 +/-  1.03428	(limited)
vtxEff	  = -0.0138549	 +/-  0.978024	(limited)
At r = 0.750000:	delta(nll) = 2.13807
Minuit2Minimizer: Minimize with max-calls 5000 convergence for edm < 0.01 strategy 0
Minuit2Minimizer : Valid minimum - status = 0
FVAL  = -0.0658070597691083753
Edm   = 4.96097349930924103e-08
Nfcn  = 409
PhotonsMass_bkg_8TeV_ExpPAR1_cat1	  = 0.000764508	 +/-  0.00257198	(limited)
PhotonsMass_bkg_8TeV_ExpPAR2_cat1	  = -4.901	 +/-  1.09384	(limited)
eff_trig	  = -0.0285045	 +/-  0.993538	(limited)
global_syst	  = -0.140202	 +/-  0.961069	(limited)
id_eff_eb	  = -0.0142854	 +/-  0.995759	(limited)
lumi_8TeV	  = -0.0736108	 +/-  0.986212	(limited)
mShift_cat1	  = -4.88498e-15	 +/-  0.989616	(limited)
mSmear_cat1	  = 0.00448725	 +/-  0.989886	(limited)
r9Eff	  = -0.0364274	 +/-  1.02604	(limited)
vtxEff	  = -0.00968659	 +/-  0.982401	(limited)
At r = 0.625000:	delta(nll) = 1.49876
Minuit2Minimizer: Minimize with max-calls 5000 convergence for edm < 0.01 strategy 0
Minuit2Minimizer : Valid minimum - status = 0
FVAL  = -0.024259987272636771
Edm   = 6.4703290234811423e-06
Nfcn  = 180
PhotonsMass_bkg_8TeV_ExpPAR1_cat1	  = 0.000507205	 +/-  0.00253657	(limited)
PhotonsMass_bkg_8TeV_ExpPAR2_cat1	  = -5.03528	 +/-  0.972823	(limited)
eff_trig	  = -0.039555	 +/-  0.993149	(limited)
global_syst	  = -0.197992	 +/-  0.967959	(limited)
id_eff_eb	  = -0.0198094	 +/-  0.995647	(limited)
lumi_8TeV	  = -0.10266	 +/-  0.986373	(limited)
mShift_cat1	  = -4.88498e-15	 +/-  0.989616	(limited)
mSmear_cat1	  = 0.00604512	 +/-  0.990584	(limited)
r9Eff	  = -0.0513917	 +/-  1.0362	(limited)
vtxEff	  = -0.0133254	 +/-  0.973249	(limited)
At r = 0.750000:	delta(nll) = 2.12178
Minuit2Minimizer: Minimize with max-calls 5000 convergence for edm < 0.01 strategy 0
Minuit2Minimizer : Valid minimum - status = 0
FVAL  = -0.00592677305623789778
Edm   = 1.11722707617238035e-06
Nfcn  = 155
PhotonsMass_bkg_8TeV_ExpPAR1_cat1	  = 0.00062971	 +/-  0.00273401	(limited)
PhotonsMass_bkg_8TeV_ExpPAR2_cat1	  = -4.97099	 +/-  1.11347	(limited)
eff_trig	  = -0.0338758	 +/-  0.996493	(limited)
global_syst	  = -0.167604	 +/-  0.990276	(limited)
id_eff_eb	  = -0.0169752	 +/-  0.996591	(limited)
lumi_8TeV	  = -0.0875733	 +/-  0.993833	(limited)
mShift_cat1	  = -4.88498e-15	 +/-  0.989616	(limited)
mSmear_cat1	  = 0.005256	 +/-  0.990382	(limited)
r9Eff	  = -0.0438898	 +/-  1.03739	(limited)
vtxEff	  = -0.0114528	 +/-  0.978888	(limited)
At r = 0.687500:	delta(nll) = 1.79808
Minuit2Minimizer: Minimize with max-calls 5000 convergence for edm < 0.01 strategy 0
Minuit2Minimizer : Valid minimum - status = 0
FVAL  = -0.00592666322208608692
Edm   = 2.54318728236333297e-06
Nfcn  = 157
PhotonsMass_bkg_8TeV_ExpPAR1_cat1	  = 0.000498862	 +/-  0.00328724	(limited)
PhotonsMass_bkg_8TeV_ExpPAR2_cat1	  = -5.03908	 +/-  1.10916	(limited)
eff_trig	  = -0.0402331	 +/-  0.996928	(limited)
global_syst	  = -0.196196	 +/-  0.992099	(limited)
id_eff_eb	  = -0.0201696	 +/-  0.996708	(limited)
lumi_8TeV	  = -0.103662	 +/-  0.99472	(limited)
mShift_cat1	  = -4.88498e-15	 +/-  0.989616	(limited)
mSmear_cat1	  = 0.00616288	 +/-  0.990638	(limited)
r9Eff	  = -0.0529588	 +/-  1.05229	(limited)
vtxEff	  = -0.0135185	 +/-  0.974334	(limited)
At r = 0.750000:	delta(nll) = 2.12177
Minuit2Minimizer: Minimize with max-calls 5000 convergence for edm < 0.01 strategy 0
Minuit2Minimizer : Valid minimum - status = 0
FVAL  = -0.00122865607202489718
Edm   = 3.0612077584004183e-06
Nfcn  = 87
PhotonsMass_bkg_8TeV_ExpPAR1_cat1	  = 0.000492526	 +/-  0.000297451	(limited)
PhotonsMass_bkg_8TeV_ExpPAR2_cat1	  = -5.03556	 +/-  0.121678	(limited)
eff_trig	  = -0.0367252	 +/-  0.99558	(limited)
global_syst	  = -0.180241	 +/-  0.98559	(limited)
id_eff_eb	  = -0.0184077	 +/-  0.996336	(limited)
lumi_8TeV	  = -0.0947573	 +/-  0.99083	(limited)
mShift_cat1	  = -4.88498e-15	 +/-  0.989616	(limited)
mSmear_cat1	  = 0.00577612	 +/-  0.990446	(limited)
r9Eff	  = -0.0478648	 +/-  1.04081	(limited)
vtxEff	  = -0.0123869	 +/-  0.976902	(limited)
At r = 0.718750:	delta(nll) = 1.95729
Minuit2Minimizer: Minimize with max-calls 5000 convergence for edm < 0.01 strategy 0
Minuit2Minimizer : Valid minimum - status = 0
FVAL  = -0.00111425064339036421
Edm   = 6.25635180559201284e-06
Nfcn  = 133
PhotonsMass_bkg_8TeV_ExpPAR1_cat1	  = 0.000588732	 +/-  0.00344452	(limited)
PhotonsMass_bkg_8TeV_ExpPAR2_cat1	  = -4.99124	 +/-  1.19932	(limited)
eff_trig	  = -0.0355588	 +/-  0.995972	(limited)
global_syst	  = -0.174841	 +/-  0.985114	(limited)
id_eff_eb	  = -0.0178216	 +/-  0.996447	(limited)
lumi_8TeV	  = -0.0918012	 +/-  0.992759	(limited)
mShift_cat1	  = -4.88498e-15	 +/-  0.989616	(limited)
mSmear_cat1	  = 0.00551177	 +/-  0.990445	(limited)
r9Eff	  = -0.0462155	 +/-  1.04017	(limited)
vtxEff	  = -0.0120066	 +/-  0.977623	(limited)
At r = 0.703125:	delta(nll) = 1.87675
Minuit2Minimizer: Minimize with max-calls 5000 convergence for edm < 0.01 strategy 0
Minuit2Minimizer : Valid minimum - status = 0
FVAL  = -0.000298584685680528537
Edm   = 4.42181076729289907e-07
Nfcn  = 86
PhotonsMass_bkg_8TeV_ExpPAR1_cat1	  = 0.000592062	 +/-  0.000297941	(limited)
PhotonsMass_bkg_8TeV_ExpPAR2_cat1	  = -4.99294	 +/-  0.121405	(limited)
eff_trig	  = -0.0371321	 +/-  0.995575	(limited)
global_syst	  = -0.182011	 +/-  0.985803	(limited)
id_eff_eb	  = -0.0186124	 +/-  0.996332	(limited)
lumi_8TeV	  = -0.095777	 +/-  0.990816	(limited)
mShift_cat1	  = -4.88498e-15	 +/-  0.989616	(limited)
mSmear_cat1	  = 0.00568137	 +/-  0.990484	(limited)
r9Eff	  = -0.0484448	 +/-  1.04264	(limited)
vtxEff	  = -0.0125191	 +/-  0.97635	(limited)
At r = 0.718750:	delta(nll) = 1.95698
Minuit2Minimizer: Minimize with max-calls 5000 convergence for edm < 0.01 strategy 0
Minuit2Minimizer : Valid minimum - status = 0
FVAL  = -6.91206190029267992e-05
Edm   = 2.0993487245686239e-06
Nfcn  = 63
PhotonsMass_bkg_8TeV_ExpPAR1_cat1	  = 0.00059018	 +/-  0.000285177	(limited)
PhotonsMass_bkg_8TeV_ExpPAR2_cat1	  = -4.99217	 +/-  0.120756	(limited)
eff_trig	  = -0.0366474	 +/-  0.996358	(limited)
global_syst	  = -0.17971	 +/-  0.991052	(limited)
id_eff_eb	  = -0.0183693	 +/-  0.996534	(limited)
lumi_8TeV	  = -0.094537	 +/-  0.995003	(limited)
mShift_cat1	  = -4.88498e-15	 +/-  0.989616	(limited)
mSmear_cat1	  = 0.00564776	 +/-  0.990471	(limited)
r9Eff	  = -0.0477525	 +/-  1.04237	(limited)
vtxEff	  = -0.0123619	 +/-  0.977062	(limited)
At r = 0.710938:	delta(nll) = 1.91665
Minuit2Minimizer: Minimize with max-calls 5000 convergence for edm < 0.01 strategy 0
Minuit2Minimizer : Valid minimum - status = 0
FVAL  = -1.79930363928442795e-05
Edm   = 1.98588697264411729e-07
Nfcn  = 63
PhotonsMass_bkg_8TeV_ExpPAR1_cat1	  = 0.000591086	 +/-  0.000277515	(limited)
PhotonsMass_bkg_8TeV_ExpPAR2_cat1	  = -4.99262	 +/-  0.124531	(limited)
eff_trig	  = -0.0367123	 +/-  0.996128	(limited)
global_syst	  = -0.180015	 +/-  0.985654	(limited)
id_eff_eb	  = -0.0184018	 +/-  0.996481	(limited)
lumi_8TeV	  = -0.0947026	 +/-  0.993521	(limited)
mShift_cat1	  = -4.88498e-15	 +/-  0.989616	(limited)
mSmear_cat1	  = 0.00563599	 +/-  0.990477	(limited)
r9Eff	  = -0.0478445	 +/-  1.04278	(limited)
vtxEff	  = -0.012383	 +/-  0.976725	(limited)
At r = 0.714844:	delta(nll) = 1.93676
Median for expected limits: 0.712891
Sigma  for expected limits: 0.363726
Will search for NLL crossing by bisection
Minuit2Minimizer: Minimize with max-calls 5000 convergence for edm < 0.01 strategy 0
Minuit2Minimizer : Valid minimum - status = 0
FVAL  = -0.206726077888322451
Edm   = 1.17164547686197454e-06
Nfcn  = 201
PhotonsMass_bkg_8TeV_ExpPAR1_cat1	  = 0.00137607	 +/-  0.00262406	(limited)
PhotonsMass_bkg_8TeV_ExpPAR2_cat1	  = -4.5855	 +/-  1.10518	(limited)
eff_trig	  = -0.00986921	 +/-  0.996353	(limited)
global_syst	  = -0.0484718	 +/-  0.990322	(limited)
id_eff_eb	  = -0.00494656	 +/-  0.996533	(limited)
lumi_8TeV	  = -0.0254719	 +/-  0.994881	(limited)
mShift_cat1	  = -4.88498e-15	 +/-  0.989616	(limited)
mSmear_cat1	  = 0.00163538	 +/-  0.989691	(limited)
r9Eff	  = -0.0119886	 +/-  1.00372	(limited)
vtxEff	  = -0.00341728	 +/-  0.993505	(limited)
At r = 0.356445:	delta(nll) = 0.50669
Minuit2Minimizer: Minimize with max-calls 5000 convergence for edm < 0.01 strategy 0
Minuit2Minimizer : Valid minimum - status = 0
FVAL  = -0.0518502253236076752
Edm   = 1.86098400893569703e-06
Nfcn  = 180
PhotonsMass_bkg_8TeV_ExpPAR1_cat1	  = 0.000968953	 +/-  0.00255825	(limited)
PhotonsMass_bkg_8TeV_ExpPAR2_cat1	  = -4.79573	 +/-  1.10518	(limited)
eff_trig	  = -0.020997	 +/-  0.994523	(limited)
global_syst	  = -0.105321	 +/-  0.971404	(limited)
id_eff_eb	  = -0.0105157	 +/-  0.996031	(limited)
lumi_8TeV	  = -0.0544958	 +/-  0.990687	(limited)
mShift_cat1	  = -4.88498e-15	 +/-  0.989616	(limited)
mSmear_cat1	  = 0.00336575	 +/-  0.990189	(limited)
r9Eff	  = -0.0258817	 +/-  1.01606	(limited)
vtxEff	  = -0.00723392	 +/-  0.983196	(limited)
At r = 0.534668:	delta(nll) = 1.11063
Minuit2Minimizer: Minimize with max-calls 5000 convergence for edm < 0.01 strategy 0
Minuit2Minimizer : Valid minimum - status = 0
FVAL  = -0.012966677562065947
Edm   = 3.1202322507571962e-07
Nfcn  = 157
PhotonsMass_bkg_8TeV_ExpPAR1_cat1	  = 0.00116734	 +/-  0.00261402	(limited)
PhotonsMass_bkg_8TeV_ExpPAR2_cat1	  = -4.69294	 +/-  1.11138	(limited)
eff_trig	  = -0.0149071	 +/-  0.996112	(limited)
global_syst	  = -0.0740957	 +/-  0.992205	(limited)
id_eff_eb	  = -0.00746926	 +/-  0.99647	(limited)
lumi_8TeV	  = -0.0385804	 +/-  0.994184	(limited)
mShift_cat1	  = -4.88498e-15	 +/-  0.989616	(limited)
mSmear_cat1	  = 0.0024305	 +/-  0.989918	(limited)
r9Eff	  = -0.018423	 +/-  1.01337	(limited)
vtxEff	  = -0.0051388	 +/-  0.988975	(limited)
At r = 0.445557:	delta(nll) = 0.78113
Minuit2Minimizer: Minimize with max-calls 5000 convergence for edm < 0.01 strategy 0
Minuit2Minimizer : Valid minimum - status = 0
FVAL  = -0.00336476700905430706
Edm   = 8.15120943513668297e-07
Nfcn  = 134
PhotonsMass_bkg_8TeV_ExpPAR1_cat1	  = 0.0012681	 +/-  0.00259703	(limited)
PhotonsMass_bkg_8TeV_ExpPAR2_cat1	  = -4.64066	 +/-  1.10828	(limited)
eff_trig	  = -0.0123264	 +/-  0.996575	(limited)
global_syst	  = -0.0602609	 +/-  0.993465	(limited)
id_eff_eb	  = -0.00617897	 +/-  0.996599	(limited)
lumi_8TeV	  = -0.0317783	 +/-  0.995875	(limited)
mShift_cat1	  = -4.88498e-15	 +/-  0.989616	(limited)
mSmear_cat1	  = 0.00203407	 +/-  0.989891	(limited)
r9Eff	  = -0.0150623	 +/-  1.0112	(limited)
vtxEff	  = -0.00427096	 +/-  0.990158	(limited)
At r = 0.401001:	delta(nll) = 0.63690
Minuit2Minimizer: Minimize with max-calls 5000 convergence for edm < 0.01 strategy 0
Minuit2Minimizer : Valid minimum - status = 0
FVAL  = -0.000595036158678790878
Edm   = 2.82983998590275891e-06
Nfcn  = 87
PhotonsMass_bkg_8TeV_ExpPAR1_cat1	  = 0.00126369	 +/-  0.000317062	(limited)
PhotonsMass_bkg_8TeV_ExpPAR2_cat1	  = -4.63802	 +/-  0.129008	(limited)
eff_trig	  = -0.0107078	 +/-  0.996223	(limited)
global_syst	  = -0.0525508	 +/-  0.991778	(limited)
id_eff_eb	  = -0.00536708	 +/-  0.996497	(limited)
lumi_8TeV	  = -0.0276269	 +/-  0.994384	(limited)
mShift_cat1	  = -4.88498e-15	 +/-  0.989616	(limited)
mSmear_cat1	  = 0.001825	 +/-  0.989851	(limited)
r9Eff	  = -0.0130363	 +/-  1.00957	(limited)
vtxEff	  = -0.00371595	 +/-  0.990631	(limited)
At r = 0.378723:	delta(nll) = 0.57030
Minuit2Minimizer: Minimize with max-calls 5000 convergence for edm < 0.01 strategy 0
Minuit2Minimizer : Valid minimum - status = 0
FVAL  = -0.000739709702569328088
Edm   = 1.16991000429302177e-07
Nfcn  = 131
PhotonsMass_bkg_8TeV_ExpPAR1_cat1	  = 0.00134891	 +/-  0.00251666	(limited)
PhotonsMass_bkg_8TeV_ExpPAR2_cat1	  = -4.59924	 +/-  1.07525	(limited)
eff_trig	  = -0.0104258	 +/-  0.996457	(limited)
global_syst	  = -0.0510685	 +/-  0.994032	(limited)
id_eff_eb	  = -0.00522607	 +/-  0.996569	(limited)
lumi_8TeV	  = -0.026888	 +/-  0.995673	(limited)
mShift_cat1	  = -4.88498e-15	 +/-  0.989616	(limited)
mSmear_cat1	  = 0.00172942	 +/-  0.989854	(limited)
r9Eff	  = -0.0126825	 +/-  1.00921	(limited)
vtxEff	  = -0.00361957	 +/-  0.990971	(limited)
At r = 0.367584:	delta(nll) = 0.53792
Minuit2Minimizer: Minimize with max-calls 5000 convergence for edm < 0.01 strategy 0
Minuit2Minimizer : Valid minimum - status = 0
FVAL  = -3.54856988348202493e-05
Edm   = 3.85412909319112859e-07
Nfcn  = 65
PhotonsMass_bkg_8TeV_ExpPAR1_cat1	  = 0.00135019	 +/-  0.000274726	(limited)
PhotonsMass_bkg_8TeV_ExpPAR2_cat1	  = -4.59983	 +/-  0.120489	(limited)
eff_trig	  = -0.0106007	 +/-  0.996522	(limited)
global_syst	  = -0.0519478	 +/-  0.994701	(limited)
id_eff_eb	  = -0.00531365	 +/-  0.996585	(limited)
lumi_8TeV	  = -0.0273417	 +/-  0.996043	(limited)
mShift_cat1	  = -4.88498e-15	 +/-  0.989616	(limited)
mSmear_cat1	  = 0.00174234	 +/-  0.989876	(limited)
r9Eff	  = -0.0129015	 +/-  1.01007	(limited)
vtxEff	  = -0.00367944	 +/-  0.990651	(limited)
At r = 0.373154:	delta(nll) = 0.55387
Minuit2Minimizer: Minimize with max-calls 5000 convergence for edm < 0.01 strategy 0
Minuit2Minimizer : Valid minimum - status = 0
FVAL  = -9.7104304847785413e-06
Edm   = 5.56050529419340673e-07
Nfcn  = 63
PhotonsMass_bkg_8TeV_ExpPAR1_cat1	  = 0.0013508	 +/-  0.000268179	(limited)
PhotonsMass_bkg_8TeV_ExpPAR2_cat1	  = -4.60016	 +/-  0.123698	(limited)
eff_trig	  = -0.0107649	 +/-  0.996704	(limited)
global_syst	  = -0.0527644	 +/-  0.999184	(limited)
id_eff_eb	  = -0.00539588	 +/-  0.996631	(limited)
lumi_8TeV	  = -0.0277665	 +/-  0.997247	(limited)
mShift_cat1	  = -4.88498e-15	 +/-  0.989616	(limited)
mSmear_cat1	  = 0.00176169	 +/-  0.989887	(limited)
r9Eff	  = -0.013107	 +/-  1.01053	(limited)
vtxEff	  = -0.00373567	 +/-  0.9906	(limited)
At r = 0.375938:	delta(nll) = 0.56195
Will search for NLL crossing by bisection
Minuit2Minimizer: Minimize with max-calls 5000 convergence for edm < 0.01 strategy 0
Minuit2Minimizer : Valid minimum - status = 0
FVAL  = -0.0482626490014504209
Edm   = 2.06264453820582895e-06
Nfcn  = 178
PhotonsMass_bkg_8TeV_ExpPAR1_cat1	  = 0.000945803	 +/-  0.00255274	(limited)
PhotonsMass_bkg_8TeV_ExpPAR2_cat1	  = -4.80772	 +/-  1.10335	(limited)
eff_trig	  = -0.0217705	 +/-  0.994403	(limited)
global_syst	  = -0.109262	 +/-  0.970549	(limited)
id_eff_eb	  = -0.0109028	 +/-  0.996	(limited)
lumi_8TeV	  = -0.0565107	 +/-  0.990341	(limited)
mShift_cat1	  = -4.88498e-15	 +/-  0.989616	(limited)
mSmear_cat1	  = 0.0034814	 +/-  0.990212	(limited)
r9Eff	  = -0.0268984	 +/-  1.01687	(limited)
vtxEff	  = -0.00749227	 +/-  0.982786	(limited)
At r = 0.545111:	delta(nll) = 1.15275
Minuit2Minimizer: Minimize with max-calls 5000 convergence for edm < 0.01 strategy 0
Minuit2Minimizer : Valid minimum - status = 0
FVAL  = -0.0114463245955011873
Edm   = 2.53730930417412776e-07
Nfcn  = 157
PhotonsMass_bkg_8TeV_ExpPAR1_cat1	  = 0.00113132	 +/-  0.00261579	(limited)
PhotonsMass_bkg_8TeV_ExpPAR2_cat1	  = -4.71151	 +/-  1.11263	(limited)
eff_trig	  = -0.0159292	 +/-  0.99603	(limited)
global_syst	  = -0.0790945	 +/-  0.991795	(limited)
id_eff_eb	  = -0.00798139	 +/-  0.996451	(limited)
lumi_8TeV	  = -0.041214	 +/-  0.99386	(limited)
mShift_cat1	  = -4.88498e-15	 +/-  0.989616	(limited)
mSmear_cat1	  = 0.00258944	 +/-  0.989938	(limited)
r9Eff	  = -0.019725	 +/-  1.01463	(limited)
vtxEff	  = -0.00548665	 +/-  0.988386	(limited)
At r = 0.461221:	delta(nll) = 0.83511
Minuit2Minimizer: Minimize with max-calls 5000 convergence for edm < 0.01 strategy 0
Minuit2Minimizer : Valid minimum - status = 0
FVAL  = -0.00283674698134971049
Edm   = 9.04009085887281699e-07
Nfcn  = 135
PhotonsMass_bkg_8TeV_ExpPAR1_cat1	  = 0.00103954	 +/-  0.00237137	(limited)
PhotonsMass_bkg_8TeV_ExpPAR2_cat1	  = -4.75918	 +/-  1.02306	(limited)
eff_trig	  = -0.0189085	 +/-  0.996839	(limited)
global_syst	  = -0.0930489	 +/-  0.992891	(limited)
id_eff_eb	  = -0.0094768	 +/-  0.996673	(limited)
lumi_8TeV	  = -0.0488142	 +/-  0.996163	(limited)
mShift_cat1	  = -4.88498e-15	 +/-  0.989616	(limited)
mSmear_cat1	  = 0.00304838	 +/-  0.990109	(limited)
r9Eff	  = -0.0235058	 +/-  1.02245	(limited)
vtxEff	  = -0.00650297	 +/-  0.985864	(limited)
At r = 0.503166:	delta(nll) = 0.98798
Minuit2Minimizer: Minimize with max-calls 5000 convergence for edm < 0.01 strategy 0
Minuit2Minimizer : Valid minimum - status = 0
FVAL  = -0.000514818159232139196
Edm   = 2.0987214901907939e-06
Nfcn  = 87
PhotonsMass_bkg_8TeV_ExpPAR1_cat1	  = 0.00104366	 +/-  0.000309164	(limited)
PhotonsMass_bkg_8TeV_ExpPAR2_cat1	  = -4.76156	 +/-  0.124555	(limited)
eff_trig	  = -0.0207501	 +/-  0.995981	(limited)
global_syst	  = -0.101677	 +/-  0.989576	(limited)
id_eff_eb	  = -0.0104011	 +/-  0.996442	(limited)
lumi_8TeV	  = -0.0535181	 +/-  0.993042	(limited)
mShift_cat1	  = -4.88498e-15	 +/-  0.989616	(limited)
mSmear_cat1	  = 0.00326851	 +/-  0.990111	(limited)
r9Eff	  = -0.0259277	 +/-  1.0222	(limited)
vtxEff	  = -0.00712177	 +/-  0.985126	(limited)
At r = 0.524138:	delta(nll) = 1.06911
Minuit2Minimizer: Minimize with max-calls 5000 convergence for edm < 0.01 strategy 0
Minuit2Minimizer : Valid minimum - status = 0
FVAL  = -0.000128758851645454817
Edm   = 3.55782664290773083e-06
Nfcn  = 63
PhotonsMass_bkg_8TeV_ExpPAR1_cat1	  = 0.00104102	 +/-  0.000284115	(limited)
PhotonsMass_bkg_8TeV_ExpPAR2_cat1	  = -4.76053	 +/-  0.118421	(limited)
eff_trig	  = -0.0201816	 +/-  0.996532	(limited)
global_syst	  = -0.0989533	 +/-  0.994872	(limited)
id_eff_eb	  = -0.0101159	 +/-  0.996586	(limited)
lumi_8TeV	  = -0.0520599	 +/-  0.996112	(limited)
mShift_cat1	  = -4.88498e-15	 +/-  0.989616	(limited)
mSmear_cat1	  = 0.00321862	 +/-  0.990083	(limited)
r9Eff	  = -0.0251812	 +/-  1.0215	(limited)
vtxEff	  = -0.00693075	 +/-  0.985836	(limited)
At r = 0.513652:	delta(nll) = 1.02813
Minuit2Minimizer: Minimize with max-calls 5000 convergence for edm < 0.01 strategy 0
Minuit2Minimizer : Valid minimum - status = 0
FVAL  = -3.46008338525245933e-05
Edm   = 2.57811425496462756e-06
Nfcn  = 63
PhotonsMass_bkg_8TeV_ExpPAR1_cat1	  = 0.00103971	 +/-  0.000284791	(limited)
PhotonsMass_bkg_8TeV_ExpPAR2_cat1	  = -4.76002	 +/-  0.118353	(limited)
eff_trig	  = -0.019704	 +/-  0.996919	(limited)
global_syst	  = -0.0966378	 +/-  1.0043	(limited)
id_eff_eb	  = -0.00987645	 +/-  0.99668	(limited)
lumi_8TeV	  = -0.0508312	 +/-  0.998698	(limited)
mShift_cat1	  = -4.88498e-15	 +/-  0.989616	(limited)
mSmear_cat1	  = 0.00316152	 +/-  0.990093	(limited)
r9Eff	  = -0.0245547	 +/-  1.02171	(limited)
vtxEff	  = -0.00677022	 +/-  0.986066	(limited)
At r = 0.508409:	delta(nll) = 1.00795
Minuit2Minimizer: Minimize with max-calls 5000 convergence for edm < 0.01 strategy 0
Minuit2Minimizer : Valid minimum - status = 0
FVAL  = -8.95894372171033071e-06
Edm   = 1.15180054359368655e-06
Nfcn  = 63
PhotonsMass_bkg_8TeV_ExpPAR1_cat1	  = 0.00103907	 +/-  0.000286487	(limited)
PhotonsMass_bkg_8TeV_ExpPAR2_cat1	  = -4.75978	 +/-  0.118415	(limited)
eff_trig	  = -0.019368	 +/-  0.997442	(limited)
global_syst	  = -0.0949942	 +/-  1.01752	(limited)
id_eff_eb	  = -0.00970801	 +/-  0.996806	(limited)
lumi_8TeV	  = -0.0499649	 +/-  1.00225	(limited)
mShift_cat1	  = -4.88498e-15	 +/-  0.989616	(limited)
mSmear_cat1	  = 0.00311638	 +/-  0.990093	(limited)
r9Eff	  = -0.0241144	 +/-  1.02238	(limited)
vtxEff	  = -0.00665727	 +/-  0.986208	(limited)
At r = 0.505787:	delta(nll) = 0.99794
Will search for NLL crossing by bisection
Minuit2Minimizer: Minimize with max-calls 5000 convergence for edm < 0.01 strategy 0
Minuit2Minimizer : Valid minimum - status = 0
FVAL  = -0.494676598059047901
Edm   = 3.50051390728507945e-06
Nfcn  = 494
PhotonsMass_bkg_8TeV_ExpPAR1_cat1	  = 5.22154e-08	 +/-  0.0179242	(limited)
PhotonsMass_bkg_8TeV_ExpPAR2_cat1	  = -5.31322	 +/-  0.148776	(limited)
eff_trig	  = -0.0776074	 +/-  0.994287	(limited)
global_syst	  = -0.380168	 +/-  0.968286	(limited)
id_eff_eb	  = -0.0388995	 +/-  0.996019	(limited)
lumi_8TeV	  = -0.200193	 +/-  0.982047	(limited)
mShift_cat1	  = -4.88498e-15	 +/-  0.989616	(limited)
mSmear_cat1	  = 0.0107839	 +/-  0.992047	(limited)
r9Eff	  = -0.111041	 +/-  1.10232	(limited)
vtxEff	  = -0.0250711	 +/-  0.947279	(limited)
At r = 1.076617:	delta(nll) = 4.18416
Minuit2Minimizer: Minimize with max-calls 5000 convergence for edm < 0.01 strategy 0
Minuit2Minimizer : Valid minimum - status = 0
FVAL  = -0.0412037445188162335
Edm   = 1.27322472140000595e-07
Nfcn  = 86
PhotonsMass_bkg_8TeV_ExpPAR1_cat1	  = 2.66187e-10	 +/-  0.000686604	(limited)
PhotonsMass_bkg_8TeV_ExpPAR2_cat1	  = -5.27882	 +/-  0.141997	(limited)
eff_trig	  = -0.0547979	 +/-  0.99516	(limited)
global_syst	  = -0.268536	 +/-  0.981465	(limited)
id_eff_eb	  = -0.0274679	 +/-  0.996226	(limited)
lumi_8TeV	  = -0.141328	 +/-  0.989038	(limited)
mShift_cat1	  = -4.88498e-15	 +/-  0.989616	(limited)
mSmear_cat1	  = 0.00852219	 +/-  0.990825	(limited)
r9Eff	  = -0.0748332	 +/-  1.05064	(limited)
vtxEff	  = -0.0181341	 +/-  0.969523	(limited)
At r = 0.894754:	delta(nll) = 2.96410
Minuit2Minimizer: Minimize with max-calls 5000 convergence for edm < 0.01 strategy 0
Minuit2Minimizer : Valid minimum - status = 0
FVAL  = -0.0101745988004598425
Edm   = 2.18825407093674852e-07
Nfcn  = 112
PhotonsMass_bkg_8TeV_ExpPAR1_cat1	  = 3.82037e-05	 +/-  0.000581418	(limited)
PhotonsMass_bkg_8TeV_ExpPAR2_cat1	  = -5.27974	 +/-  0.12307	(limited)
eff_trig	  = -0.0660882	 +/-  0.994957	(limited)
global_syst	  = -0.323053	 +/-  0.980223	(limited)
id_eff_eb	  = -0.0331297	 +/-  0.996195	(limited)
lumi_8TeV	  = -0.170351	 +/-  0.987204	(limited)
mShift_cat1	  = -4.88498e-15	 +/-  0.989616	(limited)
mSmear_cat1	  = 0.00959349	 +/-  0.991184	(limited)
r9Eff	  = -0.0930406	 +/-  1.07755	(limited)
vtxEff	  = -0.0216106	 +/-  0.961476	(limited)
At r = 0.985685:	delta(nll) = 3.54961
Minuit2Minimizer: Minimize with max-calls 5000 convergence for edm < 0.01 strategy 0
Minuit2Minimizer : Valid minimum - status = 0
FVAL  = -0.0029895895226058249
Edm   = 2.011962320615173e-06
Nfcn  = 248
PhotonsMass_bkg_8TeV_ExpPAR1_cat1	  = 8.26325e-07	 +/-  0.0242928	(limited)
PhotonsMass_bkg_8TeV_ExpPAR2_cat1	  = -5.30443	 +/-  0.255524	(limited)
eff_trig	  = -0.0717839	 +/-  0.99408	(limited)
global_syst	  = -0.350127	 +/-  0.949313	(limited)
id_eff_eb	  = -0.035989	 +/-  0.995908	(limited)
lumi_8TeV	  = -0.184889	 +/-  0.987116	(limited)
mShift_cat1	  = -4.88498e-15	 +/-  0.989616	(limited)
mSmear_cat1	  = 0.0102265	 +/-  0.99133	(limited)
r9Eff	  = -0.102579	 +/-  1.07578	(limited)
vtxEff	  = -0.023334	 +/-  0.958367	(limited)
At r = 1.031151:	delta(nll) = 3.86095
Minuit2Minimizer: Minimize with max-calls 5000 convergence for edm < 0.01 strategy 0
Minuit2Minimizer : Valid minimum - status = 0
FVAL  = -0.000686498726805623619
Edm   = 5.40379504835927948e-07
Nfcn  = 65
PhotonsMass_bkg_8TeV_ExpPAR1_cat1	  = 5.26312e-08	 +/-  0.00427381	(limited)
PhotonsMass_bkg_8TeV_ExpPAR2_cat1	  = -5.3004	 +/-  0.137535	(limited)
eff_trig	  = -0.0686489	 +/-  0.995089	(limited)
global_syst	  = -0.336807	 +/-  0.966439	(limited)
id_eff_eb	  = -0.0344092	 +/-  0.996227	(limited)
lumi_8TeV	  = -0.177111	 +/-  0.986977	(limited)
mShift_cat1	  = -4.88498e-15	 +/-  0.989616	(limited)
mSmear_cat1	  = 0.010041	 +/-  0.991252	(limited)
r9Eff	  = -0.0972738	 +/-  1.07206	(limited)
vtxEff	  = -0.0223848	 +/-  0.96086	(limited)
At r = 1.008418:	delta(nll) = 3.70378
Minuit2Minimizer: Minimize with max-calls 5000 convergence for edm < 0.01 strategy 0
Minuit2Minimizer : Valid minimum - status = 0
FVAL  = -0.000123625083767617879
Edm   = 1.30122730020197486e-06
Nfcn  = 113
PhotonsMass_bkg_8TeV_ExpPAR1_cat1	  = 3.59202e-06	 +/-  0.00768897	(limited)
PhotonsMass_bkg_8TeV_ExpPAR2_cat1	  = -5.30065	 +/-  0.110576	(limited)
eff_trig	  = -0.0702611	 +/-  0.994754	(limited)
global_syst	  = -0.344411	 +/-  0.975628	(limited)
id_eff_eb	  = -0.0352183	 +/-  0.996135	(limited)
lumi_8TeV	  = -0.181231	 +/-  0.985874	(limited)
mShift_cat1	  = -4.88498e-15	 +/-  0.989616	(limited)
mSmear_cat1	  = 0.0100539	 +/-  0.991324	(limited)
r9Eff	  = -0.0999128	 +/-  1.07581	(limited)
vtxEff	  = -0.0228743	 +/-  0.959761	(limited)
At r = 1.019785:	delta(nll) = 3.78201
Minuit2Minimizer: Minimize with max-calls 5000 convergence for edm < 0.01 strategy 0
Minuit2Minimizer : Valid minimum - status = 0
FVAL  = -3.47409282339065234e-05
Edm   = 1.69495598096344202e-06
Nfcn  = 63
PhotonsMass_bkg_8TeV_ExpPAR1_cat1	  = 2.48321e-06	 +/-  0.00502824	(limited)
PhotonsMass_bkg_8TeV_ExpPAR2_cat1	  = -5.30008	 +/-  0.121836	(limited)
eff_trig	  = -0.0696558	 +/-  0.996075	(limited)
global_syst	  = -0.341609	 +/-  0.986348	(limited)
id_eff_eb	  = -0.0349143	 +/-  0.99647	(limited)
lumi_8TeV	  = -0.179692	 +/-  0.993314	(limited)
mShift_cat1	  = -4.88498e-15	 +/-  0.989616	(limited)
mSmear_cat1	  = 0.0100187	 +/-  0.991272	(limited)
r9Eff	  = -0.0989082	 +/-  1.07698	(limited)
vtxEff	  = -0.0226909	 +/-  0.960353	(limited)
At r = 1.014102:	delta(nll) = 3.74280
Will search for NLL crossing by bisection
Minuit2Minimizer: Minimize with max-calls 5000 convergence for edm < 0.01 strategy 0
Minuit2Minimizer : Valid minimum - status = 0
FVAL  = -0.416282345915943319
Edm   = 1.35548717891212431e-06
Nfcn  = 320
PhotonsMass_bkg_8TeV_ExpPAR1_cat1	  = 7.92943e-09	 +/-  0.00360303	(limited)
PhotonsMass_bkg_8TeV_ExpPAR2_cat1	  = -5.4031	 +/-  0.148882	(limited)
eff_trig	  = -0.153808	 +/-  0.995361	(limited)
global_syst	  = -0.752972	 +/-  0.9668	(limited)
id_eff_eb	  = -0.0770947	 +/-  0.996301	(limited)
lumi_8TeV	  = -0.39671	 +/-  0.983948	(limited)
mShift_cat1	  = -4.88498e-15	 +/-  0.989616	(limited)
mSmear_cat1	  = 0.0170847	 +/-  0.993904	(limited)
r9Eff	  = -0.249147	 +/-  1.02345	(limited)
vtxEff	  = -0.0461325	 +/-  0.916751	(limited)
At r = 1.589528:	delta(nll) = 8.56428
Minuit2Minimizer: Minimize with max-calls 5000 convergence for edm < 0.01 strategy 0
Minuit2Minimizer : Valid minimum - status = 0
FVAL  = -0.105142303769385617
Edm   = 1.01028018028849567e-07
Nfcn  = 87
PhotonsMass_bkg_8TeV_ExpPAR1_cat1	  = 1.23649e-08	 +/-  0.000431497	(limited)
PhotonsMass_bkg_8TeV_ExpPAR2_cat1	  = -5.35338	 +/-  0.145845	(limited)
eff_trig	  = -0.10897	 +/-  0.993757	(limited)
global_syst	  = -0.533585	 +/-  0.966271	(limited)
id_eff_eb	  = -0.0546246	 +/-  0.995845	(limited)
lumi_8TeV	  = -0.280956	 +/-  0.98401	(limited)
mShift_cat1	  = -4.88498e-15	 +/-  0.989616	(limited)
mSmear_cat1	  = 0.0135223	 +/-  0.992137	(limited)
r9Eff	  = -0.168202	 +/-  1.0167	(limited)
vtxEff	  = -0.034135	 +/-  0.946683	(limited)
At r = 1.300394:	delta(nll) = 5.93825
Minuit2Minimizer: Minimize with max-calls 5000 convergence for edm < 0.01 strategy 0
Minuit2Minimizer : Valid minimum - status = 0
FVAL  = -0.0263910858903390368
Edm   = 6.74886325422341149e-07
Nfcn  = 230
PhotonsMass_bkg_8TeV_ExpPAR1_cat1	  = 4.74939e-09	 +/-  0.00515252	(limited)
PhotonsMass_bkg_8TeV_ExpPAR2_cat1	  = -5.37853	 +/-  0.154462	(limited)
eff_trig	  = -0.130633	 +/-  0.993317	(limited)
global_syst	  = -0.641201	 +/-  0.966414	(limited)
id_eff_eb	  = -0.0654777	 +/-  0.995749	(limited)
lumi_8TeV	  = -0.337043	 +/-  0.978467	(limited)
mShift_cat1	  = -4.88498e-15	 +/-  0.989616	(limited)
mSmear_cat1	  = 0.015324	 +/-  0.992988	(limited)
r9Eff	  = -0.208648	 +/-  1.08934	(limited)
vtxEff	  = -0.0400454	 +/-  0.930349	(limited)
At r = 1.444961:	delta(nll) = 7.20429
Minuit2Minimizer: Minimize with max-calls 5000 convergence for edm < 0.01 strategy 0
Minuit2Minimizer : Valid minimum - status = 0
FVAL  = -0.00656608084503091608
Edm   = 3.15754118771903098e-07
Nfcn  = 85
PhotonsMass_bkg_8TeV_ExpPAR1_cat1	  = 1.33307e-08	 +/-  0.0015625	(limited)
PhotonsMass_bkg_8TeV_ExpPAR2_cat1	  = -5.36604	 +/-  0.144025	(limited)
eff_trig	  = -0.119751	 +/-  0.992481	(limited)
global_syst	  = -0.586665	 +/-  0.953028	(limited)
id_eff_eb	  = -0.060027	 +/-  0.995494	(limited)
lumi_8TeV	  = -0.30882	 +/-  0.978992	(limited)
mShift_cat1	  = -4.88498e-15	 +/-  0.989616	(limited)
mSmear_cat1	  = 0.0144018	 +/-  0.99227	(limited)
r9Eff	  = -0.188272	 +/-  1.0541	(limited)
vtxEff	  = -0.0371007	 +/-  0.938157	(limited)
At r = 1.372678:	delta(nll) = 6.55901
Minuit2Minimizer: Minimize with max-calls 5000 convergence for edm < 0.01 strategy 0
Minuit2Minimizer : Valid minimum - status = 0
FVAL  = -0.0016365000344378967
Edm   = 1.8188146226474334e-06
Nfcn  = 63
PhotonsMass_bkg_8TeV_ExpPAR1_cat1	  = 3.83294e-08	 +/-  0.00207802	(limited)
PhotonsMass_bkg_8TeV_ExpPAR2_cat1	  = -5.35987	 +/-  0.140807	(limited)
eff_trig	  = -0.113945	 +/-  0.994184	(limited)
global_syst	  = -0.5601	 +/-  0.952116	(limited)
id_eff_eb	  = -0.0571092	 +/-  0.996	(limited)
lumi_8TeV	  = -0.294116	 +/-  0.981479	(limited)
mShift_cat1	  = -4.88498e-15	 +/-  0.989616	(limited)
mSmear_cat1	  = 0.0142132	 +/-  0.992462	(limited)
r9Eff	  = -0.177808	 +/-  1.06677	(limited)
vtxEff	  = -0.0354944	 +/-  0.940058	(limited)
At r = 1.336536:	delta(nll) = 6.24549
Minuit2Minimizer: Minimize with max-calls 5000 convergence for edm < 0.01 strategy 0
Minuit2Minimizer : Valid minimum - status = 0
FVAL  = -0.000398187767031275613
Edm   = 7.64590742348960248e-07
Nfcn  = 65
PhotonsMass_bkg_8TeV_ExpPAR1_cat1	  = 6.21298e-10	 +/-  0.023716	(limited)
PhotonsMass_bkg_8TeV_ExpPAR2_cat1	  = -5.36281	 +/-  0.143792	(limited)
eff_trig	  = -0.11716	 +/-  0.993695	(limited)
global_syst	  = -0.573829	 +/-  0.946312	(limited)
id_eff_eb	  = -0.058728	 +/-  0.995864	(limited)
lumi_8TeV	  = -0.302129	 +/-  0.978871	(limited)
mShift_cat1	  = -4.88498e-15	 +/-  0.989616	(limited)
mSmear_cat1	  = 0.0141571	 +/-  0.992542	(limited)
r9Eff	  = -0.183628	 +/-  1.07738	(limited)
vtxEff	  = -0.0363874	 +/-  0.937824	(limited)
At r = 1.354607:	delta(nll) = 6.40147
Minuit2Minimizer: Minimize with max-calls 5000 convergence for edm < 0.01 strategy 0
Minuit2Minimizer : Valid minimum - status = 0
FVAL  = -0.00010334470235565983
Edm   = 1.71929582475773825e-07
Nfcn  = 86
PhotonsMass_bkg_8TeV_ExpPAR1_cat1	  = 8.8971e-10	 +/-  0.00602846	(limited)
PhotonsMass_bkg_8TeV_ExpPAR2_cat1	  = -5.36449	 +/-  0.151502	(limited)
eff_trig	  = -0.118332	 +/-  0.995427	(limited)
global_syst	  = -0.580309	 +/-  0.982348	(limited)
id_eff_eb	  = -0.0593129	 +/-  0.996298	(limited)
lumi_8TeV	  = -0.305262	 +/-  0.990293	(limited)
mShift_cat1	  = -4.88498e-15	 +/-  0.989616	(limited)
mSmear_cat1	  = 0.0143405	 +/-  0.992595	(limited)
r9Eff	  = -0.185776	 +/-  1.07854	(limited)
vtxEff	  = -0.0367082	 +/-  0.937556	(limited)
At r = 1.363642:	delta(nll) = 6.48005
Restricting r to positive values.
  1) RooRealVar::                                MH = 450
  2) RooRealVar:: PhotonsMass_bkg_8TeV_ExpPAR1_cat1 = 0.00225838 +/- 0.00256845
  3) RooRealVar:: PhotonsMass_bkg_8TeV_ExpPAR2_cat1 = -4.13375 +/- 1.09834
  4) RooRealVar::         ReducedMass_sig_Nneg_cat1 = 0.674325 +/- 5.04883
  5) RooRealVar::         ReducedMass_sig_Npos_cat1 = 3 +/- 5.04883
  6) RooRealVar::   ReducedMass_sig_alphaCBneg_cat1 = 1.75 +/- 4.20209
  7) RooRealVar::   ReducedMass_sig_alphaCBpos_cat1 = -1.75 +/- 2.29484
  8) RooRealVar::         ReducedMass_sig_frac_cat1 = 0.5 +/- 0.420735
  9) RooRealVar::         ReducedMass_sig_mean_cat1 = 0 +/- 0.00841471
 10) RooRealVar::        ReducedMass_sig_sigma_cat1 = 0.0133 +/- 2.29237
 11) RooRealVar::                          eff_trig = 0
 12) RooRealVar::                       eff_trig_In = 0
 13) RooRealVar::                       global_syst = 0
 14) RooRealVar::                    global_syst_In = 0
 15) RooRealVar::                         id_eff_eb = 0
 16) RooRealVar::                      id_eff_eb_In = 0
 17) RooRealVar::                         lumi_8TeV = 0
 18) RooRealVar::                      lumi_8TeV_In = 0
 19) RooRealVar::                       mShift_cat1 = 0
 20) RooRealVar::                    mShift_cat1_In = 0
 21) RooRealVar::                       mSmear_cat1 = 0
 22) RooRealVar::                    mSmear_cat1_In = 0
 23) RooRealVar::            n_exp_bincat1_proc_bkg = 1472
 24) RooRealVar::                                 r = 2
 25) RooRealVar::                             r9Eff = 0
 26) RooRealVar::                          r9Eff_In = 0
 27) RooRealVar::                 rooSigmaCorr_cat1 = 0.841969
 28) RooRealVar::                            vtxEff = 0
 29) RooRealVar::                         vtxEff_In = 0

Make global fit of real data
[#1] INFO:NumericIntegration -- RooRealIntegral::init(shapeBkg_bkg_cat1_Int[PhotonsMass]) using numeric integrator RooIntegrator1D to calculate Int(PhotonsMass)
[#1] INFO:Caching -- RooAbsCachedPdf::getCache(shapeSig_sig_cat1) creating new cache 0x25b5d30 with pdf SigModelBW_cat1_CONV_ResAddPdf_cat1_CACHE_Obs[PhotonsMass] for nset (PhotonsMass) with code 1 from preexisting content.
Minuit2Minimizer: Minimize with max-calls 5500 convergence for edm < 0.01 strategy 0
Minuit2Minimizer : Valid minimum - status = 0
FVAL  = -23.7580420275303936
Edm   = 3.75616816569165604e-07
Nfcn  = 314
PhotonsMass_bkg_8TeV_ExpPAR1_cat1	  = 0.00222739	 +/-  0.00252765	(limited)
PhotonsMass_bkg_8TeV_ExpPAR2_cat1	  = -4.14575	 +/-  1.07425	(limited)
eff_trig	  = 8.38141e-05	 +/-  0.994371	(limited)
global_syst	  = -9.93757e-05	 +/-  0.958154	(limited)
id_eff_eb	  = 3.64587e-05	 +/-  0.995996	(limited)
lumi_8TeV	  = 0.000177958	 +/-  0.985228	(limited)
mShift_cat1	  = 0	 +/-  0.989616	(limited)
mSmear_cat1	  = 4.04725e-06	 +/-  0.998122	(limited)
r	  = 1.9465e-09	 +/-  0.144858	(limited)
r9Eff	  = 0.000127264	 +/-  0.992117	(limited)
vtxEff	  = 0.000386052	 +/-  0.844404	(limited)
NLL at global minimum of data: -1325.22 (r = 1.9465e-09)
   0) MH                             =       450
   1) PhotonsMass_bkg_8TeV_ExpPAR1_cat1 = 0.00222739
   2) PhotonsMass_bkg_8TeV_ExpPAR2_cat1 =  -4.14575
   3) ReducedMass_sig_Nneg_cat1      =  0.674325
   4) ReducedMass_sig_Npos_cat1      =         3
   5) ReducedMass_sig_alphaCBneg_cat1 =      1.75
   6) ReducedMass_sig_alphaCBpos_cat1 =     -1.75
   7) ReducedMass_sig_frac_cat1      =       0.5
   8) ReducedMass_sig_mean_cat1      =         0
   9) ReducedMass_sig_sigma_cat1     =    0.0133
  10) eff_trig                       = 8.38141e-05
  11) eff_trig_In                    =         0
  12) global_syst                    = -9.93757e-05
  13) global_syst_In                 =         0
  14) id_eff_eb                      = 3.64587e-05
  15) id_eff_eb_In                   =         0
  16) lumi_8TeV                      = 0.000177958
  17) lumi_8TeV_In                   =         0
  18) mShift_cat1                    =         0
  19) mShift_cat1_In                 =         0
  20) mSmear_cat1                    = 4.04725e-06
  21) mSmear_cat1_In                 =         0
  22) n_exp_bincat1_proc_bkg         =      1472
  23) r                              = 1.9465e-09
  24) r9Eff                          = 0.000127264
  25) r9Eff_In                       =         0
  26) rooSigmaCorr_cat1              =  0.841969
  27) vtxEff                         = 0.000386052
  28) vtxEff_In                      =         0


Make global fit of asimov data
[#1] INFO:NumericIntegration -- RooRealIntegral::init(shapeBkg_bkg_cat1_Int[PhotonsMass]) using numeric integrator RooIntegrator1D to calculate Int(PhotonsMass)
[#1] INFO:Caching -- RooAbsCachedPdf::getCache(shapeSig_sig_cat1) creating new cache 0x2a317a0 with pdf SigModelBW_cat1_CONV_ResAddPdf_cat1_CACHE_Obs[PhotonsMass] for nset (PhotonsMass) with code 1
Minuit2Minimizer: Minimize with max-calls 5500 convergence for edm < 0.01 strategy 0
Minuit2Minimizer : Valid minimum - status = 0
FVAL  = -9.11340670611133172e-06
Edm   = 3.16601942913642134e-06
Nfcn  = 104
PhotonsMass_bkg_8TeV_ExpPAR1_cat1	  = 0.00222692	 +/-  0.000258629	(limited)
PhotonsMass_bkg_8TeV_ExpPAR2_cat1	  = -4.14539	 +/-  0.131083	(limited)
eff_trig	  = 3.83249e-05	 +/-  0.996655	(limited)
global_syst	  = -4.54323e-05	 +/-  0.996681	(limited)
id_eff_eb	  = 1.6672e-05	 +/-  0.996616	(limited)
lumi_8TeV	  = 8.13756e-05	 +/-  0.996743	(limited)
mShift_cat1	  = 0	 +/-  0.989616	(limited)
mSmear_cat1	  = 1.85267e-06	 +/-  0.98962	(limited)
r	  = 0.000235254	 +/-  18.4637	(limited)
r9Eff	  = 5.81927e-05	 +/-  0.996718	(limited)
vtxEff	  = 0.000176513	 +/-  0.997312	(limited)
NLL at global minimum of asimov: -1325.03 (r = 0.000235254)
   0) MH                             =       450
   1) PhotonsMass_bkg_8TeV_ExpPAR1_cat1 = 0.00222692
   2) PhotonsMass_bkg_8TeV_ExpPAR2_cat1 =  -4.14539
   3) ReducedMass_sig_Nneg_cat1      =  0.674325
   4) ReducedMass_sig_Npos_cat1      =         3
   5) ReducedMass_sig_alphaCBneg_cat1 =      1.75
   6) ReducedMass_sig_alphaCBpos_cat1 =     -1.75
   7) ReducedMass_sig_frac_cat1      =       0.5
   8) ReducedMass_sig_mean_cat1      =         0
   9) ReducedMass_sig_sigma_cat1     =    0.0133
  10) eff_trig                       = 3.83249e-05
  11) eff_trig_In                    = -4.44089e-15
  12) global_syst                    = -4.54323e-05
  13) global_syst_In                 = -4.44089e-15
  14) id_eff_eb                      = 1.6672e-05
  15) id_eff_eb_In                   = -4.44089e-15
  16) lumi_8TeV                      = 8.13756e-05
  17) lumi_8TeV_In                   = -4.44089e-15
  18) mShift_cat1                    =         0
  19) mShift_cat1_In                 = -4.88498e-15
  20) mSmear_cat1                    = 1.85267e-06
  21) mSmear_cat1_In                 = -4.88498e-15
  22) n_exp_bincat1_proc_bkg         =      1472
  23) r                              = 0.000235254
  24) r9Eff                          = 5.81927e-05
  25) r9Eff_In                       = -4.44089e-15
  26) rooSigmaCorr_cat1              =  0.841969
  27) vtxEff                         = 0.000176513
  28) vtxEff_In                      = -4.44089e-15

Minuit2Minimizer: Minimize with max-calls 5000 convergence for edm < 0.01 strategy 0
Minuit2Minimizer : Valid minimum - status = 0
FVAL  = -2.11377526635451396
Edm   = 5.98575247706024249e-06
Nfcn  = 497
PhotonsMass_bkg_8TeV_ExpPAR1_cat1	  = 1.9845e-07	 +/-  0.00978994	(limited)
PhotonsMass_bkg_8TeV_ExpPAR2_cat1	  = -5.32075	 +/-  0.148693	(limited)
eff_trig	  = -0.12468	 +/-  0.993335	(limited)
global_syst	  = -0.608471	 +/-  0.967614	(limited)
id_eff_eb	  = -0.0625053	 +/-  0.995754	(limited)
lumi_8TeV	  = -0.321194	 +/-  0.980291	(limited)
mShift_cat1	  = 0	 +/-  0.989616	(limited)
mSmear_cat1	  = 0.0294302	 +/-  0.993137	(limited)
r9Eff	  = -0.196506	 +/-  1.09367	(limited)
vtxEff	  = -0.0383292	 +/-  0.916022	(limited)
   0) MH                             =       450
   1) PhotonsMass_bkg_8TeV_ExpPAR1_cat1 = 1.9845e-07
   2) PhotonsMass_bkg_8TeV_ExpPAR2_cat1 =  -5.32075
   3) ReducedMass_sig_Nneg_cat1      =  0.674325
   4) ReducedMass_sig_Npos_cat1      =         3
   5) ReducedMass_sig_alphaCBneg_cat1 =      1.75
   6) ReducedMass_sig_alphaCBpos_cat1 =     -1.75
   7) ReducedMass_sig_frac_cat1      =       0.5
   8) ReducedMass_sig_mean_cat1      =         0
   9) ReducedMass_sig_sigma_cat1     =    0.0133
  10) eff_trig                       =  -0.12468
  11) eff_trig_In                    =         0
  12) global_syst                    = -0.608471
  13) global_syst_In                 =         0
  14) id_eff_eb                      = -0.0625053
  15) id_eff_eb_In                   =         0
  16) lumi_8TeV                      = -0.321194
  17) lumi_8TeV_In                   =         0
  18) mShift_cat1                    =         0
  19) mShift_cat1_In                 =         0
  20) mSmear_cat1                    = 0.0294302
  21) mSmear_cat1_In                 =         0
  22) n_exp_bincat1_proc_bkg         =      1472
  23) r                              =       1.2
  24) r9Eff                          = -0.196506
  25) r9Eff_In                       =         0
  26) rooSigmaCorr_cat1              =  0.841969
  27) vtxEff                         = -0.0383292
  28) vtxEff_In                      =         0

Minuit2Minimizer: Minimize with max-calls 5000 convergence for edm < 0.01 strategy 0
Minuit2Minimizer : Valid minimum - status = 0
FVAL  = -2.18643895699619328
Edm   = 7.47396972561768365e-06
Nfcn  = 500
PhotonsMass_bkg_8TeV_ExpPAR1_cat1	  = 2.63812e-08	 +/-  0.00868857	(limited)
PhotonsMass_bkg_8TeV_ExpPAR2_cat1	  = -5.33592	 +/-  0.147774	(limited)
eff_trig	  = -0.094883	 +/-  0.998635	(limited)
global_syst	  = -0.462314	 +/-  0.979503	(limited)
id_eff_eb	  = -0.0475657	 +/-  0.99722	(limited)
lumi_8TeV	  = -0.244443	 +/-  0.994163	(limited)
mShift_cat1	  = 0	 +/-  0.989616	(limited)
mSmear_cat1	  = 0.0123688	 +/-  0.993326	(limited)
r9Eff	  = -0.140466	 +/-  1.05738	(limited)
vtxEff	  = -0.030027	 +/-  0.929301	(limited)
   0) MH                             =       450
   1) PhotonsMass_bkg_8TeV_ExpPAR1_cat1 = 2.63812e-08
   2) PhotonsMass_bkg_8TeV_ExpPAR2_cat1 =  -5.33592
   3) ReducedMass_sig_Nneg_cat1      =  0.674325
   4) ReducedMass_sig_Npos_cat1      =         3
   5) ReducedMass_sig_alphaCBneg_cat1 =      1.75
   6) ReducedMass_sig_alphaCBpos_cat1 =     -1.75
   7) ReducedMass_sig_frac_cat1      =       0.5
   8) ReducedMass_sig_mean_cat1      =         0
   9) ReducedMass_sig_sigma_cat1     =    0.0133
  10) eff_trig                       = -0.094883
  11) eff_trig_In                    = -4.44089e-15
  12) global_syst                    = -0.462314
  13) global_syst_In                 = -4.44089e-15
  14) id_eff_eb                      = -0.0475657
  15) id_eff_eb_In                   = -4.44089e-15
  16) lumi_8TeV                      = -0.244443
  17) lumi_8TeV_In                   = -4.44089e-15
  18) mShift_cat1                    =         0
  19) mShift_cat1_In                 = -4.88498e-15
  20) mSmear_cat1                    = 0.0123688
  21) mSmear_cat1_In                 = -4.88498e-15
  22) n_exp_bincat1_proc_bkg         =      1472
  23) r                              =       1.2
  24) r9Eff                          = -0.140466
  25) r9Eff_In                       = -4.44089e-15
  26) rooSigmaCorr_cat1              =  0.841969
  27) vtxEff                         = -0.030027
  28) vtxEff_In                      = -4.44089e-15

At r = 1.200000:	q_mu = 17.40819	q_A  = 10.23797	CLsb = 0.00001	CLb  = 0.13126	CLs  = 0.00006
Minuit2Minimizer: Minimize with max-calls 5000 convergence for edm < 0.01 strategy 0
Minuit2Minimizer : Valid minimum - status = 0
FVAL  = -0.432669371893283417
Edm   = 3.41600004643648388e-08
Nfcn  = 86
PhotonsMass_bkg_8TeV_ExpPAR1_cat1	  = 8.40874e-10	 +/-  0.000218726	(limited)
PhotonsMass_bkg_8TeV_ExpPAR2_cat1	  = -5.21409	 +/-  0.139487	(limited)
eff_trig	  = -0.0426679	 +/-  0.99615	(limited)
global_syst	  = -0.209197	 +/-  0.988935	(limited)
id_eff_eb	  = -0.0213871	 +/-  0.996483	(limited)
lumi_8TeV	  = -0.110062	 +/-  0.993884	(limited)
mShift_cat1	  = 0	 +/-  0.989616	(limited)
mSmear_cat1	  = 0.0149783	 +/-  0.990028	(limited)
r9Eff	  = -0.0565698	 +/-  1.01581	(limited)
vtxEff	  = -0.0143117	 +/-  0.978391	(limited)
   0) MH                             =       450
   1) PhotonsMass_bkg_8TeV_ExpPAR1_cat1 = 8.40874e-10
   2) PhotonsMass_bkg_8TeV_ExpPAR2_cat1 =  -5.21409
   3) ReducedMass_sig_Nneg_cat1      =  0.674325
   4) ReducedMass_sig_Npos_cat1      =         3
   5) ReducedMass_sig_alphaCBneg_cat1 =      1.75
   6) ReducedMass_sig_alphaCBpos_cat1 =     -1.75
   7) ReducedMass_sig_frac_cat1      =       0.5
   8) ReducedMass_sig_mean_cat1      =         0
   9) ReducedMass_sig_sigma_cat1     =    0.0133
  10) eff_trig                       = -0.0426679
  11) eff_trig_In                    =         0
  12) global_syst                    = -0.209197
  13) global_syst_In                 =         0
  14) id_eff_eb                      = -0.0213871
  15) id_eff_eb_In                   =         0
  16) lumi_8TeV                      = -0.110062
  17) lumi_8TeV_In                   =         0
  18) mShift_cat1                    =         0
  19) mShift_cat1_In                 =         0
  20) mSmear_cat1                    = 0.0149783
  21) mSmear_cat1_In                 =         0
  22) n_exp_bincat1_proc_bkg         =      1472
  23) r                              =       0.6
  24) r9Eff                          = -0.0565698
  25) r9Eff_In                       =         0
  26) rooSigmaCorr_cat1              =  0.841969
  27) vtxEff                         = -0.0143117
  28) vtxEff_In                      =         0

Minuit2Minimizer: Minimize with max-calls 5000 convergence for edm < 0.01 strategy 0
Minuit2Minimizer : Valid minimum - status = 0
FVAL  = -0.444268051228682292
Edm   = 1.23987417559753611e-07
Nfcn  = 86
PhotonsMass_bkg_8TeV_ExpPAR1_cat1	  = 9.89103e-11	 +/-  0.000203897	(limited)
PhotonsMass_bkg_8TeV_ExpPAR2_cat1	  = -5.22093	 +/-  0.140148	(limited)
eff_trig	  = -0.024765	 +/-  0.996193	(limited)
global_syst	  = -0.121377	 +/-  0.990353	(limited)
id_eff_eb	  = -0.0124135	 +/-  0.996497	(limited)
lumi_8TeV	  = -0.0638757	 +/-  0.994169	(limited)
mShift_cat1	  = 0	 +/-  0.989616	(limited)
mSmear_cat1	  = 0.00500629	 +/-  0.989948	(limited)
r9Eff	  = -0.0311539	 +/-  1.01099	(limited)
vtxEff	  = -0.00847796	 +/-  0.987813	(limited)
   0) MH                             =       450
   1) PhotonsMass_bkg_8TeV_ExpPAR1_cat1 = 9.89103e-11
   2) PhotonsMass_bkg_8TeV_ExpPAR2_cat1 =  -5.22093
   3) ReducedMass_sig_Nneg_cat1      =  0.674325
   4) ReducedMass_sig_Npos_cat1      =         3
   5) ReducedMass_sig_alphaCBneg_cat1 =      1.75
   6) ReducedMass_sig_alphaCBpos_cat1 =     -1.75
   7) ReducedMass_sig_frac_cat1      =       0.5
   8) ReducedMass_sig_mean_cat1      =         0
   9) ReducedMass_sig_sigma_cat1     =    0.0133
  10) eff_trig                       = -0.024765
  11) eff_trig_In                    = -4.44089e-15
  12) global_syst                    = -0.121377
  13) global_syst_In                 = -4.44089e-15
  14) id_eff_eb                      = -0.0124135
  15) id_eff_eb_In                   = -4.44089e-15
  16) lumi_8TeV                      = -0.0638757
  17) lumi_8TeV_In                   = -4.44089e-15
  18) mShift_cat1                    =         0
  19) mShift_cat1_In                 = -4.88498e-15
  20) mSmear_cat1                    = 0.00500629
  21) mSmear_cat1_In                 = -4.88498e-15
  22) n_exp_bincat1_proc_bkg         =      1472
  23) r                              =       0.6
  24) r9Eff                          = -0.0311539
  25) r9Eff_In                       = -4.44089e-15
  26) rooSigmaCorr_cat1              =  0.841969
  27) vtxEff                         = -0.00847796
  28) vtxEff_In                      = -4.44089e-15

At r = 0.600000:	q_mu = 6.74554	q_A  = 2.87045	CLsb = 0.00227	CLb  = 0.12639	CLs  = 0.01797
Minuit2Minimizer: Minimize with max-calls 5000 convergence for edm < 0.01 strategy 0
Minuit2Minimizer : Valid minimum - status = 0
FVAL  = -0.107134927299705862
Edm   = 2.7189546199847883e-08
Nfcn  = 85
PhotonsMass_bkg_8TeV_ExpPAR1_cat1	  = 3.83387e-10	 +/-  0.000433898	(limited)
PhotonsMass_bkg_8TeV_ExpPAR2_cat1	  = -5.1559	 +/-  0.134983	(limited)
eff_trig	  = -0.0149939	 +/-  0.99638	(limited)
global_syst	  = -0.0735063	 +/-  0.991956	(limited)
id_eff_eb	  = -0.00751565	 +/-  0.996538	(limited)
lumi_8TeV	  = -0.038676	 +/-  0.995167	(limited)
mShift_cat1	  = 0	 +/-  0.989616	(limited)
mSmear_cat1	  = 0.00736693	 +/-  0.989629	(limited)
r9Eff	  = -0.0184384	 +/-  1.01184	(limited)
vtxEff	  = -0.00518068	 +/-  0.989516	(limited)
   0) MH                             =       450
   1) PhotonsMass_bkg_8TeV_ExpPAR1_cat1 = 3.83387e-10
   2) PhotonsMass_bkg_8TeV_ExpPAR2_cat1 =   -5.1559
   3) ReducedMass_sig_Nneg_cat1      =  0.674325
   4) ReducedMass_sig_Npos_cat1      =         3
   5) ReducedMass_sig_alphaCBneg_cat1 =      1.75
   6) ReducedMass_sig_alphaCBpos_cat1 =     -1.75
   7) ReducedMass_sig_frac_cat1      =       0.5
   8) ReducedMass_sig_mean_cat1      =         0
   9) ReducedMass_sig_sigma_cat1     =    0.0133
  10) eff_trig                       = -0.0149939
  11) eff_trig_In                    =         0
  12) global_syst                    = -0.0735063
  13) global_syst_In                 =         0
  14) id_eff_eb                      = -0.00751565
  15) id_eff_eb_In                   =         0
  16) lumi_8TeV                      = -0.038676
  17) lumi_8TeV_In                   =         0
  18) mShift_cat1                    =         0
  19) mShift_cat1_In                 =         0
  20) mSmear_cat1                    = 0.00736693
  21) mSmear_cat1_In                 =         0
  22) n_exp_bincat1_proc_bkg         =      1472
  23) r                              =       0.3
  24) r9Eff                          = -0.0184384
  25) r9Eff_In                       =         0
  26) rooSigmaCorr_cat1              =  0.841969
  27) vtxEff                         = -0.00518068
  28) vtxEff_In                      =         0

Minuit2Minimizer: Minimize with max-calls 5000 convergence for edm < 0.01 strategy 0
Minuit2Minimizer : Valid minimum - status = 0
FVAL  = -0.112389273002327164
Edm   = 2.68861765309986315e-08
Nfcn  = 85
PhotonsMass_bkg_8TeV_ExpPAR1_cat1	  = 3.17115e-10	 +/-  0.000404206	(limited)
PhotonsMass_bkg_8TeV_ExpPAR2_cat1	  = -5.1589	 +/-  0.135219	(limited)
eff_trig	  = -0.00527733	 +/-  0.996459	(limited)
global_syst	  = -0.0258596	 +/-  0.993911	(limited)
id_eff_eb	  = -0.00264529	 +/-  0.996561	(limited)
lumi_8TeV	  = -0.013611	 +/-  0.995726	(limited)
mShift_cat1	  = 0	 +/-  0.989616	(limited)
mSmear_cat1	  = 0.00193638	 +/-  0.989587	(limited)
r9Eff	  = -0.00631969	 +/-  1.0002	(limited)
vtxEff	  = -0.0018447	 +/-  0.994905	(limited)
   0) MH                             =       450
   1) PhotonsMass_bkg_8TeV_ExpPAR1_cat1 = 3.17115e-10
   2) PhotonsMass_bkg_8TeV_ExpPAR2_cat1 =   -5.1589
   3) ReducedMass_sig_Nneg_cat1      =  0.674325
   4) ReducedMass_sig_Npos_cat1      =         3
   5) ReducedMass_sig_alphaCBneg_cat1 =      1.75
   6) ReducedMass_sig_alphaCBpos_cat1 =     -1.75
   7) ReducedMass_sig_frac_cat1      =       0.5
   8) ReducedMass_sig_mean_cat1      =         0
   9) ReducedMass_sig_sigma_cat1     =    0.0133
  10) eff_trig                       = -0.00527733
  11) eff_trig_In                    = -4.44089e-15
  12) global_syst                    = -0.0258596
  13) global_syst_In                 = -4.44089e-15
  14) id_eff_eb                      = -0.00264529
  15) id_eff_eb_In                   = -4.44089e-15
  16) lumi_8TeV                      = -0.013611
  17) lumi_8TeV_In                   = -4.44089e-15
  18) mShift_cat1                    =         0
  19) mShift_cat1_In                 = -4.88498e-15
  20) mSmear_cat1                    = 0.00193638
  21) mSmear_cat1_In                 = -4.88498e-15
  22) n_exp_bincat1_proc_bkg         =      1472
  23) r                              =       0.3
  24) r9Eff                          = -0.00631969
  25) r9Eff_In                       = -4.44089e-15
  26) rooSigmaCorr_cat1              =  0.841969
  27) vtxEff                         = -0.0018447
  28) vtxEff_In                      = -4.44089e-15

At r = 0.300000:	q_mu = 3.07394	q_A  = 1.07252	CLsb = 0.02265	CLb  = 0.16695	CLs  = 0.13565
Minuit2Minimizer: Minimize with max-calls 5000 convergence for edm < 0.01 strategy 0
Minuit2Minimizer : Valid minimum - status = 0
FVAL  = -0.134620642626951531
Edm   = 2.89250429498989803e-07
Nfcn  = 325
PhotonsMass_bkg_8TeV_ExpPAR1_cat1	  = 0.00113848	 +/-  0.00255572	(limited)
PhotonsMass_bkg_8TeV_ExpPAR2_cat1	  = -4.70667	 +/-  1.09248	(limited)
eff_trig	  = -0.0318663	 +/-  0.996103	(limited)
global_syst	  = -0.15678	 +/-  0.988733	(limited)
id_eff_eb	  = -0.015971	 +/-  0.996486	(limited)
lumi_8TeV	  = -0.0822769	 +/-  0.991569	(limited)
mShift_cat1	  = 0	 +/-  0.989616	(limited)
mSmear_cat1	  = 0.0110418	 +/-  0.989869	(limited)
r9Eff	  = -0.040984	 +/-  1.03552	(limited)
vtxEff	  = -0.0108045	 +/-  0.980128	(limited)
   0) MH                             =       450
   1) PhotonsMass_bkg_8TeV_ExpPAR1_cat1 = 0.00113848
   2) PhotonsMass_bkg_8TeV_ExpPAR2_cat1 =  -4.70667
   3) ReducedMass_sig_Nneg_cat1      =  0.674325
   4) ReducedMass_sig_Npos_cat1      =         3
   5) ReducedMass_sig_alphaCBneg_cat1 =      1.75
   6) ReducedMass_sig_alphaCBpos_cat1 =     -1.75
   7) ReducedMass_sig_frac_cat1      =       0.5
   8) ReducedMass_sig_mean_cat1      =         0
   9) ReducedMass_sig_sigma_cat1     =    0.0133
  10) eff_trig                       = -0.0318663
  11) eff_trig_In                    =         0
  12) global_syst                    =  -0.15678
  13) global_syst_In                 =         0
  14) id_eff_eb                      = -0.015971
  15) id_eff_eb_In                   =         0
  16) lumi_8TeV                      = -0.0822769
  17) lumi_8TeV_In                   =         0
  18) mShift_cat1                    =         0
  19) mShift_cat1_In                 =         0
  20) mSmear_cat1                    = 0.0110418
  21) mSmear_cat1_In                 =         0
  22) n_exp_bincat1_proc_bkg         =      1472
  23) r                              =  0.478492
  24) r9Eff                          = -0.040984
  25) r9Eff_In                       =         0
  26) rooSigmaCorr_cat1              =  0.841969
  27) vtxEff                         = -0.0108045
  28) vtxEff_In                      =         0

Minuit2Minimizer: Minimize with max-calls 5000 convergence for edm < 0.01 strategy 0
Minuit2Minimizer : Valid minimum - status = 0
FVAL  = -0.127957385156047654
Edm   = 4.34913644065201933e-06
Nfcn  = 330
PhotonsMass_bkg_8TeV_ExpPAR1_cat1	  = 0.00108434	 +/-  0.00233748	(limited)
PhotonsMass_bkg_8TeV_ExpPAR2_cat1	  = -4.73513	 +/-  0.990161	(limited)
eff_trig	  = -0.0174695	 +/-  0.995273	(limited)
global_syst	  = -0.085423	 +/-  0.976414	(limited)
id_eff_eb	  = -0.0087573	 +/-  0.996274	(limited)
lumi_8TeV	  = -0.0450319	 +/-  0.988555	(limited)
mShift_cat1	  = -7.32747e-14	 +/-  0.989616	(limited)
mSmear_cat1	  = 0.00283836	 +/-  0.989852	(limited)
r9Eff	  = -0.0216067	 +/-  1.01405	(limited)
vtxEff	  = -0.00602236	 +/-  0.988206	(limited)
   0) MH                             =       450
   1) PhotonsMass_bkg_8TeV_ExpPAR1_cat1 = 0.00108434
   2) PhotonsMass_bkg_8TeV_ExpPAR2_cat1 =  -4.73513
   3) ReducedMass_sig_Nneg_cat1      =  0.674325
   4) ReducedMass_sig_Npos_cat1      =         3
   5) ReducedMass_sig_alphaCBneg_cat1 =      1.75
   6) ReducedMass_sig_alphaCBpos_cat1 =     -1.75
   7) ReducedMass_sig_frac_cat1      =       0.5
   8) ReducedMass_sig_mean_cat1      =         0
   9) ReducedMass_sig_sigma_cat1     =    0.0133
  10) eff_trig                       = -0.0174695
  11) eff_trig_In                    = -4.44089e-15
  12) global_syst                    = -0.085423
  13) global_syst_In                 = -4.44089e-15
  14) id_eff_eb                      = -0.0087573
  15) id_eff_eb_In                   = -4.44089e-15
  16) lumi_8TeV                      = -0.0450319
  17) lumi_8TeV_In                   = -4.44089e-15
  18) mShift_cat1                    = -7.32747e-14
  19) mShift_cat1_In                 = -4.88498e-15
  20) mSmear_cat1                    = 0.00283836
  21) mSmear_cat1_In                 = -4.88498e-15
  22) n_exp_bincat1_proc_bkg         =      1472
  23) r                              =  0.478492
  24) r9Eff                          = -0.0216067
  25) r9Eff_In                       = -4.44089e-15
  26) rooSigmaCorr_cat1              =  0.841969
  27) vtxEff                         = -0.00602236
  28) vtxEff_In                      = -4.44089e-15

At r = 0.478492:	q_mu = 4.91150	q_A  = 1.79346	CLsb = 0.00615	CLb  = 0.12218	CLs  = 0.05034
Minuit2Minimizer: Minimize with max-calls 5000 convergence for edm < 0.01 strategy 0
Minuit2Minimizer : Valid minimum - status = 0
FVAL  = -0.000708318385002414163
Edm   = 1.8925201676927788e-06
Nfcn  = 85
PhotonsMass_bkg_8TeV_ExpPAR1_cat1	  = 0.00114329	 +/-  0.000294593	(limited)
PhotonsMass_bkg_8TeV_ExpPAR2_cat1	  = -4.7093	 +/-  0.120245	(limited)
eff_trig	  = -0.0345415	 +/-  0.995894	(limited)
global_syst	  = -0.169279	 +/-  0.988885	(limited)
id_eff_eb	  = -0.017314	 +/-  0.996422	(limited)
lumi_8TeV	  = -0.0890904	 +/-  0.992548	(limited)
mShift_cat1	  = 0	 +/-  0.989616	(limited)
mSmear_cat1	  = 0.0116748	 +/-  0.99005	(limited)
r9Eff	  = -0.0447573	 +/-  1.03997	(limited)
vtxEff	  = -0.0116784	 +/-  0.977775	(limited)
   0) MH                             =       450
   1) PhotonsMass_bkg_8TeV_ExpPAR1_cat1 = 0.00114329
   2) PhotonsMass_bkg_8TeV_ExpPAR2_cat1 =   -4.7093
   3) ReducedMass_sig_Nneg_cat1      =  0.674325
   4) ReducedMass_sig_Npos_cat1      =         3
   5) ReducedMass_sig_alphaCBneg_cat1 =      1.75
   6) ReducedMass_sig_alphaCBpos_cat1 =     -1.75
   7) ReducedMass_sig_frac_cat1      =       0.5
   8) ReducedMass_sig_mean_cat1      =         0
   9) ReducedMass_sig_sigma_cat1     =    0.0133
  10) eff_trig                       = -0.0345415
  11) eff_trig_In                    =         0
  12) global_syst                    = -0.169279
  13) global_syst_In                 =         0
  14) id_eff_eb                      = -0.017314
  15) id_eff_eb_In                   =         0
  16) lumi_8TeV                      = -0.0890904
  17) lumi_8TeV_In                   =         0
  18) mShift_cat1                    =         0
  19) mShift_cat1_In                 =         0
  20) mSmear_cat1                    = 0.0116748
  21) mSmear_cat1_In                 =         0
  22) n_exp_bincat1_proc_bkg         =      1472
  23) r                              =  0.503442
  24) r9Eff                          = -0.0447573
  25) r9Eff_In                       =         0
  26) rooSigmaCorr_cat1              =  0.841969
  27) vtxEff                         = -0.0116784
  28) vtxEff_In                      =         0

Minuit2Minimizer: Minimize with max-calls 5000 convergence for edm < 0.01 strategy 0
Minuit2Minimizer : Valid minimum - status = 0
FVAL  = -0.000690323332891798285
Edm   = 2.01529908099470853e-06
Nfcn  = 85
PhotonsMass_bkg_8TeV_ExpPAR1_cat1	  = 0.00108933	 +/-  0.000307748	(limited)
PhotonsMass_bkg_8TeV_ExpPAR2_cat1	  = -4.73788	 +/-  0.124631	(limited)
eff_trig	  = -0.0192243	 +/-  0.996036	(limited)
global_syst	  = -0.0942552	 +/-  0.990076	(limited)
id_eff_eb	  = -0.0096361	 +/-  0.996455	(limited)
lumi_8TeV	  = -0.04959	 +/-  0.993293	(limited)
mShift_cat1	  = -4.4853e-14	 +/-  0.989616	(limited)
mSmear_cat1	  = 0.00304058	 +/-  0.990071	(limited)
r9Eff	  = -0.0239288	 +/-  1.02036	(limited)
vtxEff	  = -0.00660868	 +/-  0.985926	(limited)
   0) MH                             =       450
   1) PhotonsMass_bkg_8TeV_ExpPAR1_cat1 = 0.00108933
   2) PhotonsMass_bkg_8TeV_ExpPAR2_cat1 =  -4.73788
   3) ReducedMass_sig_Nneg_cat1      =  0.674325
   4) ReducedMass_sig_Npos_cat1      =         3
   5) ReducedMass_sig_alphaCBneg_cat1 =      1.75
   6) ReducedMass_sig_alphaCBpos_cat1 =     -1.75
   7) ReducedMass_sig_frac_cat1      =       0.5
   8) ReducedMass_sig_mean_cat1      =         0
   9) ReducedMass_sig_sigma_cat1     =    0.0133
  10) eff_trig                       = -0.0192243
  11) eff_trig_In                    = -4.44089e-15
  12) global_syst                    = -0.0942552
  13) global_syst_In                 = -4.44089e-15
  14) id_eff_eb                      = -0.0096361
  15) id_eff_eb_In                   = -4.44089e-15
  16) lumi_8TeV                      =  -0.04959
  17) lumi_8TeV_In                   = -4.44089e-15
  18) mShift_cat1                    = -4.4853e-14
  19) mShift_cat1_In                 = -4.88498e-15
  20) mSmear_cat1                    = 0.00304058
  21) mSmear_cat1_In                 = -4.88498e-15
  22) n_exp_bincat1_proc_bkg         =      1472
  23) r                              =  0.503442
  24) r9Eff                          = -0.0239288
  25) r9Eff_In                       = -4.44089e-15
  26) rooSigmaCorr_cat1              =  0.841969
  27) vtxEff                         = -0.00660868
  28) vtxEff_In                      = -4.44089e-15

At r = 0.503442:	q_mu = 5.25028	q_A  = 1.97873	CLsb = 0.00509	CLb  = 0.12244	CLs  = 0.04158
Minuit2Minimizer: Minimize with max-calls 5000 convergence for edm < 0.01 strategy 0
Minuit2Minimizer : Valid minimum - status = 0
FVAL  = -0.00042440513974146719
Edm   = 7.43151968602562536e-08
Nfcn  = 84
PhotonsMass_bkg_8TeV_ExpPAR1_cat1	  = 0.00113897	 +/-  0.000277573	(limited)
PhotonsMass_bkg_8TeV_ExpPAR2_cat1	  = -4.70755	 +/-  0.120539	(limited)
eff_trig	  = -0.0324552	 +/-  0.995972	(limited)
global_syst	  = -0.159196	 +/-  0.990092	(limited)
id_eff_eb	  = -0.0162678	 +/-  0.996442	(limited)
lumi_8TeV	  = -0.0837283	 +/-  0.993024	(limited)
mShift_cat1	  = 0	 +/-  0.989616	(limited)
mSmear_cat1	  = 0.0111847	 +/-  0.989991	(limited)
r9Eff	  = -0.0418233	 +/-  1.03665	(limited)
vtxEff	  = -0.0109974	 +/-  0.979065	(limited)
   0) MH                             =       450
   1) PhotonsMass_bkg_8TeV_ExpPAR1_cat1 = 0.00113897
   2) PhotonsMass_bkg_8TeV_ExpPAR2_cat1 =  -4.70755
   3) ReducedMass_sig_Nneg_cat1      =  0.674325
   4) ReducedMass_sig_Npos_cat1      =         3
   5) ReducedMass_sig_alphaCBneg_cat1 =      1.75
   6) ReducedMass_sig_alphaCBpos_cat1 =     -1.75
   7) ReducedMass_sig_frac_cat1      =       0.5
   8) ReducedMass_sig_mean_cat1      =         0
   9) ReducedMass_sig_sigma_cat1     =    0.0133
  10) eff_trig                       = -0.0324552
  11) eff_trig_In                    =         0
  12) global_syst                    = -0.159196
  13) global_syst_In                 =         0
  14) id_eff_eb                      = -0.0162678
  15) id_eff_eb_In                   =         0
  16) lumi_8TeV                      = -0.0837283
  17) lumi_8TeV_In                   =         0
  18) mShift_cat1                    =         0
  19) mShift_cat1_In                 =         0
  20) mSmear_cat1                    = 0.0111847
  21) mSmear_cat1_In                 =         0
  22) n_exp_bincat1_proc_bkg         =      1472
  23) r                              =    0.4842
  24) r9Eff                          = -0.0418233
  25) r9Eff_In                       =         0
  26) rooSigmaCorr_cat1              =  0.841969
  27) vtxEff                         = -0.0109974
  28) vtxEff_In                      =         0

Minuit2Minimizer: Minimize with max-calls 5000 convergence for edm < 0.01 strategy 0
Minuit2Minimizer : Valid minimum - status = 0
FVAL  = -0.000438051547978664843
Edm   = 2.04747021393872826e-08
Nfcn  = 84
PhotonsMass_bkg_8TeV_ExpPAR1_cat1	  = 0.0010848	 +/-  0.000278346	(limited)
PhotonsMass_bkg_8TeV_ExpPAR2_cat1	  = -4.73598	 +/-  0.12041	(limited)
eff_trig	  = -0.0176224	 +/-  0.99613	(limited)
global_syst	  = -0.0864407	 +/-  0.991819	(limited)
id_eff_eb	  = -0.00883302	 +/-  0.996482	(limited)
lumi_8TeV	  = -0.0454625	 +/-  0.993902	(limited)
mShift_cat1	  = -1.59872e-14	 +/-  0.989616	(limited)
mSmear_cat1	  = 0.00284918	 +/-  0.990012	(limited)
r9Eff	  = -0.0218413	 +/-  1.01798	(limited)
vtxEff	  = -0.00606891	 +/-  0.986993	(limited)
   0) MH                             =       450
   1) PhotonsMass_bkg_8TeV_ExpPAR1_cat1 = 0.0010848
   2) PhotonsMass_bkg_8TeV_ExpPAR2_cat1 =  -4.73598
   3) ReducedMass_sig_Nneg_cat1      =  0.674325
   4) ReducedMass_sig_Npos_cat1      =         3
   5) ReducedMass_sig_alphaCBneg_cat1 =      1.75
   6) ReducedMass_sig_alphaCBpos_cat1 =     -1.75
   7) ReducedMass_sig_frac_cat1      =       0.5
   8) ReducedMass_sig_mean_cat1      =         0
   9) ReducedMass_sig_sigma_cat1     =    0.0133
  10) eff_trig                       = -0.0176224
  11) eff_trig_In                    = -4.44089e-15
  12) global_syst                    = -0.0864407
  13) global_syst_In                 = -4.44089e-15
  14) id_eff_eb                      = -0.00883302
  15) id_eff_eb_In                   = -4.44089e-15
  16) lumi_8TeV                      = -0.0454625
  17) lumi_8TeV_In                   = -4.44089e-15
  18) mShift_cat1                    = -1.59872e-14
  19) mShift_cat1_In                 = -4.88498e-15
  20) mSmear_cat1                    = 0.00284918
  21) mSmear_cat1_In                 = -4.88498e-15
  22) n_exp_bincat1_proc_bkg         =      1472
  23) r                              =    0.4842
  24) r9Eff                          = -0.0218413
  25) r9Eff_In                       = -4.44089e-15
  26) rooSigmaCorr_cat1              =  0.841969
  27) vtxEff                         = -0.00606891
  28) vtxEff_In                      = -4.44089e-15

At r = 0.484200:	q_mu = 4.98825	q_A  = 1.83499	CLsb = 0.00589	CLb  = 0.12223	CLs  = 0.04821
Minuit2Minimizer: Minimize with max-calls 5000 convergence for edm < 0.01 strategy 0
Minuit2Minimizer : Valid minimum - status = 0
FVAL  = -1.61786911585110117e-05
Edm   = 4.54522601414454844e-07
Nfcn  = 63
PhotonsMass_bkg_8TeV_ExpPAR1_cat1	  = 0.00113807	 +/-  0.000279959	(limited)
PhotonsMass_bkg_8TeV_ExpPAR2_cat1	  = -4.70717	 +/-  0.119345	(limited)
eff_trig	  = -0.0322515	 +/-  0.996509	(limited)
global_syst	  = -0.158181	 +/-  0.995003	(limited)
id_eff_eb	  = -0.0161657	 +/-  0.996583	(limited)
lumi_8TeV	  = -0.0832007	 +/-  0.996043	(limited)
mShift_cat1	  = 0	 +/-  0.989616	(limited)
mSmear_cat1	  = 0.0111471	 +/-  0.990042	(limited)
r9Eff	  = -0.041538	 +/-  1.0375	(limited)
vtxEff	  = -0.0109309	 +/-  0.979239	(limited)
   0) MH                             =       450
   1) PhotonsMass_bkg_8TeV_ExpPAR1_cat1 = 0.00113807
   2) PhotonsMass_bkg_8TeV_ExpPAR2_cat1 =  -4.70717
   3) ReducedMass_sig_Nneg_cat1      =  0.674325
   4) ReducedMass_sig_Npos_cat1      =         3
   5) ReducedMass_sig_alphaCBneg_cat1 =      1.75
   6) ReducedMass_sig_alphaCBpos_cat1 =     -1.75
   7) ReducedMass_sig_frac_cat1      =       0.5
   8) ReducedMass_sig_mean_cat1      =         0
   9) ReducedMass_sig_sigma_cat1     =    0.0133
  10) eff_trig                       = -0.0322515
  11) eff_trig_In                    =         0
  12) global_syst                    = -0.158181
  13) global_syst_In                 =         0
  14) id_eff_eb                      = -0.0161657
  15) id_eff_eb_In                   =         0
  16) lumi_8TeV                      = -0.0832007
  17) lumi_8TeV_In                   =         0
  18) mShift_cat1                    =         0
  19) mShift_cat1_In                 =         0
  20) mSmear_cat1                    = 0.0111471
  21) mSmear_cat1_In                 =         0
  22) n_exp_bincat1_proc_bkg         =      1472
  23) r                              =  0.480357
  24) r9Eff                          = -0.041538
  25) r9Eff_In                       =         0
  26) rooSigmaCorr_cat1              =  0.841969
  27) vtxEff                         = -0.0109309
  28) vtxEff_In                      =         0

Minuit2Minimizer: Minimize with max-calls 5000 convergence for edm < 0.01 strategy 0
Minuit2Minimizer : Valid minimum - status = 0
FVAL  = -1.70256801771216236e-05
Edm   = 2.40365858673350943e-07
Nfcn  = 63
PhotonsMass_bkg_8TeV_ExpPAR1_cat1	  = 0.00108389	 +/-  0.000278241	(limited)
PhotonsMass_bkg_8TeV_ExpPAR2_cat1	  = -4.73558	 +/-  0.120433	(limited)
eff_trig	  = -0.0174638	 +/-  0.996477	(limited)
global_syst	  = -0.0856543	 +/-  0.993723	(limited)
id_eff_eb	  = -0.00875355	 +/-  0.996565	(limited)
lumi_8TeV	  = -0.0450523	 +/-  0.995752	(limited)
mShift_cat1	  = -1.59872e-14	 +/-  0.989616	(limited)
mSmear_cat1	  = 0.00283763	 +/-  0.990024	(limited)
r9Eff	  = -0.0216356	 +/-  1.0184	(limited)
vtxEff	  = -0.00601539	 +/-  0.987089	(limited)
   0) MH                             =       450
   1) PhotonsMass_bkg_8TeV_ExpPAR1_cat1 = 0.00108389
   2) PhotonsMass_bkg_8TeV_ExpPAR2_cat1 =  -4.73558
   3) ReducedMass_sig_Nneg_cat1      =  0.674325
   4) ReducedMass_sig_Npos_cat1      =         3
   5) ReducedMass_sig_alphaCBneg_cat1 =      1.75
   6) ReducedMass_sig_alphaCBpos_cat1 =     -1.75
   7) ReducedMass_sig_frac_cat1      =       0.5
   8) ReducedMass_sig_mean_cat1      =         0
   9) ReducedMass_sig_sigma_cat1     =    0.0133
  10) eff_trig                       = -0.0174638
  11) eff_trig_In                    = -4.44089e-15
  12) global_syst                    = -0.0856543
  13) global_syst_In                 = -4.44089e-15
  14) id_eff_eb                      = -0.00875355
  15) id_eff_eb_In                   = -4.44089e-15
  16) lumi_8TeV                      = -0.0450523
  17) lumi_8TeV_In                   = -4.44089e-15
  18) mShift_cat1                    = -1.59872e-14
  19) mShift_cat1_In                 = -4.88498e-15
  20) mSmear_cat1                    = 0.00283763
  21) mSmear_cat1_In                 = -4.88498e-15
  22) n_exp_bincat1_proc_bkg         =      1472
  23) r                              =  0.480357
  24) r9Eff                          = -0.0216356
  25) r9Eff_In                       = -4.44089e-15
  26) rooSigmaCorr_cat1              =  0.841969
  27) vtxEff                         = -0.00601539
  28) vtxEff_In                      = -4.44089e-15

At r = 0.480357:	q_mu = 4.93653	q_A  = 1.80698	CLsb = 0.00607	CLb  = 0.12220	CLs  = 0.04964
Minuit2Minimizer: Minimize with max-calls 5000 convergence for edm < 0.01 strategy 0
Minuit2Minimizer : Valid minimum - status = 0
FVAL  = -1.16115358838346429e-06
Edm   = 1.91331130337926762e-07
Nfcn  = 63
PhotonsMass_bkg_8TeV_ExpPAR1_cat1	  = 0.00113788	 +/-  0.000283454	(limited)
PhotonsMass_bkg_8TeV_ExpPAR2_cat1	  = -4.70709	 +/-  0.121415	(limited)
eff_trig	  = -0.0320932	 +/-  0.998005	(limited)
global_syst	  = -0.157387	 +/-  1.03394	(limited)
id_eff_eb	  = -0.0160864	 +/-  0.996953	(limited)
lumi_8TeV	  = -0.08279	 +/-  1.00619	(limited)
mShift_cat1	  = 0	 +/-  0.989616	(limited)
mSmear_cat1	  = 0.0111062	 +/-  0.990178	(limited)
r9Eff	  = -0.0413162	 +/-  1.04027	(limited)
vtxEff	  = -0.0108791	 +/-  0.979425	(limited)
   0) MH                             =       450
   1) PhotonsMass_bkg_8TeV_ExpPAR1_cat1 = 0.00113788
   2) PhotonsMass_bkg_8TeV_ExpPAR2_cat1 =  -4.70709
   3) ReducedMass_sig_Nneg_cat1      =  0.674325
   4) ReducedMass_sig_Npos_cat1      =         3
   5) ReducedMass_sig_alphaCBneg_cat1 =      1.75
   6) ReducedMass_sig_alphaCBpos_cat1 =     -1.75
   7) ReducedMass_sig_frac_cat1      =       0.5
   8) ReducedMass_sig_mean_cat1      =         0
   9) ReducedMass_sig_sigma_cat1     =    0.0133
  10) eff_trig                       = -0.0320932
  11) eff_trig_In                    =         0
  12) global_syst                    = -0.157387
  13) global_syst_In                 =         0
  14) id_eff_eb                      = -0.0160864
  15) id_eff_eb_In                   =         0
  16) lumi_8TeV                      =  -0.08279
  17) lumi_8TeV_In                   =         0
  18) mShift_cat1                    =         0
  19) mShift_cat1_In                 =         0
  20) mSmear_cat1                    = 0.0111062
  21) mSmear_cat1_In                 =         0
  22) n_exp_bincat1_proc_bkg         =      1472
  23) r                              =   0.47959
  24) r9Eff                          = -0.0413162
  25) r9Eff_In                       =         0
  26) rooSigmaCorr_cat1              =  0.841969
  27) vtxEff                         = -0.0108791
  28) vtxEff_In                      =         0

Minuit2Minimizer: Minimize with max-calls 5000 convergence for edm < 0.01 strategy 0
Minuit2Minimizer : Valid minimum - status = 0
FVAL  = -9.41034661244849508e-07
Edm   = 1.30896671535815713e-07
Nfcn  = 63
PhotonsMass_bkg_8TeV_ExpPAR1_cat1	  = 0.00108372	 +/-  0.000271738	(limited)
PhotonsMass_bkg_8TeV_ExpPAR2_cat1	  = -4.73548	 +/-  0.124554	(limited)
eff_trig	  = -0.0173597	 +/-  0.997381	(limited)
global_syst	  = -0.085135	 +/-  1.01702	(limited)
id_eff_eb	  = -0.00870138	 +/-  0.996794	(limited)
lumi_8TeV	  = -0.0447826	 +/-  1.00192	(limited)
mShift_cat1	  = -1.59872e-14	 +/-  0.989616	(limited)
mSmear_cat1	  = 0.00282338	 +/-  0.990049	(limited)
r9Eff	  = -0.0215005	 +/-  1.01988	(limited)
vtxEff	  = -0.00598025	 +/-  0.987203	(limited)
   0) MH                             =       450
   1) PhotonsMass_bkg_8TeV_ExpPAR1_cat1 = 0.00108372
   2) PhotonsMass_bkg_8TeV_ExpPAR2_cat1 =  -4.73548
   3) ReducedMass_sig_Nneg_cat1      =  0.674325
   4) ReducedMass_sig_Npos_cat1      =         3
   5) ReducedMass_sig_alphaCBneg_cat1 =      1.75
   6) ReducedMass_sig_alphaCBpos_cat1 =     -1.75
   7) ReducedMass_sig_frac_cat1      =       0.5
   8) ReducedMass_sig_mean_cat1      =         0
   9) ReducedMass_sig_sigma_cat1     =    0.0133
  10) eff_trig                       = -0.0173597
  11) eff_trig_In                    = -4.44089e-15
  12) global_syst                    = -0.085135
  13) global_syst_In                 = -4.44089e-15
  14) id_eff_eb                      = -0.00870138
  15) id_eff_eb_In                   = -4.44089e-15
  16) lumi_8TeV                      = -0.0447826
  17) lumi_8TeV_In                   = -4.44089e-15
  18) mShift_cat1                    = -1.59872e-14
  19) mShift_cat1_In                 = -4.88498e-15
  20) mSmear_cat1                    = 0.00282338
  21) mSmear_cat1_In                 = -4.88498e-15
  22) n_exp_bincat1_proc_bkg         =      1472
  23) r                              =   0.47959
  24) r9Eff                          = -0.0215005
  25) r9Eff_In                       = -4.44089e-15
  26) rooSigmaCorr_cat1              =  0.841969
  27) vtxEff                         = -0.00598025
  28) vtxEff_In                      = -4.44089e-15

At r = 0.479590:	q_mu = 4.92623	q_A  = 1.80141	CLsb = 0.00610	CLb  = 0.12219	CLs  = 0.04993

 -- Asymptotic -- 
Observed Limit: r < 0.4796
Expected  2.5%: r < 0.3773
Expected 16.0%: r < 0.5071
Expected 50.0%: r < 0.7129
Expected 84.0%: r < 1.0113
Expected 97.5%: r < 1.3682

Done in 10.73 min (cpu), 10.84 min (real)
`higgsCombine_w10.00_channel1.Asymptotic.mH450.root' -> `/afs/cern.ch/work/s/soffi/CMSSW611-Analysis/src/h2gglobe/ChiaraFitLimits/channel1/higgsCombine_w10.00_channel1.Asymptotic.mH450.root'
removed `higgsCombine_w10.00_channel1.Asymptotic.mH450.root'

Job finished at Tue May 13 14:42:36 CEST 2014 on node 
 under linux version Scientific Linux CERN SLC release 6.5 (Carbon)

CERN statistics: This process used approximately : 0:21:29 KSI2K hours (1289 KSI2K seconds)
                 This process corresponds to     : 1:23:48 HS06  hours (5028 HS06  seconds)
