Sender: LSF System <lsfadmin@b638f56adc.cern.ch>
Subject: Job 528519040: <combineW10_m500_w0_channel2_j0> in cluster batch Done

Job <combineW10_m500_w0_channel2_j0> was submitted from host <lxplus0045.cern.ch> by user <soffi> in cluster <batch>.
Job was executed on host(s) <b638f56adc.cern.ch>, in queue <8nh>, as user <soffi> in cluster <batch>.
</afs/cern.ch/user/s/soffi> was used as the home directory.
</afs/cern.ch/work/s/soffi/CMSSW611-Analysis/src/h2gglobe/ChiaraFitLimits/script> was used as the working directory.
Started at Tue May 13 14:32:28 2014
Results reported at Tue May 13 14:51:49 2014

Your job looked like:

------------------------------------------------------------
# LSBATCH: User input
#!/bin/sh
cd /afs/cern.ch/work/s/soffi/CMSSW611-Analysis/src/h2gglobe/ChiaraFitLimits/script
eval `scramv1 runtime -sh`
cd 
mkdir workspaces
cp /afs/cern.ch/work/s/soffi/CMSSW611-Analysis/src/h2gglobe/ChiaraFitLimits/datacardWithAllSyst/HighMass-hgg_8TeV_m500.00_w10.00_channel2_GGH.txt ./
cp /afs/cern.ch/work/s/soffi/CMSSW611-Analysis/src/h2gglobe/ChiaraFitLimits/workspaces/HighMass-hgg_8TeV_m500.00_w10.00.inputsig_GGH.root ./workspaces/
cp  /afs/cern.ch/work/s/soffi/CMSSW611-Analysis/src/h2gglobe/ChiaraFitLimits/workspaces/HighMass-hgg.inputbkg_m500.00.root ./workspaces/

combine HighMass-hgg_8TeV_m500.00_w10.00_channel2_GGH.txt -M Asymptotic -m 500 -D data_obs --run=both  -U  -S 1 -n _w10.00_channel2 --verbose 3
mv -v higgsCombine_w10.00_channel2.Asymptotic.mH500.root /afs/cern.ch/work/s/soffi/CMSSW611-Analysis/src/h2gglobe/ChiaraFitLimits/channel2/

------------------------------------------------------------

Successfully completed.

Resource usage summary:

    CPU time   :    935.11 sec.
    Max Memory :       102 MB
    Max Swap   :       290 MB

    Max Processes  :         7
    Max Threads    :         8

The output (if any) follows:

@(#)CERN job starter $Date: 2010/06/23 14:22:16 $
Working directory is </pool/lsf/soffi/528519040> on <>

mkdir: cannot create directory `workspaces': File exists
>>> including systematics
>>> method used to compute upper limit is Asymptotic
>>> random number generator seed is 123456

Welcome to my rootlogon.C
reading PhysicsTools/Utilities/macros/setTDRStyle.C
and some personal modifications.

Using shapes: qui si parra' la tua nobilitate
(class RooCBCrujffPdf)38103584
import (./workspaces/HighMass-hgg.inputbkg_m500.00.root,w_all:data_obs_cat2) -> shapeBkg_data_obs_cat2

import (./workspaces/HighMass-hgg.inputbkg_m500.00.root,w_all:PhotonsMassBkg_cat2) -> shapeBkg_bkg_cat2

[#1] INFO:ObjectHandling -- RooWorkspace::import(w) importing RooHistFunc::shapeSig_sig_cat2__norm
[#1] INFO:ObjectHandling -- RooWorkspace::import(w) importing RooRealVar::MH
Will try to make a binned dataset
Observables: ['PhotonsMass']
import (./workspaces/HighMass-hgg_8TeV_m500.00_w10.00.inputsig_GGH.root,w_all:PhotonsMassSig_cat2) -> shapeSig_sig_cat2

[#1] INFO:ObjectHandling -- RooWorkspace::import(w) importing RooRealVar::PhotonsMass
Will use category 'CMS_channel' to identify the 1 channels
recyling (cat2,data_obs,) -> shapeBkg_data_obs_cat2

[#1] INFO:ObjectHandling -- RooWorkspace::import(w) importing dataset data_obs
[#1] INFO:ObjectHandling -- RooWorkspace::import(w) importing RooProdPdf::nuisancePdf
[#1] INFO:ObjectHandling -- RooWorkspace::import(w) importing ProcessNormalization::n_exp_bincat2_proc_sig
recyling (cat2,bkg,) -> shapeBkg_bkg_cat2

recyling (cat2,bkg,) -> shapeBkg_bkg_cat2

recyling (cat2,sig,) -> shapeSig_sig_cat2

recyling (cat2,sig,) -> shapeSig_sig_cat2

[#1] INFO:ObjectHandling -- RooWorkspace::import(w) importing RooProduct::n_exp_final_bincat2_proc_sig
Creating RooAddPdf pdf_bincat2 with 2 elements
[#1] INFO:ObjectHandling -- RooWorkspace::import(w) importing RooProdPdf::pdf_bincat2
[#1] INFO:ObjectHandling -- RooWorkspace::import(w) importing RooAddPdf::pdf_bincat2_nuis
[#1] INFO:ObjectHandling -- RooWorkspace::import(w) importing RooGenericPdf::shapeBkg_bkg_cat2
[#1] INFO:ObjectHandling -- RooWorkspace::import(w) importing RooFormulaVar::par1ExpPAR_cat2
[#1] INFO:ObjectHandling -- RooWorkspace::import(w) importing RooRealVar::PhotonsMass_bkg_8TeV_ExpPAR1_cat2
[#1] INFO:ObjectHandling -- RooWorkspace::import(w) importing RooFormulaVar::par2ExpPAR_cat2
[#1] INFO:ObjectHandling -- RooWorkspace::import(w) importing RooRealVar::PhotonsMass_bkg_8TeV_ExpPAR2_cat2
[#1] INFO:ObjectHandling -- RooWorkspace::import(w) importing RooFFTConvPdf::shapeSig_sig_cat2
[#1] INFO:ObjectHandling -- RooWorkspace::import(w) importing RooBreitWigner::SigModelBW_cat2
[#1] INFO:ObjectHandling -- RooWorkspace::import(w) importing RooFormulaVar::meanBW_cat2
[#1] INFO:ObjectHandling -- RooWorkspace::import(w) importing RooFormulaVar::sigmaBW_cat2
[#1] INFO:ObjectHandling -- RooWorkspace::import(w) importing RooAddPdf::ResAddPdf_cat2
[#1] INFO:ObjectHandling -- RooWorkspace::import(w) importing RooCBShape::ResCBneg_cat2
[#1] INFO:ObjectHandling -- RooWorkspace::import(w) importing RooFormulaVar::CBpos_mean_cat2
[#1] INFO:ObjectHandling -- RooWorkspace::import(w) importing RooRealVar::ReducedMass_sig_mean_cat2
[#1] INFO:ObjectHandling -- RooWorkspace::import(w) importing RooFormulaVar::CBpos_sigma_cat2
[#1] INFO:ObjectHandling -- RooWorkspace::import(w) importing RooRealVar::ReducedMass_sig_sigma_cat2
[#1] INFO:ObjectHandling -- RooWorkspace::import(w) importing RooRealVar::rooSigmaCorr_cat2
[#1] INFO:ObjectHandling -- RooWorkspace::import(w) importing RooFormulaVar::CBneg_alphaCB_cat2
[#1] INFO:ObjectHandling -- RooWorkspace::import(w) importing RooRealVar::ReducedMass_sig_alphaCBneg_cat2
[#1] INFO:ObjectHandling -- RooWorkspace::import(w) importing RooFormulaVar::CBneg_n_cat2
[#1] INFO:ObjectHandling -- RooWorkspace::import(w) importing RooRealVar::ReducedMass_sig_Nneg_cat2
[#1] INFO:ObjectHandling -- RooWorkspace::import(w) importing RooFormulaVar::CBpos_frac_cat2
[#1] INFO:ObjectHandling -- RooWorkspace::import(w) importing RooRealVar::ReducedMass_sig_frac_cat2
[#1] INFO:ObjectHandling -- RooWorkspace::import(w) importing RooCBShape::ResCBpos_cat2
[#1] INFO:ObjectHandling -- RooWorkspace::import(w) importing RooFormulaVar::CBpos_alphaCB_cat2
[#1] INFO:ObjectHandling -- RooWorkspace::import(w) importing RooRealVar::ReducedMass_sig_alphaCBpos_cat2
[#1] INFO:ObjectHandling -- RooWorkspace::import(w) importing RooFormulaVar::CBpos_n_cat2
[#1] INFO:ObjectHandling -- RooWorkspace::import(w) importing RooRealVar::ReducedMass_sig_Npos_cat2
[#1] INFO:ObjectHandling -- RooWorkspace::import(w) importing RooSimultaneous::model_s
[#1] INFO:ObjectHandling -- RooWorkspace::import(w) importing RooSimultaneous::model_b

=== Using the following for ModelConfig ===
Observables:             RooArgSet:: = (PhotonsMass,CMS_channel)
Parameters of Interest:  RooArgSet:: = (r)
Nuisance Parameters:     RooArgSet:: = (lumi_8TeV,eff_trig,global_syst,id_eff_ee,r9Eff,vtxEff,mShift_cat2,mSmear_cat2)
Global Observables:      RooArgSet:: = (lumi_8TeV_In,eff_trig_In,global_syst_In,id_eff_ee_In,r9Eff_In,vtxEff_In,mShift_cat2_In,mSmear_cat2_In)
PDF:                     RooSimultaneous::model_s[ indexCat=CMS_channel cat2=pdf_bincat2 ] = [#1] INFO:Eval -- RooRealVar::setRange(PhotonsMass) new range named 'refrange_fft_shapeSig_sig_cat2' created with bounds [326,783]
[#1] INFO:Caching -- RooAbsCachedPdf::getCache(shapeSig_sig_cat2) creating new cache 0x36617f0 with pdf SigModelBW_cat2_CONV_ResAddPdf_cat2_CACHE_Obs[PhotonsMass] for nset () with code 0
40583.1


=== Using the following for ModelConfig_bonly ===
Observables:             RooArgSet:: = (PhotonsMass,CMS_channel)
Parameters of Interest:  RooArgSet:: = (r)
Nuisance Parameters:     RooArgSet:: = (lumi_8TeV,eff_trig,global_syst,id_eff_ee,r9Eff,vtxEff,mShift_cat2,mSmear_cat2)
Global Observables:      RooArgSet:: = (lumi_8TeV_In,eff_trig_In,global_syst_In,id_eff_ee_In,r9Eff_In,vtxEff_In,mShift_cat2_In,mSmear_cat2_In)
PDF:                     RooSimultaneous::model_b[ indexCat=CMS_channel cat2=pdf_bincat2_bonly ] = 7.70333e-06


RooWorkspace(w) w contents

variables
---------
(CMS_channel,MH,PhotonsMass,PhotonsMass_bkg_8TeV_ExpPAR1_cat2,PhotonsMass_bkg_8TeV_ExpPAR2_cat2,ReducedMass_sig_Nneg_cat2,ReducedMass_sig_Npos_cat2,ReducedMass_sig_alphaCBneg_cat2,ReducedMass_sig_alphaCBpos_cat2,ReducedMass_sig_frac_cat2,ReducedMass_sig_mean_cat2,ReducedMass_sig_sigma_cat2,eff_trig,eff_trig_In,global_syst,global_syst_In,id_eff_ee,id_eff_ee_In,lumi_8TeV,lumi_8TeV_In,mShift_cat2,mShift_cat2_In,mSmear_cat2,mSmear_cat2_In,n_exp_bincat2_proc_bkg,r,r9Eff,r9Eff_In,rooSigmaCorr_cat2,vtxEff,vtxEff_In)

p.d.f.s
-------
RooAddPdf::ResAddPdf_cat2[ CBpos_frac_cat2 * ResCBneg_cat2 + [%] * ResCBpos_cat2 ] = 3.85272e-06
RooCBShape::ResCBneg_cat2[ m=PhotonsMass m0=CBpos_mean_cat2 sigma=CBpos_sigma_cat2 alpha=CBneg_alphaCB_cat2 n=CBneg_n_cat2 ] = 0
RooCBShape::ResCBpos_cat2[ m=PhotonsMass m0=CBpos_mean_cat2 sigma=CBpos_sigma_cat2 alpha=CBpos_alphaCB_cat2 n=CBpos_n_cat2 ] = 7.70544e-06
RooBreitWigner::SigModelBW_cat2[ x=PhotonsMass mean=meanBW_cat2 width=sigmaBW_cat2 ] = 0.000805002
RooGaussian::eff_trig_Pdf[ x=eff_trig mean=eff_trig_In sigma=1 ] = 1
RooGaussian::global_syst_Pdf[ x=global_syst mean=global_syst_In sigma=1 ] = 1
RooGaussian::id_eff_ee_Pdf[ x=id_eff_ee mean=id_eff_ee_In sigma=1 ] = 1
RooGaussian::lumi_8TeV_Pdf[ x=lumi_8TeV mean=lumi_8TeV_In sigma=1 ] = 1
RooGaussian::mShift_cat2_Pdf[ x=mShift_cat2 mean=mShift_cat2_In sigma=1 ] = 1
RooGaussian::mSmear_cat2_Pdf[ x=mSmear_cat2 mean=mSmear_cat2_In sigma=1 ] = 1
RooSimultaneous::model_b[ indexCat=CMS_channel cat2=pdf_bincat2_bonly ] = 7.70333e-06
RooSimultaneous::model_s[ indexCat=CMS_channel cat2=pdf_bincat2 ] = 40583.1
RooProdPdf::nuisancePdf[ lumi_8TeV_Pdf * eff_trig_Pdf * global_syst_Pdf * id_eff_ee_Pdf * r9Eff_Pdf * vtxEff_Pdf * mShift_cat2_Pdf * mSmear_cat2_Pdf ] = 1
RooProdPdf::pdf_bincat2[ lumi_8TeV_Pdf * eff_trig_Pdf * global_syst_Pdf * id_eff_ee_Pdf * r9Eff_Pdf * vtxEff_Pdf * mShift_cat2_Pdf * mSmear_cat2_Pdf * pdf_bincat2_nuis ] = 40583.1
RooProdPdf::pdf_bincat2_bonly[ lumi_8TeV_Pdf * eff_trig_Pdf * global_syst_Pdf * id_eff_ee_Pdf * r9Eff_Pdf * vtxEff_Pdf * mShift_cat2_Pdf * mSmear_cat2_Pdf * pdf_bincat2_bonly_nuis ] = 7.70333e-06
RooAddPdf::pdf_bincat2_bonly_nuis[ n_exp_bincat2_proc_bkg * shapeBkg_bkg_cat2 ] = 7.70333e-06
RooAddPdf::pdf_bincat2_nuis[ n_exp_bincat2_proc_bkg * shapeBkg_bkg_cat2 + n_exp_final_bincat2_proc_sig * shapeSig_sig_cat2 ] = 40583.1
RooGaussian::r9Eff_Pdf[ x=r9Eff mean=r9Eff_In sigma=1 ] = 1
RooGenericPdf::shapeBkg_bkg_cat2[ actualVars=(PhotonsMass,par1ExpPAR_cat2,par2ExpPAR_cat2) formula="exp(-@1*@0)*pow(@0, @2)" ] = 7.70333e-06
RooFFTConvPdf::shapeSig_sig_cat2[ SigModelBW_cat2(PhotonsMass) (*) ResAddPdf_cat2(PhotonsMass) ] = 0.00702098
RooGaussian::vtxEff_Pdf[ x=vtxEff mean=vtxEff_In sigma=1 ] = 1

functions
--------
RooFormulaVar::CBneg_alphaCB_cat2[ actualVars=(ReducedMass_sig_alphaCBneg_cat2) formula="@0" ] = 2.6
RooFormulaVar::CBneg_n_cat2[ actualVars=(ReducedMass_sig_Nneg_cat2) formula="@0" ] = 0.228696
RooFormulaVar::CBpos_alphaCB_cat2[ actualVars=(ReducedMass_sig_alphaCBpos_cat2) formula="@0" ] = -2.6
RooFormulaVar::CBpos_frac_cat2[ actualVars=(ReducedMass_sig_frac_cat2) formula="@0" ] = 0.5
RooFormulaVar::CBpos_mean_cat2[ actualVars=(ReducedMass_sig_mean_cat2) formula="@0" ] = 0
RooFormulaVar::CBpos_n_cat2[ actualVars=(ReducedMass_sig_Npos_cat2) formula="@0" ] = 2
RooFormulaVar::CBpos_sigma_cat2[ actualVars=(ReducedMass_sig_sigma_cat2,MH,mSmear_cat2,rooSigmaCorr_cat2) formula="(sqrt(@0*@0*@3*@3+0.010000*0.010000*@2)*@1)" ] = 9.90951
RooFormulaVar::meanBW_cat2[ actualVars=(MH) formula="@0" ] = 500
ProcessNormalization::n_exp_bincat2_proc_sig[ thetaList=(lumi_8TeV,eff_trig,global_syst,id_eff_ee) asymmThetaList=(r9Eff,vtxEff) otherFactorList=(r) ] = 19620
RooProduct::n_exp_final_bincat2_proc_sig[ n_exp_bincat2_proc_sig * shapeSig_sig_cat2__norm ] = 49.5636
RooFormulaVar::par1ExpPAR_cat2[ actualVars=(PhotonsMass_bkg_8TeV_ExpPAR1_cat2) formula="@0" ] = 0.0050747
RooFormulaVar::par2ExpPAR_cat2[ actualVars=(PhotonsMass_bkg_8TeV_ExpPAR2_cat2) formula="@0" ] = -1.45462
RooHistFunc::shapeSig_sig_cat2__norm[ depList=(MH) ] = 0.00252618
RooFormulaVar::sigmaBW_cat2[ actualVars=(MH) formula="@0*0.10" ] = 50

datasets
--------
RooDataHist::data_obs(CMS_channel,PhotonsMass)

named sets
----------
ModelConfig_GlobalObservables:(lumi_8TeV_In,eff_trig_In,global_syst_In,id_eff_ee_In,r9Eff_In,vtxEff_In,mShift_cat2_In,mSmear_cat2_In)
ModelConfig_NuisParams:(lumi_8TeV,eff_trig,global_syst,id_eff_ee,r9Eff,vtxEff,mShift_cat2,mSmear_cat2)
ModelConfig_Observables:(PhotonsMass,CMS_channel)
ModelConfig_POI:(r)
ModelConfig_bonly_GlobalObservables:(lumi_8TeV_In,eff_trig_In,global_syst_In,id_eff_ee_In,r9Eff_In,vtxEff_In,mShift_cat2_In,mSmear_cat2_In)
ModelConfig_bonly_NuisParams:(lumi_8TeV,eff_trig,global_syst,id_eff_ee,r9Eff,vtxEff,mShift_cat2,mSmear_cat2)
ModelConfig_bonly_Observables:(PhotonsMass,CMS_channel)
ModelConfig_bonly_POI:(r)
POI:(r)
globalObservables:(lumi_8TeV_In,eff_trig_In,global_syst_In,id_eff_ee_In,r9Eff_In,vtxEff_In,mShift_cat2_In,mSmear_cat2_In)
nuisances:(lumi_8TeV,eff_trig,global_syst,id_eff_ee,r9Eff,vtxEff,mShift_cat2,mSmear_cat2)
observables:(PhotonsMass,CMS_channel)

generic objects
---------------
RooStats::ModelConfig::ModelConfig
RooStats::ModelConfig::ModelConfig_bonly
RooArgSet::discreteParams

embedded precalculated expensive components
-------------------------------------------
uid = 0 key=shapeSig_sig_cat2_SigModelBW_cat2_CONV_ResAddPdf_cat2_CACHEHIST_Obs[PhotonsMass]_BufFrac0.1_BufStrat0 value=RooDataHist::shapeSig_sig_cat2_SigModelBW_cat2_CONV_ResAddPdf_cat2_CACHEHIST_Obs[PhotonsMass]_BufFrac0.1_BufStrat0 parameters=( MH=500 ReducedMass_sig_Nneg_cat2=0.228696 ReducedMass_sig_Npos_cat2=2 ReducedMass_sig_alphaCBneg_cat2=2.6 ReducedMass_sig_alphaCBpos_cat2=-2.6 ReducedMass_sig_frac_cat2=0.5 ReducedMass_sig_mean_cat2=0 ReducedMass_sig_sigma_cat2=0.0238 mSmear_cat2=0 rooSigmaCorr_cat2=0.832732 )
Setting variable 'MH' in workspace to the higgs mass 500
[#1] INFO:ObjectHandling -- RooWorkspace::import(w) importing RooSimultaneousOpt::model_s_opt
[#1] INFO:Caching -- RooExpensiveObjectCache::importCache() importing cache object shapeSig_sig_cat2_SigModelBW_cat2_CONV_ResAddPdf_cat2_CACHEHIST_Obs[PhotonsMass]_BufFrac0.1_BufStrat0 associated with object shapeSig_sig_cat2
[#1] INFO:ObjectHandling -- RooWorkspace::import(w) importing RooUniform::prior
Computing limit starting from observation
Set default minimizer to Minuit2
Will compute both limit(s) using minimizer Minuit2 with strategy 0 and tolerance 0.01
[#1] INFO:Caching -- RooAbsCachedPdf::getCache(shapeSig_sig_cat2) creating new cache 0x2e3cca0 with pdf SigModelBW_cat2_CONV_ResAddPdf_cat2_CACHE_Obs[PhotonsMass] for nset () with code 0 from preexisting content.
[#1] INFO:Caching -- RooAbsCachedPdf::getCache(shapeSig_sig_cat2) creating new cache 0x2abd8d0 with pdf SigModelBW_cat2_CONV_ResAddPdf_cat2_CACHE_Obs[PhotonsMass] for nset (PhotonsMass) with code 1 from preexisting content.
[#1] INFO:NumericIntegration -- RooRealIntegral::init(shapeBkg_bkg_cat2_Int[PhotonsMass]) using numeric integrator RooIntegrator1D to calculate Int(PhotonsMass)
[#1] INFO:Caching -- RooAbsCachedPdf::getCache(shapeSig_sig_cat2) creating new cache 0x3254320 with pdf SigModelBW_cat2_CONV_ResAddPdf_cat2_CACHE_Obs[PhotonsMass] for nset (PhotonsMass) with code 1 from preexisting content.
Minuit2Minimizer: Minimize with max-calls 5000 convergence for edm < 0.01 strategy 1
MnSeedGenerator: for initial parameters FCN = 0
MnSeedGenerator: Initial state:   - FCN =                0 Edm =  3.76295e-06 NCalls =     43
VariableMetric: start iterating until Edm is < 1e-05
VariableMetric: Initial state   - FCN =                0 Edm =  3.76295e-06 NCalls =     43
VariableMetric: Iteration #   1 - FCN = -4.75324850413e-06 Edm =  5.66257e-06 NCalls =     67
VariableMetric: Iteration #   2 - FCN = -0.0003312355584058 Edm =  8.42831e-08 NCalls =     94
VariableMetric: After Hessian   - FCN = -0.0003312355584058 Edm =  1.58825e-06 NCalls =    180
Minuit2Minimizer : Valid minimum - status = 0
FVAL  = -0.000331235558405751362
Edm   = 1.58825025037226659e-06
Nfcn  = 180
PhotonsMass_bkg_8TeV_ExpPAR1_cat2	  = 0.00511292	 +/-  0.00159582	(limited)
PhotonsMass_bkg_8TeV_ExpPAR2_cat2	  = -1.43627	 +/-  0.761676	(limited)
eff_trig	  = 0	 +/-  0.996602	(limited)
global_syst	  = 0	 +/-  0.996602	(limited)
id_eff_ee	  = 0	 +/-  0.996602	(limited)
lumi_8TeV	  = 0	 +/-  0.996602	(limited)
mShift_cat2	  = 0	 +/-  0.989616	(limited)
mSmear_cat2	  = 0	 +/-  0.989616	(limited)
r9Eff	  = 0	 +/-  0.996602	(limited)
vtxEff	  = 0	 +/-  0.996602	(limited)
Nuisance parameters after fit for asimov dataset: 
  1) RooRealVar::   lumi_8TeV = 0 +/- 0.996602
  2) RooRealVar::    eff_trig = 0 +/- 0.996602
  3) RooRealVar:: global_syst = 0 +/- 0.996602
  4) RooRealVar::   id_eff_ee = 0 +/- 0.996602
  5) RooRealVar::       r9Eff = 0 +/- 0.996602
  6) RooRealVar::      vtxEff = 0 +/- 0.996602
  7) RooRealVar:: mShift_cat2 = 0 +/- 0.989616
  8) RooRealVar:: mSmear_cat2 = 0 +/- 0.989616
[#1] INFO:NumericIntegration -- RooRealIntegral::init(shapeBkg_bkg_cat2_Int[PhotonsMass]) using numeric integrator RooIntegrator1D to calculate Int(PhotonsMass)
[#1] INFO:Caching -- RooAbsCachedPdf::getCache(shapeSig_sig_cat2) creating new cache 0x3b391b0 with pdf SigModelBW_cat2_CONV_ResAddPdf_cat2_CACHE_Obs[PhotonsMass] for nset (PhotonsMass) with code 1 from preexisting content.
Global observables for data: 
  1) RooRealVar::   lumi_8TeV_In = 0
  2) RooRealVar::    eff_trig_In = 0
  3) RooRealVar:: global_syst_In = 0
  4) RooRealVar::   id_eff_ee_In = 0
  5) RooRealVar::       r9Eff_In = 0
  6) RooRealVar::      vtxEff_In = 0
  7) RooRealVar:: mShift_cat2_In = 0
  8) RooRealVar:: mSmear_cat2_In = 0
Global observables for asimov: 
  1) RooRealVar::   lumi_8TeV_In = 0
  2) RooRealVar::    eff_trig_In = 0
  3) RooRealVar:: global_syst_In = 0
  4) RooRealVar::   id_eff_ee_In = 0
  5) RooRealVar::       r9Eff_In = 0
  6) RooRealVar::      vtxEff_In = 0
  7) RooRealVar:: mShift_cat2_In = 0
  8) RooRealVar:: mSmear_cat2_In = 0
[#1] INFO:ObjectHandling -- RooWorkspace::import(w) importing dataset _Asymptotic_asimovDataset_
[#1] INFO:NumericIntegration -- RooRealIntegral::init(shapeBkg_bkg_cat2_Int[PhotonsMass]) using numeric integrator RooIntegrator1D to calculate Int(PhotonsMass)
[#1] INFO:Caching -- RooAbsCachedPdf::getCache(shapeSig_sig_cat2) creating new cache 0x37bfbd0 with pdf SigModelBW_cat2_CONV_ResAddPdf_cat2_CACHE_Obs[PhotonsMass] for nset (PhotonsMass) with code 1 from preexisting content.
Minuit2Minimizer: Minimize with max-calls 5500 convergence for edm < 0.01 strategy 0
Minuit2Minimizer : Valid minimum - status = 0
FVAL  = -0.0587100268474882517
Edm   = 6.80007665252403549e-06
Nfcn  = 172
PhotonsMass_bkg_8TeV_ExpPAR1_cat2	  = 0.00510764	 +/-  0.000348292	(limited)
PhotonsMass_bkg_8TeV_ExpPAR2_cat2	  = -1.43905	 +/-  0.152454	(limited)
eff_trig	  = 0.00036778	 +/-  1.93366	(limited)
global_syst	  = 0.00178754	 +/-  1.91597	(limited)
id_eff_ee	  = 0.000946638	 +/-  1.92928	(limited)
lumi_8TeV	  = 0.000946638	 +/-  1.92928	(limited)
mShift_cat2	  = 0	 +/-  1.88247	(limited)
mSmear_cat2	  = -0.000135737	 +/-  1.88244	(limited)
r	  = 0.0030841	 +/-  19.5493	(limited)
r9Eff	  = -0.00116525	 +/-  1.93398	(limited)
vtxEff	  = 0.000198639	 +/-  1.933	(limited)
Fit to asimov dataset:

  RooFitResult: minimized FCN value: -0.05871, estimated distance to minimum: 6.80008e-06
                covariance matrix quality: Approximation only, not accurate
                Status : MINIMIZE=0 

    Constant Parameter    Value     
  --------------------  ------------
                    MH    5.0000e+02
  ReducedMass_sig_Nneg_cat2    2.2870e-01
  ReducedMass_sig_Npos_cat2    2.0000e+00
  ReducedMass_sig_alphaCBneg_cat2    2.6000e+00
  ReducedMass_sig_alphaCBpos_cat2   -2.6000e+00
  ReducedMass_sig_frac_cat2    5.0000e-01
  ReducedMass_sig_mean_cat2    0.0000e+00
  ReducedMass_sig_sigma_cat2    2.3800e-02
           eff_trig_In    0.0000e+00
        global_syst_In    0.0000e+00
          id_eff_ee_In    0.0000e+00
          lumi_8TeV_In    0.0000e+00
        mShift_cat2_In    0.0000e+00
        mSmear_cat2_In    0.0000e+00
  n_exp_bincat2_proc_bkg    2.7960e+03
              r9Eff_In    0.0000e+00
     rooSigmaCorr_cat2    8.3273e-01
             vtxEff_In    0.0000e+00

    Floating Parameter  InitialValue    FinalValue +/-  Error     GblCorr.
  --------------------  ------------  --------------------------  --------
  PhotonsMass_bkg_8TeV_ExpPAR1_cat2    5.1129e-03    5.1076e-03 +/-  3.48e-04  <none>
  PhotonsMass_bkg_8TeV_ExpPAR2_cat2   -1.4363e+00   -1.4391e+00 +/-  1.52e-01  <none>
              eff_trig    0.0000e+00    3.6778e-04 +/-  1.93e+00  <none>
           global_syst    0.0000e+00    1.7875e-03 +/-  1.92e+00  <none>
             id_eff_ee    0.0000e+00    9.4664e-04 +/-  1.93e+00  <none>
             lumi_8TeV    0.0000e+00    9.4664e-04 +/-  1.93e+00  <none>
           mShift_cat2    0.0000e+00    0.0000e+00 +/-  1.88e+00  <none>
           mSmear_cat2    0.0000e+00   -1.3574e-04 +/-  1.88e+00  <none>
                     r    2.0000e-01    3.0841e-03 +/-  1.95e+01  <none>
                 r9Eff    0.0000e+00   -1.1652e-03 +/-  1.93e+00  <none>
                vtxEff    0.0000e+00    1.9864e-04 +/-  1.93e+00  <none>

Will search for NLL crossing by stepping.
Minuit2Minimizer: Minimize with max-calls 5000 convergence for edm < 0.01 strategy 0
Minuit2Minimizer : Valid minimum - status = 0
FVAL  = -0.405691118868366785
Edm   = 1.18401609935338688e-06
Nfcn  = 177
PhotonsMass_bkg_8TeV_ExpPAR1_cat2	  = 0.00413026	 +/-  0.00159276	(limited)
PhotonsMass_bkg_8TeV_ExpPAR2_cat2	  = -1.96134	 +/-  0.761322	(limited)
eff_trig	  = -0.0195199	 +/-  0.996336	(limited)
global_syst	  = -0.0950627	 +/-  0.988627	(limited)
id_eff_ee	  = -0.0502869	 +/-  0.994357	(limited)
lumi_8TeV	  = -0.0502869	 +/-  0.994357	(limited)
mShift_cat2	  = 0	 +/-  0.989616	(limited)
mSmear_cat2	  = 0.0124606	 +/-  0.990379	(limited)
r9Eff	  = 0.0612645	 +/-  1.05771	(limited)
vtxEff	  = -0.0105197	 +/-  0.981704	(limited)
At r = 1.000000:	delta(nll) = 1.00071
Minuit2Minimizer: Minimize with max-calls 5000 convergence for edm < 0.01 strategy 0
Minuit2Minimizer : Valid minimum - status = 0
FVAL  = -0.102517065320216955
Edm   = 6.35156115054831639e-07
Nfcn  = 178
PhotonsMass_bkg_8TeV_ExpPAR1_cat2	  = 0.00367693	 +/-  0.0016369	(limited)
PhotonsMass_bkg_8TeV_ExpPAR2_cat2	  = -2.20376	 +/-  0.783724	(limited)
eff_trig	  = -0.041897	 +/-  0.995303	(limited)
global_syst	  = -0.204158	 +/-  0.9836	(limited)
id_eff_ee	  = -0.107937	 +/-  0.989289	(limited)
lumi_8TeV	  = -0.107937	 +/-  0.989289	(limited)
mShift_cat2	  = 0	 +/-  0.989616	(limited)
mSmear_cat2	  = 0.0261811	 +/-  0.990285	(limited)
r9Eff	  = 0.154815	 +/-  1.11351	(limited)
vtxEff	  = -0.0220775	 +/-  0.970889	(limited)
At r = 1.500000:	delta(nll) = 2.18954
Minuit2Minimizer: Minimize with max-calls 5000 convergence for edm < 0.01 strategy 0
Minuit2Minimizer : Valid minimum - status = 0
FVAL  = -0.025686563003916793
Edm   = 4.21421179108191637e-07
Nfcn  = 157
PhotonsMass_bkg_8TeV_ExpPAR1_cat2	  = 0.00389719	 +/-  0.0016155	(limited)
PhotonsMass_bkg_8TeV_ExpPAR2_cat2	  = -2.08579	 +/-  0.768861	(limited)
eff_trig	  = -0.0296227	 +/-  0.995859	(limited)
global_syst	  = -0.145624	 +/-  0.994049	(limited)
id_eff_ee	  = -0.0764644	 +/-  0.992251	(limited)
lumi_8TeV	  = -0.0764644	 +/-  0.992248	(limited)
mShift_cat2	  = 0	 +/-  0.989616	(limited)
mSmear_cat2	  = 0.0187314	 +/-  0.989711	(limited)
r9Eff	  = 0.102217	 +/-  1.08671	(limited)
vtxEff	  = -0.0158188	 +/-  0.981856	(limited)
At r = 1.250000:	delta(nll) = 1.54254
Minuit2Minimizer: Minimize with max-calls 5000 convergence for edm < 0.01 strategy 0
Minuit2Minimizer : Valid minimum - status = 0
FVAL  = -0.0255384472848379784
Edm   = 1.51348193904709971e-06
Nfcn  = 155
PhotonsMass_bkg_8TeV_ExpPAR1_cat2	  = 0.00367941	 +/-  0.00158218	(limited)
PhotonsMass_bkg_8TeV_ExpPAR2_cat2	  = -2.2026	 +/-  0.758008	(limited)
eff_trig	  = -0.0416762	 +/-  0.995772	(limited)
global_syst	  = -0.204089	 +/-  0.985094	(limited)
id_eff_ee	  = -0.107461	 +/-  0.991673	(limited)
lumi_8TeV	  = -0.107461	 +/-  0.991691	(limited)
mShift_cat2	  = 0	 +/-  0.989616	(limited)
mSmear_cat2	  = 0.0260425	 +/-  0.990295	(limited)
r9Eff	  = 0.154838	 +/-  1.09954	(limited)
vtxEff	  = -0.0219776	 +/-  0.972625	(limited)
At r = 1.500000:	delta(nll) = 2.18955
Minuit2Minimizer: Minimize with max-calls 5000 convergence for edm < 0.01 strategy 0
Minuit2Minimizer : Valid minimum - status = 0
FVAL  = -0.00634435769219101123
Edm   = 1.76812196240859716e-06
Nfcn  = 135
PhotonsMass_bkg_8TeV_ExpPAR1_cat2	  = 0.00378733	 +/-  0.00164535	(limited)
PhotonsMass_bkg_8TeV_ExpPAR2_cat2	  = -2.14484	 +/-  0.780618	(limited)
eff_trig	  = -0.0351861	 +/-  0.995541	(limited)
global_syst	  = -0.173994	 +/-  0.984665	(limited)
id_eff_ee	  = -0.0910294	 +/-  0.991591	(limited)
lumi_8TeV	  = -0.0910293	 +/-  0.991591	(limited)
mShift_cat2	  = 0	 +/-  0.989616	(limited)
mSmear_cat2	  = 0.0221161	 +/-  0.989746	(limited)
r9Eff	  = 0.125583	 +/-  1.0984	(limited)
vtxEff	  = -0.0186641	 +/-  0.978097	(limited)
At r = 1.375000:	delta(nll) = 1.85330
Minuit2Minimizer: Minimize with max-calls 5000 convergence for edm < 0.01 strategy 0
Minuit2Minimizer : Valid minimum - status = 0
FVAL  = -0.000944152123188162981
Edm   = 4.82265680503124992e-06
Nfcn  = 88
PhotonsMass_bkg_8TeV_ExpPAR1_cat2	  = 0.00378983	 +/-  0.000174688	(limited)
PhotonsMass_bkg_8TeV_ExpPAR2_cat2	  = -2.14664	 +/-  0.0781181	(limited)
eff_trig	  = -0.0389088	 +/-  0.99567	(limited)
global_syst	  = -0.190602	 +/-  0.982658	(limited)
id_eff_ee	  = -0.100342	 +/-  0.991039	(limited)
lumi_8TeV	  = -0.100342	 +/-  0.991039	(limited)
mShift_cat2	  = 0	 +/-  0.989616	(limited)
mSmear_cat2	  = 0.0240605	 +/-  0.990028	(limited)
r9Eff	  = 0.141785	 +/-  1.09367	(limited)
vtxEff	  = -0.020582	 +/-  0.975452	(limited)
At r = 1.437500:	delta(nll) = 2.01893
Minuit2Minimizer: Minimize with max-calls 5000 convergence for edm < 0.01 strategy 0
Minuit2Minimizer : Valid minimum - status = 0
FVAL  = -0.000254203166206671302
Edm   = 1.18703061023919077e-06
Nfcn  = 84
PhotonsMass_bkg_8TeV_ExpPAR1_cat2	  = 0.00378792	 +/-  0.000162971	(limited)
PhotonsMass_bkg_8TeV_ExpPAR2_cat2	  = -2.14602	 +/-  0.082943	(limited)
eff_trig	  = -0.0370103	 +/-  0.995693	(limited)
global_syst	  = -0.181556	 +/-  0.983217	(limited)
id_eff_ee	  = -0.0954819	 +/-  0.991173	(limited)
lumi_8TeV	  = -0.0954819	 +/-  0.991182	(limited)
mShift_cat2	  = 0	 +/-  0.989616	(limited)
mSmear_cat2	  = 0.0230769	 +/-  0.989941	(limited)
r9Eff	  = 0.13346	 +/-  1.08407	(limited)
vtxEff	  = -0.0196162	 +/-  0.976683	(limited)
At r = 1.406250:	delta(nll) = 1.93516
Minuit2Minimizer: Minimize with max-calls 5000 convergence for edm < 0.01 strategy 0
Minuit2Minimizer : Valid minimum - status = 0
FVAL  = -5.60043765127120005e-05
Edm   = 3.65798747681171618e-06
Nfcn  = 63
PhotonsMass_bkg_8TeV_ExpPAR1_cat2	  = 0.00378694	 +/-  0.000168263	(limited)
PhotonsMass_bkg_8TeV_ExpPAR2_cat2	  = -2.1456	 +/-  0.0778945	(limited)
eff_trig	  = -0.0365444	 +/-  0.996429	(limited)
global_syst	  = -0.179272	 +/-  0.993101	(limited)
id_eff_ee	  = -0.0942802	 +/-  0.995471	(limited)
lumi_8TeV	  = -0.0942802	 +/-  0.995463	(limited)
mShift_cat2	  = 0	 +/-  0.989616	(limited)
mSmear_cat2	  = 0.0228751	 +/-  0.990192	(limited)
r9Eff	  = 0.131411	 +/-  1.09353	(limited)
vtxEff	  = -0.0193789	 +/-  0.977248	(limited)
At r = 1.390625:	delta(nll) = 1.89400
Minuit2Minimizer: Minimize with max-calls 5000 convergence for edm < 0.01 strategy 0
Minuit2Minimizer : Valid minimum - status = 0
FVAL  = -5.61726902337585804e-05
Edm   = 2.46289001694018238e-06
Nfcn  = 63
PhotonsMass_bkg_8TeV_ExpPAR1_cat2	  = 0.00378781	 +/-  0.0001604	(limited)
PhotonsMass_bkg_8TeV_ExpPAR2_cat2	  = -2.14611	 +/-  0.0816944	(limited)
eff_trig	  = -0.036875	 +/-  0.996262	(limited)
global_syst	  = -0.18082	 +/-  0.98845	(limited)
id_eff_ee	  = -0.0951233	 +/-  0.994326	(limited)
lumi_8TeV	  = -0.0951232	 +/-  0.994313	(limited)
mShift_cat2	  = 0	 +/-  0.989616	(limited)
mSmear_cat2	  = 0.0229954	 +/-  0.990163	(limited)
r9Eff	  = 0.132811	 +/-  1.09474	(limited)
vtxEff	  = -0.0195475	 +/-  0.976673	(limited)
At r = 1.406250:	delta(nll) = 1.93516
Minuit2Minimizer: Minimize with max-calls 5000 convergence for edm < 0.01 strategy 0
Minuit2Minimizer : Valid minimum - status = 0
FVAL  = -1.40477509971796959e-05
Edm   = 8.17669927243554148e-07
Nfcn  = 63
PhotonsMass_bkg_8TeV_ExpPAR1_cat2	  = 0.00378724	 +/-  0.000173812	(limited)
PhotonsMass_bkg_8TeV_ExpPAR2_cat2	  = -2.14591	 +/-  0.0754293	(limited)
eff_trig	  = -0.0367395	 +/-  0.996221	(limited)
global_syst	  = -0.180164	 +/-  0.987663	(limited)
id_eff_ee	  = -0.0947748	 +/-  0.994044	(limited)
lumi_8TeV	  = -0.0947748	 +/-  0.99405	(limited)
mShift_cat2	  = 0	 +/-  0.989616	(limited)
mSmear_cat2	  = 0.0229541	 +/-  0.990108	(limited)
r9Eff	  = 0.132215	 +/-  1.09153	(limited)
vtxEff	  = -0.0194785	 +/-  0.976939	(limited)
At r = 1.398438:	delta(nll) = 1.91452
Median for expected limits: 1.40234
Sigma  for expected limits: 0.715495
Will search for NLL crossing by bisection
Minuit2Minimizer: Minimize with max-calls 5000 convergence for edm < 0.01 strategy 0
Minuit2Minimizer : Valid minimum - status = 0
FVAL  = -0.192118431338502205
Edm   = 2.00103880705990445e-08
Nfcn  = 176
PhotonsMass_bkg_8TeV_ExpPAR1_cat2	  = 0.00441293	 +/-  0.00162058	(limited)
PhotonsMass_bkg_8TeV_ExpPAR2_cat2	  = -1.81014	 +/-  0.773194	(limited)
eff_trig	  = -0.00977431	 +/-  0.996332	(limited)
global_syst	  = -0.0478685	 +/-  0.993683	(limited)
id_eff_ee	  = -0.0252053	 +/-  0.995169	(limited)
lumi_8TeV	  = -0.0252054	 +/-  0.99517	(limited)
mShift_cat2	  = 0	 +/-  0.989616	(limited)
mSmear_cat2	  = 0.00633963	 +/-  0.989416	(limited)
r9Eff	  = 0.029328	 +/-  1.02295	(limited)
vtxEff	  = -0.00534333	 +/-  0.993253	(limited)
At r = 0.701172:	delta(nll) = 0.49963
Minuit2Minimizer: Minimize with max-calls 5000 convergence for edm < 0.01 strategy 0
Minuit2Minimizer : Valid minimum - status = 0
FVAL  = -0.050036364575158275
Edm   = 2.82602016024094855e-08
Nfcn  = 158
PhotonsMass_bkg_8TeV_ExpPAR1_cat2	  = 0.00408033	 +/-  0.00167804	(limited)
PhotonsMass_bkg_8TeV_ExpPAR2_cat2	  = -1.98792	 +/-  0.807697	(limited)
eff_trig	  = -0.0213824	 +/-  0.996102	(limited)
global_syst	  = -0.104656	 +/-  0.99064	(limited)
id_eff_ee	  = -0.0551443	 +/-  0.993351	(limited)
lumi_8TeV	  = -0.0551443	 +/-  0.993351	(limited)
mShift_cat2	  = 0	 +/-  0.989616	(limited)
mSmear_cat2	  = 0.0136388	 +/-  0.990008	(limited)
r9Eff	  = 0.0693107	 +/-  1.06705	(limited)
vtxEff	  = -0.0115251	 +/-  0.983263	(limited)
At r = 1.051758:	delta(nll) = 1.10394
Minuit2Minimizer: Minimize with max-calls 5000 convergence for edm < 0.01 strategy 0
Minuit2Minimizer : Valid minimum - status = 0
FVAL  = -0.0124908054841983158
Edm   = 2.08540426167518338e-07
Nfcn  = 136
PhotonsMass_bkg_8TeV_ExpPAR1_cat2	  = 0.00424383	 +/-  0.00164019	(limited)
PhotonsMass_bkg_8TeV_ExpPAR2_cat2	  = -1.90045	 +/-  0.777758	(limited)
eff_trig	  = -0.0151049	 +/-  0.996265	(limited)
global_syst	  = -0.0737601	 +/-  0.991246	(limited)
id_eff_ee	  = -0.0389365	 +/-  0.994895	(limited)
lumi_8TeV	  = -0.0389369	 +/-  0.994901	(limited)
mShift_cat2	  = 0	 +/-  0.989616	(limited)
mSmear_cat2	  = 0.00971883	 +/-  0.989704	(limited)
r9Eff	  = 0.0465269	 +/-  1.04343	(limited)
vtxEff	  = -0.00819937	 +/-  0.988942	(limited)
At r = 0.876465:	delta(nll) = 0.77371
Minuit2Minimizer: Minimize with max-calls 5000 convergence for edm < 0.01 strategy 0
Minuit2Minimizer : Valid minimum - status = 0
FVAL  = -0.00316700474868997824
Edm   = 6.56056605893609151e-06
Nfcn  = 115
PhotonsMass_bkg_8TeV_ExpPAR1_cat2	  = 0.00432843	 +/-  0.00162863	(limited)
PhotonsMass_bkg_8TeV_ExpPAR2_cat2	  = -1.85546	 +/-  0.773982	(limited)
eff_trig	  = -0.0131711	 +/-  0.99617	(limited)
global_syst	  = -0.0584148	 +/-  0.992023	(limited)
id_eff_ee	  = -0.0331552	 +/-  0.994473	(limited)
lumi_8TeV	  = -0.0331449	 +/-  0.994471	(limited)
mShift_cat2	  = 0	 +/-  0.989616	(limited)
mSmear_cat2	  = 0.00852588	 +/-  0.989611	(limited)
r9Eff	  = 0.0369116	 +/-  1.03373	(limited)
vtxEff	  = -0.00722099	 +/-  0.990055	(limited)
At r = 0.788818:	delta(nll) = 0.62954
Minuit2Minimizer: Minimize with max-calls 5000 convergence for edm < 0.01 strategy 0
Minuit2Minimizer : Valid minimum - status = 0
FVAL  = -0.000470747871413724529
Edm   = 3.20068027310181042e-06
Nfcn  = 89
PhotonsMass_bkg_8TeV_ExpPAR1_cat2	  = 0.0043263	 +/-  0.000181154	(limited)
PhotonsMass_bkg_8TeV_ExpPAR2_cat2	  = -1.85393	 +/-  0.0819213	(limited)
eff_trig	  = -0.0106027	 +/-  0.996236	(limited)
global_syst	  = -0.0527041	 +/-  0.991566	(limited)
id_eff_ee	  = -0.0274474	 +/-  0.994674	(limited)
lumi_8TeV	  = -0.0274485	 +/-  0.994681	(limited)
mShift_cat2	  = 0	 +/-  0.989616	(limited)
mSmear_cat2	  = 0.00699805	 +/-  0.989666	(limited)
r9Eff	  = 0.0323361	 +/-  1.03034	(limited)
vtxEff	  = -0.00577697	 +/-  0.99061	(limited)
At r = 0.744995:	delta(nll) = 0.56316
Minuit2Minimizer: Minimize with max-calls 5000 convergence for edm < 0.01 strategy 0
Minuit2Minimizer : Valid minimum - status = 0
FVAL  = -0.000107095445717853444
Edm   = 7.23935207024335879e-07
Nfcn  = 85
PhotonsMass_bkg_8TeV_ExpPAR1_cat2	  = 0.00432777	 +/-  0.000167477	(limited)
PhotonsMass_bkg_8TeV_ExpPAR2_cat2	  = -1.8544	 +/-  0.0847762	(limited)
eff_trig	  = -0.0116314	 +/-  0.996312	(limited)
global_syst	  = -0.0569665	 +/-  0.992714	(limited)
id_eff_ee	  = -0.0299951	 +/-  0.99495	(limited)
lumi_8TeV	  = -0.029995	 +/-  0.994948	(limited)
mShift_cat2	  = 0	 +/-  0.989616	(limited)
mSmear_cat2	  = 0.007586	 +/-  0.98968	(limited)
r9Eff	  = 0.0352653	 +/-  1.03378	(limited)
vtxEff	  = -0.00633782	 +/-  0.99014	(limited)
At r = 0.766907:	delta(nll) = 0.59580
Minuit2Minimizer: Minimize with max-calls 5000 convergence for edm < 0.01 strategy 0
Minuit2Minimizer : Valid minimum - status = 0
FVAL  = -2.67115072826793153e-05
Edm   = 2.41051200592562688e-06
Nfcn  = 63
PhotonsMass_bkg_8TeV_ExpPAR1_cat2	  = 0.00432723	 +/-  0.000155284	(limited)
PhotonsMass_bkg_8TeV_ExpPAR2_cat2	  = -1.85402	 +/-  0.0829141	(limited)
eff_trig	  = -0.0113847	 +/-  0.996657	(limited)
global_syst	  = -0.0557996	 +/-  0.997673	(limited)
id_eff_ee	  = -0.0293645	 +/-  0.996955	(limited)
lumi_8TeV	  = -0.0293645	 +/-  0.996958	(limited)
mShift_cat2	  = 0	 +/-  0.989616	(limited)
mSmear_cat2	  = 0.00746226	 +/-  0.98982	(limited)
r9Eff	  = 0.0344782	 +/-  1.03497	(limited)
vtxEff	  = -0.00620472	 +/-  0.990498	(limited)
At r = 0.755951:	delta(nll) = 0.57934
Minuit2Minimizer: Minimize with max-calls 5000 convergence for edm < 0.01 strategy 0
Minuit2Minimizer : Valid minimum - status = 0
FVAL  = -8.82224449431919742e-06
Edm   = 3.16771507390765818e-06
Nfcn  = 63
PhotonsMass_bkg_8TeV_ExpPAR1_cat2	  = 0.00432705	 +/-  0.000147124	(limited)
PhotonsMass_bkg_8TeV_ExpPAR2_cat2	  = -1.85377	 +/-  0.0904014	(limited)
eff_trig	  = -0.0111374	 +/-  0.997101	(limited)
global_syst	  = -0.0546098	 +/-  1.0082	(limited)
id_eff_ee	  = -0.0287296	 +/-  0.999882	(limited)
lumi_8TeV	  = -0.0287296	 +/-  0.999886	(limited)
mShift_cat2	  = 0	 +/-  0.989616	(limited)
mSmear_cat2	  = 0.00732421	 +/-  0.989999	(limited)
r9Eff	  = 0.0336814	 +/-  1.03894	(limited)
vtxEff	  = -0.00607138	 +/-  0.990701	(limited)
At r = 0.750473:	delta(nll) = 0.57121
Will search for NLL crossing by bisection
Minuit2Minimizer: Minimize with max-calls 5000 convergence for edm < 0.01 strategy 0
Minuit2Minimizer : Valid minimum - status = 0
FVAL  = -0.0385803399377824055
Edm   = 6.73296456400440579e-06
Nfcn  = 132
PhotonsMass_bkg_8TeV_ExpPAR1_cat2	  = 0.0040615	 +/-  0.00159895	(limited)
PhotonsMass_bkg_8TeV_ExpPAR2_cat2	  = -1.99846	 +/-  0.775066	(limited)
eff_trig	  = -0.0221857	 +/-  0.996145	(limited)
global_syst	  = -0.108826	 +/-  0.989243	(limited)
id_eff_ee	  = -0.0571732	 +/-  0.993617	(limited)
lumi_8TeV	  = -0.0571731	 +/-  0.993612	(limited)
mShift_cat2	  = 0	 +/-  0.989616	(limited)
mSmear_cat2	  = 0.0141293	 +/-  0.990005	(limited)
r9Eff	  = 0.0740287	 +/-  1.06758	(limited)
vtxEff	  = -0.0119412	 +/-  0.982946	(limited)
At r = 1.075039:	delta(nll) = 1.15192
Minuit2Minimizer: Minimize with max-calls 5000 convergence for edm < 0.01 strategy 0
Minuit2Minimizer : Valid minimum - status = 0
FVAL  = -0.0110734777961970059
Edm   = 2.01330767294370465e-07
Nfcn  = 136
PhotonsMass_bkg_8TeV_ExpPAR1_cat2	  = 0.00421095	 +/-  0.00164189	(limited)
PhotonsMass_bkg_8TeV_ExpPAR2_cat2	  = -1.91805	 +/-  0.778113	(limited)
eff_trig	  = -0.0163075	 +/-  0.996089	(limited)
global_syst	  = -0.0795465	 +/-  0.990671	(limited)
id_eff_ee	  = -0.0420273	 +/-  0.994294	(limited)
lumi_8TeV	  = -0.0420274	 +/-  0.994294	(limited)
mShift_cat2	  = 0	 +/-  0.989616	(limited)
mSmear_cat2	  = 0.0104747	 +/-  0.989627	(limited)
r9Eff	  = 0.0504652	 +/-  1.04747	(limited)
vtxEff	  = -0.00884156	 +/-  0.988217	(limited)
At r = 0.911386:	delta(nll) = 0.83508
Minuit2Minimizer: Minimize with max-calls 5000 convergence for edm < 0.01 strategy 0
Minuit2Minimizer : Valid minimum - status = 0
FVAL  = -0.00270013330801449321
Edm   = 3.71153604324084344e-08
Nfcn  = 137
PhotonsMass_bkg_8TeV_ExpPAR1_cat2	  = 0.00413483	 +/-  0.00161898	(limited)
PhotonsMass_bkg_8TeV_ExpPAR2_cat2	  = -1.9588	 +/-  0.775734	(limited)
eff_trig	  = -0.0191063	 +/-  0.996111	(limited)
global_syst	  = -0.093975	 +/-  0.990864	(limited)
id_eff_ee	  = -0.0493115	 +/-  0.994075	(limited)
lumi_8TeV	  = -0.0493118	 +/-  0.994068	(limited)
mShift_cat2	  = 0	 +/-  0.989616	(limited)
mSmear_cat2	  = 0.0122229	 +/-  0.989813	(limited)
r9Eff	  = 0.0611389	 +/-  1.05876	(limited)
vtxEff	  = -0.0103246	 +/-  0.985704	(limited)
At r = 0.993213:	delta(nll) = 0.98752
Minuit2Minimizer: Minimize with max-calls 5000 convergence for edm < 0.01 strategy 0
Minuit2Minimizer : Valid minimum - status = 0
FVAL  = -0.000373546885220765984
Edm   = 2.386849784802138e-06
Nfcn  = 89
PhotonsMass_bkg_8TeV_ExpPAR1_cat2	  = 0.00413661	 +/-  0.000177574	(limited)
PhotonsMass_bkg_8TeV_ExpPAR2_cat2	  = -1.96009	 +/-  0.0795533	(limited)
eff_trig	  = -0.020941	 +/-  0.996057	(limited)
global_syst	  = -0.102624	 +/-  0.988539	(limited)
id_eff_ee	  = -0.0540122	 +/-  0.993317	(limited)
lumi_8TeV	  = -0.0540123	 +/-  0.993328	(limited)
mShift_cat2	  = 0	 +/-  0.989616	(limited)
mSmear_cat2	  = 0.0131992	 +/-  0.989824	(limited)
r9Eff	  = 0.0678538	 +/-  1.06205	(limited)
vtxEff	  = -0.0112937	 +/-  0.985034	(limited)
At r = 1.034126:	delta(nll) = 1.06854
Minuit2Minimizer: Minimize with max-calls 5000 convergence for edm < 0.01 strategy 0
Minuit2Minimizer : Valid minimum - status = 0
FVAL  = -9.81198016230691805e-05
Edm   = 5.58452460008488386e-07
Nfcn  = 85
PhotonsMass_bkg_8TeV_ExpPAR1_cat2	  = 0.00413528	 +/-  0.000164607	(limited)
PhotonsMass_bkg_8TeV_ExpPAR2_cat2	  = -1.95966	 +/-  0.0835908	(limited)
eff_trig	  = -0.0199272	 +/-  0.996107	(limited)
global_syst	  = -0.0977354	 +/-  0.989886	(limited)
id_eff_ee	  = -0.0514072	 +/-  0.993719	(limited)
lumi_8TeV	  = -0.0514072	 +/-  0.993721	(limited)
mShift_cat2	  = 0	 +/-  0.989616	(limited)
mSmear_cat2	  = 0.0126555	 +/-  0.98977	(limited)
r9Eff	  = 0.0641306	 +/-  1.05851	(limited)
vtxEff	  = -0.0107586	 +/-  0.985658	(limited)
At r = 1.013669:	delta(nll) = 1.02758
Minuit2Minimizer: Minimize with max-calls 5000 convergence for edm < 0.01 strategy 0
Minuit2Minimizer : Valid minimum - status = 0
FVAL  = -2.20339125446790399e-05
Edm   = 8.59901384512345092e-07
Nfcn  = 63
PhotonsMass_bkg_8TeV_ExpPAR1_cat2	  = 0.00413464	 +/-  0.000167365	(limited)
PhotonsMass_bkg_8TeV_ExpPAR2_cat2	  = -1.95938	 +/-  0.0772607	(limited)
eff_trig	  = -0.0197092	 +/-  0.996515	(limited)
global_syst	  = -0.0966647	 +/-  0.994939	(limited)
id_eff_ee	  = -0.0508446	 +/-  0.996101	(limited)
lumi_8TeV	  = -0.0508446	 +/-  0.996092	(limited)
mShift_cat2	  = 0	 +/-  0.989616	(limited)
mSmear_cat2	  = 0.0125588	 +/-  0.989919	(limited)
r9Eff	  = 0.0633317	 +/-  1.06134	(limited)
vtxEff	  = -0.0106434	 +/-  0.985972	(limited)
At r = 1.003441:	delta(nll) = 1.00744
Minuit2Minimizer: Minimize with max-calls 5000 convergence for edm < 0.01 strategy 0
Minuit2Minimizer : Valid minimum - status = 0
FVAL  = -6.68058033174539741e-06
Edm   = 7.93499468364242359e-07
Nfcn  = 63
PhotonsMass_bkg_8TeV_ExpPAR1_cat2	  = 0.00413432	 +/-  0.000167579	(limited)
PhotonsMass_bkg_8TeV_ExpPAR2_cat2	  = -1.95925	 +/-  0.0777064	(limited)
eff_trig	  = -0.019482	 +/-  0.997016	(limited)
global_syst	  = -0.0955486	 +/-  1.00728	(limited)
id_eff_ee	  = -0.0502582	 +/-  0.999424	(limited)
lumi_8TeV	  = -0.0502582	 +/-  0.999416	(limited)
mShift_cat2	  = 0	 +/-  0.989616	(limited)
mSmear_cat2	  = 0.0124391	 +/-  0.99011	(limited)
r9Eff	  = 0.0625006	 +/-  1.06707	(limited)
vtxEff	  = -0.0105233	 +/-  0.986208	(limited)
At r = 0.998327:	delta(nll) = 0.99745
Will search for NLL crossing by bisection
Minuit2Minimizer: Minimize with max-calls 5000 convergence for edm < 0.01 strategy 0
Minuit2Minimizer : Valid minimum - status = 0
FVAL  = -0.521685510723822299
Edm   = 1.59510318776333455e-07
Nfcn  = 220
PhotonsMass_bkg_8TeV_ExpPAR1_cat2	  = 0.00316483	 +/-  0.00165798	(limited)
PhotonsMass_bkg_8TeV_ExpPAR2_cat2	  = -2.4782	 +/-  0.796346	(limited)
eff_trig	  = -0.0777673	 +/-  0.994024	(limited)
global_syst	  = -0.381195	 +/-  0.969327	(limited)
id_eff_ee	  = -0.200511	 +/-  0.984289	(limited)
lumi_8TeV	  = -0.200511	 +/-  0.984291	(limited)
mShift_cat2	  = 0	 +/-  0.989616	(limited)
mSmear_cat2	  = 0.0473694	 +/-  0.991242	(limited)
r9Eff	  = 0.309552	 +/-  0.946063	(limited)
vtxEff	  = -0.0394819	 +/-  0.946326	(limited)
At r = 2.117838:	delta(nll) = 4.19781
Minuit2Minimizer: Minimize with max-calls 5000 convergence for edm < 0.01 strategy 0
Minuit2Minimizer : Valid minimum - status = 0
FVAL  = -0.053248404221556779
Edm   = 2.44954068839642181e-07
Nfcn  = 178
PhotonsMass_bkg_8TeV_ExpPAR1_cat2	  = 0.00345465	 +/-  0.00163564	(limited)
PhotonsMass_bkg_8TeV_ExpPAR2_cat2	  = -2.32282	 +/-  0.777331	(limited)
eff_trig	  = -0.0558117	 +/-  0.995547	(limited)
global_syst	  = -0.273482	 +/-  0.981851	(limited)
id_eff_ee	  = -0.143924	 +/-  0.990638	(limited)
lumi_8TeV	  = -0.143923	 +/-  0.990637	(limited)
mShift_cat2	  = 0	 +/-  0.989616	(limited)
mSmear_cat2	  = 0.0345066	 +/-  0.989953	(limited)
r9Eff	  = 0.218681	 +/-  1.07082	(limited)
vtxEff	  = -0.0290118	 +/-  0.970067	(limited)
At r = 1.760091:	delta(nll) = 2.96722
Minuit2Minimizer: Minimize with max-calls 5000 convergence for edm < 0.01 strategy 0
Minuit2Minimizer : Valid minimum - status = 0
FVAL  = -0.013363611705279891
Edm   = 3.93083137232585104e-07
Nfcn  = 157
PhotonsMass_bkg_8TeV_ExpPAR1_cat2	  = 0.00330906	 +/-  0.0016295	(limited)
PhotonsMass_bkg_8TeV_ExpPAR2_cat2	  = -2.40093	 +/-  0.781112	(limited)
eff_trig	  = -0.0663835	 +/-  0.995094	(limited)
global_syst	  = -0.325606	 +/-  0.977763	(limited)
id_eff_ee	  = -0.171207	 +/-  0.988513	(limited)
lumi_8TeV	  = -0.171207	 +/-  0.98851	(limited)
mShift_cat2	  = 0	 +/-  0.989616	(limited)
mSmear_cat2	  = 0.0407216	 +/-  0.990487	(limited)
r9Eff	  = 0.264629	 +/-  1.01968	(limited)
vtxEff	  = -0.0341196	 +/-  0.960437	(limited)
At r = 1.938965:	delta(nll) = 3.56014
Minuit2Minimizer: Minimize with max-calls 5000 convergence for edm < 0.01 strategy 0
Minuit2Minimizer : Valid minimum - status = 0
FVAL  = -0.0033854957803114206
Edm   = 2.29599271263689842e-06
Nfcn  = 135
PhotonsMass_bkg_8TeV_ExpPAR1_cat2	  = 0.00323541	 +/-  0.00163995	(limited)
PhotonsMass_bkg_8TeV_ExpPAR2_cat2	  = -2.44047	 +/-  0.787819	(limited)
eff_trig	  = -0.0717589	 +/-  0.995267	(limited)
global_syst	  = -0.353367	 +/-  0.979968	(limited)
id_eff_ee	  = -0.185036	 +/-  0.987767	(limited)
lumi_8TeV	  = -0.185036	 +/-  0.987779	(limited)
mShift_cat2	  = 0	 +/-  0.989616	(limited)
mSmear_cat2	  = 0.0438758	 +/-  0.990522	(limited)
r9Eff	  = 0.287238	 +/-  0.993784	(limited)
vtxEff	  = -0.0366813	 +/-  0.958623	(limited)
At r = 2.028402:	delta(nll) = 3.87352
Minuit2Minimizer: Minimize with max-calls 5000 convergence for edm < 0.01 strategy 0
Minuit2Minimizer : Valid minimum - status = 0
FVAL  = -0.00062255663810960901
Edm   = 1.88116716390370949e-06
Nfcn  = 89
PhotonsMass_bkg_8TeV_ExpPAR1_cat2	  = 0.00323348	 +/-  0.00017352	(limited)
PhotonsMass_bkg_8TeV_ExpPAR2_cat2	  = -2.43916	 +/-  0.0781565	(limited)
eff_trig	  = -0.0688393	 +/-  0.99495	(limited)
global_syst	  = -0.337795	 +/-  0.971778	(limited)
id_eff_ee	  = -0.177605	 +/-  0.986508	(limited)
lumi_8TeV	  = -0.177605	 +/-  0.986512	(limited)
mShift_cat2	  = 0	 +/-  0.989616	(limited)
mSmear_cat2	  = 0.0424414	 +/-  0.990256	(limited)
r9Eff	  = 0.274756	 +/-  0.982978	(limited)
vtxEff	  = -0.0352937	 +/-  0.961114	(limited)
At r = 1.983683:	delta(nll) = 3.71571
Minuit2Minimizer: Minimize with max-calls 5000 convergence for edm < 0.01 strategy 0
Minuit2Minimizer : Valid minimum - status = 0
FVAL  = -0.000152682350840826781
Edm   = 5.38261997178666116e-06
Nfcn  = 85
PhotonsMass_bkg_8TeV_ExpPAR1_cat2	  = 0.00323313	 +/-  0.00019774	(limited)
PhotonsMass_bkg_8TeV_ExpPAR2_cat2	  = -2.43832	 +/-  0.0807825	(limited)
eff_trig	  = -0.0672176	 +/-  0.994942	(limited)
global_syst	  = -0.329661	 +/-  0.970771	(limited)
id_eff_ee	  = -0.173402	 +/-  0.986389	(limited)
lumi_8TeV	  = -0.173402	 +/-  0.986382	(limited)
mShift_cat2	  = 0	 +/-  0.989616	(limited)
mSmear_cat2	  = 0.0416222	 +/-  0.990272	(limited)
r9Eff	  = 0.267853	 +/-  0.993161	(limited)
vtxEff	  = -0.0345202	 +/-  0.96165	(limited)
At r = 1.961324:	delta(nll) = 3.63803
Minuit2Minimizer: Minimize with max-calls 5000 convergence for edm < 0.01 strategy 0
Minuit2Minimizer : Valid minimum - status = 0
FVAL  = -5.22114764998944788e-05
Edm   = 4.19598032519422447e-06
Nfcn  = 85
PhotonsMass_bkg_8TeV_ExpPAR1_cat2	  = 0.00323416	 +/-  0.000170082	(limited)
PhotonsMass_bkg_8TeV_ExpPAR2_cat2	  = -2.43823	 +/-  0.101246	(limited)
eff_trig	  = -0.0683896	 +/-  0.995037	(limited)
global_syst	  = -0.335261	 +/-  0.974265	(limited)
id_eff_ee	  = -0.176407	 +/-  0.98729	(limited)
lumi_8TeV	  = -0.176407	 +/-  0.987282	(limited)
mShift_cat2	  = 0	 +/-  0.989616	(limited)
mSmear_cat2	  = 0.0422419	 +/-  0.990206	(limited)
r9Eff	  = 0.272624	 +/-  0.998392	(limited)
vtxEff	  = -0.0350805	 +/-  0.961084	(limited)
At r = 1.972504:	delta(nll) = 3.67675
Will search for NLL crossing by bisection
Minuit2Minimizer: Minimize with max-calls 5000 convergence for edm < 0.01 strategy 0
Minuit2Minimizer : Valid minimum - status = 0
FVAL  = -0.554312219419936358
Edm   = 3.25838386420616308e-06
Nfcn  = 197
PhotonsMass_bkg_8TeV_ExpPAR1_cat2	  = 0.00243152	 +/-  0.00165361	(limited)
PhotonsMass_bkg_8TeV_ExpPAR2_cat2	  = -2.87206	 +/-  0.794414	(limited)
eff_trig	  = -0.150231	 +/-  0.992476	(limited)
global_syst	  = -0.73872	 +/-  0.961335	(limited)
id_eff_ee	  = -0.388377	 +/-  0.979954	(limited)
lumi_8TeV	  = -0.388377	 +/-  0.979953	(limited)
mShift_cat2	  = 0	 +/-  0.989616	(limited)
mSmear_cat2	  = 0.087991	 +/-  0.99244	(limited)
r9Eff	  = 0.554755	 +/-  0.969951	(limited)
vtxEff	  = -0.071466	 +/-  0.91019	(limited)
At r = 3.121208:	delta(nll) = 8.51007
Minuit2Minimizer: Minimize with max-calls 5000 convergence for edm < 0.01 strategy 0
Minuit2Minimizer : Valid minimum - status = 0
FVAL  = -0.13601728605528926
Edm   = 4.27729556813243246e-06
Nfcn  = 181
PhotonsMass_bkg_8TeV_ExpPAR1_cat2	  = 0.00283166	 +/-  0.00166517	(limited)
PhotonsMass_bkg_8TeV_ExpPAR2_cat2	  = -2.65701	 +/-  0.792676	(limited)
eff_trig	  = -0.106771	 +/-  0.993975	(limited)
global_syst	  = -0.527539	 +/-  0.968389	(limited)
id_eff_ee	  = -0.275976	 +/-  0.983428	(limited)
lumi_8TeV	  = -0.275978	 +/-  0.983424	(limited)
mShift_cat2	  = 0	 +/-  0.989616	(limited)
mSmear_cat2	  = 0.0639001	 +/-  0.990127	(limited)
r9Eff	  = 0.410011	 +/-  0.892897	(limited)
vtxEff	  = -0.0526301	 +/-  0.950642	(limited)
At r = 2.549651:	delta(nll) = 5.90923
Minuit2Minimizer: Minimize with max-calls 5000 convergence for edm < 0.01 strategy 0
Minuit2Minimizer : Valid minimum - status = 0
FVAL  = -0.0340222165125598358
Edm   = 4.30059956507840472e-06
Nfcn  = 158
PhotonsMass_bkg_8TeV_ExpPAR1_cat2	  = 0.00262851	 +/-  0.00163585	(limited)
PhotonsMass_bkg_8TeV_ExpPAR2_cat2	  = -2.7661	 +/-  0.79404	(limited)
eff_trig	  = -0.128441	 +/-  0.994248	(limited)
global_syst	  = -0.629674	 +/-  0.965334	(limited)
id_eff_ee	  = -0.332158	 +/-  0.984975	(limited)
lumi_8TeV	  = -0.332158	 +/-  0.984986	(limited)
mShift_cat2	  = 0	 +/-  0.989616	(limited)
mSmear_cat2	  = 0.0759964	 +/-  0.991316	(limited)
r9Eff	  = 0.474169	 +/-  0.937079	(limited)
vtxEff	  = -0.0622058	 +/-  0.931509	(limited)
At r = 2.835429:	delta(nll) = 7.16531
Minuit2Minimizer: Minimize with max-calls 5000 convergence for edm < 0.01 strategy 0
Minuit2Minimizer : Valid minimum - status = 0
FVAL  = -0.00830575671946814573
Edm   = 5.08796318734602109e-08
Nfcn  = 156
PhotonsMass_bkg_8TeV_ExpPAR1_cat2	  = 0.00272743	 +/-  0.00167632	(limited)
PhotonsMass_bkg_8TeV_ExpPAR2_cat2	  = -2.71281	 +/-  0.795994	(limited)
eff_trig	  = -0.117793	 +/-  0.994318	(limited)
global_syst	  = -0.577499	 +/-  0.972855	(limited)
id_eff_ee	  = -0.303933	 +/-  0.986305	(limited)
lumi_8TeV	  = -0.303933	 +/-  0.986305	(limited)
mShift_cat2	  = 0	 +/-  0.989616	(limited)
mSmear_cat2	  = 0.070128	 +/-  0.990873	(limited)
r9Eff	  = 0.441802	 +/-  0.894484	(limited)
vtxEff	  = -0.0575574	 +/-  0.94137	(limited)
At r = 2.692540:	delta(nll) = 6.52564
Minuit2Minimizer: Minimize with max-calls 5000 convergence for edm < 0.01 strategy 0
Minuit2Minimizer : Valid minimum - status = 0
FVAL  = -0.00162044590757297411
Edm   = 3.69618346988988555e-06
Nfcn  = 89
PhotonsMass_bkg_8TeV_ExpPAR1_cat2	  = 0.00273001	 +/-  0.000174544	(limited)
PhotonsMass_bkg_8TeV_ExpPAR2_cat2	  = -2.7146	 +/-  0.0786171	(limited)
eff_trig	  = -0.123704	 +/-  0.993685	(limited)
global_syst	  = -0.60575	 +/-  0.956378	(limited)
id_eff_ee	  = -0.319005	 +/-  0.979299	(limited)
lumi_8TeV	  = -0.319005	 +/-  0.979301	(limited)
mShift_cat2	  = 0	 +/-  0.989616	(limited)
mSmear_cat2	  = 0.0729215	 +/-  0.990985	(limited)
r9Eff	  = 0.459643	 +/-  0.875534	(limited)
vtxEff	  = -0.0601182	 +/-  0.93639	(limited)
At r = 2.763985:	delta(nll) = 6.84315
Minuit2Minimizer: Minimize with max-calls 5000 convergence for edm < 0.01 strategy 0
Minuit2Minimizer : Valid minimum - status = 0
FVAL  = -0.000408541561300089853
Edm   = 8.81333802213698093e-07
Nfcn  = 85
PhotonsMass_bkg_8TeV_ExpPAR1_cat2	  = 0.00272822	 +/-  0.000164317	(limited)
PhotonsMass_bkg_8TeV_ExpPAR2_cat2	  = -2.71397	 +/-  0.0831235	(limited)
eff_trig	  = -0.120583	 +/-  0.993902	(limited)
global_syst	  = -0.591632	 +/-  0.959883	(limited)
id_eff_ee	  = -0.311103	 +/-  0.980764	(limited)
lumi_8TeV	  = -0.311103	 +/-  0.980757	(limited)
mShift_cat2	  = 0	 +/-  0.989616	(limited)
mSmear_cat2	  = 0.0714395	 +/-  0.990892	(limited)
r9Eff	  = 0.450481	 +/-  0.88881	(limited)
vtxEff	  = -0.0587699	 +/-  0.938755	(limited)
At r = 2.728262:	delta(nll) = 6.68354
Minuit2Minimizer: Minimize with max-calls 5000 convergence for edm < 0.01 strategy 0
Minuit2Minimizer : Valid minimum - status = 0
FVAL  = -9.93630437888994716e-05
Edm   = 1.98241151859478244e-07
Nfcn  = 85
PhotonsMass_bkg_8TeV_ExpPAR1_cat2	  = 0.00272731	 +/-  0.000164488	(limited)
PhotonsMass_bkg_8TeV_ExpPAR2_cat2	  = -2.71364	 +/-  0.0829641	(limited)
eff_trig	  = -0.119175	 +/-  0.993946	(limited)
global_syst	  = -0.584562	 +/-  0.960885	(limited)
id_eff_ee	  = -0.307447	 +/-  0.980677	(limited)
lumi_8TeV	  = -0.307447	 +/-  0.980672	(limited)
mShift_cat2	  = 0	 +/-  0.989616	(limited)
mSmear_cat2	  = 0.0707835	 +/-  0.99088	(limited)
r9Eff	  = 0.446169	 +/-  0.881921	(limited)
vtxEff	  = -0.0581615	 +/-  0.939122	(limited)
At r = 2.710401:	delta(nll) = 6.60437
Restricting r to positive values.
  1) RooRealVar::                                MH = 500
  2) RooRealVar:: PhotonsMass_bkg_8TeV_ExpPAR1_cat2 = 0.0050747 +/- 0.0016183
  3) RooRealVar:: PhotonsMass_bkg_8TeV_ExpPAR2_cat2 = -1.45462 +/- 0.772414
  4) RooRealVar::         ReducedMass_sig_Nneg_cat2 = 0.228696 +/- 4.29964
  5) RooRealVar::         ReducedMass_sig_Npos_cat2 = 2 +/- 4.29068
  6) RooRealVar::   ReducedMass_sig_alphaCBneg_cat2 = 2.6 +/- 2.50187
  7) RooRealVar::   ReducedMass_sig_alphaCBpos_cat2 = -2.6 +/- 2.50187
  8) RooRealVar::         ReducedMass_sig_frac_cat2 = 0.5 +/- 0.420735
  9) RooRealVar::         ReducedMass_sig_mean_cat2 = 0 +/- 0.00841471
 10) RooRealVar::        ReducedMass_sig_sigma_cat2 = 0.0238 +/- 0.678606
 11) RooRealVar::                          eff_trig = 0
 12) RooRealVar::                       eff_trig_In = 0
 13) RooRealVar::                       global_syst = 0
 14) RooRealVar::                    global_syst_In = 0
 15) RooRealVar::                         id_eff_ee = 0
 16) RooRealVar::                      id_eff_ee_In = 0
 17) RooRealVar::                         lumi_8TeV = 0
 18) RooRealVar::                      lumi_8TeV_In = 0
 19) RooRealVar::                       mShift_cat2 = 0
 20) RooRealVar::                    mShift_cat2_In = 0
 21) RooRealVar::                       mSmear_cat2 = 0
 22) RooRealVar::                    mSmear_cat2_In = 0
 23) RooRealVar::            n_exp_bincat2_proc_bkg = 2796
 24) RooRealVar::                                 r = 2
 25) RooRealVar::                             r9Eff = 0
 26) RooRealVar::                          r9Eff_In = 0
 27) RooRealVar::                 rooSigmaCorr_cat2 = 0.832732
 28) RooRealVar::                            vtxEff = 0
 29) RooRealVar::                         vtxEff_In = 0

Make global fit of real data
[#1] INFO:NumericIntegration -- RooRealIntegral::init(shapeBkg_bkg_cat2_Int[PhotonsMass]) using numeric integrator RooIntegrator1D to calculate Int(PhotonsMass)
[#1] INFO:Caching -- RooAbsCachedPdf::getCache(shapeSig_sig_cat2) creating new cache 0x4118330 with pdf SigModelBW_cat2_CONV_ResAddPdf_cat2_CACHE_Obs[PhotonsMass] for nset (PhotonsMass) with code 1 from preexisting content.
Minuit2Minimizer: Minimize with max-calls 5500 convergence for edm < 0.01 strategy 0
Minuit2Minimizer : Valid minimum - status = 0
FVAL  = -3.99877883922151511
Edm   = 6.29579073444351872e-06
Nfcn  = 264
PhotonsMass_bkg_8TeV_ExpPAR1_cat2	  = 0.00470182	 +/-  0.0016811	(limited)
PhotonsMass_bkg_8TeV_ExpPAR2_cat2	  = -1.65585	 +/-  0.823849	(limited)
eff_trig	  = 0.000297535	 +/-  0.996106	(limited)
global_syst	  = -0.000655974	 +/-  0.98386	(limited)
id_eff_ee	  = 0.000407618	 +/-  0.991324	(limited)
lumi_8TeV	  = 0.000407618	 +/-  0.991324	(limited)
mShift_cat2	  = 0	 +/-  0.989616	(limited)
mSmear_cat2	  = -0.00486246	 +/-  0.993419	(limited)
r	  = 0.399738	 +/-  0.745305	(limited)
r9Eff	  = 0.000613187	 +/-  1.00131	(limited)
vtxEff	  = 4.85548e-05	 +/-  0.951591	(limited)
NLL at global minimum of data: -3466.29 (r = 0.399738)
   0) MH                             =       500
   1) PhotonsMass_bkg_8TeV_ExpPAR1_cat2 = 0.00470182
   2) PhotonsMass_bkg_8TeV_ExpPAR2_cat2 =  -1.65585
   3) ReducedMass_sig_Nneg_cat2      =  0.228696
   4) ReducedMass_sig_Npos_cat2      =         2
   5) ReducedMass_sig_alphaCBneg_cat2 =       2.6
   6) ReducedMass_sig_alphaCBpos_cat2 =      -2.6
   7) ReducedMass_sig_frac_cat2      =       0.5
   8) ReducedMass_sig_mean_cat2      =         0
   9) ReducedMass_sig_sigma_cat2     =    0.0238
  10) eff_trig                       = 0.000297535
  11) eff_trig_In                    =         0
  12) global_syst                    = -0.000655974
  13) global_syst_In                 =         0
  14) id_eff_ee                      = 0.000407618
  15) id_eff_ee_In                   =         0
  16) lumi_8TeV                      = 0.000407618
  17) lumi_8TeV_In                   =         0
  18) mShift_cat2                    =         0
  19) mShift_cat2_In                 =         0
  20) mSmear_cat2                    = -0.00486246
  21) mSmear_cat2_In                 =         0
  22) n_exp_bincat2_proc_bkg         =      2796
  23) r                              =  0.399738
  24) r9Eff                          = 0.000613187
  25) r9Eff_In                       =         0
  26) rooSigmaCorr_cat2              =  0.832732
  27) vtxEff                         = 4.85548e-05
  28) vtxEff_In                      =         0


Make global fit of asimov data
[#1] INFO:NumericIntegration -- RooRealIntegral::init(shapeBkg_bkg_cat2_Int[PhotonsMass]) using numeric integrator RooIntegrator1D to calculate Int(PhotonsMass)
[#1] INFO:Caching -- RooAbsCachedPdf::getCache(shapeSig_sig_cat2) creating new cache 0x4625d50 with pdf SigModelBW_cat2_CONV_ResAddPdf_cat2_CACHE_Obs[PhotonsMass] for nset (PhotonsMass) with code 1
Minuit2Minimizer: Minimize with max-calls 5500 convergence for edm < 0.01 strategy 0
Minuit2Minimizer : Valid minimum - status = 0
FVAL  = -0.165277454121581791
Edm   = 4.1966640911096885e-06
Nfcn  = 334
PhotonsMass_bkg_8TeV_ExpPAR1_cat2	  = 0.00511641	 +/-  0.00169982	(limited)
PhotonsMass_bkg_8TeV_ExpPAR2_cat2	  = -1.43449	 +/-  0.822282	(limited)
eff_trig	  = 0.000139295	 +/-  0.996302	(limited)
global_syst	  = 0.000643469	 +/-  0.991193	(limited)
id_eff_ee	  = 0.00035232	 +/-  0.99472	(limited)
lumi_8TeV	  = 0.00035232	 +/-  0.99472	(limited)
mShift_cat2	  = 0	 +/-  0.989616	(limited)
mSmear_cat2	  = -0.000177973	 +/-  0.989248	(limited)
r	  = 0.00323184	 +/-  13.8344	(limited)
r9Eff	  = -0.000920318	 +/-  0.989951	(limited)
vtxEff	  = 7.52008e-05	 +/-  0.994771	(limited)
NLL at global minimum of asimov: -3466.08 (r = 0.00323184)
   0) MH                             =       500
   1) PhotonsMass_bkg_8TeV_ExpPAR1_cat2 = 0.00511641
   2) PhotonsMass_bkg_8TeV_ExpPAR2_cat2 =  -1.43449
   3) ReducedMass_sig_Nneg_cat2      =  0.228696
   4) ReducedMass_sig_Npos_cat2      =         2
   5) ReducedMass_sig_alphaCBneg_cat2 =       2.6
   6) ReducedMass_sig_alphaCBpos_cat2 =      -2.6
   7) ReducedMass_sig_frac_cat2      =       0.5
   8) ReducedMass_sig_mean_cat2      =         0
   9) ReducedMass_sig_sigma_cat2     =    0.0238
  10) eff_trig                       = 0.000139295
  11) eff_trig_In                    =         0
  12) global_syst                    = 0.000643469
  13) global_syst_In                 =         0
  14) id_eff_ee                      = 0.00035232
  15) id_eff_ee_In                   =         0
  16) lumi_8TeV                      = 0.00035232
  17) lumi_8TeV_In                   =         0
  18) mShift_cat2                    =         0
  19) mShift_cat2_In                 =         0
  20) mSmear_cat2                    = -0.000177973
  21) mSmear_cat2_In                 =         0
  22) n_exp_bincat2_proc_bkg         =      2796
  23) r                              = 0.00323184
  24) r9Eff                          = -0.000920318
  25) r9Eff_In                       =         0
  26) rooSigmaCorr_cat2              =  0.832732
  27) vtxEff                         = 7.52008e-05
  28) vtxEff_In                      =         0

Minuit2Minimizer: Minimize with max-calls 5000 convergence for edm < 0.01 strategy 0
Minuit2Minimizer : Valid minimum - status = 0
FVAL  = -2.02847221935144484
Edm   = 3.16507239435691312e-07
Nfcn  = 268
PhotonsMass_bkg_8TeV_ExpPAR1_cat2	  = 0.00268906	 +/-  0.00167069	(limited)
PhotonsMass_bkg_8TeV_ExpPAR2_cat2	  = -2.73119	 +/-  0.806974	(limited)
eff_trig	  = -0.0981777	 +/-  0.992429	(limited)
global_syst	  = -0.480249	 +/-  0.965357	(limited)
id_eff_ee	  = -0.252882	 +/-  0.980964	(limited)
lumi_8TeV	  = -0.252882	 +/-  0.980965	(limited)
mShift_cat2	  = 0	 +/-  0.989616	(limited)
mSmear_cat2	  = 0.0316915	 +/-  0.994524	(limited)
r9Eff	  = 0.380634	 +/-  0.909209	(limited)
vtxEff	  = -0.0487628	 +/-  0.924037	(limited)
   0) MH                             =       500
   1) PhotonsMass_bkg_8TeV_ExpPAR1_cat2 = 0.00268906
   2) PhotonsMass_bkg_8TeV_ExpPAR2_cat2 =  -2.73119
   3) ReducedMass_sig_Nneg_cat2      =  0.228696
   4) ReducedMass_sig_Npos_cat2      =         2
   5) ReducedMass_sig_alphaCBneg_cat2 =       2.6
   6) ReducedMass_sig_alphaCBpos_cat2 =      -2.6
   7) ReducedMass_sig_frac_cat2      =       0.5
   8) ReducedMass_sig_mean_cat2      =         0
   9) ReducedMass_sig_sigma_cat2     =    0.0238
  10) eff_trig                       = -0.0981777
  11) eff_trig_In                    =         0
  12) global_syst                    = -0.480249
  13) global_syst_In                 =         0
  14) id_eff_ee                      = -0.252882
  15) id_eff_ee_In                   =         0
  16) lumi_8TeV                      = -0.252882
  17) lumi_8TeV_In                   =         0
  18) mShift_cat2                    =         0
  19) mShift_cat2_In                 =         0
  20) mSmear_cat2                    = 0.0316915
  21) mSmear_cat2_In                 =         0
  22) n_exp_bincat2_proc_bkg         =      2796
  23) r                              =   2.63565
  24) r9Eff                          =  0.380634
  25) r9Eff_In                       =         0
  26) rooSigmaCorr_cat2              =  0.832732
  27) vtxEff                         = -0.0487628
  28) vtxEff_In                      =         0

Minuit2Minimizer: Minimize with max-calls 5000 convergence for edm < 0.01 strategy 0
Minuit2Minimizer : Valid minimum - status = 0
FVAL  = -2.7870462336514783
Edm   = 3.58610595022715565e-07
Nfcn  = 297
PhotonsMass_bkg_8TeV_ExpPAR1_cat2	  = 0.00277054	 +/-  0.0016746	(limited)
PhotonsMass_bkg_8TeV_ExpPAR2_cat2	  = -2.68976	 +/-  0.804977	(limited)
eff_trig	  = -0.113394	 +/-  0.993028	(limited)
global_syst	  = -0.556721	 +/-  0.96467	(limited)
id_eff_ee	  = -0.292826	 +/-  0.98299	(limited)
lumi_8TeV	  = -0.292826	 +/-  0.982984	(limited)
mShift_cat2	  = 0	 +/-  0.989616	(limited)
mSmear_cat2	  = 0.0676362	 +/-  0.993616	(limited)
r9Eff	  = 0.429058	 +/-  0.893923	(limited)
vtxEff	  = -0.0557371	 +/-  0.916862	(limited)
   0) MH                             =       500
   1) PhotonsMass_bkg_8TeV_ExpPAR1_cat2 = 0.00277054
   2) PhotonsMass_bkg_8TeV_ExpPAR2_cat2 =  -2.68976
   3) ReducedMass_sig_Nneg_cat2      =  0.228696
   4) ReducedMass_sig_Npos_cat2      =         2
   5) ReducedMass_sig_alphaCBneg_cat2 =       2.6
   6) ReducedMass_sig_alphaCBpos_cat2 =      -2.6
   7) ReducedMass_sig_frac_cat2      =       0.5
   8) ReducedMass_sig_mean_cat2      =         0
   9) ReducedMass_sig_sigma_cat2     =    0.0238
  10) eff_trig                       = -0.113394
  11) eff_trig_In                    =         0
  12) global_syst                    = -0.556721
  13) global_syst_In                 =         0
  14) id_eff_ee                      = -0.292826
  15) id_eff_ee_In                   =         0
  16) lumi_8TeV                      = -0.292826
  17) lumi_8TeV_In                   =         0
  18) mShift_cat2                    =         0
  19) mShift_cat2_In                 =         0
  20) mSmear_cat2                    = 0.0676362
  21) mSmear_cat2_In                 =         0
  22) n_exp_bincat2_proc_bkg         =      2796
  23) r                              =   2.63565
  24) r9Eff                          =  0.429058
  25) r9Eff_In                       =         0
  26) rooSigmaCorr_cat2              =  0.832732
  27) vtxEff                         = -0.0557371
  28) vtxEff_In                      =         0

At r = 2.635654:	q_mu = 9.06128	q_A  = 12.55481	CLsb = 0.00131	CLb  = 0.70301	CLs  = 0.00186
Minuit2Minimizer: Minimize with max-calls 5000 convergence for edm < 0.01 strategy 0
Minuit2Minimizer : Valid minimum - status = 0
FVAL  = -0.50864307935579034
Edm   = 1.75532816008893735e-08
Nfcn  = 219
PhotonsMass_bkg_8TeV_ExpPAR1_cat2	  = 0.00361224	 +/-  0.00162836	(limited)
PhotonsMass_bkg_8TeV_ExpPAR2_cat2	  = -2.23702	 +/-  0.776626	(limited)
eff_trig	  = -0.0318363	 +/-  0.995727	(limited)
global_syst	  = -0.156149	 +/-  0.984374	(limited)
id_eff_ee	  = -0.0821315	 +/-  0.991531	(limited)
lumi_8TeV	  = -0.0821315	 +/-  0.991533	(limited)
mShift_cat2	  = 0	 +/-  0.989616	(limited)
mSmear_cat2	  = 0.00315104	 +/-  0.989777	(limited)
r9Eff	  = 0.111058	 +/-  1.05879	(limited)
vtxEff	  = -0.0169556	 +/-  0.986462	(limited)
   0) MH                             =       500
   1) PhotonsMass_bkg_8TeV_ExpPAR1_cat2 = 0.00361224
   2) PhotonsMass_bkg_8TeV_ExpPAR2_cat2 =  -2.23702
   3) ReducedMass_sig_Nneg_cat2      =  0.228696
   4) ReducedMass_sig_Npos_cat2      =         2
   5) ReducedMass_sig_alphaCBneg_cat2 =       2.6
   6) ReducedMass_sig_alphaCBpos_cat2 =      -2.6
   7) ReducedMass_sig_frac_cat2      =       0.5
   8) ReducedMass_sig_mean_cat2      =         0
   9) ReducedMass_sig_sigma_cat2     =    0.0238
  10) eff_trig                       = -0.0318363
  11) eff_trig_In                    =         0
  12) global_syst                    = -0.156149
  13) global_syst_In                 =         0
  14) id_eff_ee                      = -0.0821315
  15) id_eff_ee_In                   =         0
  16) lumi_8TeV                      = -0.0821315
  17) lumi_8TeV_In                   =         0
  18) mShift_cat2                    =         0
  19) mShift_cat2_In                 =         0
  20) mSmear_cat2                    = 0.00315104
  21) mSmear_cat2_In                 =         0
  22) n_exp_bincat2_proc_bkg         =      2796
  23) r                              =    1.5177
  24) r9Eff                          =  0.111058
  25) r9Eff_In                       =         0
  26) rooSigmaCorr_cat2              =  0.832732
  27) vtxEff                         = -0.0169556
  28) vtxEff_In                      =         0

Minuit2Minimizer: Minimize with max-calls 5000 convergence for edm < 0.01 strategy 0
Minuit2Minimizer : Valid minimum - status = 0
FVAL  = -0.506376287650239898
Edm   = 5.66200883408168174e-06
Nfcn  = 197
PhotonsMass_bkg_8TeV_ExpPAR1_cat2	  = 0.00366254	 +/-  0.00169532	(limited)
PhotonsMass_bkg_8TeV_ExpPAR2_cat2	  = -2.21174	 +/-  0.793962	(limited)
eff_trig	  = -0.0426873	 +/-  0.997068	(limited)
global_syst	  = -0.209226	 +/-  1.00509	(limited)
id_eff_ee	  = -0.110108	 +/-  0.999565	(limited)
lumi_8TeV	  = -0.110108	 +/-  0.999576	(limited)
mShift_cat2	  = 0	 +/-  0.989616	(limited)
mSmear_cat2	  = 0.0266711	 +/-  0.989862	(limited)
r9Eff	  = 0.158062	 +/-  1.08514	(limited)
vtxEff	  = -0.0224818	 +/-  0.98174	(limited)
   0) MH                             =       500
   1) PhotonsMass_bkg_8TeV_ExpPAR1_cat2 = 0.00366254
   2) PhotonsMass_bkg_8TeV_ExpPAR2_cat2 =  -2.21174
   3) ReducedMass_sig_Nneg_cat2      =  0.228696
   4) ReducedMass_sig_Npos_cat2      =         2
   5) ReducedMass_sig_alphaCBneg_cat2 =       2.6
   6) ReducedMass_sig_alphaCBpos_cat2 =      -2.6
   7) ReducedMass_sig_frac_cat2      =       0.5
   8) ReducedMass_sig_mean_cat2      =         0
   9) ReducedMass_sig_sigma_cat2     =    0.0238
  10) eff_trig                       = -0.0426873
  11) eff_trig_In                    =         0
  12) global_syst                    = -0.209226
  13) global_syst_In                 =         0
  14) id_eff_ee                      = -0.110108
  15) id_eff_ee_In                   =         0
  16) lumi_8TeV                      = -0.110108
  17) lumi_8TeV_In                   =         0
  18) mShift_cat2                    =         0
  19) mShift_cat2_In                 =         0
  20) mSmear_cat2                    = 0.0266711
  21) mSmear_cat2_In                 =         0
  22) n_exp_bincat2_proc_bkg         =      2796
  23) r                              =    1.5177
  24) r9Eff                          =  0.158062
  25) r9Eff_In                       =         0
  26) rooSigmaCorr_cat2              =  0.832732
  27) vtxEff                         = -0.0224818
  28) vtxEff_In                      =         0

At r = 1.517696:	q_mu = 2.43719	q_A  = 4.47835	CLsb = 0.05924	CLb  = 0.71057	CLs  = 0.08338
Minuit2Minimizer: Minimize with max-calls 5000 convergence for edm < 0.01 strategy 0
Minuit2Minimizer : Valid minimum - status = 0
FVAL  = -0.130398167495920786
Edm   = 5.9268625971363667e-07
Nfcn  = 201
PhotonsMass_bkg_8TeV_ExpPAR1_cat2	  = 0.00313202	 +/-  0.00162465	(limited)
PhotonsMass_bkg_8TeV_ExpPAR2_cat2	  = -2.49393	 +/-  0.77627	(limited)
eff_trig	  = -0.0615985	 +/-  0.994893	(limited)
global_syst	  = -0.302885	 +/-  0.971509	(limited)
id_eff_ee	  = -0.15904	 +/-  0.986495	(limited)
lumi_8TeV	  = -0.15904	 +/-  0.986499	(limited)
mShift_cat2	  = 0	 +/-  0.989616	(limited)
mSmear_cat2	  = 0.0155378	 +/-  0.991721	(limited)
r9Eff	  = 0.244449	 +/-  1.06609	(limited)
vtxEff	  = -0.0318349	 +/-  0.959063	(limited)
   0) MH                             =       500
   1) PhotonsMass_bkg_8TeV_ExpPAR1_cat2 = 0.00313202
   2) PhotonsMass_bkg_8TeV_ExpPAR2_cat2 =  -2.49393
   3) ReducedMass_sig_Nneg_cat2      =  0.228696
   4) ReducedMass_sig_Npos_cat2      =         2
   5) ReducedMass_sig_alphaCBneg_cat2 =       2.6
   6) ReducedMass_sig_alphaCBpos_cat2 =      -2.6
   7) ReducedMass_sig_frac_cat2      =       0.5
   8) ReducedMass_sig_mean_cat2      =         0
   9) ReducedMass_sig_sigma_cat2     =    0.0238
  10) eff_trig                       = -0.0615985
  11) eff_trig_In                    =         0
  12) global_syst                    = -0.302885
  13) global_syst_In                 =         0
  14) id_eff_ee                      =  -0.15904
  15) id_eff_ee_In                   =         0
  16) lumi_8TeV                      =  -0.15904
  17) lumi_8TeV_In                   =         0
  18) mShift_cat2                    =         0
  19) mShift_cat2_In                 =         0
  20) mSmear_cat2                    = 0.0155378
  21) mSmear_cat2_In                 =         0
  22) n_exp_bincat2_proc_bkg         =      2796
  23) r                              =   2.07667
  24) r9Eff                          =  0.244449
  25) r9Eff_In                       =         0
  26) rooSigmaCorr_cat2              =  0.832732
  27) vtxEff                         = -0.0318349
  28) vtxEff_In                      =         0

Minuit2Minimizer: Minimize with max-calls 5000 convergence for edm < 0.01 strategy 0
Minuit2Minimizer : Valid minimum - status = 0
FVAL  = -0.131024490718680997
Edm   = 5.33353910033986753e-06
Nfcn  = 181
PhotonsMass_bkg_8TeV_ExpPAR1_cat2	  = 0.00319664	 +/-  0.00165787	(limited)
PhotonsMass_bkg_8TeV_ExpPAR2_cat2	  = -2.46133	 +/-  0.802288	(limited)
eff_trig	  = -0.0749893	 +/-  0.994779	(limited)
global_syst	  = -0.368386	 +/-  0.972304	(limited)
id_eff_ee	  = -0.193749	 +/-  0.9862	(limited)
lumi_8TeV	  = -0.193749	 +/-  0.986211	(limited)
mShift_cat2	  = 0	 +/-  0.989616	(limited)
mSmear_cat2	  = 0.0457497	 +/-  0.990896	(limited)
r9Eff	  = 0.300018	 +/-  0.970256	(limited)
vtxEff	  = -0.0382482	 +/-  0.952669	(limited)
   0) MH                             =       500
   1) PhotonsMass_bkg_8TeV_ExpPAR1_cat2 = 0.00319664
   2) PhotonsMass_bkg_8TeV_ExpPAR2_cat2 =  -2.46133
   3) ReducedMass_sig_Nneg_cat2      =  0.228696
   4) ReducedMass_sig_Npos_cat2      =         2
   5) ReducedMass_sig_alphaCBneg_cat2 =       2.6
   6) ReducedMass_sig_alphaCBpos_cat2 =      -2.6
   7) ReducedMass_sig_frac_cat2      =       0.5
   8) ReducedMass_sig_mean_cat2      =         0
   9) ReducedMass_sig_sigma_cat2     =    0.0238
  10) eff_trig                       = -0.0749893
  11) eff_trig_In                    =         0
  12) global_syst                    = -0.368386
  13) global_syst_In                 =         0
  14) id_eff_ee                      = -0.193749
  15) id_eff_ee_In                   =         0
  16) lumi_8TeV                      = -0.193749
  17) lumi_8TeV_In                   =         0
  18) mShift_cat2                    =         0
  19) mShift_cat2_In                 =         0
  20) mSmear_cat2                    = 0.0457497
  21) mSmear_cat2_In                 =         0
  22) n_exp_bincat2_proc_bkg         =      2796
  23) r                              =   2.07667
  24) r9Eff                          =  0.300018
  25) r9Eff_In                       =         0
  26) rooSigmaCorr_cat2              =  0.832732
  27) vtxEff                         = -0.0382482
  28) vtxEff_In                      =         0

At r = 2.076675:	q_mu = 5.29582	q_A  = 8.09446	CLsb = 0.01069	CLb  = 0.70671	CLs  = 0.01512
Minuit2Minimizer: Minimize with max-calls 5000 convergence for edm < 0.01 strategy 0
Minuit2Minimizer : Valid minimum - status = 0
FVAL  = -0.0407545638108329777
Edm   = 1.1054597874749468e-07
Nfcn  = 180
PhotonsMass_bkg_8TeV_ExpPAR1_cat2	  = 0.00339538	 +/-  0.00164713	(limited)
PhotonsMass_bkg_8TeV_ExpPAR2_cat2	  = -2.353	 +/-  0.78512	(limited)
eff_trig	  = -0.0440343	 +/-  0.995706	(limited)
global_syst	  = -0.215855	 +/-  0.983709	(limited)
id_eff_ee	  = -0.113572	 +/-  0.991757	(limited)
lumi_8TeV	  = -0.113572	 +/-  0.991763	(limited)
mShift_cat2	  = 0	 +/-  0.989616	(limited)
mSmear_cat2	  = 0.00808624	 +/-  0.990566	(limited)
r9Eff	  = 0.165144	 +/-  1.08945	(limited)
vtxEff	  = -0.0231696	 +/-  0.975493	(limited)
   0) MH                             =       500
   1) PhotonsMass_bkg_8TeV_ExpPAR1_cat2 = 0.00339538
   2) PhotonsMass_bkg_8TeV_ExpPAR2_cat2 =    -2.353
   3) ReducedMass_sig_Nneg_cat2      =  0.228696
   4) ReducedMass_sig_Npos_cat2      =         2
   5) ReducedMass_sig_alphaCBneg_cat2 =       2.6
   6) ReducedMass_sig_alphaCBpos_cat2 =      -2.6
   7) ReducedMass_sig_frac_cat2      =       0.5
   8) ReducedMass_sig_mean_cat2      =         0
   9) ReducedMass_sig_sigma_cat2     =    0.0238
  10) eff_trig                       = -0.0440343
  11) eff_trig_In                    =         0
  12) global_syst                    = -0.215855
  13) global_syst_In                 =         0
  14) id_eff_ee                      = -0.113572
  15) id_eff_ee_In                   =         0
  16) lumi_8TeV                      = -0.113572
  17) lumi_8TeV_In                   =         0
  18) mShift_cat2                    =         0
  19) mShift_cat2_In                 =         0
  20) mSmear_cat2                    = 0.00808624
  21) mSmear_cat2_In                 =         0
  22) n_exp_bincat2_proc_bkg         =      2796
  23) r                              =   1.76344
  24) r9Eff                          =  0.165144
  25) r9Eff_In                       =         0
  26) rooSigmaCorr_cat2              =  0.832732
  27) vtxEff                         = -0.0231696
  28) vtxEff_In                      =         0

Minuit2Minimizer: Minimize with max-calls 5000 convergence for edm < 0.01 strategy 0
Minuit2Minimizer : Valid minimum - status = 0
FVAL  = -0.0415448410515847702
Edm   = 5.655504864729176e-08
Nfcn  = 179
PhotonsMass_bkg_8TeV_ExpPAR1_cat2	  = 0.00345214	 +/-  0.00163674	(limited)
PhotonsMass_bkg_8TeV_ExpPAR2_cat2	  = -2.32416	 +/-  0.778657	(limited)
eff_trig	  = -0.0559738	 +/-  0.995554	(limited)
global_syst	  = -0.274409	 +/-  0.982685	(limited)
id_eff_ee	  = -0.144367	 +/-  0.990859	(limited)
lumi_8TeV	  = -0.144367	 +/-  0.990865	(limited)
mShift_cat2	  = 0	 +/-  0.989616	(limited)
mSmear_cat2	  = 0.034599	 +/-  0.99	(limited)
r9Eff	  = 0.219282	 +/-  1.06746	(limited)
vtxEff	  = -0.0290856	 +/-  0.969643	(limited)
   0) MH                             =       500
   1) PhotonsMass_bkg_8TeV_ExpPAR1_cat2 = 0.00345214
   2) PhotonsMass_bkg_8TeV_ExpPAR2_cat2 =  -2.32416
   3) ReducedMass_sig_Nneg_cat2      =  0.228696
   4) ReducedMass_sig_Npos_cat2      =         2
   5) ReducedMass_sig_alphaCBneg_cat2 =       2.6
   6) ReducedMass_sig_alphaCBpos_cat2 =      -2.6
   7) ReducedMass_sig_frac_cat2      =       0.5
   8) ReducedMass_sig_mean_cat2      =         0
   9) ReducedMass_sig_sigma_cat2     =    0.0238
  10) eff_trig                       = -0.0559738
  11) eff_trig_In                    =         0
  12) global_syst                    = -0.274409
  13) global_syst_In                 =         0
  14) id_eff_ee                      = -0.144367
  15) id_eff_ee_In                   =         0
  16) lumi_8TeV                      = -0.144367
  17) lumi_8TeV_In                   =         0
  18) mShift_cat2                    =         0
  19) mShift_cat2_In                 =         0
  20) mSmear_cat2                    =  0.034599
  21) mSmear_cat2_In                 =         0
  22) n_exp_bincat2_proc_bkg         =      2796
  23) r                              =   1.76344
  24) r9Eff                          =  0.219282
  25) r9Eff_In                       =         0
  26) rooSigmaCorr_cat2              =  0.832732
  27) vtxEff                         = -0.0290856
  28) vtxEff_In                      =         0

At r = 1.763438:	q_mu = 3.57331	q_A  = 5.95580	CLsb = 0.02936	CLb  = 0.70889	CLs  = 0.04141
Minuit2Minimizer: Minimize with max-calls 5000 convergence for edm < 0.01 strategy 0
Minuit2Minimizer : Valid minimum - status = 0
FVAL  = -0.00433937408813992506
Edm   = 2.45498682362559053e-06
Nfcn  = 135
PhotonsMass_bkg_8TeV_ExpPAR1_cat2	  = 0.00348557	 +/-  0.00165336	(limited)
PhotonsMass_bkg_8TeV_ExpPAR2_cat2	  = -2.30496	 +/-  0.785163	(limited)
eff_trig	  = -0.0387834	 +/-  0.995811	(limited)
global_syst	  = -0.190525	 +/-  0.9829	(limited)
id_eff_ee	  = -0.100195	 +/-  0.992649	(limited)
lumi_8TeV	  = -0.100195	 +/-  0.992652	(limited)
mShift_cat2	  = 0	 +/-  0.989616	(limited)
mSmear_cat2	  = 0.00592058	 +/-  0.990659	(limited)
r9Eff	  = 0.139898	 +/-  1.079	(limited)
vtxEff	  = -0.0205046	 +/-  0.976464	(limited)
   0) MH                             =       500
   1) PhotonsMass_bkg_8TeV_ExpPAR1_cat2 = 0.00348557
   2) PhotonsMass_bkg_8TeV_ExpPAR2_cat2 =  -2.30496
   3) ReducedMass_sig_Nneg_cat2      =  0.228696
   4) ReducedMass_sig_Npos_cat2      =         2
   5) ReducedMass_sig_alphaCBneg_cat2 =       2.6
   6) ReducedMass_sig_alphaCBpos_cat2 =      -2.6
   7) ReducedMass_sig_frac_cat2      =       0.5
   8) ReducedMass_sig_mean_cat2      =         0
   9) ReducedMass_sig_sigma_cat2     =    0.0238
  10) eff_trig                       = -0.0387834
  11) eff_trig_In                    =         0
  12) global_syst                    = -0.190525
  13) global_syst_In                 =         0
  14) id_eff_ee                      = -0.100195
  15) id_eff_ee_In                   =         0
  16) lumi_8TeV                      = -0.100195
  17) lumi_8TeV_In                   =         0
  18) mShift_cat2                    =         0
  19) mShift_cat2_In                 =         0
  20) mSmear_cat2                    = 0.00592058
  21) mSmear_cat2_In                 =         0
  22) n_exp_bincat2_proc_bkg         =      2796
  23) r                              =   1.66136
  24) r9Eff                          =  0.139898
  25) r9Eff_In                       =         0
  26) rooSigmaCorr_cat2              =  0.832732
  27) vtxEff                         = -0.0205046
  28) vtxEff_In                      =         0

Minuit2Minimizer: Minimize with max-calls 5000 convergence for edm < 0.01 strategy 0
Minuit2Minimizer : Valid minimum - status = 0
FVAL  = -0.00435587410965649312
Edm   = 6.33394036321528996e-06
Nfcn  = 135
PhotonsMass_bkg_8TeV_ExpPAR1_cat2	  = 0.00353868	 +/-  0.00165709	(limited)
PhotonsMass_bkg_8TeV_ExpPAR2_cat2	  = -2.27806	 +/-  0.786906	(limited)
eff_trig	  = -0.0502582	 +/-  0.995532	(limited)
global_syst	  = -0.246949	 +/-  0.981118	(limited)
id_eff_ee	  = -0.129842	 +/-  0.990664	(limited)
lumi_8TeV	  = -0.129843	 +/-  0.990655	(limited)
mShift_cat2	  = 0	 +/-  0.989616	(limited)
mSmear_cat2	  = 0.031193	 +/-  0.990053	(limited)
r9Eff	  = 0.190389	 +/-  1.04992	(limited)
vtxEff	  = -0.0262527	 +/-  0.970677	(limited)
   0) MH                             =       500
   1) PhotonsMass_bkg_8TeV_ExpPAR1_cat2 = 0.00353868
   2) PhotonsMass_bkg_8TeV_ExpPAR2_cat2 =  -2.27806
   3) ReducedMass_sig_Nneg_cat2      =  0.228696
   4) ReducedMass_sig_Npos_cat2      =         2
   5) ReducedMass_sig_alphaCBneg_cat2 =       2.6
   6) ReducedMass_sig_alphaCBpos_cat2 =      -2.6
   7) ReducedMass_sig_frac_cat2      =       0.5
   8) ReducedMass_sig_mean_cat2      =         0
   9) ReducedMass_sig_sigma_cat2     =    0.0238
  10) eff_trig                       = -0.0502582
  11) eff_trig_In                    =         0
  12) global_syst                    = -0.246949
  13) global_syst_In                 =         0
  14) id_eff_ee                      = -0.129842
  15) id_eff_ee_In                   =         0
  16) lumi_8TeV                      = -0.129843
  17) lumi_8TeV_In                   =         0
  18) mShift_cat2                    =         0
  19) mShift_cat2_In                 =         0
  20) mSmear_cat2                    =  0.031193
  21) mSmear_cat2_In                 =         0
  22) n_exp_bincat2_proc_bkg         =      2796
  23) r                              =   1.66136
  24) r9Eff                          =  0.190389
  25) r9Eff_In                       =         0
  26) rooSigmaCorr_cat2              =  0.832732
  27) vtxEff                         = -0.0262527
  28) vtxEff_In                      =         0

At r = 1.661356:	q_mu = 3.07752	q_A  = 5.31985	CLsb = 0.03969	CLb  = 0.70959	CLs  = 0.05593
Minuit2Minimizer: Minimize with max-calls 5000 convergence for edm < 0.01 strategy 0
Minuit2Minimizer : Valid minimum - status = 0
FVAL  = -0.000628777206120399138
Edm   = 3.29672503523989413e-06
Nfcn  = 88
PhotonsMass_bkg_8TeV_ExpPAR1_cat2	  = 0.00348749	 +/-  0.000175398	(limited)
PhotonsMass_bkg_8TeV_ExpPAR2_cat2	  = -2.30638	 +/-  0.0781128	(limited)
eff_trig	  = -0.041779	 +/-  0.995437	(limited)
global_syst	  = -0.204692	 +/-  0.978956	(limited)
id_eff_ee	  = -0.107748	 +/-  0.98959	(limited)
lumi_8TeV	  = -0.107748	 +/-  0.989591	(limited)
mShift_cat2	  = 0	 +/-  0.989616	(limited)
mSmear_cat2	  = 0.0068965	 +/-  0.990786	(limited)
r9Eff	  = 0.154639	 +/-  1.08931	(limited)
vtxEff	  = -0.0220327	 +/-  0.973928	(limited)
   0) MH                             =       500
   1) PhotonsMass_bkg_8TeV_ExpPAR1_cat2 = 0.00348749
   2) PhotonsMass_bkg_8TeV_ExpPAR2_cat2 =  -2.30638
   3) ReducedMass_sig_Nneg_cat2      =  0.228696
   4) ReducedMass_sig_Npos_cat2      =         2
   5) ReducedMass_sig_alphaCBneg_cat2 =       2.6
   6) ReducedMass_sig_alphaCBpos_cat2 =      -2.6
   7) ReducedMass_sig_frac_cat2      =       0.5
   8) ReducedMass_sig_mean_cat2      =         0
   9) ReducedMass_sig_sigma_cat2     =    0.0238
  10) eff_trig                       = -0.041779
  11) eff_trig_In                    =         0
  12) global_syst                    = -0.204692
  13) global_syst_In                 =         0
  14) id_eff_ee                      = -0.107748
  15) id_eff_ee_In                   =         0
  16) lumi_8TeV                      = -0.107748
  17) lumi_8TeV_In                   =         0
  18) mShift_cat2                    =         0
  19) mShift_cat2_In                 =         0
  20) mSmear_cat2                    = 0.0068965
  21) mSmear_cat2_In                 =         0
  22) n_exp_bincat2_proc_bkg         =      2796
  23) r                              =   1.71225
  24) r9Eff                          =  0.154639
  25) r9Eff_In                       =         0
  26) rooSigmaCorr_cat2              =  0.832732
  27) vtxEff                         = -0.0220327
  28) vtxEff_In                      =         0

Minuit2Minimizer: Minimize with max-calls 5000 convergence for edm < 0.01 strategy 0
Minuit2Minimizer : Valid minimum - status = 0
FVAL  = -0.00065575609182805185
Edm   = 2.72664374832771637e-06
Nfcn  = 85
PhotonsMass_bkg_8TeV_ExpPAR1_cat2	  = 0.00354052	 +/-  0.000174047	(limited)
PhotonsMass_bkg_8TeV_ExpPAR2_cat2	  = -2.2794	 +/-  0.0778601	(limited)
eff_trig	  = -0.0534006	 +/-  0.995408	(limited)
global_syst	  = -0.261659	 +/-  0.977564	(limited)
id_eff_ee	  = -0.137728	 +/-  0.989285	(limited)
lumi_8TeV	  = -0.137728	 +/-  0.989292	(limited)
mShift_cat2	  = 0	 +/-  0.989616	(limited)
mSmear_cat2	  = 0.0327797	 +/-  0.990212	(limited)
r9Eff	  = 0.207466	 +/-  1.06796	(limited)
vtxEff	  = -0.0278188	 +/-  0.968107	(limited)
   0) MH                             =       500
   1) PhotonsMass_bkg_8TeV_ExpPAR1_cat2 = 0.00354052
   2) PhotonsMass_bkg_8TeV_ExpPAR2_cat2 =   -2.2794
   3) ReducedMass_sig_Nneg_cat2      =  0.228696
   4) ReducedMass_sig_Npos_cat2      =         2
   5) ReducedMass_sig_alphaCBneg_cat2 =       2.6
   6) ReducedMass_sig_alphaCBpos_cat2 =      -2.6
   7) ReducedMass_sig_frac_cat2      =       0.5
   8) ReducedMass_sig_mean_cat2      =         0
   9) ReducedMass_sig_sigma_cat2     =    0.0238
  10) eff_trig                       = -0.0534006
  11) eff_trig_In                    =         0
  12) global_syst                    = -0.261659
  13) global_syst_In                 =         0
  14) id_eff_ee                      = -0.137728
  15) id_eff_ee_In                   =         0
  16) lumi_8TeV                      = -0.137728
  17) lumi_8TeV_In                   =         0
  18) mShift_cat2                    =         0
  19) mShift_cat2_In                 =         0
  20) mSmear_cat2                    = 0.0327797
  21) mSmear_cat2_In                 =         0
  22) n_exp_bincat2_proc_bkg         =      2796
  23) r                              =   1.71225
  24) r9Eff                          =  0.207466
  25) r9Eff_In                       =         0
  26) rooSigmaCorr_cat2              =  0.832732
  27) vtxEff                         = -0.0278188
  28) vtxEff_In                      =         0

At r = 1.712247:	q_mu = 3.32136	q_A  = 5.63377	CLsb = 0.03419	CLb  = 0.70922	CLs  = 0.04821
Minuit2Minimizer: Minimize with max-calls 5000 convergence for edm < 0.01 strategy 0
Minuit2Minimizer : Valid minimum - status = 0
FVAL  = -0.000111831506085502587
Edm   = 1.10968070908932529e-06
Nfcn  = 84
PhotonsMass_bkg_8TeV_ExpPAR1_cat2	  = 0.00348619	 +/-  0.000163491	(limited)
PhotonsMass_bkg_8TeV_ExpPAR2_cat2	  = -2.30604	 +/-  0.0861048	(limited)
eff_trig	  = -0.0404475	 +/-  0.995464	(limited)
global_syst	  = -0.198402	 +/-  0.979722	(limited)
id_eff_ee	  = -0.104347	 +/-  0.989751	(limited)
lumi_8TeV	  = -0.104347	 +/-  0.989752	(limited)
mShift_cat2	  = 0	 +/-  0.989616	(limited)
mSmear_cat2	  = 0.00645568	 +/-  0.990731	(limited)
r9Eff	  = 0.14869	 +/-  1.08154	(limited)
vtxEff	  = -0.0213597	 +/-  0.974866	(limited)
   0) MH                             =       500
   1) PhotonsMass_bkg_8TeV_ExpPAR1_cat2 = 0.00348619
   2) PhotonsMass_bkg_8TeV_ExpPAR2_cat2 =  -2.30604
   3) ReducedMass_sig_Nneg_cat2      =  0.228696
   4) ReducedMass_sig_Npos_cat2      =         2
   5) ReducedMass_sig_alphaCBneg_cat2 =       2.6
   6) ReducedMass_sig_alphaCBpos_cat2 =      -2.6
   7) ReducedMass_sig_frac_cat2      =       0.5
   8) ReducedMass_sig_mean_cat2      =         0
   9) ReducedMass_sig_sigma_cat2     =    0.0238
  10) eff_trig                       = -0.0404475
  11) eff_trig_In                    =         0
  12) global_syst                    = -0.198402
  13) global_syst_In                 =         0
  14) id_eff_ee                      = -0.104347
  15) id_eff_ee_In                   =         0
  16) lumi_8TeV                      = -0.104347
  17) lumi_8TeV_In                   =         0
  18) mShift_cat2                    =         0
  19) mShift_cat2_In                 =         0
  20) mSmear_cat2                    = 0.00645568
  21) mSmear_cat2_In                 =         0
  22) n_exp_bincat2_proc_bkg         =      2796
  23) r                              =   1.69209
  24) r9Eff                          =   0.14869
  25) r9Eff_In                       =         0
  26) rooSigmaCorr_cat2              =  0.832732
  27) vtxEff                         = -0.0213597
  28) vtxEff_In                      =         0

Minuit2Minimizer: Minimize with max-calls 5000 convergence for edm < 0.01 strategy 0
Minuit2Minimizer : Valid minimum - status = 0
FVAL  = -0.000115540562438869426
Edm   = 1.03053320710797001e-06
Nfcn  = 84
PhotonsMass_bkg_8TeV_ExpPAR1_cat2	  = 0.00353924	 +/-  0.00016294	(limited)
PhotonsMass_bkg_8TeV_ExpPAR2_cat2	  = -2.27906	 +/-  0.0853291	(limited)
eff_trig	  = -0.0520234	 +/-  0.995349	(limited)
global_syst	  = -0.255171	 +/-  0.977854	(limited)
id_eff_ee	  = -0.134209	 +/-  0.989102	(limited)
lumi_8TeV	  = -0.134209	 +/-  0.989108	(limited)
mShift_cat2	  = 0	 +/-  0.989616	(limited)
mSmear_cat2	  = 0.0320796	 +/-  0.990084	(limited)
r9Eff	  = 0.201257	 +/-  1.05864	(limited)
vtxEff	  = -0.0271397	 +/-  0.96907	(limited)
   0) MH                             =       500
   1) PhotonsMass_bkg_8TeV_ExpPAR1_cat2 = 0.00353924
   2) PhotonsMass_bkg_8TeV_ExpPAR2_cat2 =  -2.27906
   3) ReducedMass_sig_Nneg_cat2      =  0.228696
   4) ReducedMass_sig_Npos_cat2      =         2
   5) ReducedMass_sig_alphaCBneg_cat2 =       2.6
   6) ReducedMass_sig_alphaCBpos_cat2 =      -2.6
   7) ReducedMass_sig_frac_cat2      =       0.5
   8) ReducedMass_sig_mean_cat2      =         0
   9) ReducedMass_sig_sigma_cat2     =    0.0238
  10) eff_trig                       = -0.0520234
  11) eff_trig_In                    =         0
  12) global_syst                    = -0.255171
  13) global_syst_In                 =         0
  14) id_eff_ee                      = -0.134209
  15) id_eff_ee_In                   =         0
  16) lumi_8TeV                      = -0.134209
  17) lumi_8TeV_In                   =         0
  18) mShift_cat2                    =         0
  19) mShift_cat2_In                 =         0
  20) mSmear_cat2                    = 0.0320796
  21) mSmear_cat2_In                 =         0
  22) n_exp_bincat2_proc_bkg         =      2796
  23) r                              =   1.69209
  24) r9Eff                          =  0.201257
  25) r9Eff_In                       =         0
  26) rooSigmaCorr_cat2              =  0.832732
  27) vtxEff                         = -0.0271397
  28) vtxEff_In                      =         0

At r = 1.692090:	q_mu = 3.22357	q_A  = 5.50831	CLsb = 0.03629	CLb  = 0.70937	CLs  = 0.05116
Minuit2Minimizer: Minimize with max-calls 5000 convergence for edm < 0.01 strategy 0
Minuit2Minimizer : Valid minimum - status = 0
FVAL  = -3.48690718584519427e-05
Edm   = 3.26449897319720094e-06
Nfcn  = 85
PhotonsMass_bkg_8TeV_ExpPAR1_cat2	  = 0.00348607	 +/-  0.000222595	(limited)
PhotonsMass_bkg_8TeV_ExpPAR2_cat2	  = -2.30654	 +/-  0.0890731	(limited)
eff_trig	  = -0.041304	 +/-  0.995301	(limited)
global_syst	  = -0.202475	 +/-  0.976386	(limited)
id_eff_ee	  = -0.10654	 +/-  0.988737	(limited)
lumi_8TeV	  = -0.10654	 +/-  0.988737	(limited)
mShift_cat2	  = 0	 +/-  0.989616	(limited)
mSmear_cat2	  = 0.00675473	 +/-  0.990759	(limited)
r9Eff	  = 0.152437	 +/-  1.08215	(limited)
vtxEff	  = -0.0217927	 +/-  0.974365	(limited)
   0) MH                             =       500
   1) PhotonsMass_bkg_8TeV_ExpPAR1_cat2 = 0.00348607
   2) PhotonsMass_bkg_8TeV_ExpPAR2_cat2 =  -2.30654
   3) ReducedMass_sig_Nneg_cat2      =  0.228696
   4) ReducedMass_sig_Npos_cat2      =         2
   5) ReducedMass_sig_alphaCBneg_cat2 =       2.6
   6) ReducedMass_sig_alphaCBpos_cat2 =      -2.6
   7) ReducedMass_sig_frac_cat2      =       0.5
   8) ReducedMass_sig_mean_cat2      =         0
   9) ReducedMass_sig_sigma_cat2     =    0.0238
  10) eff_trig                       = -0.041304
  11) eff_trig_In                    =         0
  12) global_syst                    = -0.202475
  13) global_syst_In                 =         0
  14) id_eff_ee                      =  -0.10654
  15) id_eff_ee_In                   =         0
  16) lumi_8TeV                      =  -0.10654
  17) lumi_8TeV_In                   =         0
  18) mShift_cat2                    =         0
  19) mShift_cat2_In                 =         0
  20) mSmear_cat2                    = 0.00675473
  21) mSmear_cat2_In                 =         0
  22) n_exp_bincat2_proc_bkg         =      2796
  23) r                              =   1.70236
  24) r9Eff                          =  0.152437
  25) r9Eff_In                       =         0
  26) rooSigmaCorr_cat2              =  0.832732
  27) vtxEff                         = -0.0217927
  28) vtxEff_In                      =         0

Minuit2Minimizer: Minimize with max-calls 5000 convergence for edm < 0.01 strategy 0
Minuit2Minimizer : Valid minimum - status = 0
FVAL  = -3.55677017261780536e-05
Edm   = 2.63555542653176443e-06
Nfcn  = 85
PhotonsMass_bkg_8TeV_ExpPAR1_cat2	  = 0.00353919	 +/-  0.000212762	(limited)
PhotonsMass_bkg_8TeV_ExpPAR2_cat2	  = -2.27952	 +/-  0.0849465	(limited)
eff_trig	  = -0.0528936	 +/-  0.995239	(limited)
global_syst	  = -0.259302	 +/-  0.975537	(limited)
id_eff_ee	  = -0.136437	 +/-  0.988395	(limited)
lumi_8TeV	  = -0.136436	 +/-  0.988396	(limited)
mShift_cat2	  = 0	 +/-  0.989616	(limited)
mSmear_cat2	  = 0.0325417	 +/-  0.990151	(limited)
r9Eff	  = 0.205093	 +/-  1.05971	(limited)
vtxEff	  = -0.0275692	 +/-  0.968573	(limited)
   0) MH                             =       500
   1) PhotonsMass_bkg_8TeV_ExpPAR1_cat2 = 0.00353919
   2) PhotonsMass_bkg_8TeV_ExpPAR2_cat2 =  -2.27952
   3) ReducedMass_sig_Nneg_cat2      =  0.228696
   4) ReducedMass_sig_Npos_cat2      =         2
   5) ReducedMass_sig_alphaCBneg_cat2 =       2.6
   6) ReducedMass_sig_alphaCBpos_cat2 =      -2.6
   7) ReducedMass_sig_frac_cat2      =       0.5
   8) ReducedMass_sig_mean_cat2      =         0
   9) ReducedMass_sig_sigma_cat2     =    0.0238
  10) eff_trig                       = -0.0528936
  11) eff_trig_In                    =         0
  12) global_syst                    = -0.259302
  13) global_syst_In                 =         0
  14) id_eff_ee                      = -0.136437
  15) id_eff_ee_In                   =         0
  16) lumi_8TeV                      = -0.136436
  17) lumi_8TeV_In                   =         0
  18) mShift_cat2                    =         0
  19) mShift_cat2_In                 =         0
  20) mSmear_cat2                    = 0.0325417
  21) mSmear_cat2_In                 =         0
  22) n_exp_bincat2_proc_bkg         =      2796
  23) r                              =   1.70236
  24) r9Eff                          =  0.205093
  25) r9Eff_In                       =         0
  26) rooSigmaCorr_cat2              =  0.832732
  27) vtxEff                         = -0.0275692
  28) vtxEff_In                      =         0

At r = 1.702357:	q_mu = 3.27317	q_A  = 5.57202	CLsb = 0.03521	CLb  = 0.70929	CLs  = 0.04964
Minuit2Minimizer: Minimize with max-calls 5000 convergence for edm < 0.01 strategy 0
Minuit2Minimizer : Valid minimum - status = 0
FVAL  = -8.67273907985627998e-06
Edm   = 3.0171915187881841e-06
Nfcn  = 63
PhotonsMass_bkg_8TeV_ExpPAR1_cat2	  = 0.00348562	 +/-  0.000190675	(limited)
PhotonsMass_bkg_8TeV_ExpPAR2_cat2	  = -2.3065	 +/-  0.0755696	(limited)
eff_trig	  = -0.0409226	 +/-  0.99696	(limited)
global_syst	  = -0.200692	 +/-  1.00652	(limited)
id_eff_ee	  = -0.105568	 +/-  0.999139	(limited)
lumi_8TeV	  = -0.105568	 +/-  0.999157	(limited)
mShift_cat2	  = 0	 +/-  0.989616	(limited)
mSmear_cat2	  = 0.00662814	 +/-  0.991003	(limited)
r9Eff	  = 0.150784	 +/-  1.10484	(limited)
vtxEff	  = -0.0215999	 +/-  0.974988	(limited)
   0) MH                             =       500
   1) PhotonsMass_bkg_8TeV_ExpPAR1_cat2 = 0.00348562
   2) PhotonsMass_bkg_8TeV_ExpPAR2_cat2 =   -2.3065
   3) ReducedMass_sig_Nneg_cat2      =  0.228696
   4) ReducedMass_sig_Npos_cat2      =         2
   5) ReducedMass_sig_alphaCBneg_cat2 =       2.6
   6) ReducedMass_sig_alphaCBpos_cat2 =      -2.6
   7) ReducedMass_sig_frac_cat2      =       0.5
   8) ReducedMass_sig_mean_cat2      =         0
   9) ReducedMass_sig_sigma_cat2     =    0.0238
  10) eff_trig                       = -0.0409226
  11) eff_trig_In                    =         0
  12) global_syst                    = -0.200692
  13) global_syst_In                 =         0
  14) id_eff_ee                      = -0.105568
  15) id_eff_ee_In                   =         0
  16) lumi_8TeV                      = -0.105568
  17) lumi_8TeV_In                   =         0
  18) mShift_cat2                    =         0
  19) mShift_cat2_In                 =         0
  20) mSmear_cat2                    = 0.00662814
  21) mSmear_cat2_In                 =         0
  22) n_exp_bincat2_proc_bkg         =      2796
  23) r                              =   1.69835
  24) r9Eff                          =  0.150784
  25) r9Eff_In                       =         0
  26) rooSigmaCorr_cat2              =  0.832732
  27) vtxEff                         = -0.0215999
  28) vtxEff_In                      =         0

Minuit2Minimizer: Minimize with max-calls 5000 convergence for edm < 0.01 strategy 0
Minuit2Minimizer : Valid minimum - status = 0
FVAL  = -8.08376212205354607e-06
Edm   = 2.73860710307795282e-06
Nfcn  = 63
PhotonsMass_bkg_8TeV_ExpPAR1_cat2	  = 0.00353876	 +/-  0.000189845	(limited)
PhotonsMass_bkg_8TeV_ExpPAR2_cat2	  = -2.27947	 +/-  0.0753622	(limited)
eff_trig	  = -0.0525366	 +/-  0.996866	(limited)
global_syst	  = -0.257639	 +/-  1.00398	(limited)
id_eff_ee	  = -0.135527	 +/-  0.998444	(limited)
lumi_8TeV	  = -0.135527	 +/-  0.998442	(limited)
mShift_cat2	  = 0	 +/-  0.989616	(limited)
mSmear_cat2	  = 0.0323619	 +/-  0.990715	(limited)
r9Eff	  = 0.203535	 +/-  1.08163	(limited)
vtxEff	  = -0.027393	 +/-  0.969181	(limited)
   0) MH                             =       500
   1) PhotonsMass_bkg_8TeV_ExpPAR1_cat2 = 0.00353876
   2) PhotonsMass_bkg_8TeV_ExpPAR2_cat2 =  -2.27947
   3) ReducedMass_sig_Nneg_cat2      =  0.228696
   4) ReducedMass_sig_Npos_cat2      =         2
   5) ReducedMass_sig_alphaCBneg_cat2 =       2.6
   6) ReducedMass_sig_alphaCBpos_cat2 =      -2.6
   7) ReducedMass_sig_frac_cat2      =       0.5
   8) ReducedMass_sig_mean_cat2      =         0
   9) ReducedMass_sig_sigma_cat2     =    0.0238
  10) eff_trig                       = -0.0525366
  11) eff_trig_In                    =         0
  12) global_syst                    = -0.257639
  13) global_syst_In                 =         0
  14) id_eff_ee                      = -0.135527
  15) id_eff_ee_In                   =         0
  16) lumi_8TeV                      = -0.135527
  17) lumi_8TeV_In                   =         0
  18) mShift_cat2                    =         0
  19) mShift_cat2_In                 =         0
  20) mSmear_cat2                    = 0.0323619
  21) mSmear_cat2_In                 =         0
  22) n_exp_bincat2_proc_bkg         =      2796
  23) r                              =   1.69835
  24) r9Eff                          =  0.203535
  25) r9Eff_In                       =         0
  26) rooSigmaCorr_cat2              =  0.832732
  27) vtxEff                         = -0.027393
  28) vtxEff_In                      =         0

At r = 1.698346:	q_mu = 3.25374	q_A  = 5.54708	CLsb = 0.03563	CLb  = 0.70932	CLs  = 0.05023

 -- Asymptotic -- 
Observed Limit: r < 1.6983
Expected  2.5%: r < 0.7477
Expected 16.0%: r < 1.0009
Expected 50.0%: r < 1.4023
Expected 84.0%: r < 1.9781
Expected 97.5%: r < 2.7015

Done in 15.19 min (cpu), 16.08 min (real)
`higgsCombine_w10.00_channel2.Asymptotic.mH500.root' -> `/afs/cern.ch/work/s/soffi/CMSSW611-Analysis/src/h2gglobe/ChiaraFitLimits/channel2/higgsCombine_w10.00_channel2.Asymptotic.mH500.root'
removed `higgsCombine_w10.00_channel2.Asymptotic.mH500.root'

Job finished at Tue May 13 14:51:43 CEST 2014 on node 
 under linux version Scientific Linux CERN SLC release 6.5 (Carbon)

CERN statistics: This process used approximately : 0:26:19 KSI2K hours (1579 KSI2K seconds)
                 This process corresponds to     : 1:42:39 HS06  hours (6159 HS06  seconds)
