Sender: LSF System <lsfadmin@b64bea7d1c.cern.ch>
Subject: Job 528511536: <combine_m400_w0_cat_channel2_j0> in cluster batch Exited

Job <combine_m400_w0_cat_channel2_j0> was submitted from host <lxplus0045.cern.ch> by user <soffi> in cluster <batch>.
Job was executed on host(s) <b64bea7d1c.cern.ch>, in queue <8nh>, as user <soffi> in cluster <batch>.
</afs/cern.ch/user/s/soffi> was used as the home directory.
</afs/cern.ch/work/s/soffi/CMSSW611-Analysis/src/h2gglobe/ChiaraFitLimits/script> was used as the working directory.
Started at Tue May 13 13:58:59 2014
Results reported at Tue May 13 14:03:52 2014

Your job looked like:

------------------------------------------------------------
# LSBATCH: User input
#!/bin/sh
cd /afs/cern.ch/work/s/soffi/CMSSW611-Analysis/src/h2gglobe/ChiaraFitLimits/script
eval `scramv1 runtime -sh`
cd 
mkdir workspaces
cp /afs/cern.ch/work/s/soffi/CMSSW611-Analysis/src/h2gglobe/ChiaraFitLimits/datacardWithAllSyst/HighMass-hgg_8TeV_m400.00_w0.10_channel2_GGH.txt ./
cp /afs/cern.ch/work/s/soffi/CMSSW611-Analysis/src/h2gglobe/ChiaraFitLimits/workspaces/HighMass-hgg_8TeV_m400.00_w0.10.inputsig_GGH.root ./workspaces/
cp  /afs/cern.ch/work/s/soffi/CMSSW611-Analysis/src/h2gglobe/ChiaraFitLimits/workspaces/HighMass-hgg.inputbkg_m400.00.root ./workspaces

combine HighMass-hgg_8TeV_m400.00_w0.10_channel2_GGH.txt -M Asymptotic -m 400 -D data_obs --run=both  -U  -S 1 -n _w0.10_channel2 --verbose 3
mv -v higgsCombine_w0.10_channel2.Asymptotic.mH400.root /afs/cern.ch/work/s/soffi/CMSSW611-Analysis/src/h2gglobe/ChiaraFitLimits/channel2/

------------------------------------------------------------

TERM_OWNER: job killed by owner.
Exited with exit code 130.

Resource usage summary:

    CPU time   :     11.59 sec.
    Max Memory :        16 MB
    Max Swap   :       123 MB

    Max Processes  :         5
    Max Threads    :         4

The output (if any) follows:

Sender: LSF System <lsfadmin@b6c3a912b2.cern.ch>
Subject: Job 528512563: <combine_m400_w0_cat_channel2_j0> in cluster batch Done

Job <combine_m400_w0_cat_channel2_j0> was submitted from host <lxplus0045.cern.ch> by user <soffi> in cluster <batch>.
Job was executed on host(s) <b6c3a912b2.cern.ch>, in queue <8nh>, as user <soffi> in cluster <batch>.
</afs/cern.ch/user/s/soffi> was used as the home directory.
</afs/cern.ch/work/s/soffi/CMSSW611-Analysis/src/h2gglobe/ChiaraFitLimits/script> was used as the working directory.
Started at Tue May 13 14:03:32 2014
Results reported at Tue May 13 14:18:50 2014

Your job looked like:

------------------------------------------------------------
# LSBATCH: User input
#!/bin/sh
cd /afs/cern.ch/work/s/soffi/CMSSW611-Analysis/src/h2gglobe/ChiaraFitLimits/script
eval `scramv1 runtime -sh`
cd 
mkdir workspaces
cp /afs/cern.ch/work/s/soffi/CMSSW611-Analysis/src/h2gglobe/ChiaraFitLimits/datacardWithAllSyst/HighMass-hgg_8TeV_m400.00_w0.10_channel2_GGH.txt ./
cp /afs/cern.ch/work/s/soffi/CMSSW611-Analysis/src/h2gglobe/ChiaraFitLimits/workspaces/HighMass-hgg_8TeV_m400.00_w0.10.inputsig_GGH.root ./workspaces/
cp  /afs/cern.ch/work/s/soffi/CMSSW611-Analysis/src/h2gglobe/ChiaraFitLimits/workspaces/HighMass-hgg.inputbkg_m400.00.root ./workspaces/

combine HighMass-hgg_8TeV_m400.00_w0.10_channel2_GGH.txt -M Asymptotic -m 400 -D data_obs --run=both  -U  -S 1 -n _w0.10_channel2 --verbose 3
mv -v higgsCombine_w0.10_channel2.Asymptotic.mH400.root /afs/cern.ch/work/s/soffi/CMSSW611-Analysis/src/h2gglobe/ChiaraFitLimits/channel2/

------------------------------------------------------------

Successfully completed.

Resource usage summary:

    CPU time   :    898.97 sec.
    Max Memory :        94 MB
    Max Swap   :       286 MB

    Max Processes  :         6
    Max Threads    :         7

The output (if any) follows:

@(#)CERN job starter $Date: 2010/06/23 14:22:16 $
Working directory is </pool/lsf/soffi/528512563> on <>

mkdir: cannot create directory `workspaces': File exists
>>> including systematics
>>> method used to compute upper limit is Asymptotic
>>> random number generator seed is 123456

Welcome to my rootlogon.C
reading PhysicsTools/Utilities/macros/setTDRStyle.C
and some personal modifications.

Using shapes: qui si parra' la tua nobilitate
(class RooCBCrujffPdf)54020672
import (./workspaces/HighMass-hgg.inputbkg_m400.00.root,w_all:data_obs_cat2) -> shapeBkg_data_obs_cat2

import (./workspaces/HighMass-hgg.inputbkg_m400.00.root,w_all:PhotonsMassBkg_cat2) -> shapeBkg_bkg_cat2

[#1] INFO:ObjectHandling -- RooWorkspace::import(w) importing RooHistFunc::shapeSig_sig_cat2__norm
[#1] INFO:ObjectHandling -- RooWorkspace::import(w) importing RooRealVar::MH
Will try to make a binned dataset
Observables: ['PhotonsMass']
import (./workspaces/HighMass-hgg_8TeV_m400.00_w0.10.inputsig_GGH.root,w_all:PhotonsMassSig_cat2) -> shapeSig_sig_cat2

[#1] INFO:ObjectHandling -- RooWorkspace::import(w) importing RooRealVar::PhotonsMass
Will use category 'CMS_channel' to identify the 1 channels
recyling (cat2,data_obs,) -> shapeBkg_data_obs_cat2

[#1] INFO:ObjectHandling -- RooWorkspace::import(w) importing dataset data_obs
[#1] INFO:ObjectHandling -- RooWorkspace::import(w) importing RooProdPdf::nuisancePdf
[#1] INFO:ObjectHandling -- RooWorkspace::import(w) importing ProcessNormalization::n_exp_bincat2_proc_sig
recyling (cat2,bkg,) -> shapeBkg_bkg_cat2

recyling (cat2,bkg,) -> shapeBkg_bkg_cat2

recyling (cat2,sig,) -> shapeSig_sig_cat2

recyling (cat2,sig,) -> shapeSig_sig_cat2

[#1] INFO:ObjectHandling -- RooWorkspace::import(w) importing RooProduct::n_exp_final_bincat2_proc_sig
Creating RooAddPdf pdf_bincat2 with 2 elements
[#1] INFO:ObjectHandling -- RooWorkspace::import(w) importing RooProdPdf::pdf_bincat2
[#1] INFO:ObjectHandling -- RooWorkspace::import(w) importing RooAddPdf::pdf_bincat2_nuis
[#1] INFO:ObjectHandling -- RooWorkspace::import(w) importing RooGenericPdf::shapeBkg_bkg_cat2
[#1] INFO:ObjectHandling -- RooWorkspace::import(w) importing RooFormulaVar::par1ExpPAR_cat2
[#1] INFO:ObjectHandling -- RooWorkspace::import(w) importing RooRealVar::PhotonsMass_bkg_8TeV_ExpPAR1_cat2
[#1] INFO:ObjectHandling -- RooWorkspace::import(w) importing RooFormulaVar::par2ExpPAR_cat2
[#1] INFO:ObjectHandling -- RooWorkspace::import(w) importing RooRealVar::PhotonsMass_bkg_8TeV_ExpPAR2_cat2
[#1] INFO:ObjectHandling -- RooWorkspace::import(w) importing RooFFTConvPdf::shapeSig_sig_cat2
[#1] INFO:ObjectHandling -- RooWorkspace::import(w) importing RooBreitWigner::SigModelBW_cat2
[#1] INFO:ObjectHandling -- RooWorkspace::import(w) importing RooFormulaVar::meanBW_cat2
[#1] INFO:ObjectHandling -- RooWorkspace::import(w) importing RooFormulaVar::sigmaBW_cat2
[#1] INFO:ObjectHandling -- RooWorkspace::import(w) importing RooRealVar::sigmaBW_var_cat2
[#1] INFO:ObjectHandling -- RooWorkspace::import(w) importing RooAddPdf::ResAddPdf_cat2
[#1] INFO:ObjectHandling -- RooWorkspace::import(w) importing RooCBShape::ResCBneg_cat2
[#1] INFO:ObjectHandling -- RooWorkspace::import(w) importing RooFormulaVar::CBpos_mean_cat2
[#1] INFO:ObjectHandling -- RooWorkspace::import(w) importing RooRealVar::ReducedMass_sig_mean_cat2
[#1] INFO:ObjectHandling -- RooWorkspace::import(w) importing RooFormulaVar::CBpos_sigma_cat2
[#1] INFO:ObjectHandling -- RooWorkspace::import(w) importing RooRealVar::ReducedMass_sig_sigma_cat2
[#1] INFO:ObjectHandling -- RooWorkspace::import(w) importing RooRealVar::rooSigmaCorr_cat2
[#1] INFO:ObjectHandling -- RooWorkspace::import(w) importing RooFormulaVar::CBneg_alphaCB_cat2
[#1] INFO:ObjectHandling -- RooWorkspace::import(w) importing RooRealVar::ReducedMass_sig_alphaCBneg_cat2
[#1] INFO:ObjectHandling -- RooWorkspace::import(w) importing RooFormulaVar::CBneg_n_cat2
[#1] INFO:ObjectHandling -- RooWorkspace::import(w) importing RooRealVar::ReducedMass_sig_Nneg_cat2
[#1] INFO:ObjectHandling -- RooWorkspace::import(w) importing RooFormulaVar::CBpos_frac_cat2
[#1] INFO:ObjectHandling -- RooWorkspace::import(w) importing RooRealVar::ReducedMass_sig_frac_cat2
[#1] INFO:ObjectHandling -- RooWorkspace::import(w) importing RooCBShape::ResCBpos_cat2
[#1] INFO:ObjectHandling -- RooWorkspace::import(w) importing RooFormulaVar::CBpos_alphaCB_cat2
[#1] INFO:ObjectHandling -- RooWorkspace::import(w) importing RooRealVar::ReducedMass_sig_alphaCBpos_cat2
[#1] INFO:ObjectHandling -- RooWorkspace::import(w) importing RooFormulaVar::CBpos_n_cat2
[#1] INFO:ObjectHandling -- RooWorkspace::import(w) importing RooRealVar::ReducedMass_sig_Npos_cat2
[#1] INFO:ObjectHandling -- RooWorkspace::import(w) importing RooSimultaneous::model_s
[#1] INFO:ObjectHandling -- RooWorkspace::import(w) importing RooSimultaneous::model_b

=== Using the following for ModelConfig ===
Observables:             RooArgSet:: = (PhotonsMass,CMS_channel)
Parameters of Interest:  RooArgSet:: = (r)
Nuisance Parameters:     RooArgSet:: = (lumi_8TeV,eff_trig,global_syst,id_eff_ee,r9Eff,vtxEff,mShift_cat2,mSmear_cat2)
Global Observables:      RooArgSet:: = (lumi_8TeV_In,eff_trig_In,global_syst_In,id_eff_ee_In,r9Eff_In,vtxEff_In,mShift_cat2_In,mSmear_cat2_In)
PDF:                     RooSimultaneous::model_s[ indexCat=CMS_channel cat2=pdf_bincat2 ] = [#1] INFO:Eval -- RooRealVar::setRange(PhotonsMass) new range named 'refrange_fft_shapeSig_sig_cat2' created with bounds [271,697]
[#1] INFO:Caching -- RooAbsCachedPdf::getCache(shapeSig_sig_cat2) creating new cache 0x436f630 with pdf SigModelBW_cat2_CONV_ResAddPdf_cat2_CACHE_Obs[PhotonsMass] for nset () with code 0
14.7078


=== Using the following for ModelConfig_bonly ===
Observables:             RooArgSet:: = (PhotonsMass,CMS_channel)
Parameters of Interest:  RooArgSet:: = (r)
Nuisance Parameters:     RooArgSet:: = (lumi_8TeV,eff_trig,global_syst,id_eff_ee,r9Eff,vtxEff,mShift_cat2,mSmear_cat2)
Global Observables:      RooArgSet:: = (lumi_8TeV_In,eff_trig_In,global_syst_In,id_eff_ee_In,r9Eff_In,vtxEff_In,mShift_cat2_In,mSmear_cat2_In)
PDF:                     RooSimultaneous::model_b[ indexCat=CMS_channel cat2=pdf_bincat2_bonly ] = 4.43655e-07


RooWorkspace(w) w contents

variables
---------
(CMS_channel,MH,PhotonsMass,PhotonsMass_bkg_8TeV_ExpPAR1_cat2,PhotonsMass_bkg_8TeV_ExpPAR2_cat2,ReducedMass_sig_Nneg_cat2,ReducedMass_sig_Npos_cat2,ReducedMass_sig_alphaCBneg_cat2,ReducedMass_sig_alphaCBpos_cat2,ReducedMass_sig_frac_cat2,ReducedMass_sig_mean_cat2,ReducedMass_sig_sigma_cat2,eff_trig,eff_trig_In,global_syst,global_syst_In,id_eff_ee,id_eff_ee_In,lumi_8TeV,lumi_8TeV_In,mShift_cat2,mShift_cat2_In,mSmear_cat2,mSmear_cat2_In,n_exp_bincat2_proc_bkg,r,r9Eff,r9Eff_In,rooSigmaCorr_cat2,sigmaBW_var_cat2,vtxEff,vtxEff_In)

p.d.f.s
-------
RooAddPdf::ResAddPdf_cat2[ CBpos_frac_cat2 * ResCBneg_cat2 + [%] * ResCBpos_cat2 ] = 2.6093e-06
RooCBShape::ResCBneg_cat2[ m=PhotonsMass m0=CBpos_mean_cat2 sigma=CBpos_sigma_cat2 alpha=CBneg_alphaCB_cat2 n=CBneg_n_cat2 ] = 0
RooCBShape::ResCBpos_cat2[ m=PhotonsMass m0=CBpos_mean_cat2 sigma=CBpos_sigma_cat2 alpha=CBpos_alphaCB_cat2 n=CBpos_n_cat2 ] = 5.21861e-06
RooBreitWigner::SigModelBW_cat2[ x=PhotonsMass mean=meanBW_cat2 width=sigmaBW_cat2 ] = 6.41599e-05
RooGaussian::eff_trig_Pdf[ x=eff_trig mean=eff_trig_In sigma=1 ] = 1
RooGaussian::global_syst_Pdf[ x=global_syst mean=global_syst_In sigma=1 ] = 1
RooGaussian::id_eff_ee_Pdf[ x=id_eff_ee mean=id_eff_ee_In sigma=1 ] = 1
RooGaussian::lumi_8TeV_Pdf[ x=lumi_8TeV mean=lumi_8TeV_In sigma=1 ] = 1
RooGaussian::mShift_cat2_Pdf[ x=mShift_cat2 mean=mShift_cat2_In sigma=1 ] = 1
RooGaussian::mSmear_cat2_Pdf[ x=mSmear_cat2 mean=mSmear_cat2_In sigma=1 ] = 1
RooSimultaneous::model_b[ indexCat=CMS_channel cat2=pdf_bincat2_bonly ] = 4.43655e-07
RooSimultaneous::model_s[ indexCat=CMS_channel cat2=pdf_bincat2 ] = 14.7078
RooProdPdf::nuisancePdf[ lumi_8TeV_Pdf * eff_trig_Pdf * global_syst_Pdf * id_eff_ee_Pdf * r9Eff_Pdf * vtxEff_Pdf * mShift_cat2_Pdf * mSmear_cat2_Pdf ] = 1
RooProdPdf::pdf_bincat2[ lumi_8TeV_Pdf * eff_trig_Pdf * global_syst_Pdf * id_eff_ee_Pdf * r9Eff_Pdf * vtxEff_Pdf * mShift_cat2_Pdf * mSmear_cat2_Pdf * pdf_bincat2_nuis ] = 14.7078
RooProdPdf::pdf_bincat2_bonly[ lumi_8TeV_Pdf * eff_trig_Pdf * global_syst_Pdf * id_eff_ee_Pdf * r9Eff_Pdf * vtxEff_Pdf * mShift_cat2_Pdf * mSmear_cat2_Pdf * pdf_bincat2_bonly_nuis ] = 4.43655e-07
RooAddPdf::pdf_bincat2_bonly_nuis[ n_exp_bincat2_proc_bkg * shapeBkg_bkg_cat2 ] = 4.43655e-07
RooAddPdf::pdf_bincat2_nuis[ n_exp_bincat2_proc_bkg * shapeBkg_bkg_cat2 + n_exp_final_bincat2_proc_sig * shapeSig_sig_cat2 ] = 14.7078
RooGaussian::r9Eff_Pdf[ x=r9Eff mean=r9Eff_In sigma=1 ] = 1
RooGenericPdf::shapeBkg_bkg_cat2[ actualVars=(PhotonsMass,par1ExpPAR_cat2,par2ExpPAR_cat2) formula="exp(-@1*@0)*pow(@0, @2)" ] = 4.43655e-07
RooFFTConvPdf::shapeSig_sig_cat2[ SigModelBW_cat2(PhotonsMass) (*) ResAddPdf_cat2(PhotonsMass) ] = 3.61579e-06
RooGaussian::vtxEff_Pdf[ x=vtxEff mean=vtxEff_In sigma=1 ] = 1

functions
--------
RooFormulaVar::CBneg_alphaCB_cat2[ actualVars=(ReducedMass_sig_alphaCBneg_cat2) formula="@0" ] = 2.6
RooFormulaVar::CBneg_n_cat2[ actualVars=(ReducedMass_sig_Nneg_cat2) formula="@0" ] = 0.228696
RooFormulaVar::CBpos_alphaCB_cat2[ actualVars=(ReducedMass_sig_alphaCBpos_cat2) formula="@0" ] = -2.6
RooFormulaVar::CBpos_frac_cat2[ actualVars=(ReducedMass_sig_frac_cat2) formula="@0" ] = 0.5
RooFormulaVar::CBpos_mean_cat2[ actualVars=(ReducedMass_sig_mean_cat2) formula="@0" ] = 0
RooFormulaVar::CBpos_n_cat2[ actualVars=(ReducedMass_sig_Npos_cat2) formula="@0" ] = 2
RooFormulaVar::CBpos_sigma_cat2[ actualVars=(ReducedMass_sig_sigma_cat2,MH,mSmear_cat2,rooSigmaCorr_cat2) formula="(sqrt(@0*@0*@3*@3+0.010000*0.010000*@2)*@1)" ] = 8.20535
RooFormulaVar::meanBW_cat2[ actualVars=(MH) formula="@0" ] = 400
ProcessNormalization::n_exp_bincat2_proc_sig[ thetaList=(lumi_8TeV,eff_trig,global_syst,id_eff_ee) asymmThetaList=(r9Eff,vtxEff) otherFactorList=(r) ] = 19620
RooProduct::n_exp_final_bincat2_proc_sig[ n_exp_bincat2_proc_sig * shapeSig_sig_cat2__norm ] = 49.4967
RooFormulaVar::par1ExpPAR_cat2[ actualVars=(PhotonsMass_bkg_8TeV_ExpPAR1_cat2) formula="@0" ] = 0.00405626
RooFormulaVar::par2ExpPAR_cat2[ actualVars=(PhotonsMass_bkg_8TeV_ExpPAR2_cat2) formula="@0" ] = -1.99571
RooHistFunc::shapeSig_sig_cat2__norm[ depList=(MH) ] = 0.00252277
RooFormulaVar::sigmaBW_cat2[ actualVars=(sigmaBW_var_cat2) formula="@0" ] = 0.1

datasets
--------
RooDataHist::data_obs(CMS_channel,PhotonsMass)

named sets
----------
ModelConfig_GlobalObservables:(lumi_8TeV_In,eff_trig_In,global_syst_In,id_eff_ee_In,r9Eff_In,vtxEff_In,mShift_cat2_In,mSmear_cat2_In)
ModelConfig_NuisParams:(lumi_8TeV,eff_trig,global_syst,id_eff_ee,r9Eff,vtxEff,mShift_cat2,mSmear_cat2)
ModelConfig_Observables:(PhotonsMass,CMS_channel)
ModelConfig_POI:(r)
ModelConfig_bonly_GlobalObservables:(lumi_8TeV_In,eff_trig_In,global_syst_In,id_eff_ee_In,r9Eff_In,vtxEff_In,mShift_cat2_In,mSmear_cat2_In)
ModelConfig_bonly_NuisParams:(lumi_8TeV,eff_trig,global_syst,id_eff_ee,r9Eff,vtxEff,mShift_cat2,mSmear_cat2)
ModelConfig_bonly_Observables:(PhotonsMass,CMS_channel)
ModelConfig_bonly_POI:(r)
POI:(r)
globalObservables:(lumi_8TeV_In,eff_trig_In,global_syst_In,id_eff_ee_In,r9Eff_In,vtxEff_In,mShift_cat2_In,mSmear_cat2_In)
nuisances:(lumi_8TeV,eff_trig,global_syst,id_eff_ee,r9Eff,vtxEff,mShift_cat2,mSmear_cat2)
observables:(PhotonsMass,CMS_channel)

generic objects
---------------
RooStats::ModelConfig::ModelConfig
RooStats::ModelConfig::ModelConfig_bonly
RooArgSet::discreteParams

embedded precalculated expensive components
-------------------------------------------
uid = 0 key=shapeSig_sig_cat2_SigModelBW_cat2_CONV_ResAddPdf_cat2_CACHEHIST_Obs[PhotonsMass]_BufFrac0.1_BufStrat0 value=RooDataHist::shapeSig_sig_cat2_SigModelBW_cat2_CONV_ResAddPdf_cat2_CACHEHIST_Obs[PhotonsMass]_BufFrac0.1_BufStrat0 parameters=( MH=400 ReducedMass_sig_Nneg_cat2=0.228696 ReducedMass_sig_Npos_cat2=2 ReducedMass_sig_alphaCBneg_cat2=2.6 ReducedMass_sig_alphaCBpos_cat2=-2.6 ReducedMass_sig_frac_cat2=0.5 ReducedMass_sig_mean_cat2=0 ReducedMass_sig_sigma_cat2=0.0238 mSmear_cat2=0 rooSigmaCorr_cat2=0.861906 sigmaBW_var_cat2=0.1 )
Setting variable 'MH' in workspace to the higgs mass 400
[#1] INFO:ObjectHandling -- RooWorkspace::import(w) importing RooSimultaneousOpt::model_s_opt
[#1] INFO:Caching -- RooExpensiveObjectCache::importCache() importing cache object shapeSig_sig_cat2_SigModelBW_cat2_CONV_ResAddPdf_cat2_CACHEHIST_Obs[PhotonsMass]_BufFrac0.1_BufStrat0 associated with object shapeSig_sig_cat2
[#1] INFO:ObjectHandling -- RooWorkspace::import(w) importing RooUniform::prior
Computing limit starting from observation
Set default minimizer to Minuit2
Will compute both limit(s) using minimizer Minuit2 with strategy 0 and tolerance 0.01
[#1] INFO:Caching -- RooAbsCachedPdf::getCache(shapeSig_sig_cat2) creating new cache 0x22b0f30 with pdf SigModelBW_cat2_CONV_ResAddPdf_cat2_CACHE_Obs[PhotonsMass] for nset () with code 0 from preexisting content.
[#1] INFO:Caching -- RooAbsCachedPdf::getCache(shapeSig_sig_cat2) creating new cache 0x2251be0 with pdf SigModelBW_cat2_CONV_ResAddPdf_cat2_CACHE_Obs[PhotonsMass] for nset (PhotonsMass) with code 1 from preexisting content.
[#1] INFO:NumericIntegration -- RooRealIntegral::init(shapeBkg_bkg_cat2_Int[PhotonsMass]) using numeric integrator RooIntegrator1D to calculate Int(PhotonsMass)
[#1] INFO:Caching -- RooAbsCachedPdf::getCache(shapeSig_sig_cat2) creating new cache 0x2683a20 with pdf SigModelBW_cat2_CONV_ResAddPdf_cat2_CACHE_Obs[PhotonsMass] for nset (PhotonsMass) with code 1 from preexisting content.
Minuit2Minimizer: Minimize with max-calls 5000 convergence for edm < 0.01 strategy 1
MnSeedGenerator: for initial parameters FCN = 0
MnSeedGenerator: Initial state:   - FCN =                0 Edm =  5.83796e-05 NCalls =     41
VariableMetric: start iterating until Edm is < 1e-05
VariableMetric: Initial state   - FCN =                0 Edm =  5.83796e-05 NCalls =     41
VariableMetric: Iteration #   1 - FCN = -2.93090561172e-05 Edm =  4.50534e-09 NCalls =     67
VariableMetric: After Hessian   - FCN = -2.93090561172e-05 Edm =  5.79553e-07 NCalls =    153
Minuit2Minimizer : Valid minimum - status = 0
FVAL  = -2.93090561171993613e-05
Edm   = 5.79552899562191708e-07
Nfcn  = 153
PhotonsMass_bkg_8TeV_ExpPAR1_cat2	  = 0.00405566	 +/-  0.00124838	(limited)
PhotonsMass_bkg_8TeV_ExpPAR2_cat2	  = -1.99546	 +/-  0.512646	(limited)
eff_trig	  = 0	 +/-  0.996602	(limited)
global_syst	  = 0	 +/-  0.996602	(limited)
id_eff_ee	  = 0	 +/-  0.996602	(limited)
lumi_8TeV	  = 0	 +/-  0.996602	(limited)
mShift_cat2	  = 0	 +/-  0.989616	(limited)
mSmear_cat2	  = 0	 +/-  0.989616	(limited)
r9Eff	  = 0	 +/-  0.996602	(limited)
vtxEff	  = 0	 +/-  0.996602	(limited)
Nuisance parameters after fit for asimov dataset: 
  1) RooRealVar::   lumi_8TeV = 0 +/- 0.996602
  2) RooRealVar::    eff_trig = 0 +/- 0.996602
  3) RooRealVar:: global_syst = 0 +/- 0.996602
  4) RooRealVar::   id_eff_ee = 0 +/- 0.996602
  5) RooRealVar::       r9Eff = 0 +/- 0.996602
  6) RooRealVar::      vtxEff = 0 +/- 0.996602
  7) RooRealVar:: mShift_cat2 = 0 +/- 0.989616
  8) RooRealVar:: mSmear_cat2 = 0 +/- 0.989616
[#1] INFO:NumericIntegration -- RooRealIntegral::init(shapeBkg_bkg_cat2_Int[PhotonsMass]) using numeric integrator RooIntegrator1D to calculate Int(PhotonsMass)
[#1] INFO:Caching -- RooAbsCachedPdf::getCache(shapeSig_sig_cat2) creating new cache 0x2f651d0 with pdf SigModelBW_cat2_CONV_ResAddPdf_cat2_CACHE_Obs[PhotonsMass] for nset (PhotonsMass) with code 1 from preexisting content.
Global observables for data: 
  1) RooRealVar::   lumi_8TeV_In = 0
  2) RooRealVar::    eff_trig_In = 0
  3) RooRealVar:: global_syst_In = 0
  4) RooRealVar::   id_eff_ee_In = 0
  5) RooRealVar::       r9Eff_In = 0
  6) RooRealVar::      vtxEff_In = 0
  7) RooRealVar:: mShift_cat2_In = 0
  8) RooRealVar:: mSmear_cat2_In = 0
Global observables for asimov: 
  1) RooRealVar::   lumi_8TeV_In = 0
  2) RooRealVar::    eff_trig_In = 0
  3) RooRealVar:: global_syst_In = 0
  4) RooRealVar::   id_eff_ee_In = 0
  5) RooRealVar::       r9Eff_In = 0
  6) RooRealVar::      vtxEff_In = 0
  7) RooRealVar:: mShift_cat2_In = 0
  8) RooRealVar:: mSmear_cat2_In = 0
[#1] INFO:ObjectHandling -- RooWorkspace::import(w) importing dataset _Asymptotic_asimovDataset_
[#1] INFO:NumericIntegration -- RooRealIntegral::init(shapeBkg_bkg_cat2_Int[PhotonsMass]) using numeric integrator RooIntegrator1D to calculate Int(PhotonsMass)
[#1] INFO:Caching -- RooAbsCachedPdf::getCache(shapeSig_sig_cat2) creating new cache 0x2fee9c0 with pdf SigModelBW_cat2_CONV_ResAddPdf_cat2_CACHE_Obs[PhotonsMass] for nset (PhotonsMass) with code 1 from preexisting content.
Minuit2Minimizer: Minimize with max-calls 5500 convergence for edm < 0.01 strategy 0
Minuit2Minimizer : Valid minimum - status = 0
FVAL  = -0.118792250118418347
Edm   = 3.25955361837900424e-06
Nfcn  = 197
PhotonsMass_bkg_8TeV_ExpPAR1_cat2	  = 0.00405195	 +/-  0.000267663	(limited)
PhotonsMass_bkg_8TeV_ExpPAR2_cat2	  = -1.99688	 +/-  0.109045	(limited)
eff_trig	  = -0.000169359	 +/-  1.93295	(limited)
global_syst	  = -0.00080108	 +/-  1.90091	(limited)
id_eff_ee	  = -0.000432571	 +/-  1.92473	(limited)
lumi_8TeV	  = -0.000432571	 +/-  1.92473	(limited)
mShift_cat2	  = 0	 +/-  1.88247	(limited)
mSmear_cat2	  = 0.000743385	 +/-  1.85231	(limited)
r	  = 0.00185414	 +/-  18.9741	(limited)
r9Eff	  = 0.00074649	 +/-  1.9217	(limited)
vtxEff	  = -8.54598e-05	 +/-  1.93158	(limited)
Fit to asimov dataset:

  RooFitResult: minimized FCN value: -0.118792, estimated distance to minimum: 3.25955e-06
                covariance matrix quality: Approximation only, not accurate
                Status : MINIMIZE=0 

    Constant Parameter    Value     
  --------------------  ------------
                    MH    4.0000e+02
  ReducedMass_sig_Nneg_cat2    2.2870e-01
  ReducedMass_sig_Npos_cat2    2.0000e+00
  ReducedMass_sig_alphaCBneg_cat2    2.6000e+00
  ReducedMass_sig_alphaCBpos_cat2   -2.6000e+00
  ReducedMass_sig_frac_cat2    5.0000e-01
  ReducedMass_sig_mean_cat2    0.0000e+00
  ReducedMass_sig_sigma_cat2    2.3800e-02
           eff_trig_In    0.0000e+00
        global_syst_In    0.0000e+00
          id_eff_ee_In    0.0000e+00
          lumi_8TeV_In    0.0000e+00
        mShift_cat2_In    0.0000e+00
        mSmear_cat2_In    0.0000e+00
  n_exp_bincat2_proc_bkg    4.6230e+03
              r9Eff_In    0.0000e+00
     rooSigmaCorr_cat2    8.6191e-01
      sigmaBW_var_cat2    1.0000e-01
             vtxEff_In    0.0000e+00

    Floating Parameter  InitialValue    FinalValue +/-  Error     GblCorr.
  --------------------  ------------  --------------------------  --------
  PhotonsMass_bkg_8TeV_ExpPAR1_cat2    4.0557e-03    4.0519e-03 +/-  2.68e-04  <none>
  PhotonsMass_bkg_8TeV_ExpPAR2_cat2   -1.9955e+00   -1.9969e+00 +/-  1.09e-01  <none>
              eff_trig    0.0000e+00   -1.6936e-04 +/-  1.93e+00  <none>
           global_syst    0.0000e+00   -8.0108e-04 +/-  1.90e+00  <none>
             id_eff_ee    0.0000e+00   -4.3257e-04 +/-  1.92e+00  <none>
             lumi_8TeV    0.0000e+00   -4.3257e-04 +/-  1.92e+00  <none>
           mShift_cat2    0.0000e+00    0.0000e+00 +/-  1.88e+00  <none>
           mSmear_cat2    0.0000e+00    7.4339e-04 +/-  1.85e+00  <none>
                     r    2.0000e-01    1.8541e-03 +/-  1.90e+01  <none>
                 r9Eff    0.0000e+00    7.4649e-04 +/-  1.92e+00  <none>
                vtxEff    0.0000e+00   -8.5460e-05 +/-  1.93e+00  <none>

Will search for NLL crossing by stepping.
Minuit2Minimizer: Minimize with max-calls 5000 convergence for edm < 0.01 strategy 0
Minuit2Minimizer : Valid minimum - status = 0
FVAL  = -0.31886865787981733
Edm   = 7.05252527093974177e-07
Nfcn  = 198
PhotonsMass_bkg_8TeV_ExpPAR1_cat2	  = 0.0032917	 +/-  0.00123672	(limited)
PhotonsMass_bkg_8TeV_ExpPAR2_cat2	  = -2.32414	 +/-  0.509512	(limited)
eff_trig	  = -0.0450617	 +/-  0.995918	(limited)
global_syst	  = -0.221158	 +/-  0.981907	(limited)
id_eff_ee	  = -0.11628	 +/-  0.992617	(limited)
lumi_8TeV	  = -0.11628	 +/-  0.992617	(limited)
mShift_cat2	  = 0	 +/-  0.989616	(limited)
mSmear_cat2	  = 0.249872	 +/-  0.94948	(limited)
r9Eff	  = 0.168645	 +/-  1.11909	(limited)
vtxEff	  = -0.0236903	 +/-  0.968618	(limited)
At r = 1.000000:	delta(nll) = 2.43701
Minuit2Minimizer: Minimize with max-calls 5000 convergence for edm < 0.01 strategy 0
Minuit2Minimizer : Valid minimum - status = 0
FVAL  = -0.0973982651541014099
Edm   = 3.78756073230486306e-06
Nfcn  = 157
PhotonsMass_bkg_8TeV_ExpPAR1_cat2	  = 0.00365	 +/-  0.00124997	(limited)
PhotonsMass_bkg_8TeV_ExpPAR2_cat2	  = -2.16987	 +/-  0.51281	(limited)
eff_trig	  = -0.0124204	 +/-  0.996625	(limited)
global_syst	  = -0.0611132	 +/-  0.99398	(limited)
id_eff_ee	  = -0.0320678	 +/-  0.99636	(limited)
lumi_8TeV	  = -0.0320678	 +/-  0.99636	(limited)
mShift_cat2	  = 0	 +/-  0.989616	(limited)
mSmear_cat2	  = 0.0723934	 +/-  0.983994	(limited)
r9Eff	  = 0.038939	 +/-  1.02406	(limited)
vtxEff	  = -0.00675782	 +/-  0.990744	(limited)
At r = 0.500000:	delta(nll) = 0.65135
Minuit2Minimizer: Minimize with max-calls 5000 convergence for edm < 0.01 strategy 0
Minuit2Minimizer : Valid minimum - status = 0
FVAL  = -0.0991308158445424331
Edm   = 1.92658941808631335e-06
Nfcn  = 178
PhotonsMass_bkg_8TeV_ExpPAR1_cat2	  = 0.00329319	 +/-  0.00122046	(limited)
PhotonsMass_bkg_8TeV_ExpPAR2_cat2	  = -2.32358	 +/-  0.510972	(limited)
eff_trig	  = -0.0450319	 +/-  0.995694	(limited)
global_syst	  = -0.221294	 +/-  0.976906	(limited)
id_eff_ee	  = -0.11625	 +/-  0.990938	(limited)
lumi_8TeV	  = -0.11625	 +/-  0.990941	(limited)
mShift_cat2	  = 0	 +/-  0.989616	(limited)
mSmear_cat2	  = 0.250309	 +/-  0.947045	(limited)
r9Eff	  = 0.169574	 +/-  1.15378	(limited)
vtxEff	  = -0.0236735	 +/-  0.970134	(limited)
At r = 1.000000:	delta(nll) = 2.43701
Minuit2Minimizer: Minimize with max-calls 5000 convergence for edm < 0.01 strategy 0
Minuit2Minimizer : Valid minimum - status = 0
FVAL  = -0.0268361870700297642
Edm   = 5.16386716667254048e-07
Nfcn  = 157
PhotonsMass_bkg_8TeV_ExpPAR1_cat2	  = 0.00346472	 +/-  0.00121884	(limited)
PhotonsMass_bkg_8TeV_ExpPAR2_cat2	  = -2.24964	 +/-  0.499693	(limited)
eff_trig	  = -0.0267509	 +/-  0.996426	(limited)
global_syst	  = -0.131375	 +/-  0.987285	(limited)
id_eff_ee	  = -0.0690308	 +/-  0.99469	(limited)
lumi_8TeV	  = -0.0690307	 +/-  0.994697	(limited)
mShift_cat2	  = 0	 +/-  0.989616	(limited)
mSmear_cat2	  = 0.152569	 +/-  0.973454	(limited)
r9Eff	  = 0.0906493	 +/-  1.06961	(limited)
vtxEff	  = -0.0143344	 +/-  0.982987	(limited)
At r = 0.750000:	delta(nll) = 1.41881
Minuit2Minimizer: Minimize with max-calls 5000 convergence for edm < 0.01 strategy 0
Minuit2Minimizer : Valid minimum - status = 0
FVAL  = -0.027335086388409896
Edm   = 8.05111921500315331e-07
Nfcn  = 157
PhotonsMass_bkg_8TeV_ExpPAR1_cat2	  = 0.00329232	 +/-  0.00122168	(limited)
PhotonsMass_bkg_8TeV_ExpPAR2_cat2	  = -2.32392	 +/-  0.504479	(limited)
eff_trig	  = -0.0450559	 +/-  0.995734	(limited)
global_syst	  = -0.220973	 +/-  0.981827	(limited)
id_eff_ee	  = -0.116205	 +/-  0.991227	(limited)
lumi_8TeV	  = -0.116205	 +/-  0.991247	(limited)
mShift_cat2	  = 0	 +/-  0.989616	(limited)
mSmear_cat2	  = 0.249785	 +/-  0.960921	(limited)
r9Eff	  = 0.169959	 +/-  1.10547	(limited)
vtxEff	  = -0.0236765	 +/-  0.971262	(limited)
At r = 1.000000:	delta(nll) = 2.43701
Minuit2Minimizer: Minimize with max-calls 5000 convergence for edm < 0.01 strategy 0
Minuit2Minimizer : Valid minimum - status = 0
FVAL  = -0.00699740567782204063
Edm   = 3.34781416499057504e-06
Nfcn  = 136
PhotonsMass_bkg_8TeV_ExpPAR1_cat2	  = 0.00337742	 +/-  0.0012475	(limited)
PhotonsMass_bkg_8TeV_ExpPAR2_cat2	  = -2.28737	 +/-  0.509685	(limited)
eff_trig	  = -0.0350566	 +/-  0.995455	(limited)
global_syst	  = -0.174375	 +/-  0.984065	(limited)
id_eff_ee	  = -0.0908167	 +/-  0.991095	(limited)
lumi_8TeV	  = -0.090822	 +/-  0.991091	(limited)
mShift_cat2	  = 0	 +/-  0.989616	(limited)
mSmear_cat2	  = 0.200787	 +/-  0.953961	(limited)
r9Eff	  = 0.125444	 +/-  1.09578	(limited)
vtxEff	  = -0.0185917	 +/-  0.977847	(limited)
At r = 0.875000:	delta(nll) = 1.89869
Minuit2Minimizer: Minimize with max-calls 5000 convergence for edm < 0.01 strategy 0
Minuit2Minimizer : Valid minimum - status = 0
FVAL  = -0.00176050669674543848
Edm   = 5.21317206441179587e-06
Nfcn  = 138
PhotonsMass_bkg_8TeV_ExpPAR1_cat2	  = 0.00333756	 +/-  0.00115717	(limited)
PhotonsMass_bkg_8TeV_ExpPAR2_cat2	  = -2.30447	 +/-  0.476462	(limited)
eff_trig	  = -0.0401519	 +/-  0.995881	(limited)
global_syst	  = -0.197769	 +/-  0.984007	(limited)
id_eff_ee	  = -0.103665	 +/-  0.991781	(limited)
lumi_8TeV	  = -0.103665	 +/-  0.991772	(limited)
mShift_cat2	  = 0	 +/-  0.989616	(limited)
mSmear_cat2	  = 0.224437	 +/-  0.957656	(limited)
r9Eff	  = 0.147061	 +/-  1.09769	(limited)
vtxEff	  = -0.0212128	 +/-  0.97473	(limited)
At r = 0.937500:	delta(nll) = 2.16081
Minuit2Minimizer: Minimize with max-calls 5000 convergence for edm < 0.01 strategy 0
Minuit2Minimizer : Valid minimum - status = 0
FVAL  = -0.000280178486276672425
Edm   = 8.38890194183553871e-07
Nfcn  = 89
PhotonsMass_bkg_8TeV_ExpPAR1_cat2	  = 0.00333729	 +/-  0.000142635	(limited)
PhotonsMass_bkg_8TeV_ExpPAR2_cat2	  = -2.30418	 +/-  0.0531667	(limited)
eff_trig	  = -0.037711	 +/-  0.99581	(limited)
global_syst	  = -0.185028	 +/-  0.982416	(limited)
id_eff_ee	  = -0.0972927	 +/-  0.991572	(limited)
lumi_8TeV	  = -0.0972928	 +/-  0.991557	(limited)
mShift_cat2	  = 0	 +/-  0.989616	(limited)
mSmear_cat2	  = 0.212543	 +/-  0.953327	(limited)
r9Eff	  = 0.136561	 +/-  1.08148	(limited)
vtxEff	  = -0.0199726	 +/-  0.976374	(limited)
At r = 0.906250:	delta(nll) = 2.02805
Minuit2Minimizer: Minimize with max-calls 5000 convergence for edm < 0.01 strategy 0
Minuit2Minimizer : Valid minimum - status = 0
FVAL  = -7.3533931068788666e-05
Edm   = 2.79908430961161682e-06
Nfcn  = 85
PhotonsMass_bkg_8TeV_ExpPAR1_cat2	  = 0.00333747	 +/-  0.000163119	(limited)
PhotonsMass_bkg_8TeV_ExpPAR2_cat2	  = -2.30393	 +/-  0.0515363	(limited)
eff_trig	  = -0.0364512	 +/-  0.9958	(limited)
global_syst	  = -0.178766	 +/-  0.982139	(limited)
id_eff_ee	  = -0.0940332	 +/-  0.991601	(limited)
lumi_8TeV	  = -0.0940332	 +/-  0.991594	(limited)
mShift_cat2	  = 0	 +/-  0.989616	(limited)
mSmear_cat2	  = 0.206124	 +/-  0.957927	(limited)
r9Eff	  = 0.13096	 +/-  1.08434	(limited)
vtxEff	  = -0.0193317	 +/-  0.976932	(limited)
At r = 0.890625:	delta(nll) = 1.96313
Minuit2Minimizer: Minimize with max-calls 5000 convergence for edm < 0.01 strategy 0
Minuit2Minimizer : Valid minimum - status = 0
FVAL  = -0.00038620497005279077
Edm   = 2.28532790444056043e-06
Nfcn  = 112
PhotonsMass_bkg_8TeV_ExpPAR1_cat2	  = 0.00337404	 +/-  0.00124406	(limited)
PhotonsMass_bkg_8TeV_ExpPAR2_cat2	  = -2.28877	 +/-  0.509987	(limited)
eff_trig	  = -0.0366533	 +/-  0.99568	(limited)
global_syst	  = -0.176852	 +/-  0.98313	(limited)
id_eff_ee	  = -0.0941734	 +/-  0.991294	(limited)
lumi_8TeV	  = -0.0941744	 +/-  0.991294	(limited)
mShift_cat2	  = 0	 +/-  0.989616	(limited)
mSmear_cat2	  = 0.202003	 +/-  0.959902	(limited)
r9Eff	  = 0.129839	 +/-  1.08638	(limited)
vtxEff	  = -0.0194458	 +/-  0.977155	(limited)
At r = 0.882812:	delta(nll) = 1.93067
Median for expected limits: 0.878906
Sigma  for expected limits: 0.44843
Will search for NLL crossing by bisection
Minuit2Minimizer: Minimize with max-calls 5000 convergence for edm < 0.01 strategy 0
Minuit2Minimizer : Valid minimum - status = 0
FVAL  = -0.0718364247480189483
Edm   = 6.68098535617339516e-07
Nfcn  = 158
PhotonsMass_bkg_8TeV_ExpPAR1_cat2	  = 0.00369978	 +/-  0.00123665	(limited)
PhotonsMass_bkg_8TeV_ExpPAR2_cat2	  = -2.1486	 +/-  0.506958	(limited)
eff_trig	  = -0.00968677	 +/-  0.996327	(limited)
global_syst	  = -0.0478046	 +/-  0.992576	(limited)
id_eff_ee	  = -0.0250287	 +/-  0.994958	(limited)
lumi_8TeV	  = -0.0250285	 +/-  0.994958	(limited)
mShift_cat2	  = 0	 +/-  0.989616	(limited)
mSmear_cat2	  = 0.0564305	 +/-  0.985451	(limited)
r9Eff	  = 0.0298333	 +/-  1.01889	(limited)
vtxEff	  = -0.00528184	 +/-  0.991895	(limited)
At r = 0.439453:	delta(nll) = 0.50700
Minuit2Minimizer: Minimize with max-calls 5000 convergence for edm < 0.01 strategy 0
Minuit2Minimizer : Valid minimum - status = 0
FVAL  = -0.0164936299942552954
Edm   = 3.56353206603079464e-06
Nfcn  = 136
PhotonsMass_bkg_8TeV_ExpPAR1_cat2	  = 0.00353379	 +/-  0.00122446	(limited)
PhotonsMass_bkg_8TeV_ExpPAR2_cat2	  = -2.22013	 +/-  0.508439	(limited)
eff_trig	  = -0.0212514	 +/-  0.99609	(limited)
global_syst	  = -0.103217	 +/-  0.988157	(limited)
id_eff_ee	  = -0.0546538	 +/-  0.993782	(limited)
lumi_8TeV	  = -0.0546537	 +/-  0.993781	(limited)
mShift_cat2	  = 0	 +/-  0.989616	(limited)
mSmear_cat2	  = 0.120173	 +/-  0.981107	(limited)
r9Eff	  = 0.0697661	 +/-  1.06498	(limited)
vtxEff	  = -0.011452	 +/-  0.984435	(limited)
At r = 0.659180:	delta(nll) = 1.10922
Minuit2Minimizer: Minimize with max-calls 5000 convergence for edm < 0.01 strategy 0
Minuit2Minimizer : Valid minimum - status = 0
FVAL  = -0.0043030915764152881
Edm   = 4.00373505930053995e-08
Nfcn  = 135
PhotonsMass_bkg_8TeV_ExpPAR1_cat2	  = 0.00361479	 +/-  0.00124582	(limited)
PhotonsMass_bkg_8TeV_ExpPAR2_cat2	  = -2.18511	 +/-  0.509564	(limited)
eff_trig	  = -0.015041	 +/-  0.996239	(limited)
global_syst	  = -0.0734987	 +/-  0.991387	(limited)
id_eff_ee	  = -0.0387744	 +/-  0.994786	(limited)
lumi_8TeV	  = -0.0387745	 +/-  0.994788	(limited)
mShift_cat2	  = 0	 +/-  0.989616	(limited)
mSmear_cat2	  = 0.0859056	 +/-  0.982954	(limited)
r9Eff	  = 0.0464684	 +/-  1.0436	(limited)
vtxEff	  = -0.00816521	 +/-  0.98849	(limited)
At r = 0.549316:	delta(nll) = 0.78127
Minuit2Minimizer: Minimize with max-calls 5000 convergence for edm < 0.01 strategy 0
Minuit2Minimizer : Valid minimum - status = 0
FVAL  = -0.000416991785789601159
Edm   = 5.25347638236796536e-06
Nfcn  = 89
PhotonsMass_bkg_8TeV_ExpPAR1_cat2	  = 0.00361437	 +/-  0.00014604	(limited)
PhotonsMass_bkg_8TeV_ExpPAR2_cat2	  = -2.18449	 +/-  0.0535627	(limited)
eff_trig	  = -0.0120826	 +/-  0.996382	(limited)
global_syst	  = -0.0592889	 +/-  0.99166	(limited)
id_eff_ee	  = -0.0311738	 +/-  0.994896	(limited)
lumi_8TeV	  = -0.0311738	 +/-  0.994888	(limited)
mShift_cat2	  = 0	 +/-  0.989616	(limited)
mSmear_cat2	  = 0.0701223	 +/-  0.982163	(limited)
r9Eff	  = 0.0368014	 +/-  1.03472	(limited)
vtxEff	  = -0.00657975	 +/-  0.989923	(limited)
At r = 0.494385:	delta(nll) = 0.63786
Minuit2Minimizer: Minimize with max-calls 5000 convergence for edm < 0.01 strategy 0
Minuit2Minimizer : Valid minimum - status = 0
FVAL  = -0.00145790238372814655
Edm   = 2.08196595833981236e-06
Nfcn  = 110
PhotonsMass_bkg_8TeV_ExpPAR1_cat2	  = 0.00367891	 +/-  0.00124253	(limited)
PhotonsMass_bkg_8TeV_ExpPAR2_cat2	  = -2.15764	 +/-  0.508394	(limited)
eff_trig	  = -0.0113484	 +/-  0.996357	(limited)
global_syst	  = -0.0537035	 +/-  0.992446	(limited)
id_eff_ee	  = -0.02902	 +/-  0.995078	(limited)
lumi_8TeV	  = -0.0290282	 +/-  0.995089	(limited)
mShift_cat2	  = 0	 +/-  0.989616	(limited)
mSmear_cat2	  = 0.062792	 +/-  0.98204	(limited)
r9Eff	  = 0.0337242	 +/-  1.03107	(limited)
vtxEff	  = -0.00619373	 +/-  0.990602	(limited)
At r = 0.466919:	delta(nll) = 0.57039
Minuit2Minimizer: Minimize with max-calls 5000 convergence for edm < 0.01 strategy 0
Minuit2Minimizer : Valid minimum - status = 0
FVAL  = -3.03324840570864539e-05
Edm   = 3.2352152538777449e-07
Nfcn  = 89
PhotonsMass_bkg_8TeV_ExpPAR1_cat2	  = 0.00367867	 +/-  0.000143537	(limited)
PhotonsMass_bkg_8TeV_ExpPAR2_cat2	  = -2.15743	 +/-  0.0547208	(limited)
eff_trig	  = -0.0103476	 +/-  0.996375	(limited)
global_syst	  = -0.0508016	 +/-  0.992239	(limited)
id_eff_ee	  = -0.0267013	 +/-  0.995158	(limited)
lumi_8TeV	  = -0.0267011	 +/-  0.99514	(limited)
mShift_cat2	  = 0	 +/-  0.989616	(limited)
mSmear_cat2	  = 0.0596735	 +/-  0.98193	(limited)
r9Eff	  = 0.0311432	 +/-  1.02958	(limited)
vtxEff	  = -0.00564546	 +/-  0.990874	(limited)
At r = 0.453186:	delta(nll) = 0.53829
Minuit2Minimizer: Minimize with max-calls 5000 convergence for edm < 0.01 strategy 0
Minuit2Minimizer : Valid minimum - status = 0
FVAL  = -5.30972891940546593e-06
Edm   = 9.2705412156847261e-07
Nfcn  = 63
PhotonsMass_bkg_8TeV_ExpPAR1_cat2	  = 0.00367888	 +/-  0.000142601	(limited)
PhotonsMass_bkg_8TeV_ExpPAR2_cat2	  = -2.15749	 +/-  0.0555275	(limited)
eff_trig	  = -0.0106135	 +/-  0.997513	(limited)
global_syst	  = -0.052052	 +/-  1.01665	(limited)
id_eff_ee	  = -0.0273799	 +/-  1.00251	(limited)
lumi_8TeV	  = -0.0273798	 +/-  1.00252	(limited)
mShift_cat2	  = 0	 +/-  0.989616	(limited)
mSmear_cat2	  = 0.0610404	 +/-  1.01098	(limited)
r9Eff	  = 0.0319858	 +/-  1.04176	(limited)
vtxEff	  = -0.00578906	 +/-  0.991003	(limited)
At r = 0.460052:	delta(nll) = 0.55422
Minuit2Minimizer: Minimize with max-calls 5000 convergence for edm < 0.01 strategy 0
Minuit2Minimizer : Valid minimum - status = 0
FVAL  = -2.35952297742136061e-06
Edm   = 1.85276278541395759e-08
Nfcn  = 62
PhotonsMass_bkg_8TeV_ExpPAR1_cat2	  = 0.00367891	 +/-  0.00015603	(limited)
PhotonsMass_bkg_8TeV_ExpPAR2_cat2	  = -2.15749	 +/-  0.0639779	(limited)
eff_trig	  = -0.0108615	 +/-  0.996389	(limited)
global_syst	  = -0.0532518	 +/-  0.992639	(limited)
id_eff_ee	  = -0.0280173	 +/-  0.995182	(limited)
lumi_8TeV	  = -0.0280173	 +/-  0.99516	(limited)
mShift_cat2	  = 0	 +/-  0.989616	(limited)
mSmear_cat2	  = 0.0623683	 +/-  0.982248	(limited)
r9Eff	  = 0.0327839	 +/-  1.03144	(limited)
vtxEff	  = -0.00592278	 +/-  0.990583	(limited)
At r = 0.463486:	delta(nll) = 0.56227
Will search for NLL crossing by bisection
Minuit2Minimizer: Minimize with max-calls 5000 convergence for edm < 0.01 strategy 0
Minuit2Minimizer : Valid minimum - status = 0
FVAL  = -0.0148694205461971252
Edm   = 3.32335429476883722e-06
Nfcn  = 132
PhotonsMass_bkg_8TeV_ExpPAR1_cat2	  = 0.00352403	 +/-  0.00122514	(limited)
PhotonsMass_bkg_8TeV_ExpPAR2_cat2	  = -2.22433	 +/-  0.508421	(limited)
eff_trig	  = -0.0220123	 +/-  0.996049	(limited)
global_syst	  = -0.106999	 +/-  0.98783	(limited)
id_eff_ee	  = -0.0566238	 +/-  0.993719	(limited)
lumi_8TeV	  = -0.0566262	 +/-  0.993734	(limited)
mShift_cat2	  = 0	 +/-  0.989616	(limited)
mSmear_cat2	  = 0.124603	 +/-  0.981586	(limited)
r9Eff	  = 0.0725865	 +/-  1.06768	(limited)
vtxEff	  = -0.0118533	 +/-  0.984002	(limited)
At r = 0.672054:	delta(nll) = 1.15103
Minuit2Minimizer: Minimize with max-calls 5000 convergence for edm < 0.01 strategy 0
Minuit2Minimizer : Valid minimum - status = 0
FVAL  = -0.00387266762883096277
Edm   = 4.10610187830579569e-08
Nfcn  = 135
PhotonsMass_bkg_8TeV_ExpPAR1_cat2	  = 0.00360011	 +/-  0.00124583	(limited)
PhotonsMass_bkg_8TeV_ExpPAR2_cat2	  = -2.19143	 +/-  0.509628	(limited)
eff_trig	  = -0.0160578	 +/-  0.996176	(limited)
global_syst	  = -0.0784541	 +/-  0.990949	(limited)
id_eff_ee	  = -0.0413948	 +/-  0.994612	(limited)
lumi_8TeV	  = -0.0413949	 +/-  0.994615	(limited)
mShift_cat2	  = 0	 +/-  0.989616	(limited)
mSmear_cat2	  = 0.0916128	 +/-  0.982795	(limited)
r9Eff	  = 0.0499536	 +/-  1.04669	(limited)
vtxEff	  = -0.00870771	 +/-  0.987941	(limited)
At r = 0.568628:	delta(nll) = 0.83511
Minuit2Minimizer: Minimize with max-calls 5000 convergence for edm < 0.01 strategy 0
Minuit2Minimizer : Valid minimum - status = 0
FVAL  = -0.000437354088200151651
Edm   = 4.32084064753324531e-06
Nfcn  = 89
PhotonsMass_bkg_8TeV_ExpPAR1_cat2	  = 0.00360049	 +/-  0.000145559	(limited)
PhotonsMass_bkg_8TeV_ExpPAR2_cat2	  = -2.19199	 +/-  0.0532926	(limited)
eff_trig	  = -0.0190612	 +/-  0.996194	(limited)
global_syst	  = -0.0934055	 +/-  0.988948	(limited)
id_eff_ee	  = -0.0491623	 +/-  0.993922	(limited)
lumi_8TeV	  = -0.0491624	 +/-  0.993931	(limited)
mShift_cat2	  = 0	 +/-  0.989616	(limited)
mSmear_cat2	  = 0.107667	 +/-  0.978909	(limited)
r9Eff	  = 0.060951	 +/-  1.05774	(limited)
vtxEff	  = -0.010301	 +/-  0.986091	(limited)
At r = 0.620341:	delta(nll) = 0.98783
Minuit2Minimizer: Minimize with max-calls 5000 convergence for edm < 0.01 strategy 0
Minuit2Minimizer : Valid minimum - status = 0
FVAL  = -0.00124923178490740682
Edm   = 3.12513942889482587e-09
Nfcn  = 131
PhotonsMass_bkg_8TeV_ExpPAR1_cat2	  = 0.00354201	 +/-  0.00123437	(limited)
PhotonsMass_bkg_8TeV_ExpPAR2_cat2	  = -2.21643	 +/-  0.508833	(limited)
eff_trig	  = -0.0203486	 +/-  0.996113	(limited)
global_syst	  = -0.0998138	 +/-  0.988609	(limited)
id_eff_ee	  = -0.0524918	 +/-  0.994062	(limited)
lumi_8TeV	  = -0.0524918	 +/-  0.994071	(limited)
mShift_cat2	  = 0	 +/-  0.989616	(limited)
mSmear_cat2	  = 0.115982	 +/-  0.980952	(limited)
r9Eff	  = 0.0656752	 +/-  1.06204	(limited)
vtxEff	  = -0.010981	 +/-  0.985267	(limited)
At r = 0.646198:	delta(nll) = 1.06776
Minuit2Minimizer: Minimize with max-calls 5000 convergence for edm < 0.01 strategy 0
Minuit2Minimizer : Valid minimum - status = 0
FVAL  = -3.02509230184809324e-05
Edm   = 2.60977958715904838e-07
Nfcn  = 89
PhotonsMass_bkg_8TeV_ExpPAR1_cat2	  = 0.00354191	 +/-  0.000145056	(limited)
PhotonsMass_bkg_8TeV_ExpPAR2_cat2	  = -2.21629	 +/-  0.0532171	(limited)
eff_trig	  = -0.0195534	 +/-  0.996158	(limited)
global_syst	  = -0.0958941	 +/-  0.988831	(limited)
id_eff_ee	  = -0.0504419	 +/-  0.993883	(limited)
lumi_8TeV	  = -0.0504419	 +/-  0.993892	(limited)
mShift_cat2	  = 0	 +/-  0.989616	(limited)
mSmear_cat2	  = 0.111685	 +/-  0.980505	(limited)
r9Eff	  = 0.0627587	 +/-  1.05742	(limited)
vtxEff	  = -0.0105611	 +/-  0.985866	(limited)
At r = 0.633270:	delta(nll) = 1.02722
Minuit2Minimizer: Minimize with max-calls 5000 convergence for edm < 0.01 strategy 0
Minuit2Minimizer : Valid minimum - status = 0
FVAL  = -7.10438196853123189e-06
Edm   = 1.6602634509024778e-06
Nfcn  = 63
PhotonsMass_bkg_8TeV_ExpPAR1_cat2	  = 0.00354181	 +/-  0.000132633	(limited)
PhotonsMass_bkg_8TeV_ExpPAR2_cat2	  = -2.21617	 +/-  0.0619596	(limited)
eff_trig	  = -0.0192436	 +/-  0.997285	(limited)
global_syst	  = -0.0943751	 +/-  1.01384	(limited)
id_eff_ee	  = -0.0496427	 +/-  1.00118	(limited)
lumi_8TeV	  = -0.0496427	 +/-  1.00117	(limited)
mShift_cat2	  = 0	 +/-  0.989616	(limited)
mSmear_cat2	  = 0.110043	 +/-  1.00999	(limited)
r9Eff	  = 0.0616296	 +/-  1.0699	(limited)
vtxEff	  = -0.0103973	 +/-  0.986339	(limited)
At r = 0.626805:	delta(nll) = 1.00724
Minuit2Minimizer: Minimize with max-calls 5000 convergence for edm < 0.01 strategy 0
Minuit2Minimizer : Valid minimum - status = 0
FVAL  = -4.29595038451980596e-06
Edm   = 1.00578178615439713e-06
Nfcn  = 63
PhotonsMass_bkg_8TeV_ExpPAR1_cat2	  = 0.00354202	 +/-  0.000169029	(limited)
PhotonsMass_bkg_8TeV_ExpPAR2_cat2	  = -2.21612	 +/-  0.0651565	(limited)
eff_trig	  = -0.0189273	 +/-  0.996346	(limited)
global_syst	  = -0.0928176	 +/-  0.993765	(limited)
id_eff_ee	  = -0.0488259	 +/-  0.99527	(limited)
lumi_8TeV	  = -0.0488259	 +/-  0.995273	(limited)
mShift_cat2	  = 0	 +/-  0.989616	(limited)
mSmear_cat2	  = 0.10833	 +/-  0.985354	(limited)
r9Eff	  = 0.0604778	 +/-  1.05857	(limited)
vtxEff	  = -0.01023	 +/-  0.986197	(limited)
At r = 0.623573:	delta(nll) = 0.99732
Will search for NLL crossing by bisection
Minuit2Minimizer: Minimize with max-calls 5000 convergence for edm < 0.01 strategy 0
Minuit2Minimizer : Valid minimum - status = 0
FVAL  = -0.226974395158043685
Edm   = 7.15962928826648881e-07
Nfcn  = 201
PhotonsMass_bkg_8TeV_ExpPAR1_cat2	  = 0.00307885	 +/-  0.001239	(limited)
PhotonsMass_bkg_8TeV_ExpPAR2_cat2	  = -2.41579	 +/-  0.510743	(limited)
eff_trig	  = -0.0735938	 +/-  0.995506	(limited)
global_syst	  = -0.360736	 +/-  0.986301	(limited)
id_eff_ee	  = -0.189872	 +/-  0.990278	(limited)
lumi_8TeV	  = -0.189872	 +/-  0.990284	(limited)
mShift_cat2	  = 0	 +/-  0.989616	(limited)
mSmear_cat2	  = 0.387712	 +/-  0.944153	(limited)
r9Eff	  = 0.293118	 +/-  0.948556	(limited)
vtxEff	  = -0.0375529	 +/-  0.953362	(limited)
At r = 1.327336:	delta(nll) = 4.09478
Minuit2Minimizer: Minimize with max-calls 5000 convergence for edm < 0.01 strategy 0
Minuit2Minimizer : Valid minimum - status = 0
FVAL  = -0.0260312611632065004
Edm   = 5.57595357194193482e-07
Nfcn  = 156
PhotonsMass_bkg_8TeV_ExpPAR1_cat2	  = 0.00322131	 +/-  0.00125062	(limited)
PhotonsMass_bkg_8TeV_ExpPAR2_cat2	  = -2.35439	 +/-  0.509934	(limited)
eff_trig	  = -0.0533135	 +/-  0.996345	(limited)
global_syst	  = -0.262722	 +/-  0.979314	(limited)
id_eff_ee	  = -0.137661	 +/-  0.993451	(limited)
lumi_8TeV	  = -0.137659	 +/-  0.993494	(limited)
mShift_cat2	  = 0	 +/-  0.989616	(limited)
mSmear_cat2	  = 0.291809	 +/-  0.938581	(limited)
r9Eff	  = 0.207899	 +/-  1.07551	(limited)
vtxEff	  = -0.0277699	 +/-  0.970007	(limited)
At r = 1.103121:	delta(nll) = 2.92223
Minuit2Minimizer: Minimize with max-calls 5000 convergence for edm < 0.01 strategy 0
Minuit2Minimizer : Valid minimum - status = 0
FVAL  = -0.00648879467275946184
Edm   = 8.28286708105779834e-09
Nfcn  = 156
PhotonsMass_bkg_8TeV_ExpPAR1_cat2	  = 0.00314972	 +/-  0.00123214	(limited)
PhotonsMass_bkg_8TeV_ExpPAR2_cat2	  = -2.38524	 +/-  0.508479	(limited)
eff_trig	  = -0.0632692	 +/-  0.995602	(limited)
global_syst	  = -0.31033	 +/-  0.978355	(limited)
id_eff_ee	  = -0.163201	 +/-  0.990119	(limited)
lumi_8TeV	  = -0.163201	 +/-  0.990126	(limited)
mShift_cat2	  = 0	 +/-  0.989616	(limited)
mSmear_cat2	  = 0.339209	 +/-  0.927021	(limited)
r9Eff	  = 0.251154	 +/-  1.03082	(limited)
vtxEff	  = -0.0326241	 +/-  0.962816	(limited)
At r = 1.215229:	delta(nll) = 3.48920
Minuit2Minimizer: Minimize with max-calls 5000 convergence for edm < 0.01 strategy 0
Minuit2Minimizer : Valid minimum - status = 0
FVAL  = -0.00124995131905292906
Edm   = 3.54423551638685982e-06
Nfcn  = 89
PhotonsMass_bkg_8TeV_ExpPAR1_cat2	  = 0.00315008	 +/-  0.00014446	(limited)
PhotonsMass_bkg_8TeV_ExpPAR2_cat2	  = -2.38575	 +/-  0.0526465	(limited)
eff_trig	  = -0.0686099	 +/-  0.995196	(limited)
global_syst	  = -0.33604	 +/-  0.972895	(limited)
id_eff_ee	  = -0.176936	 +/-  0.988085	(limited)
lumi_8TeV	  = -0.176936	 +/-  0.988088	(limited)
mShift_cat2	  = 0	 +/-  0.989616	(limited)
mSmear_cat2	  = 0.362648	 +/-  0.921809	(limited)
r9Eff	  = 0.273653	 +/-  1.01479	(limited)
vtxEff	  = -0.0351859	 +/-  0.960668	(limited)
At r = 1.271282:	delta(nll) = 3.78774
Minuit2Minimizer: Minimize with max-calls 5000 convergence for edm < 0.01 strategy 0
Minuit2Minimizer : Valid minimum - status = 0
FVAL  = -0.00031849780015456592
Edm   = 8.47408640606423636e-07
Nfcn  = 85
PhotonsMass_bkg_8TeV_ExpPAR1_cat2	  = 0.00314951	 +/-  0.000127721	(limited)
PhotonsMass_bkg_8TeV_ExpPAR2_cat2	  = -2.38568	 +/-  0.0594515	(limited)
eff_trig	  = -0.0658448	 +/-  0.995243	(limited)
global_syst	  = -0.323032	 +/-  0.973244	(limited)
id_eff_ee	  = -0.169875	 +/-  0.98831	(limited)
lumi_8TeV	  = -0.169875	 +/-  0.988322	(limited)
mShift_cat2	  = 0	 +/-  0.989616	(limited)
mSmear_cat2	  = 0.350832	 +/-  0.924083	(limited)
r9Eff	  = 0.262229	 +/-  0.997051	(limited)
vtxEff	  = -0.033862	 +/-  0.962474	(limited)
At r = 1.243255:	delta(nll) = 3.63718
Minuit2Minimizer: Minimize with max-calls 5000 convergence for edm < 0.01 strategy 0
Minuit2Minimizer : Valid minimum - status = 0
FVAL  = -8.43395725047043493e-05
Edm   = 2.53774723210446975e-06
Nfcn  = 85
PhotonsMass_bkg_8TeV_ExpPAR1_cat2	  = 0.00314929	 +/-  0.000168224	(limited)
PhotonsMass_bkg_8TeV_ExpPAR2_cat2	  = -2.38588	 +/-  0.0495043	(limited)
eff_trig	  = -0.0672774	 +/-  0.995256	(limited)
global_syst	  = -0.329816	 +/-  0.972516	(limited)
id_eff_ee	  = -0.173539	 +/-  0.988057	(limited)
lumi_8TeV	  = -0.173539	 +/-  0.988075	(limited)
mShift_cat2	  = 0	 +/-  0.989616	(limited)
mSmear_cat2	  = 0.357047	 +/-  0.923018	(limited)
r9Eff	  = 0.268017	 +/-  1.00502	(limited)
vtxEff	  = -0.0345492	 +/-  0.961615	(limited)
At r = 1.257269:	delta(nll) = 3.71213
Minuit2Minimizer: Minimize with max-calls 5000 convergence for edm < 0.01 strategy 0
Minuit2Minimizer : Valid minimum - status = 0
FVAL  = -2.44089800020270802e-05
Edm   = 1.88638500020285938e-06
Nfcn  = 62
PhotonsMass_bkg_8TeV_ExpPAR1_cat2	  = 0.00314902	 +/-  0.000157913	(limited)
PhotonsMass_bkg_8TeV_ExpPAR2_cat2	  = -2.38591	 +/-  0.0632141	(limited)
eff_trig	  = -0.0664714	 +/-  0.995425	(limited)
global_syst	  = -0.326045	 +/-  0.977446	(limited)
id_eff_ee	  = -0.171484	 +/-  0.989576	(limited)
lumi_8TeV	  = -0.171484	 +/-  0.989598	(limited)
mShift_cat2	  = 0	 +/-  0.989616	(limited)
mSmear_cat2	  = 0.353614	 +/-  0.92807	(limited)
r9Eff	  = 0.264753	 +/-  1.00416	(limited)
vtxEff	  = -0.0341628	 +/-  0.962074	(limited)
At r = 1.250262:	delta(nll) = 3.67457
Will search for NLL crossing by bisection
Minuit2Minimizer: Minimize with max-calls 5000 convergence for edm < 0.01 strategy 0
Minuit2Minimizer : Valid minimum - status = 0
FVAL  = -0.314843929224474461
Edm   = 1.09094503177802368e-06
Nfcn  = 198
PhotonsMass_bkg_8TeV_ExpPAR1_cat2	  = 0.00271363	 +/-  0.00124129	(limited)
PhotonsMass_bkg_8TeV_ExpPAR2_cat2	  = -2.57302	 +/-  0.512118	(limited)
eff_trig	  = -0.138494	 +/-  0.993044	(limited)
global_syst	  = -0.680967	 +/-  0.956112	(limited)
id_eff_ee	  = -0.35757	 +/-  0.978967	(limited)
lumi_8TeV	  = -0.35757	 +/-  0.978973	(limited)
mShift_cat2	  = 0	 +/-  0.989616	(limited)
mSmear_cat2	  = 0.676181	 +/-  0.908852	(limited)
r9Eff	  = 0.511023	 +/-  0.969191	(limited)
vtxEff	  = -0.0664501	 +/-  0.920477	(limited)
At r = 1.963196:	delta(nll) = 8.15396
Minuit2Minimizer: Minimize with max-calls 5000 convergence for edm < 0.01 strategy 0
Minuit2Minimizer : Valid minimum - status = 0
FVAL  = -0.0747078980231460493
Edm   = 5.75986815176047792e-06
Nfcn  = 158
PhotonsMass_bkg_8TeV_ExpPAR1_cat2	  = 0.00290818	 +/-  0.00127359	(limited)
PhotonsMass_bkg_8TeV_ExpPAR2_cat2	  = -2.48929	 +/-  0.515556	(limited)
eff_trig	  = -0.101153	 +/-  0.995185	(limited)
global_syst	  = -0.495979	 +/-  0.976955	(limited)
id_eff_ee	  = -0.261173	 +/-  0.987573	(limited)
lumi_8TeV	  = -0.261172	 +/-  0.987608	(limited)
mShift_cat2	  = 0	 +/-  0.989616	(limited)
mSmear_cat2	  = 0.510043	 +/-  0.929318	(limited)
r9Eff	  = 0.390293	 +/-  0.899567	(limited)
vtxEff	  = -0.050162	 +/-  0.950892	(limited)
At r = 1.608481:	delta(nll) = 5.76811
Minuit2Minimizer: Minimize with max-calls 5000 convergence for edm < 0.01 strategy 0
Minuit2Minimizer : Valid minimum - status = 0
FVAL  = -0.0186967611633029746
Edm   = 4.97398868325021938e-08
Nfcn  = 158
PhotonsMass_bkg_8TeV_ExpPAR1_cat2	  = 0.00281001	 +/-  0.0012396	(limited)
PhotonsMass_bkg_8TeV_ExpPAR2_cat2	  = -2.53147	 +/-  0.511844	(limited)
eff_trig	  = -0.119642	 +/-  0.994523	(limited)
global_syst	  = -0.586611	 +/-  0.961106	(limited)
id_eff_ee	  = -0.308722	 +/-  0.985723	(limited)
lumi_8TeV	  = -0.308722	 +/-  0.98574	(limited)
mShift_cat2	  = 0	 +/-  0.989616	(limited)
mSmear_cat2	  = 0.593356	 +/-  0.916606	(limited)
r9Eff	  = 0.447589	 +/-  0.870967	(limited)
vtxEff	  = -0.0583699	 +/-  0.936489	(limited)
At r = 1.785838:	delta(nll) = 6.92608
Minuit2Minimizer: Minimize with max-calls 5000 convergence for edm < 0.01 strategy 0
Minuit2Minimizer : Valid minimum - status = 0
FVAL  = -0.00465564005845473666
Edm   = 1.5512042818364942e-06
Nfcn  = 136
PhotonsMass_bkg_8TeV_ExpPAR1_cat2	  = 0.0028597	 +/-  0.00125229	(limited)
PhotonsMass_bkg_8TeV_ExpPAR2_cat2	  = -2.51014	 +/-  0.512884	(limited)
eff_trig	  = -0.110178	 +/-  0.994671	(limited)
global_syst	  = -0.539917	 +/-  0.973633	(limited)
id_eff_ee	  = -0.284779	 +/-  0.985679	(limited)
lumi_8TeV	  = -0.28478	 +/-  0.985669	(limited)
mShift_cat2	  = 0	 +/-  0.989616	(limited)
mSmear_cat2	  = 0.553001	 +/-  0.920144	(limited)
r9Eff	  = 0.418186	 +/-  0.886315	(limited)
vtxEff	  = -0.0541868	 +/-  0.943781	(limited)
At r = 1.697159:	delta(nll) = 6.33787
Minuit2Minimizer: Minimize with max-calls 5000 convergence for edm < 0.01 strategy 0
Minuit2Minimizer : Valid minimum - status = 0
FVAL  = -0.000974588030823606011
Edm   = 1.77525085695907868e-06
Nfcn  = 89
PhotonsMass_bkg_8TeV_ExpPAR1_cat2	  = 0.00285988	 +/-  0.00014528	(limited)
PhotonsMass_bkg_8TeV_ExpPAR2_cat2	  = -2.51047	 +/-  0.0523117	(limited)
eff_trig	  = -0.115212	 +/-  0.994341	(limited)
global_syst	  = -0.564318	 +/-  0.959515	(limited)
id_eff_ee	  = -0.297152	 +/-  0.982714	(limited)
lumi_8TeV	  = -0.297152	 +/-  0.98274	(limited)
mShift_cat2	  = 0	 +/-  0.989616	(limited)
mSmear_cat2	  = 0.572384	 +/-  0.909413	(limited)
r9Eff	  = 0.433796	 +/-  0.871699	(limited)
vtxEff	  = -0.0564379	 +/-  0.94013	(limited)
At r = 1.741499:	delta(nll) = 6.62994
Minuit2Minimizer: Minimize with max-calls 5000 convergence for edm < 0.01 strategy 0
Minuit2Minimizer : Valid minimum - status = 0
FVAL  = -0.00024254731260655877
Edm   = 4.20497238041978397e-07
Nfcn  = 85
PhotonsMass_bkg_8TeV_ExpPAR1_cat2	  = 0.00285949	 +/-  0.000127513	(limited)
PhotonsMass_bkg_8TeV_ExpPAR2_cat2	  = -2.51042	 +/-  0.0595143	(limited)
eff_trig	  = -0.112651	 +/-  0.994429	(limited)
global_syst	  = -0.552617	 +/-  0.960825	(limited)
id_eff_ee	  = -0.290627	 +/-  0.983343	(limited)
lumi_8TeV	  = -0.290628	 +/-  0.983327	(limited)
mShift_cat2	  = 0	 +/-  0.989616	(limited)
mSmear_cat2	  = 0.562322	 +/-  0.914486	(limited)
r9Eff	  = 0.426285	 +/-  0.878951	(limited)
vtxEff	  = -0.0553171	 +/-  0.941893	(limited)
At r = 1.719329:	delta(nll) = 6.48328
Minuit2Minimizer: Minimize with max-calls 5000 convergence for edm < 0.01 strategy 0
Minuit2Minimizer : Valid minimum - status = 0
FVAL  = -6.07213597218839163e-05
Edm   = 3.37683492503701911e-06
Nfcn  = 63
PhotonsMass_bkg_8TeV_ExpPAR1_cat2	  = 0.00285961	 +/-  0.000150175	(limited)
PhotonsMass_bkg_8TeV_ExpPAR2_cat2	  = -2.51058	 +/-  0.0631901	(limited)
eff_trig	  = -0.113896	 +/-  0.994971	(limited)
global_syst	  = -0.558227	 +/-  0.969919	(limited)
id_eff_ee	  = -0.293771	 +/-  0.986624	(limited)
lumi_8TeV	  = -0.293771	 +/-  0.986605	(limited)
mShift_cat2	  = 0	 +/-  0.989616	(limited)
mSmear_cat2	  = 0.567121	 +/-  0.922656	(limited)
r9Eff	  = 0.429945	 +/-  0.880356	(limited)
vtxEff	  = -0.0558643	 +/-  0.941149	(limited)
At r = 1.730414:	delta(nll) = 6.55645
Restricting r to positive values.
  1) RooRealVar::                                MH = 400
  2) RooRealVar:: PhotonsMass_bkg_8TeV_ExpPAR1_cat2 = 0.00405626 +/- 0.00124285
  3) RooRealVar:: PhotonsMass_bkg_8TeV_ExpPAR2_cat2 = -1.99571 +/- 0.510386
  4) RooRealVar::         ReducedMass_sig_Nneg_cat2 = 0.228696 +/- 4.29964
  5) RooRealVar::         ReducedMass_sig_Npos_cat2 = 2 +/- 4.29068
  6) RooRealVar::   ReducedMass_sig_alphaCBneg_cat2 = 2.6 +/- 2.50187
  7) RooRealVar::   ReducedMass_sig_alphaCBpos_cat2 = -2.6 +/- 2.50187
  8) RooRealVar::         ReducedMass_sig_frac_cat2 = 0.5 +/- 0.420735
  9) RooRealVar::         ReducedMass_sig_mean_cat2 = 0 +/- 0.00841471
 10) RooRealVar::        ReducedMass_sig_sigma_cat2 = 0.0238 +/- 0.678606
 11) RooRealVar::                          eff_trig = 0
 12) RooRealVar::                       eff_trig_In = 0
 13) RooRealVar::                       global_syst = 0
 14) RooRealVar::                    global_syst_In = 0
 15) RooRealVar::                         id_eff_ee = 0
 16) RooRealVar::                      id_eff_ee_In = 0
 17) RooRealVar::                         lumi_8TeV = 0
 18) RooRealVar::                      lumi_8TeV_In = 0
 19) RooRealVar::                       mShift_cat2 = 0
 20) RooRealVar::                    mShift_cat2_In = 0
 21) RooRealVar::                       mSmear_cat2 = 0
 22) RooRealVar::                    mSmear_cat2_In = 0
 23) RooRealVar::            n_exp_bincat2_proc_bkg = 4623
 24) RooRealVar::                                 r = 2
 25) RooRealVar::                             r9Eff = 0
 26) RooRealVar::                          r9Eff_In = 0
 27) RooRealVar::                 rooSigmaCorr_cat2 = 0.861906
 28) RooRealVar::                  sigmaBW_var_cat2 = 0.1
 29) RooRealVar::                            vtxEff = 0
 30) RooRealVar::                         vtxEff_In = 0

Make global fit of real data
[#1] INFO:NumericIntegration -- RooRealIntegral::init(shapeBkg_bkg_cat2_Int[PhotonsMass]) using numeric integrator RooIntegrator1D to calculate Int(PhotonsMass)
[#1] INFO:Caching -- RooAbsCachedPdf::getCache(shapeSig_sig_cat2) creating new cache 0x353bd80 with pdf SigModelBW_cat2_CONV_ResAddPdf_cat2_CACHE_Obs[PhotonsMass] for nset (PhotonsMass) with code 1 from preexisting content.
Minuit2Minimizer: Minimize with max-calls 5500 convergence for edm < 0.01 strategy 0
Minuit2Minimizer : Valid minimum - status = 0
FVAL  = -5.69136631105267998
Edm   = 1.8154720392379914e-06
Nfcn  = 287
PhotonsMass_bkg_8TeV_ExpPAR1_cat2	  = 0.00357651	 +/-  0.00128809	(limited)
PhotonsMass_bkg_8TeV_ExpPAR2_cat2	  = -2.20171	 +/-  0.532224	(limited)
eff_trig	  = -0.000153616	 +/-  0.994702	(limited)
global_syst	  = 0.000302797	 +/-  0.982101	(limited)
id_eff_ee	  = 0.000157985	 +/-  0.990309	(limited)
lumi_8TeV	  = 0.000157985	 +/-  0.990309	(limited)
mShift_cat2	  = 0	 +/-  0.989616	(limited)
mSmear_cat2	  = 0.0188978	 +/-  0.951688	(limited)
r	  = 0.548534	 +/-  0.453543	(limited)
r9Eff	  = 0.000741198	 +/-  1.00044	(limited)
vtxEff	  = -0.000154773	 +/-  0.927946	(limited)
NLL at global minimum of data: -8453.08 (r = 0.548534)
   0) MH                             =       400
   1) PhotonsMass_bkg_8TeV_ExpPAR1_cat2 = 0.00357651
   2) PhotonsMass_bkg_8TeV_ExpPAR2_cat2 =  -2.20171
   3) ReducedMass_sig_Nneg_cat2      =  0.228696
   4) ReducedMass_sig_Npos_cat2      =         2
   5) ReducedMass_sig_alphaCBneg_cat2 =       2.6
   6) ReducedMass_sig_alphaCBpos_cat2 =      -2.6
   7) ReducedMass_sig_frac_cat2      =       0.5
   8) ReducedMass_sig_mean_cat2      =         0
   9) ReducedMass_sig_sigma_cat2     =    0.0238
  10) eff_trig                       = -0.000153616
  11) eff_trig_In                    =         0
  12) global_syst                    = 0.000302797
  13) global_syst_In                 =         0
  14) id_eff_ee                      = 0.000157985
  15) id_eff_ee_In                   =         0
  16) lumi_8TeV                      = 0.000157985
  17) lumi_8TeV_In                   =         0
  18) mShift_cat2                    =         0
  19) mShift_cat2_In                 =         0
  20) mSmear_cat2                    = 0.0188978
  21) mSmear_cat2_In                 =         0
  22) n_exp_bincat2_proc_bkg         =      4623
  23) r                              =  0.548534
  24) r9Eff                          = 0.000741198
  25) r9Eff_In                       =         0
  26) rooSigmaCorr_cat2              =  0.861906
  27) sigmaBW_var_cat2               =       0.1
  28) vtxEff                         = -0.000154773
  29) vtxEff_In                      =         0


Make global fit of asimov data
[#1] INFO:NumericIntegration -- RooRealIntegral::init(shapeBkg_bkg_cat2_Int[PhotonsMass]) using numeric integrator RooIntegrator1D to calculate Int(PhotonsMass)
[#1] INFO:Caching -- RooAbsCachedPdf::getCache(shapeSig_sig_cat2) creating new cache 0x39d26c0 with pdf SigModelBW_cat2_CONV_ResAddPdf_cat2_CACHE_Obs[PhotonsMass] for nset (PhotonsMass) with code 1
Minuit2Minimizer: Minimize with max-calls 5500 convergence for edm < 0.01 strategy 0
Minuit2Minimizer : Valid minimum - status = 0
FVAL  = -0.787451590704170368
Edm   = 2.4796275806486062e-06
Nfcn  = 409
PhotonsMass_bkg_8TeV_ExpPAR1_cat2	  = 0.00406658	 +/-  0.00121689	(limited)
PhotonsMass_bkg_8TeV_ExpPAR2_cat2	  = -1.99085	 +/-  0.500512	(limited)
eff_trig	  = 3.71309e-05	 +/-  0.996511	(limited)
global_syst	  = 0.000525681	 +/-  0.992462	(limited)
id_eff_ee	  = 0.000151895	 +/-  0.995868	(limited)
lumi_8TeV	  = 0.000151895	 +/-  0.995868	(limited)
mShift_cat2	  = 0	 +/-  0.989616	(limited)
mSmear_cat2	  = -0.000591712	 +/-  0.977167	(limited)
r	  = 0.0004031	 +/-  16.2701	(limited)
r9Eff	  = 0.00103185	 +/-  0.98284	(limited)
vtxEff	  = 7.76899e-05	 +/-  0.988252	(limited)
NLL at global minimum of asimov: -8452.16 (r = 0.0004031)
   0) MH                             =       400
   1) PhotonsMass_bkg_8TeV_ExpPAR1_cat2 = 0.00406658
   2) PhotonsMass_bkg_8TeV_ExpPAR2_cat2 =  -1.99085
   3) ReducedMass_sig_Nneg_cat2      =  0.228696
   4) ReducedMass_sig_Npos_cat2      =         2
   5) ReducedMass_sig_alphaCBneg_cat2 =       2.6
   6) ReducedMass_sig_alphaCBpos_cat2 =      -2.6
   7) ReducedMass_sig_frac_cat2      =       0.5
   8) ReducedMass_sig_mean_cat2      =         0
   9) ReducedMass_sig_sigma_cat2     =    0.0238
  10) eff_trig                       = 3.71309e-05
  11) eff_trig_In                    =         0
  12) global_syst                    = 0.000525681
  13) global_syst_In                 =         0
  14) id_eff_ee                      = 0.000151895
  15) id_eff_ee_In                   =         0
  16) lumi_8TeV                      = 0.000151895
  17) lumi_8TeV_In                   =         0
  18) mShift_cat2                    =         0
  19) mShift_cat2_In                 =         0
  20) mSmear_cat2                    = -0.000591712
  21) mSmear_cat2_In                 =         0
  22) n_exp_bincat2_proc_bkg         =      4623
  23) r                              = 0.0004031
  24) r9Eff                          = 0.00103185
  25) r9Eff_In                       =         0
  26) rooSigmaCorr_cat2              =  0.861906
  27) sigmaBW_var_cat2               =       0.1
  28) vtxEff                         = 7.76899e-05
  29) vtxEff_In                      =         0

Minuit2Minimizer: Minimize with max-calls 5000 convergence for edm < 0.01 strategy 0
Minuit2Minimizer : Valid minimum - status = 0
FVAL  = -0.792106887444070429
Edm   = 5.23522883216794464e-08
Nfcn  = 246
PhotonsMass_bkg_8TeV_ExpPAR1_cat2	  = 0.00263718	 +/-  0.00124437	(limited)
PhotonsMass_bkg_8TeV_ExpPAR2_cat2	  = -2.6061	 +/-  0.512807	(limited)
eff_trig	  = -0.0961217	 +/-  0.994461	(limited)
global_syst	  = -0.471463	 +/-  0.964025	(limited)
id_eff_ee	  = -0.247889	 +/-  0.982845	(limited)
lumi_8TeV	  = -0.247889	 +/-  0.982845	(limited)
mShift_cat2	  = 0	 +/-  0.989616	(limited)
mSmear_cat2	  = 0.453016	 +/-  0.852982	(limited)
r9Eff	  = 0.374371	 +/-  0.915692	(limited)
vtxEff	  = -0.0479469	 +/-  0.934656	(limited)
   0) MH                             =       400
   1) PhotonsMass_bkg_8TeV_ExpPAR1_cat2 = 0.00263718
   2) PhotonsMass_bkg_8TeV_ExpPAR2_cat2 =   -2.6061
   3) ReducedMass_sig_Nneg_cat2      =  0.228696
   4) ReducedMass_sig_Npos_cat2      =         2
   5) ReducedMass_sig_alphaCBneg_cat2 =       2.6
   6) ReducedMass_sig_alphaCBpos_cat2 =      -2.6
   7) ReducedMass_sig_frac_cat2      =       0.5
   8) ReducedMass_sig_mean_cat2      =         0
   9) ReducedMass_sig_sigma_cat2     =    0.0238
  10) eff_trig                       = -0.0961217
  11) eff_trig_In                    =         0
  12) global_syst                    = -0.471463
  13) global_syst_In                 =         0
  14) id_eff_ee                      = -0.247889
  15) id_eff_ee_In                   =         0
  16) lumi_8TeV                      = -0.247889
  17) lumi_8TeV_In                   =         0
  18) mShift_cat2                    =         0
  19) mShift_cat2_In                 =         0
  20) mSmear_cat2                    =  0.453016
  21) mSmear_cat2_In                 =         0
  22) n_exp_bincat2_proc_bkg         =      4623
  23) r                              =   1.90916
  24) r9Eff                          =  0.374371
  25) r9Eff_In                       =         0
  26) rooSigmaCorr_cat2              =  0.861906
  27) sigmaBW_var_cat2               =       0.1
  28) vtxEff                         = -0.0479469
  29) vtxEff_In                      =         0

Minuit2Minimizer: Minimize with max-calls 5000 convergence for edm < 0.01 strategy 0
Minuit2Minimizer : Valid minimum - status = 0
FVAL  = -1.56085618472613463
Edm   = 3.92490002554678845e-06
Nfcn  = 249
PhotonsMass_bkg_8TeV_ExpPAR1_cat2	  = 0.00274474	 +/-  0.00126923	(limited)
PhotonsMass_bkg_8TeV_ExpPAR2_cat2	  = -2.55956	 +/-  0.528121	(limited)
eff_trig	  = -0.132861	 +/-  0.994058	(limited)
global_syst	  = -0.652204	 +/-  0.950234	(limited)
id_eff_ee	  = -0.342715	 +/-  0.980569	(limited)
lumi_8TeV	  = -0.342715	 +/-  0.980564	(limited)
mShift_cat2	  = 0	 +/-  0.989616	(limited)
mSmear_cat2	  = 0.651351	 +/-  0.904286	(limited)
r9Eff	  = 0.490806	 +/-  0.966212	(limited)
vtxEff	  = -0.0640163	 +/-  0.915454	(limited)
   0) MH                             =       400
   1) PhotonsMass_bkg_8TeV_ExpPAR1_cat2 = 0.00274474
   2) PhotonsMass_bkg_8TeV_ExpPAR2_cat2 =  -2.55956
   3) ReducedMass_sig_Nneg_cat2      =  0.228696
   4) ReducedMass_sig_Npos_cat2      =         2
   5) ReducedMass_sig_alphaCBneg_cat2 =       2.6
   6) ReducedMass_sig_alphaCBpos_cat2 =      -2.6
   7) ReducedMass_sig_frac_cat2      =       0.5
   8) ReducedMass_sig_mean_cat2      =         0
   9) ReducedMass_sig_sigma_cat2     =    0.0238
  10) eff_trig                       = -0.132861
  11) eff_trig_In                    =         0
  12) global_syst                    = -0.652204
  13) global_syst_In                 =         0
  14) id_eff_ee                      = -0.342715
  15) id_eff_ee_In                   =         0
  16) lumi_8TeV                      = -0.342715
  17) lumi_8TeV_In                   =         0
  18) mShift_cat2                    =         0
  19) mShift_cat2_In                 =         0
  20) mSmear_cat2                    =  0.651351
  21) mSmear_cat2_In                 =         0
  22) n_exp_bincat2_proc_bkg         =      4623
  23) r                              =   1.90916
  24) r9Eff                          =  0.490806
  25) r9Eff_In                       =         0
  26) rooSigmaCorr_cat2              =  0.861906
  27) sigmaBW_var_cat2               =       0.1
  28) vtxEff                         = -0.0640163
  29) vtxEff_In                      =         0

At r = 1.909164:	q_mu = 7.64433	q_A  = 15.54605	CLsb = 0.00285	CLb  = 0.88060	CLs  = 0.00323
Minuit2Minimizer: Minimize with max-calls 5000 convergence for edm < 0.01 strategy 0
Minuit2Minimizer : Valid minimum - status = 0
FVAL  = -0.219702032857667595
Edm   = 5.946983983749315e-06
Nfcn  = 176
PhotonsMass_bkg_8TeV_ExpPAR1_cat2	  = 0.00306291	 +/-  0.00124046	(limited)
PhotonsMass_bkg_8TeV_ExpPAR2_cat2	  = -2.4229	 +/-  0.50683	(limited)
eff_trig	  = -0.0361505	 +/-  0.995812	(limited)
global_syst	  = -0.176686	 +/-  0.982102	(limited)
id_eff_ee	  = -0.0931485	 +/-  0.991729	(limited)
lumi_8TeV	  = -0.0931492	 +/-  0.991741	(limited)
mShift_cat2	  = 0	 +/-  0.989616	(limited)
mSmear_cat2	  = 0.211695	 +/-  0.914856	(limited)
r9Eff	  = 0.130866	 +/-  1.10355	(limited)
vtxEff	  = -0.0192244	 +/-  0.981324	(limited)
   0) MH                             =       400
   1) PhotonsMass_bkg_8TeV_ExpPAR1_cat2 = 0.00306291
   2) PhotonsMass_bkg_8TeV_ExpPAR2_cat2 =   -2.4229
   3) ReducedMass_sig_Nneg_cat2      =  0.228696
   4) ReducedMass_sig_Npos_cat2      =         2
   5) ReducedMass_sig_alphaCBneg_cat2 =       2.6
   6) ReducedMass_sig_alphaCBpos_cat2 =      -2.6
   7) ReducedMass_sig_frac_cat2      =       0.5
   8) ReducedMass_sig_mean_cat2      =         0
   9) ReducedMass_sig_sigma_cat2     =    0.0238
  10) eff_trig                       = -0.0361505
  11) eff_trig_In                    =         0
  12) global_syst                    = -0.176686
  13) global_syst_In                 =         0
  14) id_eff_ee                      = -0.0931485
  15) id_eff_ee_In                   =         0
  16) lumi_8TeV                      = -0.0931492
  17) lumi_8TeV_In                   =         0
  18) mShift_cat2                    =         0
  19) mShift_cat2_In                 =         0
  20) mSmear_cat2                    =  0.211695
  21) mSmear_cat2_In                 =         0
  22) n_exp_bincat2_proc_bkg         =      4623
  23) r                              =   1.22885
  24) r9Eff                          =  0.130866
  25) r9Eff_In                       =         0
  26) rooSigmaCorr_cat2              =  0.861906
  27) sigmaBW_var_cat2               =       0.1
  28) vtxEff                         = -0.0192244
  29) vtxEff_In                      =         0

Minuit2Minimizer: Minimize with max-calls 5000 convergence for edm < 0.01 strategy 0
Minuit2Minimizer : Valid minimum - status = 0
FVAL  = -0.253433274324052216
Edm   = 1.63739771755905049e-06
Nfcn  = 176
PhotonsMass_bkg_8TeV_ExpPAR1_cat2	  = 0.00314073	 +/-  0.00124403	(limited)
PhotonsMass_bkg_8TeV_ExpPAR2_cat2	  = -2.38917	 +/-  0.509975	(limited)
eff_trig	  = -0.0644741	 +/-  0.99576	(limited)
global_syst	  = -0.317285	 +/-  0.986426	(limited)
id_eff_ee	  = -0.166448	 +/-  0.991575	(limited)
lumi_8TeV	  = -0.166449	 +/-  0.991563	(limited)
mShift_cat2	  = 0	 +/-  0.989616	(limited)
mSmear_cat2	  = 0.344961	 +/-  0.944709	(limited)
r9Eff	  = 0.255316	 +/-  0.976947	(limited)
vtxEff	  = -0.0331652	 +/-  0.968627	(limited)
   0) MH                             =       400
   1) PhotonsMass_bkg_8TeV_ExpPAR1_cat2 = 0.00314073
   2) PhotonsMass_bkg_8TeV_ExpPAR2_cat2 =  -2.38917
   3) ReducedMass_sig_Nneg_cat2      =  0.228696
   4) ReducedMass_sig_Npos_cat2      =         2
   5) ReducedMass_sig_alphaCBneg_cat2 =       2.6
   6) ReducedMass_sig_alphaCBpos_cat2 =      -2.6
   7) ReducedMass_sig_frac_cat2      =       0.5
   8) ReducedMass_sig_mean_cat2      =         0
   9) ReducedMass_sig_sigma_cat2     =    0.0238
  10) eff_trig                       = -0.0644741
  11) eff_trig_In                    =         0
  12) global_syst                    = -0.317285
  13) global_syst_In                 =         0
  14) id_eff_ee                      = -0.166448
  15) id_eff_ee_In                   =         0
  16) lumi_8TeV                      = -0.166449
  17) lumi_8TeV_In                   =         0
  18) mShift_cat2                    =         0
  19) mShift_cat2_In                 =         0
  20) mSmear_cat2                    =  0.344961
  21) mSmear_cat2_In                 =         0
  22) n_exp_bincat2_proc_bkg         =      4623
  23) r                              =   1.22885
  24) r9Eff                          =  0.255316
  25) r9Eff_In                       =         0
  26) rooSigmaCorr_cat2              =  0.861906
  27) sigmaBW_var_cat2               =       0.1
  28) vtxEff                         = -0.0331652
  29) vtxEff_In                      =         0

At r = 1.228849:	q_mu = 2.10942	q_A  = 7.12166	CLsb = 0.07320	CLb  = 0.88806	CLs  = 0.08242
Minuit2Minimizer: Minimize with max-calls 5000 convergence for edm < 0.01 strategy 0
Minuit2Minimizer : Valid minimum - status = 0
FVAL  = -0.0548470759074032518
Edm   = 2.40670341804772267e-07
Nfcn  = 180
PhotonsMass_bkg_8TeV_ExpPAR1_cat2	  = 0.00284122	 +/-  0.00125209	(limited)
PhotonsMass_bkg_8TeV_ExpPAR2_cat2	  = -2.51823	 +/-  0.51799	(limited)
eff_trig	  = -0.0639948	 +/-  0.995018	(limited)
global_syst	  = -0.313733	 +/-  0.972699	(limited)
id_eff_ee	  = -0.165117	 +/-  0.986375	(limited)
lumi_8TeV	  = -0.165117	 +/-  0.986379	(limited)
mShift_cat2	  = 0	 +/-  0.989616	(limited)
mSmear_cat2	  = 0.330677	 +/-  0.869272	(limited)
r9Eff	  = 0.25435	 +/-  1.02594	(limited)
vtxEff	  = -0.032976	 +/-  0.960132	(limited)
   0) MH                             =       400
   1) PhotonsMass_bkg_8TeV_ExpPAR1_cat2 = 0.00284122
   2) PhotonsMass_bkg_8TeV_ExpPAR2_cat2 =  -2.51823
   3) ReducedMass_sig_Nneg_cat2      =  0.228696
   4) ReducedMass_sig_Npos_cat2      =         2
   5) ReducedMass_sig_alphaCBneg_cat2 =       2.6
   6) ReducedMass_sig_alphaCBpos_cat2 =      -2.6
   7) ReducedMass_sig_frac_cat2      =       0.5
   8) ReducedMass_sig_mean_cat2      =         0
   9) ReducedMass_sig_sigma_cat2     =    0.0238
  10) eff_trig                       = -0.0639948
  11) eff_trig_In                    =         0
  12) global_syst                    = -0.313733
  13) global_syst_In                 =         0
  14) id_eff_ee                      = -0.165117
  15) id_eff_ee_In                   =         0
  16) lumi_8TeV                      = -0.165117
  17) lumi_8TeV_In                   =         0
  18) mShift_cat2                    =         0
  19) mShift_cat2_In                 =         0
  20) mSmear_cat2                    =  0.330677
  21) mSmear_cat2_In                 =         0
  22) n_exp_bincat2_proc_bkg         =      4623
  23) r                              =   1.56901
  24) r9Eff                          =   0.25435
  25) r9Eff_In                       =         0
  26) rooSigmaCorr_cat2              =  0.861906
  27) sigmaBW_var_cat2               =       0.1
  28) vtxEff                         = -0.032976
  29) vtxEff_In                      =         0

Minuit2Minimizer: Minimize with max-calls 5000 convergence for edm < 0.01 strategy 0
Minuit2Minimizer : Valid minimum - status = 0
FVAL  = -0.0653312412131869802
Edm   = 3.32592495097226465e-08
Nfcn  = 180
PhotonsMass_bkg_8TeV_ExpPAR1_cat2	  = 0.00293366	 +/-  0.00126375	(limited)
PhotonsMass_bkg_8TeV_ExpPAR2_cat2	  = -2.47825	 +/-  0.523999	(limited)
eff_trig	  = -0.0970612	 +/-  0.994534	(limited)
global_syst	  = -0.476272	 +/-  0.957694	(limited)
id_eff_ee	  = -0.250505	 +/-  0.986214	(limited)
lumi_8TeV	  = -0.250505	 +/-  0.986212	(limited)
mShift_cat2	  = 0	 +/-  0.989616	(limited)
mSmear_cat2	  = 0.494036	 +/-  0.914918	(limited)
r9Eff	  = 0.377594	 +/-  0.901937	(limited)
vtxEff	  = -0.0483937	 +/-  0.944387	(limited)
   0) MH                             =       400
   1) PhotonsMass_bkg_8TeV_ExpPAR1_cat2 = 0.00293366
   2) PhotonsMass_bkg_8TeV_ExpPAR2_cat2 =  -2.47825
   3) ReducedMass_sig_Nneg_cat2      =  0.228696
   4) ReducedMass_sig_Npos_cat2      =         2
   5) ReducedMass_sig_alphaCBneg_cat2 =       2.6
   6) ReducedMass_sig_alphaCBpos_cat2 =      -2.6
   7) ReducedMass_sig_frac_cat2      =       0.5
   8) ReducedMass_sig_mean_cat2      =         0
   9) ReducedMass_sig_sigma_cat2     =    0.0238
  10) eff_trig                       = -0.0970612
  11) eff_trig_In                    =         0
  12) global_syst                    = -0.476272
  13) global_syst_In                 =         0
  14) id_eff_ee                      = -0.250505
  15) id_eff_ee_In                   =         0
  16) lumi_8TeV                      = -0.250505
  17) lumi_8TeV_In                   =         0
  18) mShift_cat2                    =         0
  19) mShift_cat2_In                 =         0
  20) mSmear_cat2                    =  0.494036
  21) mSmear_cat2_In                 =         0
  22) n_exp_bincat2_proc_bkg         =      4623
  23) r                              =   1.56901
  24) r9Eff                          =  0.377594
  25) r9Eff_In                       =         0
  26) rooSigmaCorr_cat2              =  0.861906
  27) sigmaBW_var_cat2               =       0.1
  28) vtxEff                         = -0.0483937
  29) vtxEff_In                      =         0

At r = 1.569007:	q_mu = 4.51952	q_A  = 11.04146	CLsb = 0.01676	CLb  = 0.88434	CLs  = 0.01895
Minuit2Minimizer: Minimize with max-calls 5000 convergence for edm < 0.01 strategy 0
Minuit2Minimizer : Valid minimum - status = 0
FVAL  = -0.0156775079714231158
Edm   = 2.21901017641734903e-07
Nfcn  = 157
PhotonsMass_bkg_8TeV_ExpPAR1_cat2	  = 0.00295576	 +/-  0.00125435	(limited)
PhotonsMass_bkg_8TeV_ExpPAR2_cat2	  = -2.46885	 +/-  0.512186	(limited)
eff_trig	  = -0.0484995	 +/-  0.996255	(limited)
global_syst	  = -0.238733	 +/-  0.975862	(limited)
id_eff_ee	  = -0.12519	 +/-  0.993314	(limited)
lumi_8TeV	  = -0.125191	 +/-  0.993296	(limited)
mShift_cat2	  = 0	 +/-  0.989616	(limited)
mSmear_cat2	  = 0.266805	 +/-  0.887252	(limited)
r9Eff	  = 0.185828	 +/-  1.08503	(limited)
vtxEff	  = -0.0253939	 +/-  0.972204	(limited)
   0) MH                             =       400
   1) PhotonsMass_bkg_8TeV_ExpPAR1_cat2 = 0.00295576
   2) PhotonsMass_bkg_8TeV_ExpPAR2_cat2 =  -2.46885
   3) ReducedMass_sig_Nneg_cat2      =  0.228696
   4) ReducedMass_sig_Npos_cat2      =         2
   5) ReducedMass_sig_alphaCBneg_cat2 =       2.6
   6) ReducedMass_sig_alphaCBpos_cat2 =      -2.6
   7) ReducedMass_sig_frac_cat2      =       0.5
   8) ReducedMass_sig_mean_cat2      =         0
   9) ReducedMass_sig_sigma_cat2     =    0.0238
  10) eff_trig                       = -0.0484995
  11) eff_trig_In                    =         0
  12) global_syst                    = -0.238733
  13) global_syst_In                 =         0
  14) id_eff_ee                      =  -0.12519
  15) id_eff_ee_In                   =         0
  16) lumi_8TeV                      = -0.125191
  17) lumi_8TeV_In                   =         0
  18) mShift_cat2                    =         0
  19) mShift_cat2_In                 =         0
  20) mSmear_cat2                    =  0.266805
  21) mSmear_cat2_In                 =         0
  22) n_exp_bincat2_proc_bkg         =      4623
  23) r                              =    1.3894
  24) r9Eff                          =  0.185828
  25) r9Eff_In                       =         0
  26) rooSigmaCorr_cat2              =  0.861906
  27) sigmaBW_var_cat2               =       0.1
  28) vtxEff                         = -0.0253939
  29) vtxEff_In                      =         0

Minuit2Minimizer: Minimize with max-calls 5000 convergence for edm < 0.01 strategy 0
Minuit2Minimizer : Valid minimum - status = 0
FVAL  = -0.0179541030141955535
Edm   = 1.80042407803831288e-07
Nfcn  = 156
PhotonsMass_bkg_8TeV_ExpPAR1_cat2	  = 0.00304056	 +/-  0.00124826	(limited)
PhotonsMass_bkg_8TeV_ExpPAR2_cat2	  = -2.43221	 +/-  0.510235	(limited)
eff_trig	  = -0.0792808	 +/-  0.995907	(limited)
global_syst	  = -0.389622	 +/-  0.978523	(limited)
id_eff_ee	  = -0.204606	 +/-  0.990374	(limited)
lumi_8TeV	  = -0.204606	 +/-  0.990402	(limited)
mShift_cat2	  = 0	 +/-  0.989616	(limited)
mSmear_cat2	  = 0.414113	 +/-  0.928521	(limited)
r9Eff	  = 0.3158	 +/-  0.961743	(limited)
vtxEff	  = -0.0402176	 +/-  0.957899	(limited)
   0) MH                             =       400
   1) PhotonsMass_bkg_8TeV_ExpPAR1_cat2 = 0.00304056
   2) PhotonsMass_bkg_8TeV_ExpPAR2_cat2 =  -2.43221
   3) ReducedMass_sig_Nneg_cat2      =  0.228696
   4) ReducedMass_sig_Npos_cat2      =         2
   5) ReducedMass_sig_alphaCBneg_cat2 =       2.6
   6) ReducedMass_sig_alphaCBpos_cat2 =      -2.6
   7) ReducedMass_sig_frac_cat2      =       0.5
   8) ReducedMass_sig_mean_cat2      =         0
   9) ReducedMass_sig_sigma_cat2     =    0.0238
  10) eff_trig                       = -0.0792808
  11) eff_trig_In                    =         0
  12) global_syst                    = -0.389622
  13) global_syst_In                 =         0
  14) id_eff_ee                      = -0.204606
  15) id_eff_ee_In                   =         0
  16) lumi_8TeV                      = -0.204606
  17) lumi_8TeV_In                   =         0
  18) mShift_cat2                    =         0
  19) mShift_cat2_In                 =         0
  20) mSmear_cat2                    =  0.414113
  21) mSmear_cat2_In                 =         0
  22) n_exp_bincat2_proc_bkg         =      4623
  23) r                              =    1.3894
  24) r9Eff                          =    0.3158
  25) r9Eff_In                       =         0
  26) rooSigmaCorr_cat2              =  0.861906
  27) sigmaBW_var_cat2               =       0.1
  28) vtxEff                         = -0.0402176
  29) vtxEff_In                      =         0

At r = 1.389398:	q_mu = 3.14975	q_A  = 8.89163	CLsb = 0.03797	CLb  = 0.88631	CLs  = 0.04284
Minuit2Minimizer: Minimize with max-calls 5000 convergence for edm < 0.01 strategy 0
Minuit2Minimizer : Valid minimum - status = 0
FVAL  = -0.00123465818731076284
Edm   = 4.82901785447040866e-06
Nfcn  = 89
PhotonsMass_bkg_8TeV_ExpPAR1_cat2	  = 0.00295535	 +/-  0.000144452	(limited)
PhotonsMass_bkg_8TeV_ExpPAR2_cat2	  = -2.46825	 +/-  0.0527768	(limited)
eff_trig	  = -0.0432783	 +/-  0.995326	(limited)
global_syst	  = -0.212568	 +/-  0.974399	(limited)
id_eff_ee	  = -0.111684	 +/-  0.988693	(limited)
lumi_8TeV	  = -0.111684	 +/-  0.988706	(limited)
mShift_cat2	  = 0	 +/-  0.989616	(limited)
mSmear_cat2	  = 0.245296	 +/-  0.891556	(limited)
r9Eff	  = 0.16188	 +/-  1.06227	(limited)
vtxEff	  = -0.0227849	 +/-  0.973573	(limited)
   0) MH                             =       400
   1) PhotonsMass_bkg_8TeV_ExpPAR1_cat2 = 0.00295535
   2) PhotonsMass_bkg_8TeV_ExpPAR2_cat2 =  -2.46825
   3) ReducedMass_sig_Nneg_cat2      =  0.228696
   4) ReducedMass_sig_Npos_cat2      =         2
   5) ReducedMass_sig_alphaCBneg_cat2 =       2.6
   6) ReducedMass_sig_alphaCBpos_cat2 =      -2.6
   7) ReducedMass_sig_frac_cat2      =       0.5
   8) ReducedMass_sig_mean_cat2      =         0
   9) ReducedMass_sig_sigma_cat2     =    0.0238
  10) eff_trig                       = -0.0432783
  11) eff_trig_In                    =         0
  12) global_syst                    = -0.212568
  13) global_syst_In                 =         0
  14) id_eff_ee                      = -0.111684
  15) id_eff_ee_In                   =         0
  16) lumi_8TeV                      = -0.111684
  17) lumi_8TeV_In                   =         0
  18) mShift_cat2                    =         0
  19) mShift_cat2_In                 =         0
  20) mSmear_cat2                    =  0.245296
  21) mSmear_cat2_In                 =         0
  22) n_exp_bincat2_proc_bkg         =      4623
  23) r                              =   1.32695
  24) r9Eff                          =   0.16188
  25) r9Eff_In                       =         0
  26) rooSigmaCorr_cat2              =  0.861906
  27) sigmaBW_var_cat2               =       0.1
  28) vtxEff                         = -0.0227849
  29) vtxEff_In                      =         0

Minuit2Minimizer: Minimize with max-calls 5000 convergence for edm < 0.01 strategy 0
Minuit2Minimizer : Valid minimum - status = 0
FVAL  = -0.00162764864517946604
Edm   = 4.15645307528410254e-06
Nfcn  = 85
PhotonsMass_bkg_8TeV_ExpPAR1_cat2	  = 0.00304018	 +/-  0.000144299	(limited)
PhotonsMass_bkg_8TeV_ExpPAR2_cat2	  = -2.43166	 +/-  0.0526152	(limited)
eff_trig	  = -0.0731606	 +/-  0.995166	(limited)
global_syst	  = -0.359224	 +/-  0.97106	(limited)
id_eff_ee	  = -0.188785	 +/-  0.987467	(limited)
lumi_8TeV	  = -0.188785	 +/-  0.987479	(limited)
mShift_cat2	  = 0	 +/-  0.989616	(limited)
mSmear_cat2	  = 0.387437	 +/-  0.921506	(limited)
r9Eff	  = 0.292478	 +/-  0.956021	(limited)
vtxEff	  = -0.0373435	 +/-  0.959321	(limited)
   0) MH                             =       400
   1) PhotonsMass_bkg_8TeV_ExpPAR1_cat2 = 0.00304018
   2) PhotonsMass_bkg_8TeV_ExpPAR2_cat2 =  -2.43166
   3) ReducedMass_sig_Nneg_cat2      =  0.228696
   4) ReducedMass_sig_Npos_cat2      =         2
   5) ReducedMass_sig_alphaCBneg_cat2 =       2.6
   6) ReducedMass_sig_alphaCBpos_cat2 =      -2.6
   7) ReducedMass_sig_frac_cat2      =       0.5
   8) ReducedMass_sig_mean_cat2      =         0
   9) ReducedMass_sig_sigma_cat2     =    0.0238
  10) eff_trig                       = -0.0731606
  11) eff_trig_In                    =         0
  12) global_syst                    = -0.359224
  13) global_syst_In                 =         0
  14) id_eff_ee                      = -0.188785
  15) id_eff_ee_In                   =         0
  16) lumi_8TeV                      = -0.188785
  17) lumi_8TeV_In                   =         0
  18) mShift_cat2                    =         0
  19) mShift_cat2_In                 =         0
  20) mSmear_cat2                    =  0.387437
  21) mSmear_cat2_In                 =         0
  22) n_exp_bincat2_proc_bkg         =      4623
  23) r                              =   1.32695
  24) r9Eff                          =  0.292478
  25) r9Eff_In                       =         0
  26) rooSigmaCorr_cat2              =  0.861906
  27) sigmaBW_var_cat2               =       0.1
  28) vtxEff                         = -0.0373435
  29) vtxEff_In                      =         0

At r = 1.326954:	q_mu = 2.72474	q_A  = 8.18642	CLsb = 0.04940	CLb  = 0.88696	CLs  = 0.05570
Minuit2Minimizer: Minimize with max-calls 5000 convergence for edm < 0.01 strategy 0
Minuit2Minimizer : Valid minimum - status = 0
FVAL  = -0.00034995036061222836
Edm   = 1.0293005059276354e-06
Nfcn  = 85
PhotonsMass_bkg_8TeV_ExpPAR1_cat2	  = 0.00295603	 +/-  0.000128618	(limited)
PhotonsMass_bkg_8TeV_ExpPAR2_cat2	  = -2.46836	 +/-  0.0590767	(limited)
eff_trig	  = -0.04619	 +/-  0.995285	(limited)
global_syst	  = -0.226304	 +/-  0.974369	(limited)
id_eff_ee	  = -0.119127	 +/-  0.988578	(limited)
lumi_8TeV	  = -0.119127	 +/-  0.988566	(limited)
mShift_cat2	  = 0	 +/-  0.989616	(limited)
mSmear_cat2	  = 0.256832	 +/-  0.888382	(limited)
r9Eff	  = 0.174575	 +/-  1.08282	(limited)
vtxEff	  = -0.0242452	 +/-  0.971719	(limited)
   0) MH                             =       400
   1) PhotonsMass_bkg_8TeV_ExpPAR1_cat2 = 0.00295603
   2) PhotonsMass_bkg_8TeV_ExpPAR2_cat2 =  -2.46836
   3) ReducedMass_sig_Nneg_cat2      =  0.228696
   4) ReducedMass_sig_Npos_cat2      =         2
   5) ReducedMass_sig_alphaCBneg_cat2 =       2.6
   6) ReducedMass_sig_alphaCBpos_cat2 =      -2.6
   7) ReducedMass_sig_frac_cat2      =       0.5
   8) ReducedMass_sig_mean_cat2      =         0
   9) ReducedMass_sig_sigma_cat2     =    0.0238
  10) eff_trig                       =  -0.04619
  11) eff_trig_In                    =         0
  12) global_syst                    = -0.226304
  13) global_syst_In                 =         0
  14) id_eff_ee                      = -0.119127
  15) id_eff_ee_In                   =         0
  16) lumi_8TeV                      = -0.119127
  17) lumi_8TeV_In                   =         0
  18) mShift_cat2                    =         0
  19) mShift_cat2_In                 =         0
  20) mSmear_cat2                    =  0.256832
  21) mSmear_cat2_In                 =         0
  22) n_exp_bincat2_proc_bkg         =      4623
  23) r                              =   1.35998
  24) r9Eff                          =  0.174575
  25) r9Eff_In                       =         0
  26) rooSigmaCorr_cat2              =  0.861906
  27) sigmaBW_var_cat2               =       0.1
  28) vtxEff                         = -0.0242452
  29) vtxEff_In                      =         0

Minuit2Minimizer: Minimize with max-calls 5000 convergence for edm < 0.01 strategy 0
Minuit2Minimizer : Valid minimum - status = 0
FVAL  = -0.000463111800730406017
Edm   = 8.86703365205433279e-07
Nfcn  = 85
PhotonsMass_bkg_8TeV_ExpPAR1_cat2	  = 0.00304081	 +/-  0.00012837	(limited)
PhotonsMass_bkg_8TeV_ExpPAR2_cat2	  = -2.43176	 +/-  0.0590023	(limited)
eff_trig	  = -0.0765389	 +/-  0.995068	(limited)
global_syst	  = -0.375052	 +/-  0.970441	(limited)
id_eff_ee	  = -0.197406	 +/-  0.987141	(limited)
lumi_8TeV	  = -0.197406	 +/-  0.987161	(limited)
mShift_cat2	  = 0	 +/-  0.989616	(limited)
mSmear_cat2	  = 0.40168	 +/-  0.917533	(limited)
r9Eff	  = 0.305117	 +/-  0.970016	(limited)
vtxEff	  = -0.0389379	 +/-  0.957067	(limited)
   0) MH                             =       400
   1) PhotonsMass_bkg_8TeV_ExpPAR1_cat2 = 0.00304081
   2) PhotonsMass_bkg_8TeV_ExpPAR2_cat2 =  -2.43176
   3) ReducedMass_sig_Nneg_cat2      =  0.228696
   4) ReducedMass_sig_Npos_cat2      =         2
   5) ReducedMass_sig_alphaCBneg_cat2 =       2.6
   6) ReducedMass_sig_alphaCBpos_cat2 =      -2.6
   7) ReducedMass_sig_frac_cat2      =       0.5
   8) ReducedMass_sig_mean_cat2      =         0
   9) ReducedMass_sig_sigma_cat2     =    0.0238
  10) eff_trig                       = -0.0765389
  11) eff_trig_In                    =         0
  12) global_syst                    = -0.375052
  13) global_syst_In                 =         0
  14) id_eff_ee                      = -0.197406
  15) id_eff_ee_In                   =         0
  16) lumi_8TeV                      = -0.197406
  17) lumi_8TeV_In                   =         0
  18) mShift_cat2                    =         0
  19) mShift_cat2_In                 =         0
  20) mSmear_cat2                    =   0.40168
  21) mSmear_cat2_In                 =         0
  22) n_exp_bincat2_proc_bkg         =      4623
  23) r                              =   1.35998
  24) r9Eff                          =  0.305117
  25) r9Eff_In                       =         0
  26) rooSigmaCorr_cat2              =  0.861906
  27) sigmaBW_var_cat2               =       0.1
  28) vtxEff                         = -0.0389379
  29) vtxEff_In                      =         0

At r = 1.359983:	q_mu = 2.94591	q_A  = 8.55643	CLsb = 0.04305	CLb  = 0.88662	CLs  = 0.04855
Minuit2Minimizer: Minimize with max-calls 5000 convergence for edm < 0.01 strategy 0
Minuit2Minimizer : Valid minimum - status = 0
FVAL  = -5.48261745755324222e-05
Edm   = 3.04753894211857112e-06
Nfcn  = 85
PhotonsMass_bkg_8TeV_ExpPAR1_cat2	  = 0.00295633	 +/-  0.000174806	(limited)
PhotonsMass_bkg_8TeV_ExpPAR2_cat2	  = -2.46815	 +/-  0.050476	(limited)
eff_trig	  = -0.0450224	 +/-  0.995315	(limited)
global_syst	  = -0.220816	 +/-  0.973261	(limited)
id_eff_ee	  = -0.116146	 +/-  0.988375	(limited)
lumi_8TeV	  = -0.116146	 +/-  0.988384	(limited)
mShift_cat2	  = 0	 +/-  0.989616	(limited)
mSmear_cat2	  = 0.252222	 +/-  0.889643	(limited)
r9Eff	  = 0.169331	 +/-  1.07154	(limited)
vtxEff	  = -0.0236609	 +/-  0.972493	(limited)
   0) MH                             =       400
   1) PhotonsMass_bkg_8TeV_ExpPAR1_cat2 = 0.00295633
   2) PhotonsMass_bkg_8TeV_ExpPAR2_cat2 =  -2.46815
   3) ReducedMass_sig_Nneg_cat2      =  0.228696
   4) ReducedMass_sig_Npos_cat2      =         2
   5) ReducedMass_sig_alphaCBneg_cat2 =       2.6
   6) ReducedMass_sig_alphaCBpos_cat2 =      -2.6
   7) ReducedMass_sig_frac_cat2      =       0.5
   8) ReducedMass_sig_mean_cat2      =         0
   9) ReducedMass_sig_sigma_cat2     =    0.0238
  10) eff_trig                       = -0.0450224
  11) eff_trig_In                    =         0
  12) global_syst                    = -0.220816
  13) global_syst_In                 =         0
  14) id_eff_ee                      = -0.116146
  15) id_eff_ee_In                   =         0
  16) lumi_8TeV                      = -0.116146
  17) lumi_8TeV_In                   =         0
  18) mShift_cat2                    =         0
  19) mShift_cat2_In                 =         0
  20) mSmear_cat2                    =  0.252222
  21) mSmear_cat2_In                 =         0
  22) n_exp_bincat2_proc_bkg         =      4623
  23) r                              =   1.34772
  24) r9Eff                          =  0.169331
  25) r9Eff_In                       =         0
  26) rooSigmaCorr_cat2              =  0.861906
  27) sigmaBW_var_cat2               =       0.1
  28) vtxEff                         = -0.0236609
  29) vtxEff_In                      =         0

Minuit2Minimizer: Minimize with max-calls 5000 convergence for edm < 0.01 strategy 0
Minuit2Minimizer : Valid minimum - status = 0
FVAL  = -6.90915656395858085e-05
Edm   = 2.53161975060004439e-06
Nfcn  = 85
PhotonsMass_bkg_8TeV_ExpPAR1_cat2	  = 0.00304107	 +/-  0.000172949	(limited)
PhotonsMass_bkg_8TeV_ExpPAR2_cat2	  = -2.43157	 +/-  0.0491582	(limited)
eff_trig	  = -0.0752201	 +/-  0.995085	(limited)
global_syst	  = -0.368897	 +/-  0.969771	(limited)
id_eff_ee	  = -0.194045	 +/-  0.987073	(limited)
lumi_8TeV	  = -0.194045	 +/-  0.987072	(limited)
mShift_cat2	  = 0	 +/-  0.989616	(limited)
mSmear_cat2	  = 0.396159	 +/-  0.919395	(limited)
r9Eff	  = 0.300081	 +/-  0.960897	(limited)
vtxEff	  = -0.0383172	 +/-  0.957976	(limited)
   0) MH                             =       400
   1) PhotonsMass_bkg_8TeV_ExpPAR1_cat2 = 0.00304107
   2) PhotonsMass_bkg_8TeV_ExpPAR2_cat2 =  -2.43157
   3) ReducedMass_sig_Nneg_cat2      =  0.228696
   4) ReducedMass_sig_Npos_cat2      =         2
   5) ReducedMass_sig_alphaCBneg_cat2 =       2.6
   6) ReducedMass_sig_alphaCBpos_cat2 =      -2.6
   7) ReducedMass_sig_frac_cat2      =       0.5
   8) ReducedMass_sig_mean_cat2      =         0
   9) ReducedMass_sig_sigma_cat2     =    0.0238
  10) eff_trig                       = -0.0752201
  11) eff_trig_In                    =         0
  12) global_syst                    = -0.368897
  13) global_syst_In                 =         0
  14) id_eff_ee                      = -0.194045
  15) id_eff_ee_In                   =         0
  16) lumi_8TeV                      = -0.194045
  17) lumi_8TeV_In                   =         0
  18) mShift_cat2                    =         0
  19) mShift_cat2_In                 =         0
  20) mSmear_cat2                    =  0.396159
  21) mSmear_cat2_In                 =         0
  22) n_exp_bincat2_proc_bkg         =      4623
  23) r                              =   1.34772
  24) r9Eff                          =  0.300081
  25) r9Eff_In                       =         0
  26) rooSigmaCorr_cat2              =  0.861906
  27) sigmaBW_var_cat2               =       0.1
  28) vtxEff                         = -0.0383172
  29) vtxEff_In                      =         0

At r = 1.347722:	q_mu = 2.86284	q_A  = 8.41828	CLsb = 0.04532	CLb  = 0.88675	CLs  = 0.05111
Minuit2Minimizer: Minimize with max-calls 5000 convergence for edm < 0.01 strategy 0
Minuit2Minimizer : Valid minimum - status = 0
FVAL  = -1.99158915403330021e-05
Edm   = 1.82503261648960203e-06
Nfcn  = 62
PhotonsMass_bkg_8TeV_ExpPAR1_cat2	  = 0.00295659	 +/-  0.000159024	(limited)
PhotonsMass_bkg_8TeV_ExpPAR2_cat2	  = -2.46811	 +/-  0.0635058	(limited)
eff_trig	  = -0.0457408	 +/-  0.995491	(limited)
global_syst	  = -0.224187	 +/-  0.978243	(limited)
id_eff_ee	  = -0.11798	 +/-  0.989839	(limited)
lumi_8TeV	  = -0.11798	 +/-  0.98985	(limited)
mShift_cat2	  = 0	 +/-  0.989616	(limited)
mSmear_cat2	  = 0.255042	 +/-  0.892751	(limited)
r9Eff	  = 0.172507	 +/-  1.08006	(limited)
vtxEff	  = -0.0240208	 +/-  0.972152	(limited)
   0) MH                             =       400
   1) PhotonsMass_bkg_8TeV_ExpPAR1_cat2 = 0.00295659
   2) PhotonsMass_bkg_8TeV_ExpPAR2_cat2 =  -2.46811
   3) ReducedMass_sig_Nneg_cat2      =  0.228696
   4) ReducedMass_sig_Npos_cat2      =         2
   5) ReducedMass_sig_alphaCBneg_cat2 =       2.6
   6) ReducedMass_sig_alphaCBpos_cat2 =      -2.6
   7) ReducedMass_sig_frac_cat2      =       0.5
   8) ReducedMass_sig_mean_cat2      =         0
   9) ReducedMass_sig_sigma_cat2     =    0.0238
  10) eff_trig                       = -0.0457408
  11) eff_trig_In                    =         0
  12) global_syst                    = -0.224187
  13) global_syst_In                 =         0
  14) id_eff_ee                      =  -0.11798
  15) id_eff_ee_In                   =         0
  16) lumi_8TeV                      =  -0.11798
  17) lumi_8TeV_In                   =         0
  18) mShift_cat2                    =         0
  19) mShift_cat2_In                 =         0
  20) mSmear_cat2                    =  0.255042
  21) mSmear_cat2_In                 =         0
  22) n_exp_bincat2_proc_bkg         =      4623
  23) r                              =   1.35437
  24) r9Eff                          =  0.172507
  25) r9Eff_In                       =         0
  26) rooSigmaCorr_cat2              =  0.861906
  27) sigmaBW_var_cat2               =       0.1
  28) vtxEff                         = -0.0240208
  29) vtxEff_In                      =         0

Minuit2Minimizer: Minimize with max-calls 5000 convergence for edm < 0.01 strategy 0
Minuit2Minimizer : Valid minimum - status = 0
FVAL  = -2.3493283014414286e-05
Edm   = 1.63680932403219412e-06
Nfcn  = 62
PhotonsMass_bkg_8TeV_ExpPAR1_cat2	  = 0.00304131	 +/-  0.000158069	(limited)
PhotonsMass_bkg_8TeV_ExpPAR2_cat2	  = -2.43153	 +/-  0.0637182	(limited)
eff_trig	  = -0.076025	 +/-  0.995184	(limited)
global_syst	  = -0.372651	 +/-  0.973012	(limited)
id_eff_ee	  = -0.196096	 +/-  0.987997	(limited)
lumi_8TeV	  = -0.196096	 +/-  0.987998	(limited)
mShift_cat2	  = 0	 +/-  0.989616	(limited)
mSmear_cat2	  = 0.399521	 +/-  0.921264	(limited)
r9Eff	  = 0.303107	 +/-  0.966208	(limited)
vtxEff	  = -0.0386964	 +/-  0.957563	(limited)
   0) MH                             =       400
   1) PhotonsMass_bkg_8TeV_ExpPAR1_cat2 = 0.00304131
   2) PhotonsMass_bkg_8TeV_ExpPAR2_cat2 =  -2.43153
   3) ReducedMass_sig_Nneg_cat2      =  0.228696
   4) ReducedMass_sig_Npos_cat2      =         2
   5) ReducedMass_sig_alphaCBneg_cat2 =       2.6
   6) ReducedMass_sig_alphaCBpos_cat2 =      -2.6
   7) ReducedMass_sig_frac_cat2      =       0.5
   8) ReducedMass_sig_mean_cat2      =         0
   9) ReducedMass_sig_sigma_cat2     =    0.0238
  10) eff_trig                       = -0.076025
  11) eff_trig_In                    =         0
  12) global_syst                    = -0.372651
  13) global_syst_In                 =         0
  14) id_eff_ee                      = -0.196096
  15) id_eff_ee_In                   =         0
  16) lumi_8TeV                      = -0.196096
  17) lumi_8TeV_In                   =         0
  18) mShift_cat2                    =         0
  19) mShift_cat2_In                 =         0
  20) mSmear_cat2                    =  0.399521
  21) mSmear_cat2_In                 =         0
  22) n_exp_bincat2_proc_bkg         =      4623
  23) r                              =   1.35437
  24) r9Eff                          =  0.303107
  25) r9Eff_In                       =         0
  26) rooSigmaCorr_cat2              =  0.861906
  27) sigmaBW_var_cat2               =       0.1
  28) vtxEff                         = -0.0386964
  29) vtxEff_In                      =         0

At r = 1.354374:	q_mu = 2.90775	q_A  = 8.49310	CLsb = 0.04408	CLb  = 0.88668	CLs  = 0.04971

 -- Asymptotic -- 
Observed Limit: r < 1.3544
Expected  2.5%: r < 0.4652
Expected 16.0%: r < 0.6252
Expected 50.0%: r < 0.8789
Expected 84.0%: r < 1.2538
Expected 97.5%: r < 1.7249

Done in 14.77 min (cpu), 14.93 min (real)
`higgsCombine_w0.10_channel2.Asymptotic.mH400.root' -> `/afs/cern.ch/work/s/soffi/CMSSW611-Analysis/src/h2gglobe/ChiaraFitLimits/channel2/higgsCombine_w0.10_channel2.Asymptotic.mH400.root'
removed `higgsCombine_w0.10_channel2.Asymptotic.mH400.root'

Job finished at Tue May 13 14:18:48 CEST 2014 on node 
 under linux version Scientific Linux CERN SLC release 6.5 (Carbon)

CERN statistics: This process used approximately : 0:24:52 KSI2K hours (1492 KSI2K seconds)
                 This process corresponds to     : 1:36:59 HS06  hours (5819 HS06  seconds)
